<?xml version="1.0" encoding="UTF-8"?>
<testsuites name="Dokumen Go Live - RBU" time="837.831" tests="11" failures="0" errors="0">
   <testsuite name="Dokumen Go Live - RBU" tests="11" failures="0" errors="0" time="837.831" skipped="0" timestamp="2026-07-22T06:40:59.880Z" hostname="Syarifah Risyani - Syarifah" id="Test Suites/Pilar 1/UAT/Dokumen Go Live/Dokumen Go Live - RBU">
      <properties>
         <property name="deviceName" value=""/>
         <property name="devicePlatform"/>
         <property name="logFolder" value="C:\\Users\\Syarifah Risyani\\git\\Pilar 1\\CSUL-Pilar-1\\Reports\\20260722_134052\\Pilar 1\\UAT\\Dokumen Go Live\\Dokumen Go Live - RBU\\20260722_134052"/>
         <property name="logFiles" value="C:\\Users\\Syarifah Risyani\\git\\Pilar 1\\CSUL-Pilar-1\\Reports\\20260722_134052\\Pilar 1\\UAT\\Dokumen Go Live\\Dokumen Go Live - RBU\\20260722_134052\\console0.log, C:\\Users\\Syarifah Risyani\\git\\Pilar 1\\CSUL-Pilar-1\\Reports\\20260722_134052\\Pilar 1\\UAT\\Dokumen Go Live\\Dokumen Go Live - RBU\\20260722_134052\\execution0.log"/>
         <property name="attachments" value=""/>
         <property name="executionBindingVariables" value="[]"/>
         <property name="hostName" value="Syarifah Risyani - Syarifah"/>
         <property name="os" value="Windows 11 64bit"/>
         <property name="katalonVersion" value="11.1.1.0"/>
         <property name="browser" value="Chrome 150.0.7871.129"/>
         <property name="userFullName" value="Syarifah Risyani"/>
         <property name="hostAddress" value="172.16.0.2"/>
         <property name="sessionId" value="7837351d2bb4ed639574c8ef9c578829"/>
         <property name="projectName" value="CSUL-Pilar-1"/>
         <property name="seleniumVersion" value="4.39.0"/>
         <property name="proxyInformation" value="ProxyInformation { proxyOption=NO_PROXY, proxyServerType=HTTP, username=, password=********, proxyServerAddress=, proxyServerPort=0, executionList=&quot;&quot;, isApplyToDesiredCapabilities=true }"/>
         <property name="platform" value="Windows 11"/>
      </properties>
      <testcase name="Test Cases/Pilar 1/Dokumen Go Live/UAT/RBU/SPV-RBU-Assign-Staff" time="71.725" classname="Test Cases/Pilar 1/Dokumen Go Live/UAT/RBU/SPV-RBU-Assign-Staff" status="PASSED">
         <system-out><![CDATA[22-07-2026T13:41:00 - [TEST_CASE][PASSED] - Test Cases/Pilar 1/Dokumen Go Live/UAT/RBU/SPV-RBU-Assign-Staff: Test Cases/Pilar 1/Dokumen Go Live/UAT/RBU/SPV-RBU-Assign-Staff

22-07-2026T13:41:00 - [TEST_STEP][PASSED] - callTestCase(findTestCase("Pilar 1/Login/UAT/SPV-RBU"), [:], STOP_ON_FAILURE): Call Test Case 'Test Cases/Pilar 1/Login/UAT/SPV-RBU' successfully

22-07-2026T13:41:00 - [TEST_CASE][PASSED] - Test Cases/Pilar 1/Login/UAT/SPV-RBU: Test Cases/Pilar 1/Login/UAT/SPV-RBU

22-07-2026T13:41:00 - [TEST_STEP][PASSED] - openBrowser("https://sakti-test.csulfinance.com/CSULFoundation_Login/Login"): Browser is opened with url: 'https://sakti-test.csulfinance.com/CSULFoundation_Login/Login'

22-07-2026T13:41:00 - [MESSAGE][INFO] - Starting 'Chrome' driver

22-07-2026T13:41:01 - [MESSAGE][INFO] - Action delay is set to 0 milliseconds

22-07-2026T13:41:04 - [MESSAGE][PASSED] - Browser is opened with url: 'https://sakti-test.csulfinance.com/CSULFoundation_Login/Login'

22-07-2026T13:41:04 - [TEST_STEP][PASSED] - maximizeWindow(): Current window maximized

22-07-2026T13:41:04 - [MESSAGE][PASSED] - Current window maximized

22-07-2026T13:41:04 - [TEST_STEP][PASSED] - waitForElementVisible(findTestObject("Pilar 1/Login/UAT/Page_Login/input_Username"), 10): Object 'Object Repository/Pilar 1/Login/UAT/Page_Login/input_Username' is visible

22-07-2026T13:41:08 - [MESSAGE][PASSED] - Object 'Object Repository/Pilar 1/Login/UAT/Page_Login/input_Username' is visible

22-07-2026T13:41:08 - [TEST_STEP][PASSED] - setText(findTestObject("Pilar 1/Login/UAT/Page_Login/input_Username"), "taufan.minangga"): Text 'taufan.minangga' is set on object 'Object Repository/Pilar 1/Login/UAT/Page_Login/input_Username'

22-07-2026T13:41:09 - [MESSAGE][PASSED] - Text 'taufan.minangga' is set on object 'Object Repository/Pilar 1/Login/UAT/Page_Login/input_Username'

22-07-2026T13:41:09 - [TEST_STEP][PASSED] - setEncryptedText(findTestObject("Pilar 1/Login/UAT/Page_Login/input_Password"), "DKZg8gTnVzw="): Text ****** has been set on object 'Object Repository/Pilar 1/Login/UAT/Page_Login/input_Password'

22-07-2026T13:41:09 - [MESSAGE][PASSED] - Text ****** has been set on object 'Object Repository/Pilar 1/Login/UAT/Page_Login/input_Password'

22-07-2026T13:41:09 - [TEST_STEP][PASSED] - delay(20): Delayed 20 second(s)

22-07-2026T13:41:29 - [MESSAGE][PASSED] - Delayed 20 second(s)

22-07-2026T13:41:29 - [TEST_STEP][PASSED] - click(findTestObject("Pilar 1/Login/UAT/Page_Login/button_Login")): Object: 'Object Repository/Pilar 1/Login/UAT/Page_Login/button_Login' is clicked on

22-07-2026T13:41:30 - [MESSAGE][PASSED] - Object: 'Object Repository/Pilar 1/Login/UAT/Page_Login/button_Login' is clicked on

22-07-2026T13:41:30 - [TEST_STEP][PASSED] - delay(5): Delayed 5 second(s)

22-07-2026T13:41:35 - [MESSAGE][PASSED] - Delayed 5 second(s)

22-07-2026T13:41:35 - [TEST_STEP][PASSED] - waitForElementVisible(findTestObject("Pilar 1/Login/UAT/Page_Login/Page_ApplicationsCatalog/span_Risk Control Unit Application"), 10): Object 'Object Repository/Pilar 1/Login/UAT/Page_Login/Page_ApplicationsCatalog/span_Risk Control Unit Application' is visible

22-07-2026T13:41:37 - [MESSAGE][PASSED] - Object 'Object Repository/Pilar 1/Login/UAT/Page_Login/Page_ApplicationsCatalog/span_Risk Control Unit Application' is visible

22-07-2026T13:41:37 - [TEST_STEP][PASSED] - doubleClick(findTestObject("Pilar 1/Login/UAT/Page_Login/Page_ApplicationsCatalog/span_Risk Control Unit Application")): Object: 'Object Repository/Pilar 1/Login/UAT/Page_Login/Page_ApplicationsCatalog/span_Risk Control Unit Application' is double clicked on

22-07-2026T13:41:37 - [MESSAGE][PASSED] - Object: 'Object Repository/Pilar 1/Login/UAT/Page_Login/Page_ApplicationsCatalog/span_Risk Control Unit Application' is double clicked on

22-07-2026T13:41:37 - [MESSAGE][PASSED] - Call Test Case 'Test Cases/Pilar 1/Login/UAT/SPV-RBU' successfully

22-07-2026T13:41:37 - [TEST_STEP][PASSED] - click(findTestObject("Pilar 1/Dokumen Go Live/UAT/CBU/SPV-CBU-Assign-Staff/Page_Dashboard/div_b2-l1-17_8-b3-SubMenuHeader")): Object: 'Object Repository/Pilar 1/Dokumen Go Live/UAT/CBU/SPV-CBU-Assign-Staff/Page_Dashboard/div_b2-l1-17_8-b3-SubMenuHeader' is clicked on

22-07-2026T13:41:43 - [MESSAGE][PASSED] - Object: 'Object Repository/Pilar 1/Dokumen Go Live/UAT/CBU/SPV-CBU-Assign-Staff/Page_Dashboard/div_b2-l1-17_8-b3-SubMenuHeader' is clicked on

22-07-2026T13:41:43 - [TEST_STEP][PASSED] - click(findTestObject("Pilar 1/Dokumen Go Live/UAT/CBU/SPV-CBU-Assign-Staff/Page_Dashboard/div_b2-l1-17_8-b4-l1-26_4-b1-SubMenuHeader")): Object: 'Object Repository/Pilar 1/Dokumen Go Live/UAT/CBU/SPV-CBU-Assign-Staff/Page_Dashboard/div_b2-l1-17_8-b4-l1-26_4-b1-SubMenuHeader' is clicked on

22-07-2026T13:41:43 - [MESSAGE][PASSED] - Object: 'Object Repository/Pilar 1/Dokumen Go Live/UAT/CBU/SPV-CBU-Assign-Staff/Page_Dashboard/div_b2-l1-17_8-b4-l1-26_4-b1-SubMenuHeader' is clicked on

22-07-2026T13:41:43 - [TEST_STEP][PASSED] - click(findTestObject("Pilar 1/Dokumen Go Live/UAT/CBU/SPV-CBU-Assign-Staff/Page_Dashboard/a_Dokumen Golive")): Object: 'Object Repository/Pilar 1/Dokumen Go Live/UAT/CBU/SPV-CBU-Assign-Staff/Page_Dashboard/a_Dokumen Golive' is clicked on

22-07-2026T13:41:43 - [MESSAGE][PASSED] - Object: 'Object Repository/Pilar 1/Dokumen Go Live/UAT/CBU/SPV-CBU-Assign-Staff/Page_Dashboard/a_Dokumen Golive' is clicked on

22-07-2026T13:41:43 - [TEST_STEP][PASSED] - verifyElementText(findTestObject("Pilar 1/Dokumen Go Live/UAT/CBU/SPV-CBU-Assign-Staff/Page_KelengkapanKredit/label_Tanggal Go Live _"), "Tanggal Go Live :"): Actual text and expected text of test object 'Object Repository/Pilar 1/Dokumen Go Live/UAT/CBU/SPV-CBU-Assign-Staff/Page_KelengkapanKredit/label_Tanggal Go Live _' are matched.

22-07-2026T13:41:46 - [MESSAGE][PASSED] - Actual text and expected text of test object 'Object Repository/Pilar 1/Dokumen Go Live/UAT/CBU/SPV-CBU-Assign-Staff/Page_KelengkapanKredit/label_Tanggal Go Live _' are matched.

22-07-2026T13:41:46 - [TEST_STEP][PASSED] - setText(findTestObject("Pilar 1/Dokumen Go Live/UAT/CBU/SPV-CBU-Assign-Staff/Page_KelengkapanKredit/input_b3-b1-b1-Input_StartDate"), "10-10-2020"): Text '10-10-2020' is set on object 'Object Repository/Pilar 1/Dokumen Go Live/UAT/CBU/SPV-CBU-Assign-Staff/Page_KelengkapanKredit/input_b3-b1-b1-Input_StartDate'

22-07-2026T13:41:47 - [MESSAGE][PASSED] - Text '10-10-2020' is set on object 'Object Repository/Pilar 1/Dokumen Go Live/UAT/CBU/SPV-CBU-Assign-Staff/Page_KelengkapanKredit/input_b3-b1-b1-Input_StartDate'

22-07-2026T13:41:47 - [TEST_STEP][PASSED] - setText(findTestObject("Pilar 1/Dokumen Go Live/UAT/CBU/SPV-CBU-Assign-Staff/Page_KelengkapanKredit/input_b3-b1-b1-Input_StartDate2"), "10-12-2020"): Text '10-12-2020' is set on object 'Object Repository/Pilar 1/Dokumen Go Live/UAT/CBU/SPV-CBU-Assign-Staff/Page_KelengkapanKredit/input_b3-b1-b1-Input_StartDate2'

22-07-2026T13:41:47 - [MESSAGE][PASSED] - Text '10-12-2020' is set on object 'Object Repository/Pilar 1/Dokumen Go Live/UAT/CBU/SPV-CBU-Assign-Staff/Page_KelengkapanKredit/input_b3-b1-b1-Input_StartDate2'

22-07-2026T13:41:47 - [TEST_STEP][PASSED] - selectOptionByValue(findTestObject("Pilar 1/Dokumen Go Live/UAT/CBU/SPV-CBU-Assign-Staff/Page_KelengkapanKredit/select_b3-b1-b1-Dropdown1"), "4", false): All options with value '4' are selected in object 'Object Repository/Pilar 1/Dokumen Go Live/UAT/CBU/SPV-CBU-Assign-Staff/Page_KelengkapanKredit/select_b3-b1-b1-Dropdown1' 

22-07-2026T13:41:48 - [MESSAGE][PASSED] - All options with value '4' are selected in object 'Object Repository/Pilar 1/Dokumen Go Live/UAT/CBU/SPV-CBU-Assign-Staff/Page_KelengkapanKredit/select_b3-b1-b1-Dropdown1' 

22-07-2026T13:41:48 - [TEST_STEP][PASSED] - selectOptionByValue(findTestObject("Pilar 1/Dokumen Go Live/UAT/CBU/SPV-CBU-Assign-Staff/Page_KelengkapanKredit/select_b3-b1-b1-Dropdown3"), "0", false): All options with value '0' are selected in object 'Object Repository/Pilar 1/Dokumen Go Live/UAT/CBU/SPV-CBU-Assign-Staff/Page_KelengkapanKredit/select_b3-b1-b1-Dropdown3' 

22-07-2026T13:41:48 - [MESSAGE][PASSED] - All options with value '0' are selected in object 'Object Repository/Pilar 1/Dokumen Go Live/UAT/CBU/SPV-CBU-Assign-Staff/Page_KelengkapanKredit/select_b3-b1-b1-Dropdown3' 

22-07-2026T13:41:48 - [TEST_STEP][PASSED] - click(findTestObject("Pilar 1/Dokumen Go Live/UAT/CBU/SPV-CBU-Assign-Staff/Page_KelengkapanKredit/button_Cari")): Object: 'Object Repository/Pilar 1/Dokumen Go Live/UAT/CBU/SPV-CBU-Assign-Staff/Page_KelengkapanKredit/button_Cari' is clicked on

22-07-2026T13:41:49 - [MESSAGE][PASSED] - Object: 'Object Repository/Pilar 1/Dokumen Go Live/UAT/CBU/SPV-CBU-Assign-Staff/Page_KelengkapanKredit/button_Cari' is clicked on

22-07-2026T13:41:49 - [TEST_STEP][PASSED] - click(findTestObject("Pilar 1/Dokumen Go Live/UAT/CBU/SPV-CBU-Assign-Staff/tambahan-component/Page_KelengkapanKredit/Page_KelengkapanKredit/button_View Detail")): Object: 'Object Repository/Pilar 1/Dokumen Go Live/UAT/CBU/SPV-CBU-Assign-Staff/tambahan-component/Page_KelengkapanKredit/Page_KelengkapanKredit/button_View Detail' is clicked on

22-07-2026T13:41:49 - [MESSAGE][PASSED] - Object: 'Object Repository/Pilar 1/Dokumen Go Live/UAT/CBU/SPV-CBU-Assign-Staff/tambahan-component/Page_KelengkapanKredit/Page_KelengkapanKredit/button_View Detail' is clicked on

22-07-2026T13:41:49 - [TEST_STEP][PASSED] - delay(7): Delayed 7 second(s)

22-07-2026T13:41:56 - [MESSAGE][PASSED] - Delayed 7 second(s)

22-07-2026T13:41:56 - [TEST_STEP][PASSED] - click(findTestObject("Pilar 1/Dokumen Go Live/UAT/CBU/SPV-CBU-Assign-Staff/tambahan-component/Page_KelengkapanKredit/Page_KelengkapanKreditDetail/button_Back")): Object: 'Object Repository/Pilar 1/Dokumen Go Live/UAT/CBU/SPV-CBU-Assign-Staff/tambahan-component/Page_KelengkapanKredit/Page_KelengkapanKreditDetail/button_Back' is clicked on

22-07-2026T13:41:57 - [MESSAGE][PASSED] - Object: 'Object Repository/Pilar 1/Dokumen Go Live/UAT/CBU/SPV-CBU-Assign-Staff/tambahan-component/Page_KelengkapanKredit/Page_KelengkapanKreditDetail/button_Back' is clicked on

22-07-2026T13:41:57 - [TEST_STEP][PASSED] - delay(4): Delayed 4 second(s)

22-07-2026T13:42:01 - [MESSAGE][PASSED] - Delayed 4 second(s)

22-07-2026T13:42:01 - [TEST_STEP][PASSED] - click(findTestObject("Pilar 1/Dokumen Go Live/UAT/CBU/SPV-CBU-Assign-Staff/Page_KelengkapanKredit/input_b3-b1-l1_0-241_0-Checkbox2")): Object: 'Object Repository/Pilar 1/Dokumen Go Live/UAT/CBU/SPV-CBU-Assign-Staff/Page_KelengkapanKredit/input_b3-b1-l1_0-241_0-Checkbox2' is clicked on

22-07-2026T13:42:01 - [MESSAGE][PASSED] - Object: 'Object Repository/Pilar 1/Dokumen Go Live/UAT/CBU/SPV-CBU-Assign-Staff/Page_KelengkapanKredit/input_b3-b1-l1_0-241_0-Checkbox2' is clicked on

22-07-2026T13:42:01 - [TEST_STEP][PASSED] - click(findTestObject("Pilar 1/Dokumen Go Live/UAT/CBU/SPV-CBU-Assign-Staff/tambahan-component/Page_KelengkapanKredit/button_Assign")): Object: 'Object Repository/Pilar 1/Dokumen Go Live/UAT/CBU/SPV-CBU-Assign-Staff/tambahan-component/Page_KelengkapanKredit/button_Assign' is clicked on

22-07-2026T13:42:01 - [MESSAGE][PASSED] - Object: 'Object Repository/Pilar 1/Dokumen Go Live/UAT/CBU/SPV-CBU-Assign-Staff/tambahan-component/Page_KelengkapanKredit/button_Assign' is clicked on

22-07-2026T13:42:01 - [TEST_STEP][PASSED] - click(findTestObject("Pilar 1/Dokumen Go Live/UAT/CBU/SPV-CBU-Assign-Staff/tambahan-component/Page_KelengkapanKredit/button_Assign_popup")): Object: 'Object Repository/Pilar 1/Dokumen Go Live/UAT/CBU/SPV-CBU-Assign-Staff/tambahan-component/Page_KelengkapanKredit/button_Assign_popup' is clicked on

22-07-2026T13:42:02 - [MESSAGE][PASSED] - Object: 'Object Repository/Pilar 1/Dokumen Go Live/UAT/CBU/SPV-CBU-Assign-Staff/tambahan-component/Page_KelengkapanKredit/button_Assign_popup' is clicked on

22-07-2026T13:42:02 - [TEST_STEP][PASSED] - delay(3): Delayed 3 second(s)

22-07-2026T13:42:05 - [MESSAGE][PASSED] - Delayed 3 second(s)

22-07-2026T13:42:05 - [TEST_STEP][PASSED] - selectOptionByValue(findTestObject("Pilar 1/Dokumen Go Live/UAT/CBU/SPV-CBU-Assign-Staff/Page_KelengkapanKredit/select_b3-b1-b1-Dropdown3"), "1", false): All options with value '1' are selected in object 'Object Repository/Pilar 1/Dokumen Go Live/UAT/CBU/SPV-CBU-Assign-Staff/Page_KelengkapanKredit/select_b3-b1-b1-Dropdown3' 

22-07-2026T13:42:08 - [MESSAGE][PASSED] - All options with value '1' are selected in object 'Object Repository/Pilar 1/Dokumen Go Live/UAT/CBU/SPV-CBU-Assign-Staff/Page_KelengkapanKredit/select_b3-b1-b1-Dropdown3' 

22-07-2026T13:42:08 - [TEST_STEP][PASSED] - click(findTestObject("Pilar 1/Dokumen Go Live/UAT/CBU/SPV-CBU-Assign-Staff/Page_KelengkapanKredit/button_Cari")): Object: 'Object Repository/Pilar 1/Dokumen Go Live/UAT/CBU/SPV-CBU-Assign-Staff/Page_KelengkapanKredit/button_Cari' is clicked on

22-07-2026T13:42:08 - [MESSAGE][PASSED] - Object: 'Object Repository/Pilar 1/Dokumen Go Live/UAT/CBU/SPV-CBU-Assign-Staff/Page_KelengkapanKredit/button_Cari' is clicked on

22-07-2026T13:42:08 - [TEST_STEP][PASSED] - delay(3): Delayed 3 second(s)

22-07-2026T13:42:11 - [MESSAGE][PASSED] - Delayed 3 second(s)]]></system-out>
         <system-err><![CDATA[]]></system-err>
      </testcase>
      <testcase name="Test Cases/Pilar 1/Dokumen Go Live/UAT/RBU/Staff-RBU-Submit-Dokumen-Persyaratan-Kredit" time="88.446" classname="Test Cases/Pilar 1/Dokumen Go Live/UAT/RBU/Staff-RBU-Submit-Dokumen-Persyaratan-Kredit" status="PASSED">
         <properties>
            <property name="data_binding"><![CDATA[{"(Default) Lorem":"C:\\Users\\PPU\\Downloads\\Tester File\\Lorem1_PDF.pdf"}]]></property>
         </properties>
         <system-out><![CDATA[22-07-2026T13:42:11 - [TEST_CASE][PASSED] - Test Cases/Pilar 1/Dokumen Go Live/UAT/RBU/Staff-RBU-Submit-Dokumen-Persyaratan-Kredit: Test Cases/Pilar 1/Dokumen Go Live/UAT/RBU/Staff-RBU-Submit-Dokumen-Persyaratan-Kredit

22-07-2026T13:42:12 - [TEST_STEP][PASSED] - today = SimpleDateFormat(dd-MM-yyyy).format(new java.util.Date()): null

22-07-2026T13:42:12 - [TEST_STEP][PASSED] - callTestCase(findTestCase("Pilar 1/Login/UAT/Staff-RBU"), [:], STOP_ON_FAILURE): Call Test Case 'Test Cases/Pilar 1/Login/UAT/Staff-RBU' successfully

22-07-2026T13:42:12 - [TEST_CASE][PASSED] - Test Cases/Pilar 1/Login/UAT/Staff-RBU: Test Cases/Pilar 1/Login/UAT/Staff-RBU

22-07-2026T13:42:12 - [TEST_STEP][PASSED] - openBrowser("https://sakti-test.csulfinance.com/CSULFoundation_Login/Login"): Browser is opened with url: 'https://sakti-test.csulfinance.com/CSULFoundation_Login/Login'

22-07-2026T13:42:12 - [MESSAGE][WARNING] - A browser is already opened. Closing browser and opening a new one

22-07-2026T13:42:12 - [MESSAGE][INFO] - Starting 'Chrome' driver

22-07-2026T13:42:12 - [MESSAGE][INFO] - Action delay is set to 0 milliseconds

22-07-2026T13:42:14 - [MESSAGE][PASSED] - Browser is opened with url: 'https://sakti-test.csulfinance.com/CSULFoundation_Login/Login'

22-07-2026T13:42:14 - [TEST_STEP][PASSED] - maximizeWindow(): Current window maximized

22-07-2026T13:42:14 - [MESSAGE][PASSED] - Current window maximized

22-07-2026T13:42:14 - [TEST_STEP][PASSED] - waitForElementVisible(findTestObject("Pilar 1/Login/UAT/Page_Login/input_Username"), 10): Object 'Object Repository/Pilar 1/Login/UAT/Page_Login/input_Username' is visible

22-07-2026T13:42:18 - [MESSAGE][PASSED] - Object 'Object Repository/Pilar 1/Login/UAT/Page_Login/input_Username' is visible

22-07-2026T13:42:18 - [TEST_STEP][PASSED] - setText(findTestObject("Pilar 1/Login/UAT/Page_Login/input_Username"), "pandu.sastra"): Text 'pandu.sastra' is set on object 'Object Repository/Pilar 1/Login/UAT/Page_Login/input_Username'

22-07-2026T13:42:18 - [MESSAGE][PASSED] - Text 'pandu.sastra' is set on object 'Object Repository/Pilar 1/Login/UAT/Page_Login/input_Username'

22-07-2026T13:42:18 - [TEST_STEP][PASSED] - setEncryptedText(findTestObject("Pilar 1/Login/UAT/Page_Login/input_Password"), "DKZg8gTnVzw="): Text ****** has been set on object 'Object Repository/Pilar 1/Login/UAT/Page_Login/input_Password'

22-07-2026T13:42:19 - [MESSAGE][PASSED] - Text ****** has been set on object 'Object Repository/Pilar 1/Login/UAT/Page_Login/input_Password'

22-07-2026T13:42:19 - [TEST_STEP][PASSED] - delay(20): Delayed 20 second(s)

22-07-2026T13:42:39 - [MESSAGE][PASSED] - Delayed 20 second(s)

22-07-2026T13:42:39 - [TEST_STEP][PASSED] - click(findTestObject("Pilar 1/Login/UAT/Page_Login/button_Login")): Object: 'Object Repository/Pilar 1/Login/UAT/Page_Login/button_Login' is clicked on

22-07-2026T13:42:39 - [MESSAGE][PASSED] - Object: 'Object Repository/Pilar 1/Login/UAT/Page_Login/button_Login' is clicked on

22-07-2026T13:42:39 - [TEST_STEP][PASSED] - delay(5): Delayed 5 second(s)

22-07-2026T13:42:44 - [MESSAGE][PASSED] - Delayed 5 second(s)

22-07-2026T13:42:44 - [TEST_STEP][PASSED] - waitForElementVisible(findTestObject("Pilar 1/Login/UAT/Page_Login/Page_ApplicationsCatalog/span_Risk Control Unit Application"), 10): Object 'Object Repository/Pilar 1/Login/UAT/Page_Login/Page_ApplicationsCatalog/span_Risk Control Unit Application' is visible

22-07-2026T13:42:48 - [MESSAGE][PASSED] - Object 'Object Repository/Pilar 1/Login/UAT/Page_Login/Page_ApplicationsCatalog/span_Risk Control Unit Application' is visible

22-07-2026T13:42:48 - [TEST_STEP][PASSED] - doubleClick(findTestObject("Pilar 1/Login/UAT/Page_Login/Page_ApplicationsCatalog/span_Risk Control Unit Application")): Object: 'Object Repository/Pilar 1/Login/UAT/Page_Login/Page_ApplicationsCatalog/span_Risk Control Unit Application' is double clicked on

22-07-2026T13:42:48 - [MESSAGE][PASSED] - Object: 'Object Repository/Pilar 1/Login/UAT/Page_Login/Page_ApplicationsCatalog/span_Risk Control Unit Application' is double clicked on

22-07-2026T13:42:48 - [MESSAGE][PASSED] - Call Test Case 'Test Cases/Pilar 1/Login/UAT/Staff-RBU' successfully

22-07-2026T13:42:48 - [TEST_STEP][PASSED] - click(findTestObject("Pilar 1/Dokumen Go Live/UAT/CBU/Staff-CBU-Submit-Task/Dokumen-Persyaratan-Kredit/Page_Dashboard/div_b2-l1-16_3-b3-SubMenuHeader")): Object: 'Object Repository/Pilar 1/Dokumen Go Live/UAT/CBU/Staff-CBU-Submit-Task/Dokumen-Persyaratan-Kredit/Page_Dashboard/div_b2-l1-16_3-b3-SubMenuHeader' is clicked on

22-07-2026T13:42:52 - [MESSAGE][PASSED] - Object: 'Object Repository/Pilar 1/Dokumen Go Live/UAT/CBU/Staff-CBU-Submit-Task/Dokumen-Persyaratan-Kredit/Page_Dashboard/div_b2-l1-16_3-b3-SubMenuHeader' is clicked on

22-07-2026T13:42:52 - [TEST_STEP][PASSED] - click(findTestObject("Pilar 1/Dokumen Go Live/UAT/CBU/Staff-CBU-Submit-Task/Dokumen-Persyaratan-Kredit/Page_Dashboard/div_b2-l1-16_3-b4-l1-23_4-b1-SubMenuHeader")): Object: 'Object Repository/Pilar 1/Dokumen Go Live/UAT/CBU/Staff-CBU-Submit-Task/Dokumen-Persyaratan-Kredit/Page_Dashboard/div_b2-l1-16_3-b4-l1-23_4-b1-SubMenuHeader' is clicked on

22-07-2026T13:42:52 - [MESSAGE][PASSED] - Object: 'Object Repository/Pilar 1/Dokumen Go Live/UAT/CBU/Staff-CBU-Submit-Task/Dokumen-Persyaratan-Kredit/Page_Dashboard/div_b2-l1-16_3-b4-l1-23_4-b1-SubMenuHeader' is clicked on

22-07-2026T13:42:52 - [TEST_STEP][PASSED] - click(findTestObject("Pilar 1/Dokumen Go Live/UAT/CBU/Staff-CBU-Submit-Task/Dokumen-Persyaratan-Kredit/Page_Dashboard/a_Dokumen Golive")): Object: 'Object Repository/Pilar 1/Dokumen Go Live/UAT/CBU/Staff-CBU-Submit-Task/Dokumen-Persyaratan-Kredit/Page_Dashboard/a_Dokumen Golive' is clicked on

22-07-2026T13:42:52 - [MESSAGE][PASSED] - Object: 'Object Repository/Pilar 1/Dokumen Go Live/UAT/CBU/Staff-CBU-Submit-Task/Dokumen-Persyaratan-Kredit/Page_Dashboard/a_Dokumen Golive' is clicked on

22-07-2026T13:42:52 - [TEST_STEP][PASSED] - setText(findTestObject("Pilar 1/Dokumen Go Live/UAT/CBU/Staff-CBU-Submit-Task/Dokumen-Persyaratan-Kredit/Page_KelengkapanKredit/input_b3-b2-b1-Input_StartDate"), "22-07-2026"): Text '22-07-2026' is set on object 'Object Repository/Pilar 1/Dokumen Go Live/UAT/CBU/Staff-CBU-Submit-Task/Dokumen-Persyaratan-Kredit/Page_KelengkapanKredit/input_b3-b2-b1-Input_StartDate'

22-07-2026T13:42:55 - [MESSAGE][PASSED] - Text '22-07-2026' is set on object 'Object Repository/Pilar 1/Dokumen Go Live/UAT/CBU/Staff-CBU-Submit-Task/Dokumen-Persyaratan-Kredit/Page_KelengkapanKredit/input_b3-b2-b1-Input_StartDate'

22-07-2026T13:42:55 - [TEST_STEP][PASSED] - setText(findTestObject("Pilar 1/Dokumen Go Live/UAT/CBU/Staff-CBU-Submit-Task/Dokumen-Persyaratan-Kredit/Page_KelengkapanKredit/input_b3-b2-b1-Input_StartDate2"), "22-07-2026"): Text '22-07-2026' is set on object 'Object Repository/Pilar 1/Dokumen Go Live/UAT/CBU/Staff-CBU-Submit-Task/Dokumen-Persyaratan-Kredit/Page_KelengkapanKredit/input_b3-b2-b1-Input_StartDate2'

22-07-2026T13:42:55 - [MESSAGE][PASSED] - Text '22-07-2026' is set on object 'Object Repository/Pilar 1/Dokumen Go Live/UAT/CBU/Staff-CBU-Submit-Task/Dokumen-Persyaratan-Kredit/Page_KelengkapanKredit/input_b3-b2-b1-Input_StartDate2'

22-07-2026T13:42:55 - [TEST_STEP][PASSED] - selectOptionByValue(findTestObject("Pilar 1/Dokumen Go Live/UAT/CBU/Staff-CBU-Submit-Task/Dokumen-Persyaratan-Kredit/Page_KelengkapanKredit/select_b3-b2-b1-Dropdown3"), "0", false): All options with value '0' are selected in object 'Object Repository/Pilar 1/Dokumen Go Live/UAT/CBU/Staff-CBU-Submit-Task/Dokumen-Persyaratan-Kredit/Page_KelengkapanKredit/select_b3-b2-b1-Dropdown3' 

22-07-2026T13:42:56 - [MESSAGE][PASSED] - All options with value '0' are selected in object 'Object Repository/Pilar 1/Dokumen Go Live/UAT/CBU/Staff-CBU-Submit-Task/Dokumen-Persyaratan-Kredit/Page_KelengkapanKredit/select_b3-b2-b1-Dropdown3' 

22-07-2026T13:42:56 - [TEST_STEP][PASSED] - click(findTestObject("Pilar 1/Dokumen Go Live/UAT/CBU/Staff-CBU-Submit-Task/Dokumen-Persyaratan-Kredit/Page_KelengkapanKredit/button_Cari")): Object: 'Object Repository/Pilar 1/Dokumen Go Live/UAT/CBU/Staff-CBU-Submit-Task/Dokumen-Persyaratan-Kredit/Page_KelengkapanKredit/button_Cari' is clicked on

22-07-2026T13:42:56 - [MESSAGE][PASSED] - Object: 'Object Repository/Pilar 1/Dokumen Go Live/UAT/CBU/Staff-CBU-Submit-Task/Dokumen-Persyaratan-Kredit/Page_KelengkapanKredit/button_Cari' is clicked on

22-07-2026T13:42:56 - [TEST_STEP][PASSED] - click(findTestObject("Pilar 1/Dokumen Go Live/UAT/CBU/Staff-CBU-Submit-Task/Dokumen-Persyaratan-Kredit/Page_KelengkapanKredit/action")): Object: 'Object Repository/Pilar 1/Dokumen Go Live/UAT/CBU/Staff-CBU-Submit-Task/Dokumen-Persyaratan-Kredit/Page_KelengkapanKredit/action' is clicked on

22-07-2026T13:42:57 - [MESSAGE][PASSED] - Object: 'Object Repository/Pilar 1/Dokumen Go Live/UAT/CBU/Staff-CBU-Submit-Task/Dokumen-Persyaratan-Kredit/Page_KelengkapanKredit/action' is clicked on

22-07-2026T13:42:57 - [TEST_STEP][PASSED] - click(findTestObject("Pilar 1/Dokumen Go Live/UAT/CBU/Staff-CBU-Submit-Task/Dokumen-Persyaratan-Kredit/Page_KelengkapanKredit/div_Pemeriksaan")): Object: 'Object Repository/Pilar 1/Dokumen Go Live/UAT/CBU/Staff-CBU-Submit-Task/Dokumen-Persyaratan-Kredit/Page_KelengkapanKredit/div_Pemeriksaan' is clicked on

22-07-2026T13:42:57 - [MESSAGE][PASSED] - Object: 'Object Repository/Pilar 1/Dokumen Go Live/UAT/CBU/Staff-CBU-Submit-Task/Dokumen-Persyaratan-Kredit/Page_KelengkapanKredit/div_Pemeriksaan' is clicked on

22-07-2026T13:42:57 - [TEST_STEP][PASSED] - click(findTestObject("Pilar 1/Dokumen Go Live/UAT/RBU/Staff-RBU-Dokumen-Persyaratan-Kredit/Page_DokumenChecking/i_icon accordion-perorangan")): Object: 'Object Repository/Pilar 1/Dokumen Go Live/UAT/RBU/Staff-RBU-Dokumen-Persyaratan-Kredit/Page_DokumenChecking/i_icon accordion-perorangan' is clicked on

22-07-2026T13:43:01 - [MESSAGE][PASSED] - Object: 'Object Repository/Pilar 1/Dokumen Go Live/UAT/RBU/Staff-RBU-Dokumen-Persyaratan-Kredit/Page_DokumenChecking/i_icon accordion-perorangan' is clicked on

22-07-2026T13:43:01 - [TEST_STEP][PASSED] - selectOptionByValue(findTestObject("Pilar 1/Dokumen Go Live/UAT/RBU/Staff-RBU-Dokumen-Persyaratan-Kredit/Page_DokumenChecking/select_b3-l2-180_0-b8-b1-l1-266_0-b1-l4_0-267_0-"), "0", false): All options with value '0' are selected in object 'Object Repository/Pilar 1/Dokumen Go Live/UAT/RBU/Staff-RBU-Dokumen-Persyaratan-Kredit/Page_DokumenChecking/select_b3-l2-180_0-b8-b1-l1-266_0-b1-l4_0-267_0-' 

22-07-2026T13:43:01 - [MESSAGE][PASSED] - All options with value '0' are selected in object 'Object Repository/Pilar 1/Dokumen Go Live/UAT/RBU/Staff-RBU-Dokumen-Persyaratan-Kredit/Page_DokumenChecking/select_b3-l2-180_0-b8-b1-l1-266_0-b1-l4_0-267_0-' 

22-07-2026T13:43:01 - [TEST_STEP][PASSED] - selectOptionByValue(findTestObject("Pilar 1/Dokumen Go Live/UAT/RBU/Staff-RBU-Dokumen-Persyaratan-Kredit/Page_DokumenChecking/select_b3-l2-180_0-b8-b1-l1-266_0-b1-l4_0-267_0-_1"), "0", false): All options with value '0' are selected in object 'Object Repository/Pilar 1/Dokumen Go Live/UAT/RBU/Staff-RBU-Dokumen-Persyaratan-Kredit/Page_DokumenChecking/select_b3-l2-180_0-b8-b1-l1-266_0-b1-l4_0-267_0-_1' 

22-07-2026T13:43:02 - [MESSAGE][PASSED] - All options with value '0' are selected in object 'Object Repository/Pilar 1/Dokumen Go Live/UAT/RBU/Staff-RBU-Dokumen-Persyaratan-Kredit/Page_DokumenChecking/select_b3-l2-180_0-b8-b1-l1-266_0-b1-l4_0-267_0-_1' 

22-07-2026T13:43:02 - [TEST_STEP][PASSED] - setText(findTestObject("Pilar 1/Dokumen Go Live/UAT/RBU/Staff-RBU-Dokumen-Persyaratan-Kredit/Page_DokumenChecking/textarea_b3-l2-180_0-b8-b1-l1-266_0-b1-l4_0-267_"), "testing"): Text 'testing' is set on object 'Object Repository/Pilar 1/Dokumen Go Live/UAT/RBU/Staff-RBU-Dokumen-Persyaratan-Kredit/Page_DokumenChecking/textarea_b3-l2-180_0-b8-b1-l1-266_0-b1-l4_0-267_'

22-07-2026T13:43:02 - [MESSAGE][PASSED] - Text 'testing' is set on object 'Object Repository/Pilar 1/Dokumen Go Live/UAT/RBU/Staff-RBU-Dokumen-Persyaratan-Kredit/Page_DokumenChecking/textarea_b3-l2-180_0-b8-b1-l1-266_0-b1-l4_0-267_'

22-07-2026T13:43:02 - [TEST_STEP][PASSED] - selectOptionByValue(findTestObject("Pilar 1/Dokumen Go Live/UAT/RBU/Staff-RBU-Dokumen-Persyaratan-Kredit/Page_DokumenChecking/select_b3-l2-180_0-b8-b1-l1-266_0-b1-l4_0-267_1-"), "0", false): All options with value '0' are selected in object 'Object Repository/Pilar 1/Dokumen Go Live/UAT/RBU/Staff-RBU-Dokumen-Persyaratan-Kredit/Page_DokumenChecking/select_b3-l2-180_0-b8-b1-l1-266_0-b1-l4_0-267_1-' 

22-07-2026T13:43:03 - [MESSAGE][PASSED] - All options with value '0' are selected in object 'Object Repository/Pilar 1/Dokumen Go Live/UAT/RBU/Staff-RBU-Dokumen-Persyaratan-Kredit/Page_DokumenChecking/select_b3-l2-180_0-b8-b1-l1-266_0-b1-l4_0-267_1-' 

22-07-2026T13:43:03 - [TEST_STEP][PASSED] - selectOptionByValue(findTestObject("Pilar 1/Dokumen Go Live/UAT/RBU/Staff-RBU-Dokumen-Persyaratan-Kredit/Page_DokumenChecking/select_b3-l2-180_0-b8-b1-l1-266_0-b1-l4_0-267_1-_1"), "0", false): All options with value '0' are selected in object 'Object Repository/Pilar 1/Dokumen Go Live/UAT/RBU/Staff-RBU-Dokumen-Persyaratan-Kredit/Page_DokumenChecking/select_b3-l2-180_0-b8-b1-l1-266_0-b1-l4_0-267_1-_1' 

22-07-2026T13:43:04 - [MESSAGE][PASSED] - All options with value '0' are selected in object 'Object Repository/Pilar 1/Dokumen Go Live/UAT/RBU/Staff-RBU-Dokumen-Persyaratan-Kredit/Page_DokumenChecking/select_b3-l2-180_0-b8-b1-l1-266_0-b1-l4_0-267_1-_1' 

22-07-2026T13:43:04 - [TEST_STEP][PASSED] - setText(findTestObject("Pilar 1/Dokumen Go Live/UAT/RBU/Staff-RBU-Dokumen-Persyaratan-Kredit/Page_DokumenChecking/textarea_b3-l2-180_0-b8-b1-l1-266_0-b1-l4_0-267__1"), "testing"): Text 'testing' is set on object 'Object Repository/Pilar 1/Dokumen Go Live/UAT/RBU/Staff-RBU-Dokumen-Persyaratan-Kredit/Page_DokumenChecking/textarea_b3-l2-180_0-b8-b1-l1-266_0-b1-l4_0-267__1'

22-07-2026T13:43:04 - [MESSAGE][PASSED] - Text 'testing' is set on object 'Object Repository/Pilar 1/Dokumen Go Live/UAT/RBU/Staff-RBU-Dokumen-Persyaratan-Kredit/Page_DokumenChecking/textarea_b3-l2-180_0-b8-b1-l1-266_0-b1-l4_0-267__1'

22-07-2026T13:43:04 - [TEST_STEP][PASSED] - selectOptionByValue(findTestObject("Pilar 1/Dokumen Go Live/UAT/RBU/Staff-RBU-Dokumen-Persyaratan-Kredit/Page_DokumenChecking/select_b3-l2-180_0-b8-b1-l1-266_0-b1-l4_0-267_2-"), "0", false): All options with value '0' are selected in object 'Object Repository/Pilar 1/Dokumen Go Live/UAT/RBU/Staff-RBU-Dokumen-Persyaratan-Kredit/Page_DokumenChecking/select_b3-l2-180_0-b8-b1-l1-266_0-b1-l4_0-267_2-' 

22-07-2026T13:43:05 - [MESSAGE][PASSED] - All options with value '0' are selected in object 'Object Repository/Pilar 1/Dokumen Go Live/UAT/RBU/Staff-RBU-Dokumen-Persyaratan-Kredit/Page_DokumenChecking/select_b3-l2-180_0-b8-b1-l1-266_0-b1-l4_0-267_2-' 

22-07-2026T13:43:05 - [TEST_STEP][PASSED] - selectOptionByValue(findTestObject("Pilar 1/Dokumen Go Live/UAT/RBU/Staff-RBU-Dokumen-Persyaratan-Kredit/Page_DokumenChecking/select_b3-l2-180_0-b8-b1-l1-266_0-b1-l4_0-267_2-_1"), "0", false): All options with value '0' are selected in object 'Object Repository/Pilar 1/Dokumen Go Live/UAT/RBU/Staff-RBU-Dokumen-Persyaratan-Kredit/Page_DokumenChecking/select_b3-l2-180_0-b8-b1-l1-266_0-b1-l4_0-267_2-_1' 

22-07-2026T13:43:06 - [MESSAGE][PASSED] - All options with value '0' are selected in object 'Object Repository/Pilar 1/Dokumen Go Live/UAT/RBU/Staff-RBU-Dokumen-Persyaratan-Kredit/Page_DokumenChecking/select_b3-l2-180_0-b8-b1-l1-266_0-b1-l4_0-267_2-_1' 

22-07-2026T13:43:06 - [TEST_STEP][PASSED] - setText(findTestObject("Pilar 1/Dokumen Go Live/UAT/RBU/Staff-RBU-Dokumen-Persyaratan-Kredit/Page_DokumenChecking/textarea_b3-l2-180_0-b8-b1-l1-266_0-b1-l4_0-267__2"), "testing"): Text 'testing' is set on object 'Object Repository/Pilar 1/Dokumen Go Live/UAT/RBU/Staff-RBU-Dokumen-Persyaratan-Kredit/Page_DokumenChecking/textarea_b3-l2-180_0-b8-b1-l1-266_0-b1-l4_0-267__2'

22-07-2026T13:43:06 - [MESSAGE][PASSED] - Text 'testing' is set on object 'Object Repository/Pilar 1/Dokumen Go Live/UAT/RBU/Staff-RBU-Dokumen-Persyaratan-Kredit/Page_DokumenChecking/textarea_b3-l2-180_0-b8-b1-l1-266_0-b1-l4_0-267__2'

22-07-2026T13:43:06 - [TEST_STEP][PASSED] - selectOptionByValue(findTestObject("Pilar 1/Dokumen Go Live/UAT/RBU/Staff-RBU-Dokumen-Persyaratan-Kredit/Page_DokumenChecking/select_b3-l2-180_0-b8-b1-l1-266_0-b1-l4_0-267_3-"), "0", false): All options with value '0' are selected in object 'Object Repository/Pilar 1/Dokumen Go Live/UAT/RBU/Staff-RBU-Dokumen-Persyaratan-Kredit/Page_DokumenChecking/select_b3-l2-180_0-b8-b1-l1-266_0-b1-l4_0-267_3-' 

22-07-2026T13:43:07 - [MESSAGE][PASSED] - All options with value '0' are selected in object 'Object Repository/Pilar 1/Dokumen Go Live/UAT/RBU/Staff-RBU-Dokumen-Persyaratan-Kredit/Page_DokumenChecking/select_b3-l2-180_0-b8-b1-l1-266_0-b1-l4_0-267_3-' 

22-07-2026T13:43:07 - [TEST_STEP][PASSED] - selectOptionByValue(findTestObject("Pilar 1/Dokumen Go Live/UAT/RBU/Staff-RBU-Dokumen-Persyaratan-Kredit/Page_DokumenChecking/select_b3-l2-180_0-b8-b1-l1-266_0-b1-l4_0-267_3-_1"), "0", false): All options with value '0' are selected in object 'Object Repository/Pilar 1/Dokumen Go Live/UAT/RBU/Staff-RBU-Dokumen-Persyaratan-Kredit/Page_DokumenChecking/select_b3-l2-180_0-b8-b1-l1-266_0-b1-l4_0-267_3-_1' 

22-07-2026T13:43:08 - [MESSAGE][PASSED] - All options with value '0' are selected in object 'Object Repository/Pilar 1/Dokumen Go Live/UAT/RBU/Staff-RBU-Dokumen-Persyaratan-Kredit/Page_DokumenChecking/select_b3-l2-180_0-b8-b1-l1-266_0-b1-l4_0-267_3-_1' 

22-07-2026T13:43:08 - [TEST_STEP][PASSED] - setText(findTestObject("Pilar 1/Dokumen Go Live/UAT/RBU/Staff-RBU-Dokumen-Persyaratan-Kredit/Page_DokumenChecking/textarea_b3-l2-180_0-b8-b1-l1-266_0-b1-l4_0-267__3"), "testing"): Text 'testing' is set on object 'Object Repository/Pilar 1/Dokumen Go Live/UAT/RBU/Staff-RBU-Dokumen-Persyaratan-Kredit/Page_DokumenChecking/textarea_b3-l2-180_0-b8-b1-l1-266_0-b1-l4_0-267__3'

22-07-2026T13:43:09 - [MESSAGE][PASSED] - Text 'testing' is set on object 'Object Repository/Pilar 1/Dokumen Go Live/UAT/RBU/Staff-RBU-Dokumen-Persyaratan-Kredit/Page_DokumenChecking/textarea_b3-l2-180_0-b8-b1-l1-266_0-b1-l4_0-267__3'

22-07-2026T13:43:09 - [TEST_STEP][PASSED] - selectOptionByValue(findTestObject("Pilar 1/Dokumen Go Live/UAT/RBU/Staff-RBU-Dokumen-Persyaratan-Kredit/Page_DokumenChecking/select_b3-l2-180_0-b8-b1-l1-266_0-b1-l4_0-267_4-"), "0", false): All options with value '0' are selected in object 'Object Repository/Pilar 1/Dokumen Go Live/UAT/RBU/Staff-RBU-Dokumen-Persyaratan-Kredit/Page_DokumenChecking/select_b3-l2-180_0-b8-b1-l1-266_0-b1-l4_0-267_4-' 

22-07-2026T13:43:09 - [MESSAGE][PASSED] - All options with value '0' are selected in object 'Object Repository/Pilar 1/Dokumen Go Live/UAT/RBU/Staff-RBU-Dokumen-Persyaratan-Kredit/Page_DokumenChecking/select_b3-l2-180_0-b8-b1-l1-266_0-b1-l4_0-267_4-' 

22-07-2026T13:43:09 - [TEST_STEP][PASSED] - selectOptionByValue(findTestObject("Pilar 1/Dokumen Go Live/UAT/RBU/Staff-RBU-Dokumen-Persyaratan-Kredit/Page_DokumenChecking/select_b3-l2-180_0-b8-b1-l1-266_0-b1-l4_0-267_4-_1"), "0", false): All options with value '0' are selected in object 'Object Repository/Pilar 1/Dokumen Go Live/UAT/RBU/Staff-RBU-Dokumen-Persyaratan-Kredit/Page_DokumenChecking/select_b3-l2-180_0-b8-b1-l1-266_0-b1-l4_0-267_4-_1' 

22-07-2026T13:43:10 - [MESSAGE][PASSED] - All options with value '0' are selected in object 'Object Repository/Pilar 1/Dokumen Go Live/UAT/RBU/Staff-RBU-Dokumen-Persyaratan-Kredit/Page_DokumenChecking/select_b3-l2-180_0-b8-b1-l1-266_0-b1-l4_0-267_4-_1' 

22-07-2026T13:43:10 - [TEST_STEP][PASSED] - setText(findTestObject("Pilar 1/Dokumen Go Live/UAT/RBU/Staff-RBU-Dokumen-Persyaratan-Kredit/Page_DokumenChecking/textarea_b3-l2-180_0-b8-b1-l1-266_0-b1-l4_0-267__4"), "testing"): Text 'testing' is set on object 'Object Repository/Pilar 1/Dokumen Go Live/UAT/RBU/Staff-RBU-Dokumen-Persyaratan-Kredit/Page_DokumenChecking/textarea_b3-l2-180_0-b8-b1-l1-266_0-b1-l4_0-267__4'

22-07-2026T13:43:11 - [MESSAGE][PASSED] - Text 'testing' is set on object 'Object Repository/Pilar 1/Dokumen Go Live/UAT/RBU/Staff-RBU-Dokumen-Persyaratan-Kredit/Page_DokumenChecking/textarea_b3-l2-180_0-b8-b1-l1-266_0-b1-l4_0-267__4'

22-07-2026T13:43:11 - [TEST_STEP][PASSED] - selectOptionByValue(findTestObject("Pilar 1/Dokumen Go Live/UAT/RBU/Staff-RBU-Dokumen-Persyaratan-Kredit/Page_DokumenChecking/select_b3-l2-180_0-b8-b1-l1-266_0-b1-l4_0-267_5-"), "0", false): All options with value '0' are selected in object 'Object Repository/Pilar 1/Dokumen Go Live/UAT/RBU/Staff-RBU-Dokumen-Persyaratan-Kredit/Page_DokumenChecking/select_b3-l2-180_0-b8-b1-l1-266_0-b1-l4_0-267_5-' 

22-07-2026T13:43:11 - [MESSAGE][PASSED] - All options with value '0' are selected in object 'Object Repository/Pilar 1/Dokumen Go Live/UAT/RBU/Staff-RBU-Dokumen-Persyaratan-Kredit/Page_DokumenChecking/select_b3-l2-180_0-b8-b1-l1-266_0-b1-l4_0-267_5-' 

22-07-2026T13:43:11 - [TEST_STEP][PASSED] - selectOptionByValue(findTestObject("Pilar 1/Dokumen Go Live/UAT/RBU/Staff-RBU-Dokumen-Persyaratan-Kredit/Page_DokumenChecking/select_b3-l2-180_0-b8-b1-l1-266_0-b1-l4_0-267_5-_1"), "0", false): All options with value '0' are selected in object 'Object Repository/Pilar 1/Dokumen Go Live/UAT/RBU/Staff-RBU-Dokumen-Persyaratan-Kredit/Page_DokumenChecking/select_b3-l2-180_0-b8-b1-l1-266_0-b1-l4_0-267_5-_1' 

22-07-2026T13:43:12 - [MESSAGE][PASSED] - All options with value '0' are selected in object 'Object Repository/Pilar 1/Dokumen Go Live/UAT/RBU/Staff-RBU-Dokumen-Persyaratan-Kredit/Page_DokumenChecking/select_b3-l2-180_0-b8-b1-l1-266_0-b1-l4_0-267_5-_1' 

22-07-2026T13:43:12 - [TEST_STEP][PASSED] - setText(findTestObject("Pilar 1/Dokumen Go Live/UAT/RBU/Staff-RBU-Dokumen-Persyaratan-Kredit/Page_DokumenChecking/textarea_b3-l2-180_0-b8-b1-l1-266_0-b1-l4_0-267__5"), "testing"): Text 'testing' is set on object 'Object Repository/Pilar 1/Dokumen Go Live/UAT/RBU/Staff-RBU-Dokumen-Persyaratan-Kredit/Page_DokumenChecking/textarea_b3-l2-180_0-b8-b1-l1-266_0-b1-l4_0-267__5'

22-07-2026T13:43:13 - [MESSAGE][PASSED] - Text 'testing' is set on object 'Object Repository/Pilar 1/Dokumen Go Live/UAT/RBU/Staff-RBU-Dokumen-Persyaratan-Kredit/Page_DokumenChecking/textarea_b3-l2-180_0-b8-b1-l1-266_0-b1-l4_0-267__5'

22-07-2026T13:43:13 - [TEST_STEP][PASSED] - selectOptionByValue(findTestObject("Pilar 1/Dokumen Go Live/UAT/RBU/Staff-RBU-Dokumen-Persyaratan-Kredit/Page_DokumenChecking/select_b3-l2-180_0-b8-b1-l1-266_0-b1-l4_0-267_6-"), "0", false): All options with value '0' are selected in object 'Object Repository/Pilar 1/Dokumen Go Live/UAT/RBU/Staff-RBU-Dokumen-Persyaratan-Kredit/Page_DokumenChecking/select_b3-l2-180_0-b8-b1-l1-266_0-b1-l4_0-267_6-' 

22-07-2026T13:43:13 - [MESSAGE][PASSED] - All options with value '0' are selected in object 'Object Repository/Pilar 1/Dokumen Go Live/UAT/RBU/Staff-RBU-Dokumen-Persyaratan-Kredit/Page_DokumenChecking/select_b3-l2-180_0-b8-b1-l1-266_0-b1-l4_0-267_6-' 

22-07-2026T13:43:13 - [TEST_STEP][PASSED] - selectOptionByValue(findTestObject("Pilar 1/Dokumen Go Live/UAT/RBU/Staff-RBU-Dokumen-Persyaratan-Kredit/Page_DokumenChecking/select_b3-l2-180_0-b8-b1-l1-266_0-b1-l4_0-267_6-_1"), "0", false): All options with value '0' are selected in object 'Object Repository/Pilar 1/Dokumen Go Live/UAT/RBU/Staff-RBU-Dokumen-Persyaratan-Kredit/Page_DokumenChecking/select_b3-l2-180_0-b8-b1-l1-266_0-b1-l4_0-267_6-_1' 

22-07-2026T13:43:14 - [MESSAGE][PASSED] - All options with value '0' are selected in object 'Object Repository/Pilar 1/Dokumen Go Live/UAT/RBU/Staff-RBU-Dokumen-Persyaratan-Kredit/Page_DokumenChecking/select_b3-l2-180_0-b8-b1-l1-266_0-b1-l4_0-267_6-_1' 

22-07-2026T13:43:14 - [TEST_STEP][PASSED] - setText(findTestObject("Pilar 1/Dokumen Go Live/UAT/RBU/Staff-RBU-Dokumen-Persyaratan-Kredit/Page_DokumenChecking/textarea_b3-l2-180_0-b8-b1-l1-266_0-b1-l4_0-267__6"), "testing"): Text 'testing' is set on object 'Object Repository/Pilar 1/Dokumen Go Live/UAT/RBU/Staff-RBU-Dokumen-Persyaratan-Kredit/Page_DokumenChecking/textarea_b3-l2-180_0-b8-b1-l1-266_0-b1-l4_0-267__6'

22-07-2026T13:43:15 - [MESSAGE][PASSED] - Text 'testing' is set on object 'Object Repository/Pilar 1/Dokumen Go Live/UAT/RBU/Staff-RBU-Dokumen-Persyaratan-Kredit/Page_DokumenChecking/textarea_b3-l2-180_0-b8-b1-l1-266_0-b1-l4_0-267__6'

22-07-2026T13:43:15 - [TEST_STEP][PASSED] - selectOptionByValue(findTestObject("Pilar 1/Dokumen Go Live/UAT/RBU/Staff-RBU-Dokumen-Persyaratan-Kredit/Page_DokumenChecking/select_b3-l2-180_0-b8-b1-l1-266_0-b1-l4_0-267_7-"), "0", false): All options with value '0' are selected in object 'Object Repository/Pilar 1/Dokumen Go Live/UAT/RBU/Staff-RBU-Dokumen-Persyaratan-Kredit/Page_DokumenChecking/select_b3-l2-180_0-b8-b1-l1-266_0-b1-l4_0-267_7-' 

22-07-2026T13:43:15 - [MESSAGE][PASSED] - All options with value '0' are selected in object 'Object Repository/Pilar 1/Dokumen Go Live/UAT/RBU/Staff-RBU-Dokumen-Persyaratan-Kredit/Page_DokumenChecking/select_b3-l2-180_0-b8-b1-l1-266_0-b1-l4_0-267_7-' 

22-07-2026T13:43:15 - [TEST_STEP][PASSED] - selectOptionByValue(findTestObject("Pilar 1/Dokumen Go Live/UAT/RBU/Staff-RBU-Dokumen-Persyaratan-Kredit/Page_DokumenChecking/select_b3-l2-180_0-b8-b1-l1-266_0-b1-l4_0-267_7-_1"), "0", false): All options with value '0' are selected in object 'Object Repository/Pilar 1/Dokumen Go Live/UAT/RBU/Staff-RBU-Dokumen-Persyaratan-Kredit/Page_DokumenChecking/select_b3-l2-180_0-b8-b1-l1-266_0-b1-l4_0-267_7-_1' 

22-07-2026T13:43:16 - [MESSAGE][PASSED] - All options with value '0' are selected in object 'Object Repository/Pilar 1/Dokumen Go Live/UAT/RBU/Staff-RBU-Dokumen-Persyaratan-Kredit/Page_DokumenChecking/select_b3-l2-180_0-b8-b1-l1-266_0-b1-l4_0-267_7-_1' 

22-07-2026T13:43:16 - [TEST_STEP][PASSED] - setText(findTestObject("Pilar 1/Dokumen Go Live/UAT/RBU/Staff-RBU-Dokumen-Persyaratan-Kredit/Page_DokumenChecking/textarea_b3-l2-180_0-b8-b1-l1-266_0-b1-l4_0-267__7"), "testing"): Text 'testing' is set on object 'Object Repository/Pilar 1/Dokumen Go Live/UAT/RBU/Staff-RBU-Dokumen-Persyaratan-Kredit/Page_DokumenChecking/textarea_b3-l2-180_0-b8-b1-l1-266_0-b1-l4_0-267__7'

22-07-2026T13:43:17 - [MESSAGE][PASSED] - Text 'testing' is set on object 'Object Repository/Pilar 1/Dokumen Go Live/UAT/RBU/Staff-RBU-Dokumen-Persyaratan-Kredit/Page_DokumenChecking/textarea_b3-l2-180_0-b8-b1-l1-266_0-b1-l4_0-267__7'

22-07-2026T13:43:17 - [TEST_STEP][PASSED] - selectOptionByValue(findTestObject("Pilar 1/Dokumen Go Live/UAT/RBU/Staff-RBU-Dokumen-Persyaratan-Kredit/Page_DokumenChecking/select_b3-l2-180_0-b8-b1-l1-266_0-b1-l4_0-267_8-"), "0", false): All options with value '0' are selected in object 'Object Repository/Pilar 1/Dokumen Go Live/UAT/RBU/Staff-RBU-Dokumen-Persyaratan-Kredit/Page_DokumenChecking/select_b3-l2-180_0-b8-b1-l1-266_0-b1-l4_0-267_8-' 

22-07-2026T13:43:18 - [MESSAGE][PASSED] - All options with value '0' are selected in object 'Object Repository/Pilar 1/Dokumen Go Live/UAT/RBU/Staff-RBU-Dokumen-Persyaratan-Kredit/Page_DokumenChecking/select_b3-l2-180_0-b8-b1-l1-266_0-b1-l4_0-267_8-' 

22-07-2026T13:43:18 - [TEST_STEP][PASSED] - selectOptionByValue(findTestObject("Pilar 1/Dokumen Go Live/UAT/RBU/Staff-RBU-Dokumen-Persyaratan-Kredit/Page_DokumenChecking/select_b3-l2-180_0-b8-b1-l1-266_0-b1-l4_0-267_8-_1"), "1", false): All options with value '1' are selected in object 'Object Repository/Pilar 1/Dokumen Go Live/UAT/RBU/Staff-RBU-Dokumen-Persyaratan-Kredit/Page_DokumenChecking/select_b3-l2-180_0-b8-b1-l1-266_0-b1-l4_0-267_8-_1' 

22-07-2026T13:43:18 - [MESSAGE][PASSED] - All options with value '1' are selected in object 'Object Repository/Pilar 1/Dokumen Go Live/UAT/RBU/Staff-RBU-Dokumen-Persyaratan-Kredit/Page_DokumenChecking/select_b3-l2-180_0-b8-b1-l1-266_0-b1-l4_0-267_8-_1' 

22-07-2026T13:43:18 - [TEST_STEP][PASSED] - selectOptionByValue(findTestObject("Pilar 1/Dokumen Go Live/UAT/RBU/Staff-RBU-Dokumen-Persyaratan-Kredit/Page_DokumenChecking/select_b3-l2-180_0-b8-b1-l1-266_0-b1-l4_0-267_8-_2"), "0", false): All options with value '0' are selected in object 'Object Repository/Pilar 1/Dokumen Go Live/UAT/RBU/Staff-RBU-Dokumen-Persyaratan-Kredit/Page_DokumenChecking/select_b3-l2-180_0-b8-b1-l1-266_0-b1-l4_0-267_8-_2' 

22-07-2026T13:43:19 - [MESSAGE][PASSED] - All options with value '0' are selected in object 'Object Repository/Pilar 1/Dokumen Go Live/UAT/RBU/Staff-RBU-Dokumen-Persyaratan-Kredit/Page_DokumenChecking/select_b3-l2-180_0-b8-b1-l1-266_0-b1-l4_0-267_8-_2' 

22-07-2026T13:43:19 - [TEST_STEP][PASSED] - setText(findTestObject("Pilar 1/Dokumen Go Live/UAT/RBU/Staff-RBU-Dokumen-Persyaratan-Kredit/Page_DokumenChecking/textarea_b3-l2-180_0-b8-b1-l1-266_0-b1-l4_0-267__8"), "testing"): Text 'testing' is set on object 'Object Repository/Pilar 1/Dokumen Go Live/UAT/RBU/Staff-RBU-Dokumen-Persyaratan-Kredit/Page_DokumenChecking/textarea_b3-l2-180_0-b8-b1-l1-266_0-b1-l4_0-267__8'

22-07-2026T13:43:20 - [MESSAGE][PASSED] - Text 'testing' is set on object 'Object Repository/Pilar 1/Dokumen Go Live/UAT/RBU/Staff-RBU-Dokumen-Persyaratan-Kredit/Page_DokumenChecking/textarea_b3-l2-180_0-b8-b1-l1-266_0-b1-l4_0-267__8'

22-07-2026T13:43:20 - [TEST_STEP][PASSED] - click(findTestObject("Pilar 1/Dokumen Go Live/UAT/RBU/Staff-RBU-Dokumen-Persyaratan-Kredit/Page_DokumenChecking/button_Unggah")): Object: 'Object Repository/Pilar 1/Dokumen Go Live/UAT/RBU/Staff-RBU-Dokumen-Persyaratan-Kredit/Page_DokumenChecking/button_Unggah' is clicked on

22-07-2026T13:43:20 - [MESSAGE][PASSED] - Object: 'Object Repository/Pilar 1/Dokumen Go Live/UAT/RBU/Staff-RBU-Dokumen-Persyaratan-Kredit/Page_DokumenChecking/button_Unggah' is clicked on

22-07-2026T13:43:20 - [TEST_STEP][PASSED] - delay(5): Delayed 5 second(s)

22-07-2026T13:43:25 - [MESSAGE][PASSED] - Delayed 5 second(s)

22-07-2026T13:43:25 - [TEST_STEP][NOT_RUN] - uploadFile(findTestObject("Pilar 1/Dokumen Go Live/UAT/RBU/Staff-RBU-Dokumen-Persyaratan-Kredit/Page_DokumenChecking/div_b3-l2-180_0-b8-b1-l1-266_0-b1-b4-dropzone"), Lorem): NOT_RUN: uploadFile(findTestObject("Pilar 1/Dokumen Go Live/UAT/RBU/Staff-RBU-Dokumen-Persyaratan-Kredit/Page_DokumenChecking/div_b3-l2-180_0-b8-b1-l1-266_0-b1-b4-dropzone"), Lorem)

22-07-2026T13:43:25 - [MESSAGE][NOT_RUN] - NOT_RUN: uploadFile(findTestObject("Pilar 1/Dokumen Go Live/UAT/RBU/Staff-RBU-Dokumen-Persyaratan-Kredit/Page_DokumenChecking/div_b3-l2-180_0-b8-b1-l1-266_0-b1-b4-dropzone"), Lorem)

22-07-2026T13:43:25 - [TEST_STEP][NOT_RUN] - click(findTestObject("Pilar 1/Dokumen Go Live/UAT/RBU/Staff-RBU-Dokumen-Persyaratan-Kredit/Page_DokumenChecking/button_Upload")): NOT_RUN: click(findTestObject("Pilar 1/Dokumen Go Live/UAT/RBU/Staff-RBU-Dokumen-Persyaratan-Kredit/Page_DokumenChecking/button_Upload"))

22-07-2026T13:43:25 - [MESSAGE][NOT_RUN] - NOT_RUN: click(findTestObject("Pilar 1/Dokumen Go Live/UAT/RBU/Staff-RBU-Dokumen-Persyaratan-Kredit/Page_DokumenChecking/button_Upload"))

22-07-2026T13:43:25 - [TEST_STEP][PASSED] - selectOptionByValue(findTestObject("Pilar 1/Dokumen Go Live/UAT/RBU/Staff-RBU-Dokumen-Persyaratan-Kredit/Page_DokumenChecking/select_b3-l2-180_0-b8-b1-l1-266_0-b1-l4_0-267_9-"), "1", false): All options with value '1' are selected in object 'Object Repository/Pilar 1/Dokumen Go Live/UAT/RBU/Staff-RBU-Dokumen-Persyaratan-Kredit/Page_DokumenChecking/select_b3-l2-180_0-b8-b1-l1-266_0-b1-l4_0-267_9-' 

22-07-2026T13:43:26 - [MESSAGE][PASSED] - All options with value '1' are selected in object 'Object Repository/Pilar 1/Dokumen Go Live/UAT/RBU/Staff-RBU-Dokumen-Persyaratan-Kredit/Page_DokumenChecking/select_b3-l2-180_0-b8-b1-l1-266_0-b1-l4_0-267_9-' 

22-07-2026T13:43:26 - [TEST_STEP][PASSED] - selectOptionByValue(findTestObject("Pilar 1/Dokumen Go Live/UAT/RBU/Staff-RBU-Dokumen-Persyaratan-Kredit/Page_DokumenChecking/select_b3-l2-180_0-b8-b1-l1-266_0-b1-l4_0-267_9-_1"), "0", false): All options with value '0' are selected in object 'Object Repository/Pilar 1/Dokumen Go Live/UAT/RBU/Staff-RBU-Dokumen-Persyaratan-Kredit/Page_DokumenChecking/select_b3-l2-180_0-b8-b1-l1-266_0-b1-l4_0-267_9-_1' 

22-07-2026T13:43:27 - [MESSAGE][PASSED] - All options with value '0' are selected in object 'Object Repository/Pilar 1/Dokumen Go Live/UAT/RBU/Staff-RBU-Dokumen-Persyaratan-Kredit/Page_DokumenChecking/select_b3-l2-180_0-b8-b1-l1-266_0-b1-l4_0-267_9-_1' 

22-07-2026T13:43:27 - [TEST_STEP][PASSED] - setText(findTestObject("Pilar 1/Dokumen Go Live/UAT/RBU/Staff-RBU-Dokumen-Persyaratan-Kredit/Page_DokumenChecking/textarea_b3-l2-180_0-b8-b1-l1-266_0-b1-l4_0-267__9"), "testing"): Text 'testing' is set on object 'Object Repository/Pilar 1/Dokumen Go Live/UAT/RBU/Staff-RBU-Dokumen-Persyaratan-Kredit/Page_DokumenChecking/textarea_b3-l2-180_0-b8-b1-l1-266_0-b1-l4_0-267__9'

22-07-2026T13:43:28 - [MESSAGE][PASSED] - Text 'testing' is set on object 'Object Repository/Pilar 1/Dokumen Go Live/UAT/RBU/Staff-RBU-Dokumen-Persyaratan-Kredit/Page_DokumenChecking/textarea_b3-l2-180_0-b8-b1-l1-266_0-b1-l4_0-267__9'

22-07-2026T13:43:28 - [TEST_STEP][PASSED] - click(findTestObject("Pilar 1/Dokumen Go Live/UAT/RBU/Staff-RBU-Dokumen-Persyaratan-Kredit/Page_DokumenChecking/button_Unggah_1")): Object: 'Object Repository/Pilar 1/Dokumen Go Live/UAT/RBU/Staff-RBU-Dokumen-Persyaratan-Kredit/Page_DokumenChecking/button_Unggah_1' is clicked on

22-07-2026T13:43:28 - [MESSAGE][PASSED] - Object: 'Object Repository/Pilar 1/Dokumen Go Live/UAT/RBU/Staff-RBU-Dokumen-Persyaratan-Kredit/Page_DokumenChecking/button_Unggah_1' is clicked on

22-07-2026T13:43:28 - [TEST_STEP][PASSED] - delay(5): Delayed 5 second(s)

22-07-2026T13:43:33 - [MESSAGE][PASSED] - Delayed 5 second(s)

22-07-2026T13:43:33 - [TEST_STEP][NOT_RUN] - uploadFile(findTestObject("Pilar 1/Dokumen Go Live/UAT/RBU/Staff-RBU-Dokumen-Persyaratan-Kredit/Page_DokumenChecking/div_b3-l2-180_0-b8-b1-l1-266_0-b1-b4-dropzone"), Lorem): NOT_RUN: uploadFile(findTestObject("Pilar 1/Dokumen Go Live/UAT/RBU/Staff-RBU-Dokumen-Persyaratan-Kredit/Page_DokumenChecking/div_b3-l2-180_0-b8-b1-l1-266_0-b1-b4-dropzone"), Lorem)

22-07-2026T13:43:33 - [MESSAGE][NOT_RUN] - NOT_RUN: uploadFile(findTestObject("Pilar 1/Dokumen Go Live/UAT/RBU/Staff-RBU-Dokumen-Persyaratan-Kredit/Page_DokumenChecking/div_b3-l2-180_0-b8-b1-l1-266_0-b1-b4-dropzone"), Lorem)

22-07-2026T13:43:33 - [TEST_STEP][NOT_RUN] - click(findTestObject("Pilar 1/Dokumen Go Live/UAT/RBU/Staff-RBU-Dokumen-Persyaratan-Kredit/Page_DokumenChecking/button_Upload")): NOT_RUN: click(findTestObject("Pilar 1/Dokumen Go Live/UAT/RBU/Staff-RBU-Dokumen-Persyaratan-Kredit/Page_DokumenChecking/button_Upload"))

22-07-2026T13:43:33 - [MESSAGE][NOT_RUN] - NOT_RUN: click(findTestObject("Pilar 1/Dokumen Go Live/UAT/RBU/Staff-RBU-Dokumen-Persyaratan-Kredit/Page_DokumenChecking/button_Upload"))

22-07-2026T13:43:33 - [TEST_STEP][PASSED] - click(findTestObject("Pilar 1/Dokumen Go Live/UAT/RBU/Staff-RBU-Dokumen-Persyaratan-Kredit/Page_DokumenChecking/button_b3-ButtonDraftRBU")): Object: 'Object Repository/Pilar 1/Dokumen Go Live/UAT/RBU/Staff-RBU-Dokumen-Persyaratan-Kredit/Page_DokumenChecking/button_b3-ButtonDraftRBU' is clicked on

22-07-2026T13:43:34 - [MESSAGE][PASSED] - Object: 'Object Repository/Pilar 1/Dokumen Go Live/UAT/RBU/Staff-RBU-Dokumen-Persyaratan-Kredit/Page_DokumenChecking/button_b3-ButtonDraftRBU' is clicked on

22-07-2026T13:43:34 - [TEST_STEP][PASSED] - delay(5): Delayed 5 second(s)

22-07-2026T13:43:39 - [MESSAGE][PASSED] - Delayed 5 second(s)

22-07-2026T13:43:39 - [TEST_STEP][PASSED] - click(findTestObject("Pilar 1/Dokumen Go Live/UAT/RBU/Staff-RBU-Dokumen-Persyaratan-Kredit/Page_DokumenChecking/button_Next")): Object: 'Object Repository/Pilar 1/Dokumen Go Live/UAT/RBU/Staff-RBU-Dokumen-Persyaratan-Kredit/Page_DokumenChecking/button_Next' is clicked on

22-07-2026T13:43:40 - [MESSAGE][PASSED] - Object: 'Object Repository/Pilar 1/Dokumen Go Live/UAT/RBU/Staff-RBU-Dokumen-Persyaratan-Kredit/Page_DokumenChecking/button_Next' is clicked on]]></system-out>
         <system-err><![CDATA[]]></system-err>
      </testcase>
      <testcase name="Test Cases/Pilar 1/Dokumen Go Live/UAT/RBU/Staff-RBU-Dokumen-Objek-Pembiayaan" time="76.299" classname="Test Cases/Pilar 1/Dokumen Go Live/UAT/RBU/Staff-RBU-Dokumen-Objek-Pembiayaan" status="PASSED">
         <system-out><![CDATA[22-07-2026T13:43:40 - [TEST_CASE][PASSED] - Test Cases/Pilar 1/Dokumen Go Live/UAT/RBU/Staff-RBU-Dokumen-Objek-Pembiayaan: Test Cases/Pilar 1/Dokumen Go Live/UAT/RBU/Staff-RBU-Dokumen-Objek-Pembiayaan

22-07-2026T13:43:40 - [TEST_STEP][PASSED] - callTestCase(findTestCase("Pilar 1/Login/UAT/Staff-RBU"), [:], STOP_ON_FAILURE): Call Test Case 'Test Cases/Pilar 1/Login/UAT/Staff-RBU' successfully

22-07-2026T13:43:40 - [TEST_CASE][PASSED] - Test Cases/Pilar 1/Login/UAT/Staff-RBU: Test Cases/Pilar 1/Login/UAT/Staff-RBU

22-07-2026T13:43:40 - [TEST_STEP][PASSED] - openBrowser("https://sakti-test.csulfinance.com/CSULFoundation_Login/Login"): Browser is opened with url: 'https://sakti-test.csulfinance.com/CSULFoundation_Login/Login'

22-07-2026T13:43:40 - [MESSAGE][WARNING] - A browser is already opened. Closing browser and opening a new one

22-07-2026T13:43:40 - [MESSAGE][INFO] - Starting 'Chrome' driver

22-07-2026T13:43:40 - [MESSAGE][INFO] - Action delay is set to 0 milliseconds

22-07-2026T13:43:42 - [MESSAGE][PASSED] - Browser is opened with url: 'https://sakti-test.csulfinance.com/CSULFoundation_Login/Login'

22-07-2026T13:43:42 - [TEST_STEP][PASSED] - maximizeWindow(): Current window maximized

22-07-2026T13:43:42 - [MESSAGE][PASSED] - Current window maximized

22-07-2026T13:43:42 - [TEST_STEP][PASSED] - waitForElementVisible(findTestObject("Pilar 1/Login/UAT/Page_Login/input_Username"), 10): Object 'Object Repository/Pilar 1/Login/UAT/Page_Login/input_Username' is visible

22-07-2026T13:43:45 - [MESSAGE][PASSED] - Object 'Object Repository/Pilar 1/Login/UAT/Page_Login/input_Username' is visible

22-07-2026T13:43:45 - [TEST_STEP][PASSED] - setText(findTestObject("Pilar 1/Login/UAT/Page_Login/input_Username"), "pandu.sastra"): Text 'pandu.sastra' is set on object 'Object Repository/Pilar 1/Login/UAT/Page_Login/input_Username'

22-07-2026T13:43:47 - [MESSAGE][PASSED] - Text 'pandu.sastra' is set on object 'Object Repository/Pilar 1/Login/UAT/Page_Login/input_Username'

22-07-2026T13:43:47 - [TEST_STEP][PASSED] - setEncryptedText(findTestObject("Pilar 1/Login/UAT/Page_Login/input_Password"), "DKZg8gTnVzw="): Text ****** has been set on object 'Object Repository/Pilar 1/Login/UAT/Page_Login/input_Password'

22-07-2026T13:43:47 - [MESSAGE][PASSED] - Text ****** has been set on object 'Object Repository/Pilar 1/Login/UAT/Page_Login/input_Password'

22-07-2026T13:43:47 - [TEST_STEP][PASSED] - delay(20): Delayed 20 second(s)

22-07-2026T13:44:07 - [MESSAGE][PASSED] - Delayed 20 second(s)

22-07-2026T13:44:07 - [TEST_STEP][PASSED] - click(findTestObject("Pilar 1/Login/UAT/Page_Login/button_Login")): Object: 'Object Repository/Pilar 1/Login/UAT/Page_Login/button_Login' is clicked on

22-07-2026T13:44:07 - [MESSAGE][PASSED] - Object: 'Object Repository/Pilar 1/Login/UAT/Page_Login/button_Login' is clicked on

22-07-2026T13:44:07 - [TEST_STEP][PASSED] - delay(5): Delayed 5 second(s)

22-07-2026T13:44:12 - [MESSAGE][PASSED] - Delayed 5 second(s)

22-07-2026T13:44:12 - [TEST_STEP][PASSED] - waitForElementVisible(findTestObject("Pilar 1/Login/UAT/Page_Login/Page_ApplicationsCatalog/span_Risk Control Unit Application"), 10): Object 'Object Repository/Pilar 1/Login/UAT/Page_Login/Page_ApplicationsCatalog/span_Risk Control Unit Application' is visible

22-07-2026T13:44:14 - [MESSAGE][PASSED] - Object 'Object Repository/Pilar 1/Login/UAT/Page_Login/Page_ApplicationsCatalog/span_Risk Control Unit Application' is visible

22-07-2026T13:44:14 - [TEST_STEP][PASSED] - doubleClick(findTestObject("Pilar 1/Login/UAT/Page_Login/Page_ApplicationsCatalog/span_Risk Control Unit Application")): Object: 'Object Repository/Pilar 1/Login/UAT/Page_Login/Page_ApplicationsCatalog/span_Risk Control Unit Application' is double clicked on

22-07-2026T13:44:14 - [MESSAGE][PASSED] - Object: 'Object Repository/Pilar 1/Login/UAT/Page_Login/Page_ApplicationsCatalog/span_Risk Control Unit Application' is double clicked on

22-07-2026T13:44:14 - [MESSAGE][PASSED] - Call Test Case 'Test Cases/Pilar 1/Login/UAT/Staff-RBU' successfully

22-07-2026T13:44:14 - [TEST_STEP][PASSED] - click(findTestObject("Pilar 1/Dokumen Go Live/UAT/CBU/Staff-CBU-Submit-Task/Dokumen-Persyaratan-Kredit/Page_Dashboard/div_b2-l1-16_3-b3-SubMenuHeader")): Object: 'Object Repository/Pilar 1/Dokumen Go Live/UAT/CBU/Staff-CBU-Submit-Task/Dokumen-Persyaratan-Kredit/Page_Dashboard/div_b2-l1-16_3-b3-SubMenuHeader' is clicked on

22-07-2026T13:44:22 - [MESSAGE][PASSED] - Object: 'Object Repository/Pilar 1/Dokumen Go Live/UAT/CBU/Staff-CBU-Submit-Task/Dokumen-Persyaratan-Kredit/Page_Dashboard/div_b2-l1-16_3-b3-SubMenuHeader' is clicked on

22-07-2026T13:44:22 - [TEST_STEP][PASSED] - click(findTestObject("Pilar 1/Dokumen Go Live/UAT/CBU/Staff-CBU-Submit-Task/Dokumen-Persyaratan-Kredit/Page_Dashboard/div_b2-l1-16_3-b4-l1-23_4-b1-SubMenuHeader")): Object: 'Object Repository/Pilar 1/Dokumen Go Live/UAT/CBU/Staff-CBU-Submit-Task/Dokumen-Persyaratan-Kredit/Page_Dashboard/div_b2-l1-16_3-b4-l1-23_4-b1-SubMenuHeader' is clicked on

22-07-2026T13:44:22 - [MESSAGE][PASSED] - Object: 'Object Repository/Pilar 1/Dokumen Go Live/UAT/CBU/Staff-CBU-Submit-Task/Dokumen-Persyaratan-Kredit/Page_Dashboard/div_b2-l1-16_3-b4-l1-23_4-b1-SubMenuHeader' is clicked on

22-07-2026T13:44:22 - [TEST_STEP][PASSED] - click(findTestObject("Pilar 1/Dokumen Go Live/UAT/CBU/Staff-CBU-Submit-Task/Dokumen-Persyaratan-Kredit/Page_Dashboard/a_Dokumen Golive")): Object: 'Object Repository/Pilar 1/Dokumen Go Live/UAT/CBU/Staff-CBU-Submit-Task/Dokumen-Persyaratan-Kredit/Page_Dashboard/a_Dokumen Golive' is clicked on

22-07-2026T13:44:22 - [MESSAGE][PASSED] - Object: 'Object Repository/Pilar 1/Dokumen Go Live/UAT/CBU/Staff-CBU-Submit-Task/Dokumen-Persyaratan-Kredit/Page_Dashboard/a_Dokumen Golive' is clicked on

22-07-2026T13:44:22 - [TEST_STEP][PASSED] - setText(findTestObject("Pilar 1/Dokumen Go Live/UAT/CBU/Staff-CBU-Submit-Task/Dokumen-Persyaratan-Kredit/Page_KelengkapanKredit/input_b3-b2-b1-Input_StartDate"), "22-07-2026"): Text '22-07-2026' is set on object 'Object Repository/Pilar 1/Dokumen Go Live/UAT/CBU/Staff-CBU-Submit-Task/Dokumen-Persyaratan-Kredit/Page_KelengkapanKredit/input_b3-b2-b1-Input_StartDate'

22-07-2026T13:44:26 - [MESSAGE][PASSED] - Text '22-07-2026' is set on object 'Object Repository/Pilar 1/Dokumen Go Live/UAT/CBU/Staff-CBU-Submit-Task/Dokumen-Persyaratan-Kredit/Page_KelengkapanKredit/input_b3-b2-b1-Input_StartDate'

22-07-2026T13:44:26 - [TEST_STEP][PASSED] - setText(findTestObject("Pilar 1/Dokumen Go Live/UAT/CBU/Staff-CBU-Submit-Task/Dokumen-Persyaratan-Kredit/Page_KelengkapanKredit/input_b3-b2-b1-Input_StartDate2"), "22-07-2026"): Text '22-07-2026' is set on object 'Object Repository/Pilar 1/Dokumen Go Live/UAT/CBU/Staff-CBU-Submit-Task/Dokumen-Persyaratan-Kredit/Page_KelengkapanKredit/input_b3-b2-b1-Input_StartDate2'

22-07-2026T13:44:26 - [MESSAGE][PASSED] - Text '22-07-2026' is set on object 'Object Repository/Pilar 1/Dokumen Go Live/UAT/CBU/Staff-CBU-Submit-Task/Dokumen-Persyaratan-Kredit/Page_KelengkapanKredit/input_b3-b2-b1-Input_StartDate2'

22-07-2026T13:44:27 - [TEST_STEP][PASSED] - selectOptionByValue(findTestObject("Pilar 1/Dokumen Go Live/UAT/CBU/Staff-CBU-Submit-Task/Dokumen-Persyaratan-Kredit/Page_KelengkapanKredit/select_b3-b2-b1-Dropdown3"), "1", false): All options with value '1' are selected in object 'Object Repository/Pilar 1/Dokumen Go Live/UAT/CBU/Staff-CBU-Submit-Task/Dokumen-Persyaratan-Kredit/Page_KelengkapanKredit/select_b3-b2-b1-Dropdown3' 

22-07-2026T13:44:27 - [MESSAGE][PASSED] - All options with value '1' are selected in object 'Object Repository/Pilar 1/Dokumen Go Live/UAT/CBU/Staff-CBU-Submit-Task/Dokumen-Persyaratan-Kredit/Page_KelengkapanKredit/select_b3-b2-b1-Dropdown3' 

22-07-2026T13:44:27 - [TEST_STEP][PASSED] - click(findTestObject("Pilar 1/Dokumen Go Live/UAT/CBU/Staff-CBU-Submit-Task/Dokumen-Persyaratan-Kredit/Page_KelengkapanKredit/button_Cari")): Object: 'Object Repository/Pilar 1/Dokumen Go Live/UAT/CBU/Staff-CBU-Submit-Task/Dokumen-Persyaratan-Kredit/Page_KelengkapanKredit/button_Cari' is clicked on

22-07-2026T13:44:27 - [MESSAGE][PASSED] - Object: 'Object Repository/Pilar 1/Dokumen Go Live/UAT/CBU/Staff-CBU-Submit-Task/Dokumen-Persyaratan-Kredit/Page_KelengkapanKredit/button_Cari' is clicked on

22-07-2026T13:44:27 - [TEST_STEP][PASSED] - click(findTestObject("Pilar 1/Dokumen Go Live/UAT/CBU/Staff-CBU-Submit-Task/Dokumen-Persyaratan-Kredit/Page_KelengkapanKredit/action")): Object: 'Object Repository/Pilar 1/Dokumen Go Live/UAT/CBU/Staff-CBU-Submit-Task/Dokumen-Persyaratan-Kredit/Page_KelengkapanKredit/action' is clicked on

22-07-2026T13:44:28 - [MESSAGE][PASSED] - Object: 'Object Repository/Pilar 1/Dokumen Go Live/UAT/CBU/Staff-CBU-Submit-Task/Dokumen-Persyaratan-Kredit/Page_KelengkapanKredit/action' is clicked on

22-07-2026T13:44:28 - [TEST_STEP][PASSED] - click(findTestObject("Pilar 1/Dokumen Go Live/UAT/CBU/Staff-CBU-Submit-Task/Dokumen-Persyaratan-Kredit/Page_KelengkapanKredit/div_Pemeriksaan")): Object: 'Object Repository/Pilar 1/Dokumen Go Live/UAT/CBU/Staff-CBU-Submit-Task/Dokumen-Persyaratan-Kredit/Page_KelengkapanKredit/div_Pemeriksaan' is clicked on

22-07-2026T13:44:29 - [MESSAGE][PASSED] - Object: 'Object Repository/Pilar 1/Dokumen Go Live/UAT/CBU/Staff-CBU-Submit-Task/Dokumen-Persyaratan-Kredit/Page_KelengkapanKredit/div_Pemeriksaan' is clicked on

22-07-2026T13:44:29 - [TEST_STEP][PASSED] - click(findTestObject("Pilar 1/Dokumen Go Live/UAT/CBU/Staff-CBU-Submit-Task/Dokumen-Persyaratan-Kredit/Page_DokumenChecking/button_Draft")): Object: 'Object Repository/Pilar 1/Dokumen Go Live/UAT/CBU/Staff-CBU-Submit-Task/Dokumen-Persyaratan-Kredit/Page_DokumenChecking/button_Draft' is clicked on

22-07-2026T13:44:32 - [MESSAGE][PASSED] - Object: 'Object Repository/Pilar 1/Dokumen Go Live/UAT/CBU/Staff-CBU-Submit-Task/Dokumen-Persyaratan-Kredit/Page_DokumenChecking/button_Draft' is clicked on

22-07-2026T13:44:32 - [TEST_STEP][PASSED] - click(findTestObject("Pilar 1/Dokumen Go Live/UAT/CBU/Staff-CBU-Submit-Task/Dokumen-Persyaratan-Kredit/Page_DokumenChecking/button_Next")): Object: 'Object Repository/Pilar 1/Dokumen Go Live/UAT/CBU/Staff-CBU-Submit-Task/Dokumen-Persyaratan-Kredit/Page_DokumenChecking/button_Next' is clicked on

22-07-2026T13:44:38 - [MESSAGE][PASSED] - Object: 'Object Repository/Pilar 1/Dokumen Go Live/UAT/CBU/Staff-CBU-Submit-Task/Dokumen-Persyaratan-Kredit/Page_DokumenChecking/button_Next' is clicked on

22-07-2026T13:44:38 - [TEST_STEP][PASSED] - delay(5): Delayed 5 second(s)

22-07-2026T13:44:43 - [MESSAGE][PASSED] - Delayed 5 second(s)

22-07-2026T13:44:43 - [TEST_STEP][PASSED] - click(findTestObject("Pilar 1/Dokumen Go Live/UAT/RBU/Staff-RBU-Dokumen-Objek-Pembiayaan/Page_DokumenChecking/div_Accordion_DokumenObjek_Pembiayaan")): Object: 'Object Repository/Pilar 1/Dokumen Go Live/UAT/RBU/Staff-RBU-Dokumen-Objek-Pembiayaan/Page_DokumenChecking/div_Accordion_DokumenObjek_Pembiayaan' is clicked on

22-07-2026T13:44:43 - [MESSAGE][PASSED] - Object: 'Object Repository/Pilar 1/Dokumen Go Live/UAT/RBU/Staff-RBU-Dokumen-Objek-Pembiayaan/Page_DokumenChecking/div_Accordion_DokumenObjek_Pembiayaan' is clicked on

22-07-2026T13:44:43 - [TEST_STEP][PASSED] - selectOptionByValue(findTestObject("Pilar 1/Dokumen Go Live/UAT/RBU/Staff-RBU-Dokumen-Objek-Pembiayaan/Page_DokumenChecking/select_b3-l2-538_1-b8-b1-l1-699_0-b1-l4_0-700_0-"), "0", false): All options with value '0' are selected in object 'Object Repository/Pilar 1/Dokumen Go Live/UAT/RBU/Staff-RBU-Dokumen-Objek-Pembiayaan/Page_DokumenChecking/select_b3-l2-538_1-b8-b1-l1-699_0-b1-l4_0-700_0-' 

22-07-2026T13:44:44 - [MESSAGE][PASSED] - All options with value '0' are selected in object 'Object Repository/Pilar 1/Dokumen Go Live/UAT/RBU/Staff-RBU-Dokumen-Objek-Pembiayaan/Page_DokumenChecking/select_b3-l2-538_1-b8-b1-l1-699_0-b1-l4_0-700_0-' 

22-07-2026T13:44:44 - [TEST_STEP][PASSED] - selectOptionByValue(findTestObject("Pilar 1/Dokumen Go Live/UAT/RBU/Staff-RBU-Dokumen-Objek-Pembiayaan/Page_DokumenChecking/select_b3-l2-538_1-b8-b1-l1-699_0-b1-l4_0-700_0-_1"), "0", false): All options with value '0' are selected in object 'Object Repository/Pilar 1/Dokumen Go Live/UAT/RBU/Staff-RBU-Dokumen-Objek-Pembiayaan/Page_DokumenChecking/select_b3-l2-538_1-b8-b1-l1-699_0-b1-l4_0-700_0-_1' 

22-07-2026T13:44:44 - [MESSAGE][PASSED] - All options with value '0' are selected in object 'Object Repository/Pilar 1/Dokumen Go Live/UAT/RBU/Staff-RBU-Dokumen-Objek-Pembiayaan/Page_DokumenChecking/select_b3-l2-538_1-b8-b1-l1-699_0-b1-l4_0-700_0-_1' 

22-07-2026T13:44:44 - [TEST_STEP][PASSED] - setText(findTestObject("Pilar 1/Dokumen Go Live/UAT/RBU/Staff-RBU-Dokumen-Objek-Pembiayaan/Page_DokumenChecking/textarea_b3-l2-538_1-b8-b1-l1-699_0-b1-l4_0-700_"), "testing"): Text 'testing' is set on object 'Object Repository/Pilar 1/Dokumen Go Live/UAT/RBU/Staff-RBU-Dokumen-Objek-Pembiayaan/Page_DokumenChecking/textarea_b3-l2-538_1-b8-b1-l1-699_0-b1-l4_0-700_'

22-07-2026T13:44:45 - [MESSAGE][PASSED] - Text 'testing' is set on object 'Object Repository/Pilar 1/Dokumen Go Live/UAT/RBU/Staff-RBU-Dokumen-Objek-Pembiayaan/Page_DokumenChecking/textarea_b3-l2-538_1-b8-b1-l1-699_0-b1-l4_0-700_'

22-07-2026T13:44:45 - [TEST_STEP][PASSED] - selectOptionByValue(findTestObject("Pilar 1/Dokumen Go Live/UAT/RBU/Staff-RBU-Dokumen-Objek-Pembiayaan/Page_DokumenChecking/select_b3-l2-538_1-b8-b1-l1-699_0-b1-l4_0-700_1-"), "0", false): All options with value '0' are selected in object 'Object Repository/Pilar 1/Dokumen Go Live/UAT/RBU/Staff-RBU-Dokumen-Objek-Pembiayaan/Page_DokumenChecking/select_b3-l2-538_1-b8-b1-l1-699_0-b1-l4_0-700_1-' 

22-07-2026T13:44:46 - [MESSAGE][PASSED] - All options with value '0' are selected in object 'Object Repository/Pilar 1/Dokumen Go Live/UAT/RBU/Staff-RBU-Dokumen-Objek-Pembiayaan/Page_DokumenChecking/select_b3-l2-538_1-b8-b1-l1-699_0-b1-l4_0-700_1-' 

22-07-2026T13:44:46 - [TEST_STEP][PASSED] - selectOptionByValue(findTestObject("Pilar 1/Dokumen Go Live/UAT/RBU/Staff-RBU-Dokumen-Objek-Pembiayaan/Page_DokumenChecking/select_b3-l2-538_1-b8-b1-l1-699_0-b1-l4_0-700_1-_1"), "0", false): All options with value '0' are selected in object 'Object Repository/Pilar 1/Dokumen Go Live/UAT/RBU/Staff-RBU-Dokumen-Objek-Pembiayaan/Page_DokumenChecking/select_b3-l2-538_1-b8-b1-l1-699_0-b1-l4_0-700_1-_1' 

22-07-2026T13:44:46 - [MESSAGE][PASSED] - All options with value '0' are selected in object 'Object Repository/Pilar 1/Dokumen Go Live/UAT/RBU/Staff-RBU-Dokumen-Objek-Pembiayaan/Page_DokumenChecking/select_b3-l2-538_1-b8-b1-l1-699_0-b1-l4_0-700_1-_1' 

22-07-2026T13:44:46 - [TEST_STEP][PASSED] - setText(findTestObject("Pilar 1/Dokumen Go Live/UAT/RBU/Staff-RBU-Dokumen-Objek-Pembiayaan/Page_DokumenChecking/textarea_b3-l2-538_1-b8-b1-l1-699_0-b1-l4_0-700__1"), "testing"): Text 'testing' is set on object 'Object Repository/Pilar 1/Dokumen Go Live/UAT/RBU/Staff-RBU-Dokumen-Objek-Pembiayaan/Page_DokumenChecking/textarea_b3-l2-538_1-b8-b1-l1-699_0-b1-l4_0-700__1'

22-07-2026T13:44:47 - [MESSAGE][PASSED] - Text 'testing' is set on object 'Object Repository/Pilar 1/Dokumen Go Live/UAT/RBU/Staff-RBU-Dokumen-Objek-Pembiayaan/Page_DokumenChecking/textarea_b3-l2-538_1-b8-b1-l1-699_0-b1-l4_0-700__1'

22-07-2026T13:44:47 - [TEST_STEP][PASSED] - selectOptionByValue(findTestObject("Pilar 1/Dokumen Go Live/UAT/RBU/Staff-RBU-Dokumen-Objek-Pembiayaan/Page_DokumenChecking/select_b3-l2-538_1-b8-b1-l1-699_0-b1-l4_0-700_2-"), "0", false): All options with value '0' are selected in object 'Object Repository/Pilar 1/Dokumen Go Live/UAT/RBU/Staff-RBU-Dokumen-Objek-Pembiayaan/Page_DokumenChecking/select_b3-l2-538_1-b8-b1-l1-699_0-b1-l4_0-700_2-' 

22-07-2026T13:44:48 - [MESSAGE][PASSED] - All options with value '0' are selected in object 'Object Repository/Pilar 1/Dokumen Go Live/UAT/RBU/Staff-RBU-Dokumen-Objek-Pembiayaan/Page_DokumenChecking/select_b3-l2-538_1-b8-b1-l1-699_0-b1-l4_0-700_2-' 

22-07-2026T13:44:48 - [TEST_STEP][PASSED] - selectOptionByValue(findTestObject("Pilar 1/Dokumen Go Live/UAT/RBU/Staff-RBU-Dokumen-Objek-Pembiayaan/Page_DokumenChecking/select_b3-l2-538_1-b8-b1-l1-699_0-b1-l4_0-700_2-_1"), "0", false): All options with value '0' are selected in object 'Object Repository/Pilar 1/Dokumen Go Live/UAT/RBU/Staff-RBU-Dokumen-Objek-Pembiayaan/Page_DokumenChecking/select_b3-l2-538_1-b8-b1-l1-699_0-b1-l4_0-700_2-_1' 

22-07-2026T13:44:48 - [MESSAGE][PASSED] - All options with value '0' are selected in object 'Object Repository/Pilar 1/Dokumen Go Live/UAT/RBU/Staff-RBU-Dokumen-Objek-Pembiayaan/Page_DokumenChecking/select_b3-l2-538_1-b8-b1-l1-699_0-b1-l4_0-700_2-_1' 

22-07-2026T13:44:48 - [TEST_STEP][PASSED] - setText(findTestObject("Pilar 1/Dokumen Go Live/UAT/RBU/Staff-RBU-Dokumen-Objek-Pembiayaan/Page_DokumenChecking/textarea_b3-l2-538_1-b8-b1-l1-699_0-b1-l4_0-700__2"), "testing"): Text 'testing' is set on object 'Object Repository/Pilar 1/Dokumen Go Live/UAT/RBU/Staff-RBU-Dokumen-Objek-Pembiayaan/Page_DokumenChecking/textarea_b3-l2-538_1-b8-b1-l1-699_0-b1-l4_0-700__2'

22-07-2026T13:44:49 - [MESSAGE][PASSED] - Text 'testing' is set on object 'Object Repository/Pilar 1/Dokumen Go Live/UAT/RBU/Staff-RBU-Dokumen-Objek-Pembiayaan/Page_DokumenChecking/textarea_b3-l2-538_1-b8-b1-l1-699_0-b1-l4_0-700__2'

22-07-2026T13:44:49 - [TEST_STEP][PASSED] - selectOptionByValue(findTestObject("Pilar 1/Dokumen Go Live/UAT/RBU/Staff-RBU-Dokumen-Objek-Pembiayaan/Page_DokumenChecking/select_b3-l2-538_1-b8-b1-l1-699_0-b1-l4_0-700_3-"), "0", false): All options with value '0' are selected in object 'Object Repository/Pilar 1/Dokumen Go Live/UAT/RBU/Staff-RBU-Dokumen-Objek-Pembiayaan/Page_DokumenChecking/select_b3-l2-538_1-b8-b1-l1-699_0-b1-l4_0-700_3-' 

22-07-2026T13:44:50 - [MESSAGE][PASSED] - All options with value '0' are selected in object 'Object Repository/Pilar 1/Dokumen Go Live/UAT/RBU/Staff-RBU-Dokumen-Objek-Pembiayaan/Page_DokumenChecking/select_b3-l2-538_1-b8-b1-l1-699_0-b1-l4_0-700_3-' 

22-07-2026T13:44:50 - [TEST_STEP][PASSED] - selectOptionByValue(findTestObject("Pilar 1/Dokumen Go Live/UAT/RBU/Staff-RBU-Dokumen-Objek-Pembiayaan/Page_DokumenChecking/select_b3-l2-538_1-b8-b1-l1-699_0-b1-l4_0-700_3-_1"), "0", false): All options with value '0' are selected in object 'Object Repository/Pilar 1/Dokumen Go Live/UAT/RBU/Staff-RBU-Dokumen-Objek-Pembiayaan/Page_DokumenChecking/select_b3-l2-538_1-b8-b1-l1-699_0-b1-l4_0-700_3-_1' 

22-07-2026T13:44:50 - [MESSAGE][PASSED] - All options with value '0' are selected in object 'Object Repository/Pilar 1/Dokumen Go Live/UAT/RBU/Staff-RBU-Dokumen-Objek-Pembiayaan/Page_DokumenChecking/select_b3-l2-538_1-b8-b1-l1-699_0-b1-l4_0-700_3-_1' 

22-07-2026T13:44:50 - [TEST_STEP][PASSED] - setText(findTestObject("Pilar 1/Dokumen Go Live/UAT/RBU/Staff-RBU-Dokumen-Objek-Pembiayaan/Page_DokumenChecking/textarea_b3-l2-538_1-b8-b1-l1-699_0-b1-l4_0-700__3"), "testing"): Text 'testing' is set on object 'Object Repository/Pilar 1/Dokumen Go Live/UAT/RBU/Staff-RBU-Dokumen-Objek-Pembiayaan/Page_DokumenChecking/textarea_b3-l2-538_1-b8-b1-l1-699_0-b1-l4_0-700__3'

22-07-2026T13:44:51 - [MESSAGE][PASSED] - Text 'testing' is set on object 'Object Repository/Pilar 1/Dokumen Go Live/UAT/RBU/Staff-RBU-Dokumen-Objek-Pembiayaan/Page_DokumenChecking/textarea_b3-l2-538_1-b8-b1-l1-699_0-b1-l4_0-700__3'

22-07-2026T13:44:51 - [TEST_STEP][PASSED] - selectOptionByValue(findTestObject("Pilar 1/Dokumen Go Live/UAT/RBU/Staff-RBU-Dokumen-Objek-Pembiayaan/Page_DokumenChecking/select_b3-l2-538_1-b8-b1-l1-699_0-b1-l4_0-700_4-"), "0", false): All options with value '0' are selected in object 'Object Repository/Pilar 1/Dokumen Go Live/UAT/RBU/Staff-RBU-Dokumen-Objek-Pembiayaan/Page_DokumenChecking/select_b3-l2-538_1-b8-b1-l1-699_0-b1-l4_0-700_4-' 

22-07-2026T13:44:52 - [MESSAGE][PASSED] - All options with value '0' are selected in object 'Object Repository/Pilar 1/Dokumen Go Live/UAT/RBU/Staff-RBU-Dokumen-Objek-Pembiayaan/Page_DokumenChecking/select_b3-l2-538_1-b8-b1-l1-699_0-b1-l4_0-700_4-' 

22-07-2026T13:44:52 - [TEST_STEP][PASSED] - selectOptionByValue(findTestObject("Pilar 1/Dokumen Go Live/UAT/RBU/Staff-RBU-Dokumen-Objek-Pembiayaan/Page_DokumenChecking/select_b3-l2-538_1-b8-b1-l1-699_0-b1-l4_0-700_4-_1"), "0", false): All options with value '0' are selected in object 'Object Repository/Pilar 1/Dokumen Go Live/UAT/RBU/Staff-RBU-Dokumen-Objek-Pembiayaan/Page_DokumenChecking/select_b3-l2-538_1-b8-b1-l1-699_0-b1-l4_0-700_4-_1' 

22-07-2026T13:44:52 - [MESSAGE][PASSED] - All options with value '0' are selected in object 'Object Repository/Pilar 1/Dokumen Go Live/UAT/RBU/Staff-RBU-Dokumen-Objek-Pembiayaan/Page_DokumenChecking/select_b3-l2-538_1-b8-b1-l1-699_0-b1-l4_0-700_4-_1' 

22-07-2026T13:44:52 - [TEST_STEP][PASSED] - setText(findTestObject("Pilar 1/Dokumen Go Live/UAT/RBU/Staff-RBU-Dokumen-Objek-Pembiayaan/Page_DokumenChecking/textarea_b3-l2-538_1-b8-b1-l1-699_0-b1-l4_0-700__4"), "testing"): Text 'testing' is set on object 'Object Repository/Pilar 1/Dokumen Go Live/UAT/RBU/Staff-RBU-Dokumen-Objek-Pembiayaan/Page_DokumenChecking/textarea_b3-l2-538_1-b8-b1-l1-699_0-b1-l4_0-700__4'

22-07-2026T13:44:53 - [MESSAGE][PASSED] - Text 'testing' is set on object 'Object Repository/Pilar 1/Dokumen Go Live/UAT/RBU/Staff-RBU-Dokumen-Objek-Pembiayaan/Page_DokumenChecking/textarea_b3-l2-538_1-b8-b1-l1-699_0-b1-l4_0-700__4'

22-07-2026T13:44:53 - [TEST_STEP][PASSED] - selectOptionByValue(findTestObject("Pilar 1/Dokumen Go Live/UAT/RBU/Staff-RBU-Dokumen-Objek-Pembiayaan/Page_DokumenChecking/select_b3-l2-538_1-b8-b1-l1-699_0-b1-l4_0-700_5-"), "0", false): All options with value '0' are selected in object 'Object Repository/Pilar 1/Dokumen Go Live/UAT/RBU/Staff-RBU-Dokumen-Objek-Pembiayaan/Page_DokumenChecking/select_b3-l2-538_1-b8-b1-l1-699_0-b1-l4_0-700_5-' 

22-07-2026T13:44:53 - [MESSAGE][PASSED] - All options with value '0' are selected in object 'Object Repository/Pilar 1/Dokumen Go Live/UAT/RBU/Staff-RBU-Dokumen-Objek-Pembiayaan/Page_DokumenChecking/select_b3-l2-538_1-b8-b1-l1-699_0-b1-l4_0-700_5-' 

22-07-2026T13:44:53 - [TEST_STEP][PASSED] - selectOptionByValue(findTestObject("Pilar 1/Dokumen Go Live/UAT/RBU/Staff-RBU-Dokumen-Objek-Pembiayaan/Page_DokumenChecking/select_b3-l2-538_1-b8-b1-l1-699_0-b1-l4_0-700_5-_1"), "0", false): All options with value '0' are selected in object 'Object Repository/Pilar 1/Dokumen Go Live/UAT/RBU/Staff-RBU-Dokumen-Objek-Pembiayaan/Page_DokumenChecking/select_b3-l2-538_1-b8-b1-l1-699_0-b1-l4_0-700_5-_1' 

22-07-2026T13:44:54 - [MESSAGE][PASSED] - All options with value '0' are selected in object 'Object Repository/Pilar 1/Dokumen Go Live/UAT/RBU/Staff-RBU-Dokumen-Objek-Pembiayaan/Page_DokumenChecking/select_b3-l2-538_1-b8-b1-l1-699_0-b1-l4_0-700_5-_1' 

22-07-2026T13:44:54 - [TEST_STEP][PASSED] - setText(findTestObject("Pilar 1/Dokumen Go Live/UAT/RBU/Staff-RBU-Dokumen-Objek-Pembiayaan/Page_DokumenChecking/textarea_b3-l2-538_1-b8-b1-l1-699_0-b1-l4_0-700__5"), "testing"): Text 'testing' is set on object 'Object Repository/Pilar 1/Dokumen Go Live/UAT/RBU/Staff-RBU-Dokumen-Objek-Pembiayaan/Page_DokumenChecking/textarea_b3-l2-538_1-b8-b1-l1-699_0-b1-l4_0-700__5'

22-07-2026T13:44:55 - [MESSAGE][PASSED] - Text 'testing' is set on object 'Object Repository/Pilar 1/Dokumen Go Live/UAT/RBU/Staff-RBU-Dokumen-Objek-Pembiayaan/Page_DokumenChecking/textarea_b3-l2-538_1-b8-b1-l1-699_0-b1-l4_0-700__5'

22-07-2026T13:44:55 - [TEST_STEP][PASSED] - click(findTestObject("Pilar 1/Dokumen Go Live/UAT/RBU/Staff-RBU-Dokumen-Objek-Pembiayaan/Page_DokumenChecking/button_b3-ButtonDraftRBU")): Object: 'Object Repository/Pilar 1/Dokumen Go Live/UAT/RBU/Staff-RBU-Dokumen-Objek-Pembiayaan/Page_DokumenChecking/button_b3-ButtonDraftRBU' is clicked on

22-07-2026T13:44:55 - [MESSAGE][PASSED] - Object: 'Object Repository/Pilar 1/Dokumen Go Live/UAT/RBU/Staff-RBU-Dokumen-Objek-Pembiayaan/Page_DokumenChecking/button_b3-ButtonDraftRBU' is clicked on

22-07-2026T13:44:55 - [TEST_STEP][PASSED] - click(findTestObject("Pilar 1/Dokumen Go Live/UAT/RBU/Staff-RBU-Dokumen-Objek-Pembiayaan/Page_DokumenChecking/button_Next_1")): Object: 'Object Repository/Pilar 1/Dokumen Go Live/UAT/RBU/Staff-RBU-Dokumen-Objek-Pembiayaan/Page_DokumenChecking/button_Next_1' is clicked on

22-07-2026T13:44:56 - [MESSAGE][PASSED] - Object: 'Object Repository/Pilar 1/Dokumen Go Live/UAT/RBU/Staff-RBU-Dokumen-Objek-Pembiayaan/Page_DokumenChecking/button_Next_1' is clicked on]]></system-out>
         <system-err><![CDATA[]]></system-err>
      </testcase>
      <testcase name="Test Cases/Pilar 1/Dokumen Go Live/UAT/RBU/Staff-RBU-Submit-Dokumen-Persetujuan" time="99.995" classname="Test Cases/Pilar 1/Dokumen Go Live/UAT/RBU/Staff-RBU-Submit-Dokumen-Persetujuan" status="PASSED">
         <system-out><![CDATA[22-07-2026T13:44:56 - [TEST_CASE][PASSED] - Test Cases/Pilar 1/Dokumen Go Live/UAT/RBU/Staff-RBU-Submit-Dokumen-Persetujuan: Test Cases/Pilar 1/Dokumen Go Live/UAT/RBU/Staff-RBU-Submit-Dokumen-Persetujuan

22-07-2026T13:44:56 - [TEST_STEP][PASSED] - callTestCase(findTestCase("Pilar 1/Login/UAT/Staff-RBU"), [:], STOP_ON_FAILURE): Call Test Case 'Test Cases/Pilar 1/Login/UAT/Staff-RBU' successfully

22-07-2026T13:44:56 - [TEST_CASE][PASSED] - Test Cases/Pilar 1/Login/UAT/Staff-RBU: Test Cases/Pilar 1/Login/UAT/Staff-RBU

22-07-2026T13:44:56 - [TEST_STEP][PASSED] - openBrowser("https://sakti-test.csulfinance.com/CSULFoundation_Login/Login"): Browser is opened with url: 'https://sakti-test.csulfinance.com/CSULFoundation_Login/Login'

22-07-2026T13:44:56 - [MESSAGE][WARNING] - A browser is already opened. Closing browser and opening a new one

22-07-2026T13:44:57 - [MESSAGE][INFO] - Starting 'Chrome' driver

22-07-2026T13:44:57 - [MESSAGE][INFO] - Action delay is set to 0 milliseconds

22-07-2026T13:44:59 - [MESSAGE][PASSED] - Browser is opened with url: 'https://sakti-test.csulfinance.com/CSULFoundation_Login/Login'

22-07-2026T13:44:59 - [TEST_STEP][PASSED] - maximizeWindow(): Current window maximized

22-07-2026T13:44:59 - [MESSAGE][PASSED] - Current window maximized

22-07-2026T13:44:59 - [TEST_STEP][PASSED] - waitForElementVisible(findTestObject("Pilar 1/Login/UAT/Page_Login/input_Username"), 10): Object 'Object Repository/Pilar 1/Login/UAT/Page_Login/input_Username' is visible

22-07-2026T13:45:02 - [MESSAGE][PASSED] - Object 'Object Repository/Pilar 1/Login/UAT/Page_Login/input_Username' is visible

22-07-2026T13:45:02 - [TEST_STEP][PASSED] - setText(findTestObject("Pilar 1/Login/UAT/Page_Login/input_Username"), "pandu.sastra"): Text 'pandu.sastra' is set on object 'Object Repository/Pilar 1/Login/UAT/Page_Login/input_Username'

22-07-2026T13:45:03 - [MESSAGE][PASSED] - Text 'pandu.sastra' is set on object 'Object Repository/Pilar 1/Login/UAT/Page_Login/input_Username'

22-07-2026T13:45:03 - [TEST_STEP][PASSED] - setEncryptedText(findTestObject("Pilar 1/Login/UAT/Page_Login/input_Password"), "DKZg8gTnVzw="): Text ****** has been set on object 'Object Repository/Pilar 1/Login/UAT/Page_Login/input_Password'

22-07-2026T13:45:03 - [MESSAGE][PASSED] - Text ****** has been set on object 'Object Repository/Pilar 1/Login/UAT/Page_Login/input_Password'

22-07-2026T13:45:03 - [TEST_STEP][PASSED] - delay(20): Delayed 20 second(s)

22-07-2026T13:45:23 - [MESSAGE][PASSED] - Delayed 20 second(s)

22-07-2026T13:45:23 - [TEST_STEP][PASSED] - click(findTestObject("Pilar 1/Login/UAT/Page_Login/button_Login")): Object: 'Object Repository/Pilar 1/Login/UAT/Page_Login/button_Login' is clicked on

[...]

22-07-2026T13:53:38 - [MESSAGE][PASSED] - Object: 'Object Repository/Pilar 1/Dokumen Go Live/UAT/CBU/PIC-CBU-Submit-Task/Page_Dashboard/a_Dokumen Golive' is clicked on

22-07-2026T13:53:38 - [TEST_STEP][PASSED] - selectOptionByValue(findTestObject("Pilar 1/Dokumen Go Live/UAT/CBU/PIC-CBU-Submit-Task/Page_TindakLanjut/select_b3-b1-b1-BisnisUnit"), "1", false): All options with value '1' are selected in object 'Object Repository/Pilar 1/Dokumen Go Live/UAT/CBU/PIC-CBU-Submit-Task/Page_TindakLanjut/select_b3-b1-b1-BisnisUnit' 

22-07-2026T13:53:41 - [MESSAGE][PASSED] - All options with value '1' are selected in object 'Object Repository/Pilar 1/Dokumen Go Live/UAT/CBU/PIC-CBU-Submit-Task/Page_TindakLanjut/select_b3-b1-b1-BisnisUnit' 

22-07-2026T13:53:41 - [TEST_STEP][PASSED] - selectOptionByValue(findTestObject("Pilar 1/Dokumen Go Live/UAT/CBU/PIC-CBU-Submit-Task/Page_TindakLanjut/select_b3-b1-b1-Dropdown1"), "4", false): All options with value '4' are selected in object 'Object Repository/Pilar 1/Dokumen Go Live/UAT/CBU/PIC-CBU-Submit-Task/Page_TindakLanjut/select_b3-b1-b1-Dropdown1' 

22-07-2026T13:53:42 - [MESSAGE][PASSED] - All options with value '4' are selected in object 'Object Repository/Pilar 1/Dokumen Go Live/UAT/CBU/PIC-CBU-Submit-Task/Page_TindakLanjut/select_b3-b1-b1-Dropdown1' 

22-07-2026T13:53:42 - [TEST_STEP][PASSED] - selectOptionByValue(findTestObject("Pilar 1/Dokumen Go Live/UAT/CBU/PIC-CBU-Submit-Task/Page_TindakLanjut/select_b3-b1-b1-Dropdown3"), "0", false): All options with value '0' are selected in object 'Object Repository/Pilar 1/Dokumen Go Live/UAT/CBU/PIC-CBU-Submit-Task/Page_TindakLanjut/select_b3-b1-b1-Dropdown3' 

22-07-2026T13:53:43 - [MESSAGE][PASSED] - All options with value '0' are selected in object 'Object Repository/Pilar 1/Dokumen Go Live/UAT/CBU/PIC-CBU-Submit-Task/Page_TindakLanjut/select_b3-b1-b1-Dropdown3' 

22-07-2026T13:53:43 - [TEST_STEP][PASSED] - click(findTestObject("Pilar 1/Dokumen Go Live/UAT/CBU/PIC-CBU-Submit-Task/Page_TindakLanjut/button_Cari")): Object: 'Object Repository/Pilar 1/Dokumen Go Live/UAT/CBU/PIC-CBU-Submit-Task/Page_TindakLanjut/button_Cari' is clicked on

22-07-2026T13:53:43 - [MESSAGE][PASSED] - Object: 'Object Repository/Pilar 1/Dokumen Go Live/UAT/CBU/PIC-CBU-Submit-Task/Page_TindakLanjut/button_Cari' is clicked on

22-07-2026T13:53:43 - [TEST_STEP][PASSED] - click(findTestObject("Pilar 1/Dokumen Go Live/UAT/CBU/PIC-CBU-Submit-Task/Page_TindakLanjut/button_Tindak Lanjut")): Object: 'Object Repository/Pilar 1/Dokumen Go Live/UAT/CBU/PIC-CBU-Submit-Task/Page_TindakLanjut/button_Tindak Lanjut' is clicked on

22-07-2026T13:53:44 - [MESSAGE][PASSED] - Object: 'Object Repository/Pilar 1/Dokumen Go Live/UAT/CBU/PIC-CBU-Submit-Task/Page_TindakLanjut/button_Tindak Lanjut' is clicked on

22-07-2026T13:53:44 - [TEST_STEP][PASSED] - setText(findTestObject("Pilar 1/Dokumen Go Live/UAT/CBU/PIC-CBU-Submit-Task/Page_TindakLanjutDetail/input_b3-b2-l3-187_0-l3-188_0-b5-l5_0-189_0-Input"), "31-07-2026"): Text '31-07-2026' is set on object 'Object Repository/Pilar 1/Dokumen Go Live/UAT/CBU/PIC-CBU-Submit-Task/Page_TindakLanjutDetail/input_b3-b2-l3-187_0-l3-188_0-b5-l5_0-189_0-Input'

22-07-2026T13:53:47 - [MESSAGE][PASSED] - Text '31-07-2026' is set on object 'Object Repository/Pilar 1/Dokumen Go Live/UAT/CBU/PIC-CBU-Submit-Task/Page_TindakLanjutDetail/input_b3-b2-l3-187_0-l3-188_0-b5-l5_0-189_0-Input'

22-07-2026T13:53:47 - [TEST_STEP][PASSED] - setText(findTestObject("Pilar 1/Dokumen Go Live/UAT/CBU/PIC-CBU-Submit-Task/Page_TindakLanjutDetail/textarea_b3-b2-l3-187_0-l3-188_0-b5-l5_0-189_0-T"), "testing"): Text 'testing' is set on object 'Object Repository/Pilar 1/Dokumen Go Live/UAT/CBU/PIC-CBU-Submit-Task/Page_TindakLanjutDetail/textarea_b3-b2-l3-187_0-l3-188_0-b5-l5_0-189_0-T'

22-07-2026T13:53:48 - [MESSAGE][PASSED] - Text 'testing' is set on object 'Object Repository/Pilar 1/Dokumen Go Live/UAT/CBU/PIC-CBU-Submit-Task/Page_TindakLanjutDetail/textarea_b3-b2-l3-187_0-l3-188_0-b5-l5_0-189_0-T'

22-07-2026T13:53:48 - [TEST_STEP][PASSED] - click(findTestObject("Pilar 1/Dokumen Go Live/UAT/CBU/PIC-CBU-Submit-Task/Page_TindakLanjutDetail/button_Unggah")): Object: 'Object Repository/Pilar 1/Dokumen Go Live/UAT/CBU/PIC-CBU-Submit-Task/Page_TindakLanjutDetail/button_Unggah' is clicked on

22-07-2026T13:53:49 - [MESSAGE][PASSED] - Object: 'Object Repository/Pilar 1/Dokumen Go Live/UAT/CBU/PIC-CBU-Submit-Task/Page_TindakLanjutDetail/button_Unggah' is clicked on

22-07-2026T13:53:49 - [TEST_STEP][PASSED] - delay(7): Delayed 7 second(s)

22-07-2026T13:53:56 - [MESSAGE][PASSED] - Delayed 7 second(s)

22-07-2026T13:53:56 - [TEST_STEP][NOT_RUN] - uploadFile(findTestObject("Pilar 1/Dokumen Go Live/UAT/CBU/PIC-CBU-Submit-Task/Page_TindakLanjutDetail/div_b3-b2-l3-187_0-l3-188_0-b5-b3-dropzone"), Lorem): NOT_RUN: uploadFile(findTestObject("Pilar 1/Dokumen Go Live/UAT/CBU/PIC-CBU-Submit-Task/Page_TindakLanjutDetail/div_b3-b2-l3-187_0-l3-188_0-b5-b3-dropzone"), Lorem)

22-07-2026T13:53:56 - [MESSAGE][NOT_RUN] - NOT_RUN: uploadFile(findTestObject("Pilar 1/Dokumen Go Live/UAT/CBU/PIC-CBU-Submit-Task/Page_TindakLanjutDetail/div_b3-b2-l3-187_0-l3-188_0-b5-b3-dropzone"), Lorem)

22-07-2026T13:53:56 - [TEST_STEP][NOT_RUN] - click(findTestObject("Pilar 1/Dokumen Go Live/UAT/CBU/PIC-CBU-Submit-Task/Page_TindakLanjutDetail/button_Upload")): NOT_RUN: click(findTestObject("Pilar 1/Dokumen Go Live/UAT/CBU/PIC-CBU-Submit-Task/Page_TindakLanjutDetail/button_Upload"))

22-07-2026T13:53:56 - [MESSAGE][NOT_RUN] - NOT_RUN: click(findTestObject("Pilar 1/Dokumen Go Live/UAT/CBU/PIC-CBU-Submit-Task/Page_TindakLanjutDetail/button_Upload"))

22-07-2026T13:53:56 - [TEST_STEP][PASSED] - click(findTestObject("Pilar 1/Dokumen Go Live/UAT/CBU/PIC-CBU-Submit-Task/Page_TindakLanjutDetail/button_Submit")): Object: 'Object Repository/Pilar 1/Dokumen Go Live/UAT/CBU/PIC-CBU-Submit-Task/Page_TindakLanjutDetail/button_Submit' is clicked on

22-07-2026T13:53:56 - [MESSAGE][PASSED] - Object: 'Object Repository/Pilar 1/Dokumen Go Live/UAT/CBU/PIC-CBU-Submit-Task/Page_TindakLanjutDetail/button_Submit' is clicked on

22-07-2026T13:53:56 - [TEST_STEP][PASSED] - selectOptionByValue(findTestObject("Pilar 1/Dokumen Go Live/UAT/CBU/PIC-CBU-Submit-Task/Page_TindakLanjut/select_b3-b1-b1-Dropdown3"), "2", false): All options with value '2' are selected in object 'Object Repository/Pilar 1/Dokumen Go Live/UAT/CBU/PIC-CBU-Submit-Task/Page_TindakLanjut/select_b3-b1-b1-Dropdown3' 

22-07-2026T13:53:58 - [MESSAGE][PASSED] - All options with value '2' are selected in object 'Object Repository/Pilar 1/Dokumen Go Live/UAT/CBU/PIC-CBU-Submit-Task/Page_TindakLanjut/select_b3-b1-b1-Dropdown3' 

22-07-2026T13:53:58 - [TEST_STEP][PASSED] - click(findTestObject("Pilar 1/Dokumen Go Live/UAT/CBU/PIC-CBU-Submit-Task/Page_TindakLanjut/button_Cari")): Object: 'Object Repository/Pilar 1/Dokumen Go Live/UAT/CBU/PIC-CBU-Submit-Task/Page_TindakLanjut/button_Cari' is clicked on

22-07-2026T13:53:58 - [MESSAGE][PASSED] - Object: 'Object Repository/Pilar 1/Dokumen Go Live/UAT/CBU/PIC-CBU-Submit-Task/Page_TindakLanjut/button_Cari' is clicked on]]></system-out>
         <system-err><![CDATA[]]></system-err>
      </testcase>
      <testcase name="Test Cases/Pilar 1/Dokumen Go Live/UAT/RBU/SPV-RBU-Submit-Tindak-Lanjut" time="59.146" classname="Test Cases/Pilar 1/Dokumen Go Live/UAT/RBU/SPV-RBU-Submit-Tindak-Lanjut" status="PASSED">
         <system-out><![CDATA[22-07-2026T13:53:58 - [TEST_CASE][PASSED] - Test Cases/Pilar 1/Dokumen Go Live/UAT/RBU/SPV-RBU-Submit-Tindak-Lanjut: Test Cases/Pilar 1/Dokumen Go Live/UAT/RBU/SPV-RBU-Submit-Tindak-Lanjut

22-07-2026T13:53:58 - [TEST_STEP][PASSED] - callTestCase(findTestCase("Pilar 1/Login/UAT/SPV-RBU"), [:], STOP_ON_FAILURE): Call Test Case 'Test Cases/Pilar 1/Login/UAT/SPV-RBU' successfully

22-07-2026T13:53:58 - [TEST_CASE][PASSED] - Test Cases/Pilar 1/Login/UAT/SPV-RBU: Test Cases/Pilar 1/Login/UAT/SPV-RBU

22-07-2026T13:53:58 - [TEST_STEP][PASSED] - openBrowser("https://sakti-test.csulfinance.com/CSULFoundation_Login/Login"): Browser is opened with url: 'https://sakti-test.csulfinance.com/CSULFoundation_Login/Login'

22-07-2026T13:53:58 - [MESSAGE][WARNING] - A browser is already opened. Closing browser and opening a new one

22-07-2026T13:53:59 - [MESSAGE][INFO] - Starting 'Chrome' driver

22-07-2026T13:53:59 - [MESSAGE][INFO] - Action delay is set to 0 milliseconds

22-07-2026T13:54:01 - [MESSAGE][PASSED] - Browser is opened with url: 'https://sakti-test.csulfinance.com/CSULFoundation_Login/Login'

22-07-2026T13:54:01 - [TEST_STEP][PASSED] - maximizeWindow(): Current window maximized

22-07-2026T13:54:01 - [MESSAGE][PASSED] - Current window maximized

22-07-2026T13:54:01 - [TEST_STEP][PASSED] - waitForElementVisible(findTestObject("Pilar 1/Login/UAT/Page_Login/input_Username"), 10): Object 'Object Repository/Pilar 1/Login/UAT/Page_Login/input_Username' is visible

22-07-2026T13:54:05 - [MESSAGE][PASSED] - Object 'Object Repository/Pilar 1/Login/UAT/Page_Login/input_Username' is visible

22-07-2026T13:54:05 - [TEST_STEP][PASSED] - setText(findTestObject("Pilar 1/Login/UAT/Page_Login/input_Username"), "taufan.minangga"): Text 'taufan.minangga' is set on object 'Object Repository/Pilar 1/Login/UAT/Page_Login/input_Username'

22-07-2026T13:54:05 - [MESSAGE][PASSED] - Text 'taufan.minangga' is set on object 'Object Repository/Pilar 1/Login/UAT/Page_Login/input_Username'

22-07-2026T13:54:05 - [TEST_STEP][PASSED] - setEncryptedText(findTestObject("Pilar 1/Login/UAT/Page_Login/input_Password"), "DKZg8gTnVzw="): Text ****** has been set on object 'Object Repository/Pilar 1/Login/UAT/Page_Login/input_Password'

22-07-2026T13:54:06 - [MESSAGE][PASSED] - Text ****** has been set on object 'Object Repository/Pilar 1/Login/UAT/Page_Login/input_Password'

22-07-2026T13:54:06 - [TEST_STEP][PASSED] - delay(20): Delayed 20 second(s)

22-07-2026T13:54:26 - [MESSAGE][PASSED] - Delayed 20 second(s)

22-07-2026T13:54:26 - [TEST_STEP][PASSED] - click(findTestObject("Pilar 1/Login/UAT/Page_Login/button_Login")): Object: 'Object Repository/Pilar 1/Login/UAT/Page_Login/button_Login' is clicked on

22-07-2026T13:54:26 - [MESSAGE][PASSED] - Object: 'Object Repository/Pilar 1/Login/UAT/Page_Login/button_Login' is clicked on

22-07-2026T13:54:26 - [TEST_STEP][PASSED] - delay(5): Delayed 5 second(s)

22-07-2026T13:54:31 - [MESSAGE][PASSED] - Delayed 5 second(s)

22-07-2026T13:54:31 - [TEST_STEP][PASSED] - waitForElementVisible(findTestObject("Pilar 1/Login/UAT/Page_Login/Page_ApplicationsCatalog/span_Risk Control Unit Application"), 10): Object 'Object Repository/Pilar 1/Login/UAT/Page_Login/Page_ApplicationsCatalog/span_Risk Control Unit Application' is visible

22-07-2026T13:54:33 - [MESSAGE][PASSED] - Object 'Object Repository/Pilar 1/Login/UAT/Page_Login/Page_ApplicationsCatalog/span_Risk Control Unit Application' is visible

22-07-2026T13:54:33 - [TEST_STEP][PASSED] - doubleClick(findTestObject("Pilar 1/Login/UAT/Page_Login/Page_ApplicationsCatalog/span_Risk Control Unit Application")): Object: 'Object Repository/Pilar 1/Login/UAT/Page_Login/Page_ApplicationsCatalog/span_Risk Control Unit Application' is double clicked on

22-07-2026T13:54:33 - [MESSAGE][PASSED] - Object: 'Object Repository/Pilar 1/Login/UAT/Page_Login/Page_ApplicationsCatalog/span_Risk Control Unit Application' is double clicked on

22-07-2026T13:54:33 - [MESSAGE][PASSED] - Call Test Case 'Test Cases/Pilar 1/Login/UAT/SPV-RBU' successfully

22-07-2026T13:54:33 - [TEST_STEP][PASSED] - click(findTestObject("Pilar 1/Dokumen Go Live/UAT/CBU/SPV-CBU-Assign-PIC/Page_Dashboard/div_b2-l1-16_10-b3-SubMenuHeader")): Object: 'Object Repository/Pilar 1/Dokumen Go Live/UAT/CBU/SPV-CBU-Assign-PIC/Page_Dashboard/div_b2-l1-16_10-b3-SubMenuHeader' is clicked on

22-07-2026T13:54:37 - [MESSAGE][PASSED] - Object: 'Object Repository/Pilar 1/Dokumen Go Live/UAT/CBU/SPV-CBU-Assign-PIC/Page_Dashboard/div_b2-l1-16_10-b3-SubMenuHeader' is clicked on

22-07-2026T13:54:37 - [TEST_STEP][PASSED] - click(findTestObject("Pilar 1/Dokumen Go Live/UAT/CBU/SPV-CBU-Assign-PIC/Page_Dashboard/div_b2-l1-16_10-b4-l1-44_4-b1-SubMenuHeader")): Object: 'Object Repository/Pilar 1/Dokumen Go Live/UAT/CBU/SPV-CBU-Assign-PIC/Page_Dashboard/div_b2-l1-16_10-b4-l1-44_4-b1-SubMenuHeader' is clicked on

22-07-2026T13:54:38 - [MESSAGE][PASSED] - Object: 'Object Repository/Pilar 1/Dokumen Go Live/UAT/CBU/SPV-CBU-Assign-PIC/Page_Dashboard/div_b2-l1-16_10-b4-l1-44_4-b1-SubMenuHeader' is clicked on

22-07-2026T13:54:38 - [TEST_STEP][PASSED] - click(findTestObject("Pilar 1/Dokumen Go Live/UAT/CBU/SPV-CBU-Assign-PIC/Page_Dashboard/a_Dokumen Golive")): Object: 'Object Repository/Pilar 1/Dokumen Go Live/UAT/CBU/SPV-CBU-Assign-PIC/Page_Dashboard/a_Dokumen Golive' is clicked on

22-07-2026T13:54:38 - [MESSAGE][PASSED] - Object: 'Object Repository/Pilar 1/Dokumen Go Live/UAT/CBU/SPV-CBU-Assign-PIC/Page_Dashboard/a_Dokumen Golive' is clicked on

22-07-2026T13:54:38 - [TEST_STEP][PASSED] - setText(findTestObject("Pilar 1/Dokumen Go Live/UAT/CBU/SPV-CBU-Assign-PIC/Page_TindakLanjut/input_b3-b2-b1-Input_StartDate3"), "22-07-2026"): Text '22-07-2026' is set on object 'Object Repository/Pilar 1/Dokumen Go Live/UAT/CBU/SPV-CBU-Assign-PIC/Page_TindakLanjut/input_b3-b2-b1-Input_StartDate3'

22-07-2026T13:54:41 - [MESSAGE][PASSED] - Text '22-07-2026' is set on object 'Object Repository/Pilar 1/Dokumen Go Live/UAT/CBU/SPV-CBU-Assign-PIC/Page_TindakLanjut/input_b3-b2-b1-Input_StartDate3'

22-07-2026T13:54:41 - [TEST_STEP][PASSED] - setText(findTestObject("Pilar 1/Dokumen Go Live/UAT/CBU/SPV-CBU-Assign-PIC/Page_TindakLanjut/input_b3-b2-b1-Input_StartDate4"), "22-07-2026"): Text '22-07-2026' is set on object 'Object Repository/Pilar 1/Dokumen Go Live/UAT/CBU/SPV-CBU-Assign-PIC/Page_TindakLanjut/input_b3-b2-b1-Input_StartDate4'

22-07-2026T13:54:42 - [MESSAGE][PASSED] - Text '22-07-2026' is set on object 'Object Repository/Pilar 1/Dokumen Go Live/UAT/CBU/SPV-CBU-Assign-PIC/Page_TindakLanjut/input_b3-b2-b1-Input_StartDate4'

22-07-2026T13:54:42 - [TEST_STEP][PASSED] - selectOptionByValue(findTestObject("Pilar 1/Dokumen Go Live/UAT/CBU/SPV-CBU-Assign-PIC/Page_TindakLanjut/select_b3-b2-b1-Dropdown2"), "4", false): All options with value '4' are selected in object 'Object Repository/Pilar 1/Dokumen Go Live/UAT/CBU/SPV-CBU-Assign-PIC/Page_TindakLanjut/select_b3-b2-b1-Dropdown2' 

22-07-2026T13:54:42 - [MESSAGE][PASSED] - All options with value '4' are selected in object 'Object Repository/Pilar 1/Dokumen Go Live/UAT/CBU/SPV-CBU-Assign-PIC/Page_TindakLanjut/select_b3-b2-b1-Dropdown2' 

22-07-2026T13:54:42 - [TEST_STEP][PASSED] - selectOptionByValue(findTestObject("Pilar 1/Dokumen Go Live/UAT/CBU/SPV-CBU-Assign-PIC/Page_TindakLanjut/select_b3-b2-b1-Dropdown5"), "2", false): All options with value '2' are selected in object 'Object Repository/Pilar 1/Dokumen Go Live/UAT/CBU/SPV-CBU-Assign-PIC/Page_TindakLanjut/select_b3-b2-b1-Dropdown5' 

22-07-2026T13:54:43 - [MESSAGE][PASSED] - All options with value '2' are selected in object 'Object Repository/Pilar 1/Dokumen Go Live/UAT/CBU/SPV-CBU-Assign-PIC/Page_TindakLanjut/select_b3-b2-b1-Dropdown5' 

22-07-2026T13:54:43 - [TEST_STEP][PASSED] - click(findTestObject("Pilar 1/Dokumen Go Live/UAT/CBU/SPV-CBU-Assign-PIC/Page_TindakLanjut/button_Cari")): Object: 'Object Repository/Pilar 1/Dokumen Go Live/UAT/CBU/SPV-CBU-Assign-PIC/Page_TindakLanjut/button_Cari' is clicked on

22-07-2026T13:54:43 - [MESSAGE][PASSED] - Object: 'Object Repository/Pilar 1/Dokumen Go Live/UAT/CBU/SPV-CBU-Assign-PIC/Page_TindakLanjut/button_Cari' is clicked on

22-07-2026T13:54:43 - [TEST_STEP][PASSED] - click(findTestObject("Pilar 1/Dokumen Go Live/UAT/CBU/SPV-CBU-Assign-PIC/Page_TindakLanjut/button_Tindak Lanjut")): Object: 'Object Repository/Pilar 1/Dokumen Go Live/UAT/CBU/SPV-CBU-Assign-PIC/Page_TindakLanjut/button_Tindak Lanjut' is clicked on

22-07-2026T13:54:44 - [MESSAGE][PASSED] - Object: 'Object Repository/Pilar 1/Dokumen Go Live/UAT/CBU/SPV-CBU-Assign-PIC/Page_TindakLanjut/button_Tindak Lanjut' is clicked on

22-07-2026T13:54:44 - [TEST_STEP][PASSED] - click(findTestObject("Pilar 1/Dokumen Go Live/UAT/CBU/SPV-CBU-Submit-Tindak-Lanjut/Page_TindakLanjutDetail/button_Tindak Lanjut")): Object: 'Object Repository/Pilar 1/Dokumen Go Live/UAT/CBU/SPV-CBU-Submit-Tindak-Lanjut/Page_TindakLanjutDetail/button_Tindak Lanjut' is clicked on

22-07-2026T13:54:47 - [MESSAGE][PASSED] - Object: 'Object Repository/Pilar 1/Dokumen Go Live/UAT/CBU/SPV-CBU-Submit-Tindak-Lanjut/Page_TindakLanjutDetail/button_Tindak Lanjut' is clicked on

22-07-2026T13:54:47 - [TEST_STEP][PASSED] - click(findTestObject("Pilar 1/Dokumen Go Live/UAT/CBU/SPV-CBU-Submit-Tindak-Lanjut/Page_TindakLanjutDocumentDetail/button_Lihat Dokumen")): Object: 'Object Repository/Pilar 1/Dokumen Go Live/UAT/CBU/SPV-CBU-Submit-Tindak-Lanjut/Page_TindakLanjutDocumentDetail/button_Lihat Dokumen' is clicked on

22-07-2026T13:54:49 - [MESSAGE][PASSED] - Object: 'Object Repository/Pilar 1/Dokumen Go Live/UAT/CBU/SPV-CBU-Submit-Tindak-Lanjut/Page_TindakLanjutDocumentDetail/button_Lihat Dokumen' is clicked on

22-07-2026T13:54:49 - [TEST_STEP][PASSED] - selectOptionByValue(findTestObject("Pilar 1/Dokumen Go Live/UAT/CBU/SPV-CBU-Submit-Tindak-Lanjut/Page_TindakLanjutDocumentDetail/select_b3-l1-787_0-b2-TindakLanjutStatus"), "0", false): All options with value '0' are selected in object 'Object Repository/Pilar 1/Dokumen Go Live/UAT/CBU/SPV-CBU-Submit-Tindak-Lanjut/Page_TindakLanjutDocumentDetail/select_b3-l1-787_0-b2-TindakLanjutStatus' 

22-07-2026T13:54:50 - [MESSAGE][PASSED] - All options with value '0' are selected in object 'Object Repository/Pilar 1/Dokumen Go Live/UAT/CBU/SPV-CBU-Submit-Tindak-Lanjut/Page_TindakLanjutDocumentDetail/select_b3-l1-787_0-b2-TindakLanjutStatus' 

22-07-2026T13:54:50 - [TEST_STEP][PASSED] - setText(findTestObject("Pilar 1/Dokumen Go Live/UAT/CBU/SPV-CBU-Submit-Tindak-Lanjut/Page_TindakLanjutDocumentDetail/textarea_b3-l1-787_0-b2-TextArea_HasilCatatan"), "testing"): Text 'testing' is set on object 'Object Repository/Pilar 1/Dokumen Go Live/UAT/CBU/SPV-CBU-Submit-Tindak-Lanjut/Page_TindakLanjutDocumentDetail/textarea_b3-l1-787_0-b2-TextArea_HasilCatatan'

22-07-2026T13:54:51 - [MESSAGE][PASSED] - Text 'testing' is set on object 'Object Repository/Pilar 1/Dokumen Go Live/UAT/CBU/SPV-CBU-Submit-Tindak-Lanjut/Page_TindakLanjutDocumentDetail/textarea_b3-l1-787_0-b2-TextArea_HasilCatatan'

22-07-2026T13:54:51 - [TEST_STEP][PASSED] - click(findTestObject("Pilar 1/Dokumen Go Live/UAT/CBU/SPV-CBU-Submit-Tindak-Lanjut/Page_TindakLanjutDocumentDetail/button_Submit")): Object: 'Object Repository/Pilar 1/Dokumen Go Live/UAT/CBU/SPV-CBU-Submit-Tindak-Lanjut/Page_TindakLanjutDocumentDetail/button_Submit' is clicked on

22-07-2026T13:54:51 - [MESSAGE][PASSED] - Object: 'Object Repository/Pilar 1/Dokumen Go Live/UAT/CBU/SPV-CBU-Submit-Tindak-Lanjut/Page_TindakLanjutDocumentDetail/button_Submit' is clicked on

22-07-2026T13:54:51 - [TEST_STEP][PASSED] - click(findTestObject("Pilar 1/Dokumen Go Live/UAT/CBU/SPV-CBU-Submit-Tindak-Lanjut/Page_TindakLanjutDetail/button_Tindak Lanjut")): Object: 'Object Repository/Pilar 1/Dokumen Go Live/UAT/CBU/SPV-CBU-Submit-Tindak-Lanjut/Page_TindakLanjutDetail/button_Tindak Lanjut' is clicked on

22-07-2026T13:54:57 - [MESSAGE][PASSED] - Object: 'Object Repository/Pilar 1/Dokumen Go Live/UAT/CBU/SPV-CBU-Submit-Tindak-Lanjut/Page_TindakLanjutDetail/button_Tindak Lanjut' is clicked on]]></system-out>
         <system-err><![CDATA[]]></system-err>
      </testcase>
      <system-out><![CDATA[22-07-2026T13:40:59 - [TEST_SUITE][PASSED] - Dokumen Go Live - RBU: null]]></system-out>
      <system-err><![CDATA[]]></system-err>
   </testsuite>
</testsuites>
