<?xml version="1.0" encoding="UTF-8"?>
<testsuites name="Dokumen Go Live - CBU" time="886.054" tests="11" failures="0" errors="0">
   <testsuite name="Dokumen Go Live - CBU" tests="11" failures="0" errors="0" time="886.054" skipped="0" timestamp="2026-07-22T03:56:48.343Z" hostname="Syarifah Risyani - Syarifah" id="Test Suites/Pilar 1/UAT/Dokumen Go Live/Dokumen Go Live - CBU">
      <properties>
         <property name="deviceName" value=""/>
         <property name="devicePlatform"/>
         <property name="logFolder" value="C:\\Users\\Syarifah Risyani\\git\\Pilar 1\\CSUL-Pilar-1\\Reports\\20260722_105642\\Pilar 1\\UAT\\Dokumen Go Live\\Dokumen Go Live - CBU\\20260722_105642"/>
         <property name="logFiles" value="C:\\Users\\Syarifah Risyani\\git\\Pilar 1\\CSUL-Pilar-1\\Reports\\20260722_105642\\Pilar 1\\UAT\\Dokumen Go Live\\Dokumen Go Live - CBU\\20260722_105642\\console0.log, C:\\Users\\Syarifah Risyani\\git\\Pilar 1\\CSUL-Pilar-1\\Reports\\20260722_105642\\Pilar 1\\UAT\\Dokumen Go Live\\Dokumen Go Live - CBU\\20260722_105642\\execution0.log"/>
         <property name="attachments" value=""/>
         <property name="executionBindingVariables" value="[]"/>
         <property name="hostName" value="Syarifah Risyani - Syarifah"/>
         <property name="os" value="Windows 11 64bit"/>
         <property name="katalonVersion" value="11.1.1.0"/>
         <property name="browser" value="Chrome 150.0.7871.129"/>
         <property name="userFullName" value="Syarifah Risyani"/>
         <property name="hostAddress" value="10.229.68.36"/>
         <property name="sessionId" value="062c1d87bc5e950cf07eba31279c8bc1"/>
         <property name="projectName" value="CSUL-Pilar-1"/>
         <property name="seleniumVersion" value="4.39.0"/>
         <property name="proxyInformation" value="ProxyInformation { proxyOption=NO_PROXY, proxyServerType=HTTP, username=, password=********, proxyServerAddress=, proxyServerPort=0, executionList=&quot;&quot;, isApplyToDesiredCapabilities=true }"/>
         <property name="platform" value="Windows 11"/>
      </properties>
      <testcase name="Test Cases/Pilar 1/Dokumen Go Live/UAT/CBU/SPV-CBU-Assign-Staff" time="69.658" classname="Test Cases/Pilar 1/Dokumen Go Live/UAT/CBU/SPV-CBU-Assign-Staff" status="PASSED">
         <system-out><![CDATA[22-07-2026T10:56:48 - [TEST_CASE][PASSED] - Test Cases/Pilar 1/Dokumen Go Live/UAT/CBU/SPV-CBU-Assign-Staff: Test Cases/Pilar 1/Dokumen Go Live/UAT/CBU/SPV-CBU-Assign-Staff

22-07-2026T10:56:49 - [TEST_STEP][PASSED] - callTestCase(findTestCase("Pilar 1/Login/UAT/SPV-CBU"), [:], STOP_ON_FAILURE): Call Test Case 'Test Cases/Pilar 1/Login/UAT/SPV-CBU' successfully

22-07-2026T10:56:49 - [TEST_CASE][PASSED] - Test Cases/Pilar 1/Login/UAT/SPV-CBU: Test Cases/Pilar 1/Login/UAT/SPV-CBU

22-07-2026T10:56:49 - [TEST_STEP][PASSED] - openBrowser("https://sakti-test.csulfinance.com/CSULFoundation_Login/Login"): Browser is opened with url: 'https://sakti-test.csulfinance.com/CSULFoundation_Login/Login'

22-07-2026T10:56:49 - [MESSAGE][INFO] - Starting 'Chrome' driver

22-07-2026T10:56:49 - [MESSAGE][INFO] - Action delay is set to 0 milliseconds

22-07-2026T10:56:52 - [MESSAGE][PASSED] - Browser is opened with url: 'https://sakti-test.csulfinance.com/CSULFoundation_Login/Login'

22-07-2026T10:56:52 - [TEST_STEP][PASSED] - maximizeWindow(): Current window maximized

22-07-2026T10:56:52 - [MESSAGE][PASSED] - Current window maximized

22-07-2026T10:56:52 - [TEST_STEP][PASSED] - waitForElementVisible(findTestObject("Pilar 1/Login/UAT/Page_Login/input_Username"), 10): Object 'Object Repository/Pilar 1/Login/UAT/Page_Login/input_Username' is visible

22-07-2026T10:56:54 - [MESSAGE][PASSED] - Object 'Object Repository/Pilar 1/Login/UAT/Page_Login/input_Username' is visible

22-07-2026T10:56:54 - [TEST_STEP][PASSED] - setText(findTestObject("Pilar 1/Login/UAT/Page_Login/input_Username"), "adhy.surnanto"): Text 'adhy.surnanto' is set on object 'Object Repository/Pilar 1/Login/UAT/Page_Login/input_Username'

22-07-2026T10:56:56 - [MESSAGE][PASSED] - Text 'adhy.surnanto' is set on object 'Object Repository/Pilar 1/Login/UAT/Page_Login/input_Username'

22-07-2026T10:56:56 - [TEST_STEP][PASSED] - setEncryptedText(findTestObject("Pilar 1/Login/UAT/Page_Login/input_Password"), "DKZg8gTnVzw="): Text ****** has been set on object 'Object Repository/Pilar 1/Login/UAT/Page_Login/input_Password'

22-07-2026T10:56:56 - [MESSAGE][PASSED] - Text ****** has been set on object 'Object Repository/Pilar 1/Login/UAT/Page_Login/input_Password'

22-07-2026T10:56:56 - [TEST_STEP][PASSED] - delay(20): Delayed 20 second(s)

22-07-2026T10:57:16 - [MESSAGE][PASSED] - Delayed 20 second(s)

22-07-2026T10:57:16 - [TEST_STEP][PASSED] - click(findTestObject("Pilar 1/Login/UAT/Page_Login/button_Login")): Object: 'Object Repository/Pilar 1/Login/UAT/Page_Login/button_Login' is clicked on

22-07-2026T10:57:17 - [MESSAGE][PASSED] - Object: 'Object Repository/Pilar 1/Login/UAT/Page_Login/button_Login' is clicked on

22-07-2026T10:57:17 - [TEST_STEP][PASSED] - delay(5): Delayed 5 second(s)

22-07-2026T10:57:22 - [MESSAGE][PASSED] - Delayed 5 second(s)

22-07-2026T10:57:22 - [TEST_STEP][PASSED] - waitForElementVisible(findTestObject("Pilar 1/Login/UAT/Page_Login/Page_ApplicationsCatalog/span_Risk Control Unit Application"), 10): Object 'Object Repository/Pilar 1/Login/UAT/Page_Login/Page_ApplicationsCatalog/span_Risk Control Unit Application' is visible

22-07-2026T10:57:23 - [MESSAGE][PASSED] - Object 'Object Repository/Pilar 1/Login/UAT/Page_Login/Page_ApplicationsCatalog/span_Risk Control Unit Application' is visible

22-07-2026T10:57:23 - [TEST_STEP][PASSED] - doubleClick(findTestObject("Pilar 1/Login/UAT/Page_Login/Page_ApplicationsCatalog/span_Risk Control Unit Application")): Object: 'Object Repository/Pilar 1/Login/UAT/Page_Login/Page_ApplicationsCatalog/span_Risk Control Unit Application' is double clicked on

22-07-2026T10:57:24 - [MESSAGE][PASSED] - Object: 'Object Repository/Pilar 1/Login/UAT/Page_Login/Page_ApplicationsCatalog/span_Risk Control Unit Application' is double clicked on

22-07-2026T10:57:24 - [MESSAGE][PASSED] - Call Test Case 'Test Cases/Pilar 1/Login/UAT/SPV-CBU' successfully

22-07-2026T10:57:24 - [TEST_STEP][PASSED] - click(findTestObject("Pilar 1/Dokumen Go Live/UAT/CBU/SPV-CBU-Assign-Staff/Page_Dashboard/div_b2-l1-17_8-b3-SubMenuHeader")): Object: 'Object Repository/Pilar 1/Dokumen Go Live/UAT/CBU/SPV-CBU-Assign-Staff/Page_Dashboard/div_b2-l1-17_8-b3-SubMenuHeader' is clicked on

22-07-2026T10:57:27 - [MESSAGE][PASSED] - Object: 'Object Repository/Pilar 1/Dokumen Go Live/UAT/CBU/SPV-CBU-Assign-Staff/Page_Dashboard/div_b2-l1-17_8-b3-SubMenuHeader' is clicked on

22-07-2026T10:57:27 - [TEST_STEP][PASSED] - click(findTestObject("Pilar 1/Dokumen Go Live/UAT/CBU/SPV-CBU-Assign-Staff/Page_Dashboard/div_b2-l1-17_8-b4-l1-26_4-b1-SubMenuHeader")): Object: 'Object Repository/Pilar 1/Dokumen Go Live/UAT/CBU/SPV-CBU-Assign-Staff/Page_Dashboard/div_b2-l1-17_8-b4-l1-26_4-b1-SubMenuHeader' is clicked on

22-07-2026T10:57:28 - [MESSAGE][PASSED] - Object: 'Object Repository/Pilar 1/Dokumen Go Live/UAT/CBU/SPV-CBU-Assign-Staff/Page_Dashboard/div_b2-l1-17_8-b4-l1-26_4-b1-SubMenuHeader' is clicked on

22-07-2026T10:57:28 - [TEST_STEP][PASSED] - click(findTestObject("Pilar 1/Dokumen Go Live/UAT/CBU/SPV-CBU-Assign-Staff/Page_Dashboard/a_Dokumen Golive")): Object: 'Object Repository/Pilar 1/Dokumen Go Live/UAT/CBU/SPV-CBU-Assign-Staff/Page_Dashboard/a_Dokumen Golive' is clicked on

22-07-2026T10:57:29 - [MESSAGE][PASSED] - Object: 'Object Repository/Pilar 1/Dokumen Go Live/UAT/CBU/SPV-CBU-Assign-Staff/Page_Dashboard/a_Dokumen Golive' is clicked on

22-07-2026T10:57:29 - [TEST_STEP][PASSED] - verifyElementText(findTestObject("Pilar 1/Dokumen Go Live/UAT/CBU/SPV-CBU-Assign-Staff/Page_KelengkapanKredit/label_Tanggal Go Live _"), "Tanggal Go Live :"): Actual text and expected text of test object 'Object Repository/Pilar 1/Dokumen Go Live/UAT/CBU/SPV-CBU-Assign-Staff/Page_KelengkapanKredit/label_Tanggal Go Live _' are matched.

22-07-2026T10:57:31 - [MESSAGE][PASSED] - Actual text and expected text of test object 'Object Repository/Pilar 1/Dokumen Go Live/UAT/CBU/SPV-CBU-Assign-Staff/Page_KelengkapanKredit/label_Tanggal Go Live _' are matched.

22-07-2026T10:57:31 - [TEST_STEP][PASSED] - setText(findTestObject("Pilar 1/Dokumen Go Live/UAT/CBU/SPV-CBU-Assign-Staff/Page_KelengkapanKredit/input_b3-b1-b1-Input_StartDate"), "01-01-2024"): Text '01-01-2024' is set on object 'Object Repository/Pilar 1/Dokumen Go Live/UAT/CBU/SPV-CBU-Assign-Staff/Page_KelengkapanKredit/input_b3-b1-b1-Input_StartDate'

22-07-2026T10:57:32 - [MESSAGE][PASSED] - Text '01-01-2024' is set on object 'Object Repository/Pilar 1/Dokumen Go Live/UAT/CBU/SPV-CBU-Assign-Staff/Page_KelengkapanKredit/input_b3-b1-b1-Input_StartDate'

22-07-2026T10:57:32 - [TEST_STEP][PASSED] - setText(findTestObject("Pilar 1/Dokumen Go Live/UAT/CBU/SPV-CBU-Assign-Staff/Page_KelengkapanKredit/input_b3-b1-b1-Input_StartDate2"), "31-03-2024"): Text '31-03-2024' is set on object 'Object Repository/Pilar 1/Dokumen Go Live/UAT/CBU/SPV-CBU-Assign-Staff/Page_KelengkapanKredit/input_b3-b1-b1-Input_StartDate2'

22-07-2026T10:57:33 - [MESSAGE][PASSED] - Text '31-03-2024' is set on object 'Object Repository/Pilar 1/Dokumen Go Live/UAT/CBU/SPV-CBU-Assign-Staff/Page_KelengkapanKredit/input_b3-b1-b1-Input_StartDate2'

22-07-2026T10:57:33 - [TEST_STEP][PASSED] - selectOptionByValue(findTestObject("Pilar 1/Dokumen Go Live/UAT/CBU/SPV-CBU-Assign-Staff/Page_KelengkapanKredit/select_b3-b1-b1-Dropdown1"), "2", false): All options with value '2' are selected in object 'Object Repository/Pilar 1/Dokumen Go Live/UAT/CBU/SPV-CBU-Assign-Staff/Page_KelengkapanKredit/select_b3-b1-b1-Dropdown1' 

22-07-2026T10:57:34 - [MESSAGE][PASSED] - All options with value '2' are selected in object 'Object Repository/Pilar 1/Dokumen Go Live/UAT/CBU/SPV-CBU-Assign-Staff/Page_KelengkapanKredit/select_b3-b1-b1-Dropdown1' 

22-07-2026T10:57:34 - [TEST_STEP][PASSED] - selectOptionByValue(findTestObject("Pilar 1/Dokumen Go Live/UAT/CBU/SPV-CBU-Assign-Staff/Page_KelengkapanKredit/select_b3-b1-b1-Dropdown3"), "0", false): All options with value '0' are selected in object 'Object Repository/Pilar 1/Dokumen Go Live/UAT/CBU/SPV-CBU-Assign-Staff/Page_KelengkapanKredit/select_b3-b1-b1-Dropdown3' 

22-07-2026T10:57:34 - [MESSAGE][PASSED] - All options with value '0' are selected in object 'Object Repository/Pilar 1/Dokumen Go Live/UAT/CBU/SPV-CBU-Assign-Staff/Page_KelengkapanKredit/select_b3-b1-b1-Dropdown3' 

22-07-2026T10:57:34 - [TEST_STEP][PASSED] - click(findTestObject("Pilar 1/Dokumen Go Live/UAT/CBU/SPV-CBU-Assign-Staff/Page_KelengkapanKredit/button_Cari")): Object: 'Object Repository/Pilar 1/Dokumen Go Live/UAT/CBU/SPV-CBU-Assign-Staff/Page_KelengkapanKredit/button_Cari' is clicked on

22-07-2026T10:57:34 - [MESSAGE][PASSED] - Object: 'Object Repository/Pilar 1/Dokumen Go Live/UAT/CBU/SPV-CBU-Assign-Staff/Page_KelengkapanKredit/button_Cari' is clicked on

22-07-2026T10:57:34 - [TEST_STEP][PASSED] - click(findTestObject("Pilar 1/Dokumen Go Live/UAT/CBU/SPV-CBU-Assign-Staff/Page_KelengkapanKredit/button_View Detail_2")): Object: 'Object Repository/Pilar 1/Dokumen Go Live/UAT/CBU/SPV-CBU-Assign-Staff/Page_KelengkapanKredit/button_View Detail_2' is clicked on

22-07-2026T10:57:35 - [MESSAGE][PASSED] - Object: 'Object Repository/Pilar 1/Dokumen Go Live/UAT/CBU/SPV-CBU-Assign-Staff/Page_KelengkapanKredit/button_View Detail_2' is clicked on

22-07-2026T10:57:35 - [TEST_STEP][PASSED] - delay(7): Delayed 7 second(s)

22-07-2026T10:57:42 - [MESSAGE][PASSED] - Delayed 7 second(s)

22-07-2026T10:57:42 - [TEST_STEP][PASSED] - click(findTestObject("Pilar 1/Dokumen Go Live/UAT/CBU/SPV-CBU-Assign-Staff/Page_KelengkapanKredit/button_Back_2")): Object: 'Object Repository/Pilar 1/Dokumen Go Live/UAT/CBU/SPV-CBU-Assign-Staff/Page_KelengkapanKredit/button_Back_2' is clicked on

22-07-2026T10:57:43 - [MESSAGE][PASSED] - Object: 'Object Repository/Pilar 1/Dokumen Go Live/UAT/CBU/SPV-CBU-Assign-Staff/Page_KelengkapanKredit/button_Back_2' is clicked on

22-07-2026T10:57:43 - [TEST_STEP][PASSED] - delay(4): Delayed 4 second(s)

22-07-2026T10:57:47 - [MESSAGE][PASSED] - Delayed 4 second(s)

22-07-2026T10:57:47 - [TEST_STEP][PASSED] - click(findTestObject("Pilar 1/Dokumen Go Live/UAT/CBU/SPV-CBU-Assign-Staff/Page_KelengkapanKredit/input_Assign_Checkbox2")): Object: 'Object Repository/Pilar 1/Dokumen Go Live/UAT/CBU/SPV-CBU-Assign-Staff/Page_KelengkapanKredit/input_Assign_Checkbox2' is clicked on

22-07-2026T10:57:47 - [MESSAGE][PASSED] - Object: 'Object Repository/Pilar 1/Dokumen Go Live/UAT/CBU/SPV-CBU-Assign-Staff/Page_KelengkapanKredit/input_Assign_Checkbox2' is clicked on

22-07-2026T10:57:47 - [TEST_STEP][PASSED] - click(findTestObject("Pilar 1/Dokumen Go Live/UAT/CBU/SPV-CBU-Assign-Staff/tambahan-component/Page_KelengkapanKredit/button_Assign")): Object: 'Object Repository/Pilar 1/Dokumen Go Live/UAT/CBU/SPV-CBU-Assign-Staff/tambahan-component/Page_KelengkapanKredit/button_Assign' is clicked on

22-07-2026T10:57:47 - [MESSAGE][PASSED] - Object: 'Object Repository/Pilar 1/Dokumen Go Live/UAT/CBU/SPV-CBU-Assign-Staff/tambahan-component/Page_KelengkapanKredit/button_Assign' is clicked on

22-07-2026T10:57:47 - [TEST_STEP][PASSED] - selectOptionByValue(findTestObject("Pilar 1/Dokumen Go Live/UAT/CBU/SPV-CBU-Assign-Staff/tambahan-component/Page_KelengkapanKredit/select_Select Staff_popup"), "0", false): All options with value '0' are selected in object 'Object Repository/Pilar 1/Dokumen Go Live/UAT/CBU/SPV-CBU-Assign-Staff/tambahan-component/Page_KelengkapanKredit/select_Select Staff_popup' 

22-07-2026T10:57:48 - [MESSAGE][PASSED] - All options with value '0' are selected in object 'Object Repository/Pilar 1/Dokumen Go Live/UAT/CBU/SPV-CBU-Assign-Staff/tambahan-component/Page_KelengkapanKredit/select_Select Staff_popup' 

22-07-2026T10:57:48 - [TEST_STEP][PASSED] - click(findTestObject("Pilar 1/Dokumen Go Live/UAT/CBU/SPV-CBU-Assign-Staff/tambahan-component/Page_KelengkapanKredit/button_Assign_popup")): Object: 'Object Repository/Pilar 1/Dokumen Go Live/UAT/CBU/SPV-CBU-Assign-Staff/tambahan-component/Page_KelengkapanKredit/button_Assign_popup' is clicked on

22-07-2026T10:57:48 - [MESSAGE][PASSED] - Object: 'Object Repository/Pilar 1/Dokumen Go Live/UAT/CBU/SPV-CBU-Assign-Staff/tambahan-component/Page_KelengkapanKredit/button_Assign_popup' is clicked on

22-07-2026T10:57:48 - [TEST_STEP][PASSED] - delay(3): Delayed 3 second(s)

22-07-2026T10:57:51 - [MESSAGE][PASSED] - Delayed 3 second(s)

22-07-2026T10:57:51 - [TEST_STEP][PASSED] - selectOptionByValue(findTestObject("Pilar 1/Dokumen Go Live/UAT/CBU/SPV-CBU-Assign-Staff/Page_KelengkapanKredit/select_b3-b1-b1-Dropdown3"), "1", false): All options with value '1' are selected in object 'Object Repository/Pilar 1/Dokumen Go Live/UAT/CBU/SPV-CBU-Assign-Staff/Page_KelengkapanKredit/select_b3-b1-b1-Dropdown3' 

22-07-2026T10:57:54 - [MESSAGE][PASSED] - All options with value '1' are selected in object 'Object Repository/Pilar 1/Dokumen Go Live/UAT/CBU/SPV-CBU-Assign-Staff/Page_KelengkapanKredit/select_b3-b1-b1-Dropdown3' 

22-07-2026T10:57:54 - [TEST_STEP][PASSED] - click(findTestObject("Pilar 1/Dokumen Go Live/UAT/CBU/SPV-CBU-Assign-Staff/Page_KelengkapanKredit/button_Cari")): Object: 'Object Repository/Pilar 1/Dokumen Go Live/UAT/CBU/SPV-CBU-Assign-Staff/Page_KelengkapanKredit/button_Cari' is clicked on

22-07-2026T10:57:55 - [MESSAGE][PASSED] - Object: 'Object Repository/Pilar 1/Dokumen Go Live/UAT/CBU/SPV-CBU-Assign-Staff/Page_KelengkapanKredit/button_Cari' is clicked on

22-07-2026T10:57:55 - [TEST_STEP][PASSED] - delay(3): Delayed 3 second(s)

22-07-2026T10:57:58 - [MESSAGE][PASSED] - Delayed 3 second(s)]]></system-out>
         <system-err><![CDATA[]]></system-err>
      </testcase>
      <testcase name="Test Cases/Pilar 1/Dokumen Go Live/UAT/CBU/Staff-CBU-Submit-Dokumen-Persyaratan-Kredit" time="144.466" classname="Test Cases/Pilar 1/Dokumen Go Live/UAT/CBU/Staff-CBU-Submit-Dokumen-Persyaratan-Kredit" status="PASSED">
         <properties>
            <property name="data_binding"><![CDATA[{"(Default) Lorem":"C:\\Users\\PPU\\Downloads\\Tester File\\Lorem1_PDF.pdf"}]]></property>
         </properties>
         <system-out><![CDATA[22-07-2026T10:57:58 - [TEST_CASE][PASSED] - Test Cases/Pilar 1/Dokumen Go Live/UAT/CBU/Staff-CBU-Submit-Dokumen-Persyaratan-Kredit: Test Cases/Pilar 1/Dokumen Go Live/UAT/CBU/Staff-CBU-Submit-Dokumen-Persyaratan-Kredit

22-07-2026T10:57:58 - [TEST_STEP][PASSED] - today = SimpleDateFormat(dd-MM-yyyy).format(new java.util.Date()): null

22-07-2026T10:57:58 - [TEST_STEP][PASSED] - callTestCase(findTestCase("Pilar 1/Login/UAT/Staff-CBU"), [:], STOP_ON_FAILURE): Call Test Case 'Test Cases/Pilar 1/Login/UAT/Staff-CBU' successfully

22-07-2026T10:57:58 - [TEST_CASE][PASSED] - Test Cases/Pilar 1/Login/UAT/Staff-CBU: Test Cases/Pilar 1/Login/UAT/Staff-CBU

22-07-2026T10:57:58 - [TEST_STEP][PASSED] - openBrowser("https://sakti-test.csulfinance.com/CSULFoundation_Login/Login"): Browser is opened with url: 'https://sakti-test.csulfinance.com/CSULFoundation_Login/Login'

22-07-2026T10:57:58 - [MESSAGE][WARNING] - A browser is already opened. Closing browser and opening a new one

22-07-2026T10:57:58 - [MESSAGE][INFO] - Starting 'Chrome' driver

22-07-2026T10:57:58 - [MESSAGE][INFO] - Action delay is set to 0 milliseconds

22-07-2026T10:58:00 - [MESSAGE][PASSED] - Browser is opened with url: 'https://sakti-test.csulfinance.com/CSULFoundation_Login/Login'

22-07-2026T10:58:00 - [TEST_STEP][PASSED] - maximizeWindow(): Current window maximized

22-07-2026T10:58:00 - [MESSAGE][PASSED] - Current window maximized

22-07-2026T10:58:00 - [TEST_STEP][PASSED] - waitForElementVisible(findTestObject("Pilar 1/Login/UAT/Page_Login/input_Username"), 10): Object 'Object Repository/Pilar 1/Login/UAT/Page_Login/input_Username' is visible

22-07-2026T10:58:03 - [MESSAGE][PASSED] - Object 'Object Repository/Pilar 1/Login/UAT/Page_Login/input_Username' is visible

22-07-2026T10:58:03 - [TEST_STEP][PASSED] - setText(findTestObject("Pilar 1/Login/UAT/Page_Login/input_Username"), "iqbal.putra"): Text 'iqbal.putra' is set on object 'Object Repository/Pilar 1/Login/UAT/Page_Login/input_Username'

22-07-2026T10:58:04 - [MESSAGE][PASSED] - Text 'iqbal.putra' is set on object 'Object Repository/Pilar 1/Login/UAT/Page_Login/input_Username'

22-07-2026T10:58:04 - [TEST_STEP][PASSED] - setEncryptedText(findTestObject("Pilar 1/Login/UAT/Page_Login/input_Password"), "DKZg8gTnVzw="): Text ****** has been set on object 'Object Repository/Pilar 1/Login/UAT/Page_Login/input_Password'

22-07-2026T10:58:05 - [MESSAGE][PASSED] - Text ****** has been set on object 'Object Repository/Pilar 1/Login/UAT/Page_Login/input_Password'

22-07-2026T10:58:05 - [TEST_STEP][PASSED] - delay(20): Delayed 20 second(s)

22-07-2026T10:58:25 - [MESSAGE][PASSED] - Delayed 20 second(s)

22-07-2026T10:58:25 - [TEST_STEP][PASSED] - click(findTestObject("Pilar 1/Login/UAT/Page_Login/button_Login")): Object: 'Object Repository/Pilar 1/Login/UAT/Page_Login/button_Login' is clicked on

22-07-2026T10:58:25 - [MESSAGE][PASSED] - Object: 'Object Repository/Pilar 1/Login/UAT/Page_Login/button_Login' is clicked on

22-07-2026T10:58:25 - [TEST_STEP][PASSED] - delay(5): Delayed 5 second(s)

22-07-2026T10:58:30 - [MESSAGE][PASSED] - Delayed 5 second(s)

22-07-2026T10:58:30 - [TEST_STEP][PASSED] - waitForElementVisible(findTestObject("Pilar 1/Login/UAT/Page_Login/Page_ApplicationsCatalog/span_Risk Control Unit Application"), 10): Object 'Object Repository/Pilar 1/Login/UAT/Page_Login/Page_ApplicationsCatalog/span_Risk Control Unit Application' is visible

22-07-2026T10:58:30 - [MESSAGE][PASSED] - Object 'Object Repository/Pilar 1/Login/UAT/Page_Login/Page_ApplicationsCatalog/span_Risk Control Unit Application' is visible

22-07-2026T10:58:30 - [TEST_STEP][PASSED] - doubleClick(findTestObject("Pilar 1/Login/UAT/Page_Login/Page_ApplicationsCatalog/span_Risk Control Unit Application")): Object: 'Object Repository/Pilar 1/Login/UAT/Page_Login/Page_ApplicationsCatalog/span_Risk Control Unit Application' is double clicked on

22-07-2026T10:58:31 - [MESSAGE][PASSED] - Object: 'Object Repository/Pilar 1/Login/UAT/Page_Login/Page_ApplicationsCatalog/span_Risk Control Unit Application' is double clicked on

22-07-2026T10:58:31 - [MESSAGE][PASSED] - Call Test Case 'Test Cases/Pilar 1/Login/UAT/Staff-CBU' successfully

22-07-2026T10:58:31 - [TEST_STEP][PASSED] - click(findTestObject("Pilar 1/Dokumen Go Live/UAT/CBU/Staff-CBU-Submit-Task/Dokumen-Persyaratan-Kredit/Page_Dashboard/div_b2-l1-16_3-b3-SubMenuHeader")): Object: 'Object Repository/Pilar 1/Dokumen Go Live/UAT/CBU/Staff-CBU-Submit-Task/Dokumen-Persyaratan-Kredit/Page_Dashboard/div_b2-l1-16_3-b3-SubMenuHeader' is clicked on

22-07-2026T10:58:38 - [MESSAGE][PASSED] - Object: 'Object Repository/Pilar 1/Dokumen Go Live/UAT/CBU/Staff-CBU-Submit-Task/Dokumen-Persyaratan-Kredit/Page_Dashboard/div_b2-l1-16_3-b3-SubMenuHeader' is clicked on

22-07-2026T10:58:38 - [TEST_STEP][PASSED] - click(findTestObject("Pilar 1/Dokumen Go Live/UAT/CBU/Staff-CBU-Submit-Task/Dokumen-Persyaratan-Kredit/Page_Dashboard/div_b2-l1-16_3-b4-l1-23_4-b1-SubMenuHeader")): Object: 'Object Repository/Pilar 1/Dokumen Go Live/UAT/CBU/Staff-CBU-Submit-Task/Dokumen-Persyaratan-Kredit/Page_Dashboard/div_b2-l1-16_3-b4-l1-23_4-b1-SubMenuHeader' is clicked on

22-07-2026T10:58:39 - [MESSAGE][PASSED] - Object: 'Object Repository/Pilar 1/Dokumen Go Live/UAT/CBU/Staff-CBU-Submit-Task/Dokumen-Persyaratan-Kredit/Page_Dashboard/div_b2-l1-16_3-b4-l1-23_4-b1-SubMenuHeader' is clicked on

22-07-2026T10:58:39 - [TEST_STEP][PASSED] - click(findTestObject("Pilar 1/Dokumen Go Live/UAT/CBU/Staff-CBU-Submit-Task/Dokumen-Persyaratan-Kredit/Page_Dashboard/a_Dokumen Golive")): Object: 'Object Repository/Pilar 1/Dokumen Go Live/UAT/CBU/Staff-CBU-Submit-Task/Dokumen-Persyaratan-Kredit/Page_Dashboard/a_Dokumen Golive' is clicked on

22-07-2026T10:58:39 - [MESSAGE][PASSED] - Object: 'Object Repository/Pilar 1/Dokumen Go Live/UAT/CBU/Staff-CBU-Submit-Task/Dokumen-Persyaratan-Kredit/Page_Dashboard/a_Dokumen Golive' is clicked on

22-07-2026T10:58:39 - [TEST_STEP][PASSED] - setText(findTestObject("Pilar 1/Dokumen Go Live/UAT/CBU/Staff-CBU-Submit-Task/Dokumen-Persyaratan-Kredit/Page_KelengkapanKredit/input_b3-b2-b1-Input_StartDate"), "22-07-2026"): Text '22-07-2026' is set on object 'Object Repository/Pilar 1/Dokumen Go Live/UAT/CBU/Staff-CBU-Submit-Task/Dokumen-Persyaratan-Kredit/Page_KelengkapanKredit/input_b3-b2-b1-Input_StartDate'

22-07-2026T10:58:49 - [MESSAGE][PASSED] - Text '22-07-2026' is set on object 'Object Repository/Pilar 1/Dokumen Go Live/UAT/CBU/Staff-CBU-Submit-Task/Dokumen-Persyaratan-Kredit/Page_KelengkapanKredit/input_b3-b2-b1-Input_StartDate'

22-07-2026T10:58:49 - [TEST_STEP][PASSED] - setText(findTestObject("Pilar 1/Dokumen Go Live/UAT/CBU/Staff-CBU-Submit-Task/Dokumen-Persyaratan-Kredit/Page_KelengkapanKredit/input_b3-b2-b1-Input_StartDate2"), "22-07-2026"): Text '22-07-2026' is set on object 'Object Repository/Pilar 1/Dokumen Go Live/UAT/CBU/Staff-CBU-Submit-Task/Dokumen-Persyaratan-Kredit/Page_KelengkapanKredit/input_b3-b2-b1-Input_StartDate2'

22-07-2026T10:58:49 - [MESSAGE][PASSED] - Text '22-07-2026' is set on object 'Object Repository/Pilar 1/Dokumen Go Live/UAT/CBU/Staff-CBU-Submit-Task/Dokumen-Persyaratan-Kredit/Page_KelengkapanKredit/input_b3-b2-b1-Input_StartDate2'

22-07-2026T10:58:49 - [TEST_STEP][PASSED] - selectOptionByValue(findTestObject("Pilar 1/Dokumen Go Live/UAT/CBU/Staff-CBU-Submit-Task/Dokumen-Persyaratan-Kredit/Page_KelengkapanKredit/select_b3-b2-b1-Dropdown1"), "2", false): All options with value '2' are selected in object 'Object Repository/Pilar 1/Dokumen Go Live/UAT/CBU/Staff-CBU-Submit-Task/Dokumen-Persyaratan-Kredit/Page_KelengkapanKredit/select_b3-b2-b1-Dropdown1' 

22-07-2026T10:58:50 - [MESSAGE][PASSED] - All options with value '2' are selected in object 'Object Repository/Pilar 1/Dokumen Go Live/UAT/CBU/Staff-CBU-Submit-Task/Dokumen-Persyaratan-Kredit/Page_KelengkapanKredit/select_b3-b2-b1-Dropdown1' 

22-07-2026T10:58:50 - [TEST_STEP][PASSED] - selectOptionByValue(findTestObject("Pilar 1/Dokumen Go Live/UAT/CBU/Staff-CBU-Submit-Task/Dokumen-Persyaratan-Kredit/Page_KelengkapanKredit/select_b3-b2-b1-Dropdown3"), "0", false): All options with value '0' are selected in object 'Object Repository/Pilar 1/Dokumen Go Live/UAT/CBU/Staff-CBU-Submit-Task/Dokumen-Persyaratan-Kredit/Page_KelengkapanKredit/select_b3-b2-b1-Dropdown3' 

22-07-2026T10:58:50 - [MESSAGE][PASSED] - All options with value '0' are selected in object 'Object Repository/Pilar 1/Dokumen Go Live/UAT/CBU/Staff-CBU-Submit-Task/Dokumen-Persyaratan-Kredit/Page_KelengkapanKredit/select_b3-b2-b1-Dropdown3' 

22-07-2026T10:58:50 - [TEST_STEP][PASSED] - click(findTestObject("Pilar 1/Dokumen Go Live/UAT/CBU/Staff-CBU-Submit-Task/Dokumen-Persyaratan-Kredit/Page_KelengkapanKredit/button_Cari")): Object: 'Object Repository/Pilar 1/Dokumen Go Live/UAT/CBU/Staff-CBU-Submit-Task/Dokumen-Persyaratan-Kredit/Page_KelengkapanKredit/button_Cari' is clicked on

22-07-2026T10:58:51 - [MESSAGE][PASSED] - Object: 'Object Repository/Pilar 1/Dokumen Go Live/UAT/CBU/Staff-CBU-Submit-Task/Dokumen-Persyaratan-Kredit/Page_KelengkapanKredit/button_Cari' is clicked on

22-07-2026T10:58:51 - [TEST_STEP][PASSED] - click(findTestObject("Pilar 1/Dokumen Go Live/UAT/CBU/Staff-CBU-Submit-Task/Dokumen-Persyaratan-Kredit/Page_KelengkapanKredit/action")): Object: 'Object Repository/Pilar 1/Dokumen Go Live/UAT/CBU/Staff-CBU-Submit-Task/Dokumen-Persyaratan-Kredit/Page_KelengkapanKredit/action' is clicked on

22-07-2026T10:58:51 - [MESSAGE][PASSED] - Object: 'Object Repository/Pilar 1/Dokumen Go Live/UAT/CBU/Staff-CBU-Submit-Task/Dokumen-Persyaratan-Kredit/Page_KelengkapanKredit/action' is clicked on

22-07-2026T10:58:51 - [TEST_STEP][PASSED] - click(findTestObject("Pilar 1/Dokumen Go Live/UAT/CBU/Staff-CBU-Submit-Task/Dokumen-Persyaratan-Kredit/Page_KelengkapanKredit/div_Pemeriksaan")): Object: 'Object Repository/Pilar 1/Dokumen Go Live/UAT/CBU/Staff-CBU-Submit-Task/Dokumen-Persyaratan-Kredit/Page_KelengkapanKredit/div_Pemeriksaan' is clicked on

22-07-2026T10:58:52 - [MESSAGE][PASSED] - Object: 'Object Repository/Pilar 1/Dokumen Go Live/UAT/CBU/Staff-CBU-Submit-Task/Dokumen-Persyaratan-Kredit/Page_KelengkapanKredit/div_Pemeriksaan' is clicked on

22-07-2026T10:58:52 - [TEST_STEP][PASSED] - delay(5): Delayed 5 second(s)

22-07-2026T10:58:57 - [MESSAGE][PASSED] - Delayed 5 second(s)

22-07-2026T10:58:57 - [TEST_STEP][PASSED] - click(findTestObject("Pilar 1/Dokumen Go Live/UAT/CBU/Staff-CBU-Submit-Task/Dokumen-Persyaratan-Kredit/Page_DokumenChecking/i_icon accordion-dokumen-keuangan")): Object: 'Object Repository/Pilar 1/Dokumen Go Live/UAT/CBU/Staff-CBU-Submit-Task/Dokumen-Persyaratan-Kredit/Page_DokumenChecking/i_icon accordion-dokumen-keuangan' is clicked on

22-07-2026T10:58:57 - [MESSAGE][PASSED] - Object: 'Object Repository/Pilar 1/Dokumen Go Live/UAT/CBU/Staff-CBU-Submit-Task/Dokumen-Persyaratan-Kredit/Page_DokumenChecking/i_icon accordion-dokumen-keuangan' is clicked on

22-07-2026T10:58:57 - [TEST_STEP][PASSED] - selectOptionByValue(findTestObject("Pilar 1/Dokumen Go Live/UAT/CBU/Staff-CBU-Submit-Task/Dokumen-Persyaratan-Kredit/Page_DokumenChecking/select_b3-l2-177_0-b11-b1-l2-314_0-b1-l4_0-315_0"), "0", false): All options with value '0' are selected in object 'Object Repository/Pilar 1/Dokumen Go Live/UAT/CBU/Staff-CBU-Submit-Task/Dokumen-Persyaratan-Kredit/Page_DokumenChecking/select_b3-l2-177_0-b11-b1-l2-314_0-b1-l4_0-315_0' 

22-07-2026T10:58:58 - [MESSAGE][PASSED] - All options with value '0' are selected in object 'Object Repository/Pilar 1/Dokumen Go Live/UAT/CBU/Staff-CBU-Submit-Task/Dokumen-Persyaratan-Kredit/Page_DokumenChecking/select_b3-l2-177_0-b11-b1-l2-314_0-b1-l4_0-315_0' 

22-07-2026T10:58:58 - [TEST_STEP][PASSED] - selectOptionByValue(findTestObject("Pilar 1/Dokumen Go Live/UAT/CBU/Staff-CBU-Submit-Task/Dokumen-Persyaratan-Kredit/Page_DokumenChecking/select_b3-l2-177_0-b11-b1-l2-314_0-b1-l4_0-315_0_1"), "0", false): All options with value '0' are selected in object 'Object Repository/Pilar 1/Dokumen Go Live/UAT/CBU/Staff-CBU-Submit-Task/Dokumen-Persyaratan-Kredit/Page_DokumenChecking/select_b3-l2-177_0-b11-b1-l2-314_0-b1-l4_0-315_0_1' 

22-07-2026T10:58:59 - [MESSAGE][PASSED] - All options with value '0' are selected in object 'Object Repository/Pilar 1/Dokumen Go Live/UAT/CBU/Staff-CBU-Submit-Task/Dokumen-Persyaratan-Kredit/Page_DokumenChecking/select_b3-l2-177_0-b11-b1-l2-314_0-b1-l4_0-315_0_1' 

22-07-2026T10:58:59 - [TEST_STEP][PASSED] - setText(findTestObject("Pilar 1/Dokumen Go Live/UAT/CBU/Staff-CBU-Submit-Task/tambahan-text-area/Page_DokumenChecking/textarea_1"), "testing"): Text 'testing' is set on object 'Object Repository/Pilar 1/Dokumen Go Live/UAT/CBU/Staff-CBU-Submit-Task/tambahan-text-area/Page_DokumenChecking/textarea_1'

22-07-2026T10:58:59 - [MESSAGE][PASSED] - Text 'testing' is set on object 'Object Repository/Pilar 1/Dokumen Go Live/UAT/CBU/Staff-CBU-Submit-Task/tambahan-text-area/Page_DokumenChecking/textarea_1'

22-07-2026T10:58:59 - [TEST_STEP][PASSED] - selectOptionByValue(findTestObject("Pilar 1/Dokumen Go Live/UAT/CBU/Staff-CBU-Submit-Task/Dokumen-Persyaratan-Kredit/Page_DokumenChecking/select_b3-l2-177_0-b11-b1-l2-314_0-b1-l4_0-315_1"), "1", false): All options with value '1' are selected in object 'Object Repository/Pilar 1/Dokumen Go Live/UAT/CBU/Staff-CBU-Submit-Task/Dokumen-Persyaratan-Kredit/Page_DokumenChecking/select_b3-l2-177_0-b11-b1-l2-314_0-b1-l4_0-315_1' 

22-07-2026T10:59:00 - [MESSAGE][PASSED] - All options with value '1' are selected in object 'Object Repository/Pilar 1/Dokumen Go Live/UAT/CBU/Staff-CBU-Submit-Task/Dokumen-Persyaratan-Kredit/Page_DokumenChecking/select_b3-l2-177_0-b11-b1-l2-314_0-b1-l4_0-315_1' 

22-07-2026T10:59:00 - [TEST_STEP][PASSED] - selectOptionByValue(findTestObject("Pilar 1/Dokumen Go Live/UAT/CBU/Staff-CBU-Submit-Task/Dokumen-Persyaratan-Kredit/Page_DokumenChecking/select_b3-l2-177_0-b11-b1-l2-314_0-b1-l4_0-315_1_1"), "0", false): All options with value '0' are selected in object 'Object Repository/Pilar 1/Dokumen Go Live/UAT/CBU/Staff-CBU-Submit-Task/Dokumen-Persyaratan-Kredit/Page_DokumenChecking/select_b3-l2-177_0-b11-b1-l2-314_0-b1-l4_0-315_1_1' 

22-07-2026T10:59:01 - [MESSAGE][PASSED] - All options with value '0' are selected in object 'Object Repository/Pilar 1/Dokumen Go Live/UAT/CBU/Staff-CBU-Submit-Task/Dokumen-Persyaratan-Kredit/Page_DokumenChecking/select_b3-l2-177_0-b11-b1-l2-314_0-b1-l4_0-315_1_1' 

22-07-2026T10:59:01 - [TEST_STEP][PASSED] - setText(findTestObject("Pilar 1/Dokumen Go Live/UAT/CBU/Staff-CBU-Submit-Task/Dokumen-Persyaratan-Kredit/Page_DokumenChecking/textarea_b3-l2-177_0-b11-b1-l2-314_0-b1-l4_0-315"), "testing"): Text 'testing' is set on object 'Object Repository/Pilar 1/Dokumen Go Live/UAT/CBU/Staff-CBU-Submit-Task/Dokumen-Persyaratan-Kredit/Page_DokumenChecking/textarea_b3-l2-177_0-b11-b1-l2-314_0-b1-l4_0-315'

22-07-2026T10:59:01 - [MESSAGE][PASSED] - Text 'testing' is set on object 'Object Repository/Pilar 1/Dokumen Go Live/UAT/CBU/Staff-CBU-Submit-Task/Dokumen-Persyaratan-Kredit/Page_DokumenChecking/textarea_b3-l2-177_0-b11-b1-l2-314_0-b1-l4_0-315'

22-07-2026T10:59:01 - [TEST_STEP][PASSED] - click(findTestObject("Pilar 1/Dokumen Go Live/UAT/CBU/Staff-CBU-Submit-Task/Dokumen-Persyaratan-Kredit/Page_DokumenChecking/button_Unggah")): Object: 'Object Repository/Pilar 1/Dokumen Go Live/UAT/CBU/Staff-CBU-Submit-Task/Dokumen-Persyaratan-Kredit/Page_DokumenChecking/button_Unggah' is clicked on

22-07-2026T10:59:02 - [MESSAGE][PASSED] - Object: 'Object Repository/Pilar 1/Dokumen Go Live/UAT/CBU/Staff-CBU-Submit-Task/Dokumen-Persyaratan-Kredit/Page_DokumenChecking/button_Unggah' is clicked on

22-07-2026T10:59:02 - [TEST_STEP][PASSED] - delay(5): Delayed 5 second(s)

22-07-2026T10:59:07 - [MESSAGE][PASSED] - Delayed 5 second(s)

22-07-2026T10:59:07 - [TEST_STEP][NOT_RUN] - uploadFile(findTestObject("Pilar 1/Dokumen Go Live/UAT/CBU/Staff-CBU-Submit-Task/Dokumen-Persyaratan-Kredit/Page_DokumenChecking/div_b3-l2-177_0-b11-b1-l2-314_0-b1-b4-dropzone"), Lorem): NOT_RUN: uploadFile(findTestObject("Pilar 1/Dokumen Go Live/UAT/CBU/Staff-CBU-Submit-Task/Dokumen-Persyaratan-Kredit/Page_DokumenChecking/div_b3-l2-177_0-b11-b1-l2-314_0-b1-b4-dropzone"), Lorem)

22-07-2026T10:59:07 - [MESSAGE][NOT_RUN] - NOT_RUN: uploadFile(findTestObject("Pilar 1/Dokumen Go Live/UAT/CBU/Staff-CBU-Submit-Task/Dokumen-Persyaratan-Kredit/Page_DokumenChecking/div_b3-l2-177_0-b11-b1-l2-314_0-b1-b4-dropzone"), Lorem)

22-07-2026T10:59:07 - [TEST_STEP][NOT_RUN] - click(findTestObject("Pilar 1/Dokumen Go Live/UAT/CBU/Staff-CBU-Submit-Task/Dokumen-Persyaratan-Kredit/Page_DokumenChecking/button_Upload")): NOT_RUN: click(findTestObject("Pilar 1/Dokumen Go Live/UAT/CBU/Staff-CBU-Submit-Task/Dokumen-Persyaratan-Kredit/Page_DokumenChecking/button_Upload"))

22-07-2026T10:59:07 - [MESSAGE][NOT_RUN] - NOT_RUN: click(findTestObject("Pilar 1/Dokumen Go Live/UAT/CBU/Staff-CBU-Submit-Task/Dokumen-Persyaratan-Kredit/Page_DokumenChecking/button_Upload"))

22-07-2026T10:59:07 - [TEST_STEP][PASSED] - selectOptionByValue(findTestObject("Pilar 1/Dokumen Go Live/UAT/CBU/Staff-CBU-Submit-Task/Dokumen-Persyaratan-Kredit/Page_DokumenChecking/select_b3-l2-177_0-b11-b1-l2-314_0-b1-l4_0-315_2"), "1", false): All options with value '1' are selected in object 'Object Repository/Pilar 1/Dokumen Go Live/UAT/CBU/Staff-CBU-Submit-Task/Dokumen-Persyaratan-Kredit/Page_DokumenChecking/select_b3-l2-177_0-b11-b1-l2-314_0-b1-l4_0-315_2' 

22-07-2026T10:59:11 - [MESSAGE][PASSED] - All options with value '1' are selected in object 'Object Repository/Pilar 1/Dokumen Go Live/UAT/CBU/Staff-CBU-Submit-Task/Dokumen-Persyaratan-Kredit/Page_DokumenChecking/select_b3-l2-177_0-b11-b1-l2-314_0-b1-l4_0-315_2' 

22-07-2026T10:59:11 - [TEST_STEP][PASSED] - selectOptionByValue(findTestObject("Pilar 1/Dokumen Go Live/UAT/CBU/Staff-CBU-Submit-Task/Dokumen-Persyaratan-Kredit/Page_DokumenChecking/select_b3-l2-177_0-b11-b1-l2-314_0-b1-l4_0-315_2_1"), "0", false): All options with value '0' are selected in object 'Object Repository/Pilar 1/Dokumen Go Live/UAT/CBU/Staff-CBU-Submit-Task/Dokumen-Persyaratan-Kredit/Page_DokumenChecking/select_b3-l2-177_0-b11-b1-l2-314_0-b1-l4_0-315_2_1' 

22-07-2026T10:59:11 - [MESSAGE][PASSED] - All options with value '0' are selected in object 'Object Repository/Pilar 1/Dokumen Go Live/UAT/CBU/Staff-CBU-Submit-Task/Dokumen-Persyaratan-Kredit/Page_DokumenChecking/select_b3-l2-177_0-b11-b1-l2-314_0-b1-l4_0-315_2_1' 

22-07-2026T10:59:11 - [TEST_STEP][PASSED] - setText(findTestObject("Pilar 1/Dokumen Go Live/UAT/CBU/Staff-CBU-Submit-Task/Dokumen-Persyaratan-Kredit/Page_DokumenChecking/textarea_b3-l2-177_0-b11-b1-l2-314_0-b1-l4_0-315_1"), "testing"): Text 'testing' is set on object 'Object Repository/Pilar 1/Dokumen Go Live/UAT/CBU/Staff-CBU-Submit-Task/Dokumen-Persyaratan-Kredit/Page_DokumenChecking/textarea_b3-l2-177_0-b11-b1-l2-314_0-b1-l4_0-315_1'

22-07-2026T10:59:12 - [MESSAGE][PASSED] - Text 'testing' is set on object 'Object Repository/Pilar 1/Dokumen Go Live/UAT/CBU/Staff-CBU-Submit-Task/Dokumen-Persyaratan-Kredit/Page_DokumenChecking/textarea_b3-l2-177_0-b11-b1-l2-314_0-b1-l4_0-315_1'

22-07-2026T10:59:12 - [TEST_STEP][PASSED] - click(findTestObject("Pilar 1/Dokumen Go Live/UAT/CBU/Staff-CBU-Submit-Task/Dokumen-Persyaratan-Kredit/Page_DokumenChecking/button_Unggah_1")): Object: 'Object Repository/Pilar 1/Dokumen Go Live/UAT/CBU/Staff-CBU-Submit-Task/Dokumen-Persyaratan-Kredit/Page_DokumenChecking/button_Unggah_1' is clicked on

22-07-2026T10:59:13 - [MESSAGE][PASSED] - Object: 'Object Repository/Pilar 1/Dokumen Go Live/UAT/CBU/Staff-CBU-Submit-Task/Dokumen-Persyaratan-Kredit/Page_DokumenChecking/button_Unggah_1' is clicked on

22-07-2026T10:59:13 - [TEST_STEP][PASSED] - delay(5): Delayed 5 second(s)

22-07-2026T10:59:18 - [MESSAGE][PASSED] - Delayed 5 second(s)

22-07-2026T10:59:18 - [TEST_STEP][NOT_RUN] - uploadFile(findTestObject("Pilar 1/Dokumen Go Live/UAT/CBU/Staff-CBU-Submit-Task/Dokumen-Persyaratan-Kredit/Page_DokumenChecking/div_b3-l2-177_0-b11-b1-l2-314_0-b1-b4-dropzone"), Lorem): NOT_RUN: uploadFile(findTestObject("Pilar 1/Dokumen Go Live/UAT/CBU/Staff-CBU-Submit-Task/Dokumen-Persyaratan-Kredit/Page_DokumenChecking/div_b3-l2-177_0-b11-b1-l2-314_0-b1-b4-dropzone"), Lorem)

22-07-2026T10:59:18 - [MESSAGE][NOT_RUN] - NOT_RUN: uploadFile(findTestObject("Pilar 1/Dokumen Go Live/UAT/CBU/Staff-CBU-Submit-Task/Dokumen-Persyaratan-Kredit/Page_DokumenChecking/div_b3-l2-177_0-b11-b1-l2-314_0-b1-b4-dropzone"), Lorem)

22-07-2026T10:59:18 - [TEST_STEP][NOT_RUN] - click(findTestObject("Pilar 1/Dokumen Go Live/UAT/CBU/Staff-CBU-Submit-Task/Dokumen-Persyaratan-Kredit/Page_DokumenChecking/button_Upload")): NOT_RUN: click(findTestObject("Pilar 1/Dokumen Go Live/UAT/CBU/Staff-CBU-Submit-Task/Dokumen-Persyaratan-Kredit/Page_DokumenChecking/button_Upload"))

22-07-2026T10:59:18 - [MESSAGE][NOT_RUN] - NOT_RUN: click(findTestObject("Pilar 1/Dokumen Go Live/UAT/CBU/Staff-CBU-Submit-Task/Dokumen-Persyaratan-Kredit/Page_DokumenChecking/button_Upload"))

22-07-2026T10:59:18 - [TEST_STEP][PASSED] - click(findTestObject("Pilar 1/Dokumen Go Live/UAT/CBU/Staff-CBU-Submit-Task/Dokumen-Persyaratan-Kredit/Page_DokumenChecking/i_icon accordion-icon _dokumen-legalitas")): Object: 'Object Repository/Pilar 1/Dokumen Go Live/UAT/CBU/Staff-CBU-Submit-Task/Dokumen-Persyaratan-Kredit/Page_DokumenChecking/i_icon accordion-icon _dokumen-legalitas' is clicked on

22-07-2026T10:59:18 - [MESSAGE][PASSED] - Object: 'Object Repository/Pilar 1/Dokumen Go Live/UAT/CBU/Staff-CBU-Submit-Task/Dokumen-Persyaratan-Kredit/Page_DokumenChecking/i_icon accordion-icon _dokumen-legalitas' is clicked on

22-07-2026T10:59:18 - [TEST_STEP][PASSED] - selectOptionByValue(findTestObject("Pilar 1/Dokumen Go Live/UAT/CBU/Staff-CBU-Submit-Task/Dokumen-Persyaratan-Kredit/Page_DokumenChecking/select_b3-l2-185_0-b11-b1-l2-325_1-b1-l4_0-327_0_1"), "0", false): All options with value '0' are selected in object 'Object Repository/Pilar 1/Dokumen Go Live/UAT/CBU/Staff-CBU-Submit-Task/Dokumen-Persyaratan-Kredit/Page_DokumenChecking/select_b3-l2-185_0-b11-b1-l2-325_1-b1-l4_0-327_0_1' 

22-07-2026T10:59:19 - [MESSAGE][PASSED] - All options with value '0' are selected in object 'Object Repository/Pilar 1/Dokumen Go Live/UAT/CBU/Staff-CBU-Submit-Task/Dokumen-Persyaratan-Kredit/Page_DokumenChecking/select_b3-l2-185_0-b11-b1-l2-325_1-b1-l4_0-327_0_1' 

22-07-2026T10:59:19 - [TEST_STEP][PASSED] - setText(findTestObject("Pilar 1/Dokumen Go Live/UAT/CBU/Staff-CBU-Submit-Task/tambahan-text-area/Page_DokumenChecking/textarea_2"), "testing"): Text 'testing' is set on object 'Object Repository/Pilar 1/Dokumen Go Live/UAT/CBU/Staff-CBU-Submit-Task/tambahan-text-area/Page_DokumenChecking/textarea_2'

22-07-2026T10:59:19 - [MESSAGE][PASSED] - Text 'testing' is set on object 'Object Repository/Pilar 1/Dokumen Go Live/UAT/CBU/Staff-CBU-Submit-Task/tambahan-text-area/Page_DokumenChecking/textarea_2'

22-07-2026T10:59:19 - [TEST_STEP][PASSED] - selectOptionByValue(findTestObject("Pilar 1/Dokumen Go Live/UAT/CBU/Staff-CBU-Submit-Task/Dokumen-Persyaratan-Kredit/Page_DokumenChecking/select_b3-l2-185_0-b11-b1-l2-325_1-b1-l4_0-327_0"), "0", false): All options with value '0' are selected in object 'Object Repository/Pilar 1/Dokumen Go Live/UAT/CBU/Staff-CBU-Submit-Task/Dokumen-Persyaratan-Kredit/Page_DokumenChecking/select_b3-l2-185_0-b11-b1-l2-325_1-b1-l4_0-327_0' 

22-07-2026T10:59:20 - [MESSAGE][PASSED] - All options with value '0' are selected in object 'Object Repository/Pilar 1/Dokumen Go Live/UAT/CBU/Staff-CBU-Submit-Task/Dokumen-Persyaratan-Kredit/Page_DokumenChecking/select_b3-l2-185_0-b11-b1-l2-325_1-b1-l4_0-327_0' 

22-07-2026T10:59:20 - [TEST_STEP][PASSED] - selectOptionByValue(findTestObject("Pilar 1/Dokumen Go Live/UAT/CBU/Staff-CBU-Submit-Task/Dokumen-Persyaratan-Kredit/Page_DokumenChecking/select_b3-l2-185_0-b11-b1-l2-325_1-b1-l4_0-327_1"), "0", false): All options with value '0' are selected in object 'Object Repository/Pilar 1/Dokumen Go Live/UAT/CBU/Staff-CBU-Submit-Task/Dokumen-Persyaratan-Kredit/Page_DokumenChecking/select_b3-l2-185_0-b11-b1-l2-325_1-b1-l4_0-327_1' 

22-07-2026T10:59:21 - [MESSAGE][PASSED] - All options with value '0' are selected in object 'Object Repository/Pilar 1/Dokumen Go Live/UAT/CBU/Staff-CBU-Submit-Task/Dokumen-Persyaratan-Kredit/Page_DokumenChecking/select_b3-l2-185_0-b11-b1-l2-325_1-b1-l4_0-327_1' 

22-07-2026T10:59:21 - [TEST_STEP][PASSED] - selectOptionByValue(findTestObject("Pilar 1/Dokumen Go Live/UAT/CBU/Staff-CBU-Submit-Task/Dokumen-Persyaratan-Kredit/Page_DokumenChecking/select_b3-l2-185_0-b11-b1-l2-325_1-b1-l4_0-327_1_1"), "0", false): All options with value '0' are selected in object 'Object Repository/Pilar 1/Dokumen Go Live/UAT/CBU/Staff-CBU-Submit-Task/Dokumen-Persyaratan-Kredit/Page_DokumenChecking/select_b3-l2-185_0-b11-b1-l2-325_1-b1-l4_0-327_1_1' 

22-07-2026T10:59:21 - [MESSAGE][PASSED] - All options with value '0' are selected in object 'Object Repository/Pilar 1/Dokumen Go Live/UAT/CBU/Staff-CBU-Submit-Task/Dokumen-Persyaratan-Kredit/Page_DokumenChecking/select_b3-l2-185_0-b11-b1-l2-325_1-b1-l4_0-327_1_1' 

22-07-2026T10:59:21 - [TEST_STEP][PASSED] - setText(findTestObject("Pilar 1/Dokumen Go Live/UAT/CBU/Staff-CBU-Submit-Task/tambahan-text-area/Page_DokumenChecking/textarea_3"), "testing"): Text 'testing' is set on object 'Object Repository/Pilar 1/Dokumen Go Live/UAT/CBU/Staff-CBU-Submit-Task/tambahan-text-area/Page_DokumenChecking/textarea_3'

22-07-2026T10:59:22 - [MESSAGE][PASSED] - Text 'testing' is set on object 'Object Repository/Pilar 1/Dokumen Go Live/UAT/CBU/Staff-CBU-Submit-Task/tambahan-text-area/Page_DokumenChecking/textarea_3'

22-07-2026T10:59:22 - [TEST_STEP][PASSED] - selectOptionByValue(findTestObject("Pilar 1/Dokumen Go Live/UAT/CBU/Staff-CBU-Submit-Task/Dokumen-Persyaratan-Kredit/Page_DokumenChecking/select_b3-l2-185_0-b11-b1-l2-325_1-b1-l4_0-327_2"), "0", false): All options with value '0' are selected in object 'Object Repository/Pilar 1/Dokumen Go Live/UAT/CBU/Staff-CBU-Submit-Task/Dokumen-Persyaratan-Kredit/Page_DokumenChecking/select_b3-l2-185_0-b11-b1-l2-325_1-b1-l4_0-327_2' 

22-07-2026T10:59:23 - [MESSAGE][PASSED] - All options with value '0' are selected in object 'Object Repository/Pilar 1/Dokumen Go Live/UAT/CBU/Staff-CBU-Submit-Task/Dokumen-Persyaratan-Kredit/Page_DokumenChecking/select_b3-l2-185_0-b11-b1-l2-325_1-b1-l4_0-327_2' 

22-07-2026T10:59:23 - [TEST_STEP][PASSED] - selectOptionByValue(findTestObject("Pilar 1/Dokumen Go Live/UAT/CBU/Staff-CBU-Submit-Task/Dokumen-Persyaratan-Kredit/Page_DokumenChecking/select_b3-l2-185_0-b11-b1-l2-325_1-b1-l4_0-327_2_1"), "0", false): All options with value '0' are selected in object 'Object Repository/Pilar 1/Dokumen Go Live/UAT/CBU/Staff-CBU-Submit-Task/Dokumen-Persyaratan-Kredit/Page_DokumenChecking/select_b3-l2-185_0-b11-b1-l2-325_1-b1-l4_0-327_2_1' 

22-07-2026T10:59:23 - [MESSAGE][PASSED] - All options with value '0' are selected in object 'Object Repository/Pilar 1/Dokumen Go Live/UAT/CBU/Staff-CBU-Submit-Task/Dokumen-Persyaratan-Kredit/Page_DokumenChecking/select_b3-l2-185_0-b11-b1-l2-325_1-b1-l4_0-327_2_1' 

22-07-2026T10:59:23 - [TEST_STEP][PASSED] - setText(findTestObject("Pilar 1/Dokumen Go Live/UAT/CBU/Staff-CBU-Submit-Task/tambahan-text-area/Page_DokumenChecking/textarea_4"), "testing"): Text 'testing' is set on object 'Object Repository/Pilar 1/Dokumen Go Live/UAT/CBU/Staff-CBU-Submit-Task/tambahan-text-area/Page_DokumenChecking/textarea_4'

22-07-2026T10:59:24 - [MESSAGE][PASSED] - Text 'testing' is set on object 'Object Repository/Pilar 1/Dokumen Go Live/UAT/CBU/Staff-CBU-Submit-Task/tambahan-text-area/Page_DokumenChecking/textarea_4'

22-07-2026T10:59:24 - [TEST_STEP][PASSED] - selectOptionByValue(findTestObject("Pilar 1/Dokumen Go Live/UAT/CBU/Staff-CBU-Submit-Task/Dokumen-Persyaratan-Kredit/Page_DokumenChecking/select_b3-l2-185_0-b11-b1-l2-325_1-b1-l4_0-327_3"), "0", false): All options with value '0' are selected in object 'Object Repository/Pilar 1/Dokumen Go Live/UAT/CBU/Staff-CBU-Submit-Task/Dokumen-Persyaratan-Kredit/Page_DokumenChecking/select_b3-l2-185_0-b11-b1-l2-325_1-b1-l4_0-327_3' 

22-07-2026T10:59:25 - [MESSAGE][PASSED] - All options with value '0' are selected in object 'Object Repository/Pilar 1/Dokumen Go Live/UAT/CBU/Staff-CBU-Submit-Task/Dokumen-Persyaratan-Kredit/Page_DokumenChecking/select_b3-l2-185_0-b11-b1-l2-325_1-b1-l4_0-327_3' 

22-07-2026T10:59:25 - [TEST_STEP][PASSED] - selectOptionByValue(findTestObject("Pilar 1/Dokumen Go Live/UAT/CBU/Staff-CBU-Submit-Task/Dokumen-Persyaratan-Kredit/Page_DokumenChecking/select_b3-l2-185_0-b11-b1-l2-325_1-b1-l4_0-327_3_1"), "0", false): All options with value '0' are selected in object 'Object Repository/Pilar 1/Dokumen Go Live/UAT/CBU/Staff-CBU-Submit-Task/Dokumen-Persyaratan-Kredit/Page_DokumenChecking/select_b3-l2-185_0-b11-b1-l2-325_1-b1-l4_0-327_3_1' 

22-07-2026T10:59:25 - [MESSAGE][PASSED] - All options with value '0' are selected in object 'Object Repository/Pilar 1/Dokumen Go Live/UAT/CBU/Staff-CBU-Submit-Task/Dokumen-Persyaratan-Kredit/Page_DokumenChecking/select_b3-l2-185_0-b11-b1-l2-325_1-b1-l4_0-327_3_1' 

22-07-2026T10:59:25 - [TEST_STEP][PASSED] - setText(findTestObject("Pilar 1/Dokumen Go Live/UAT/CBU/Staff-CBU-Submit-Task/tambahan-text-area/Page_DokumenChecking/textarea_5"), "testing"): Text 'testing' is set on object 'Object Repository/Pilar 1/Dokumen Go Live/UAT/CBU/Staff-CBU-Submit-Task/tambahan-text-area/Page_DokumenChecking/textarea_5'

22-07-2026T10:59:26 - [MESSAGE][PASSED] - Text 'testing' is set on object 'Object Repository/Pilar 1/Dokumen Go Live/UAT/CBU/Staff-CBU-Submit-Task/tambahan-text-area/Page_DokumenChecking/textarea_5'

22-07-2026T10:59:26 - [TEST_STEP][PASSED] - selectOptionByValue(findTestObject("Pilar 1/Dokumen Go Live/UAT/CBU/Staff-CBU-Submit-Task/Dokumen-Persyaratan-Kredit/Page_DokumenChecking/select_b3-l2-185_0-b11-b1-l2-325_1-b1-l4_0-327_4"), "0", false): All options with value '0' are selected in object 'Object Repository/Pilar 1/Dokumen Go Live/UAT/CBU/Staff-CBU-Submit-Task/Dokumen-Persyaratan-Kredit/Page_DokumenChecking/select_b3-l2-185_0-b11-b1-l2-325_1-b1-l4_0-327_4' 

22-07-2026T10:59:27 - [MESSAGE][PASSED] - All options with value '0' are selected in object 'Object Repository/Pilar 1/Dokumen Go Live/UAT/CBU/Staff-CBU-Submit-Task/Dokumen-Persyaratan-Kredit/Page_DokumenChecking/select_b3-l2-185_0-b11-b1-l2-325_1-b1-l4_0-327_4' 

22-07-2026T10:59:27 - [TEST_STEP][PASSED] - selectOptionByValue(findTestObject("Pilar 1/Dokumen Go Live/UAT/CBU/Staff-CBU-Submit-Task/Dokumen-Persyaratan-Kredit/Page_DokumenChecking/select_b3-l2-185_0-b11-b1-l2-325_1-b1-l4_0-327_4_1"), "0", false): All options with value '0' are selected in object 'Object Repository/Pilar 1/Dokumen Go Live/UAT/CBU/Staff-CBU-Submit-Task/Dokumen-Persyaratan-Kredit/Page_DokumenChecking/select_b3-l2-185_0-b11-b1-l2-325_1-b1-l4_0-327_4_1' 

22-07-2026T10:59:27 - [MESSAGE][PASSED] - All options with value '0' are selected in object 'Object Repository/Pilar 1/Dokumen Go Live/UAT/CBU/Staff-CBU-Submit-Task/Dokumen-Persyaratan-Kredit/Page_DokumenChecking/select_b3-l2-185_0-b11-b1-l2-325_1-b1-l4_0-327_4_1' 

22-07-2026T10:59:27 - [TEST_STEP][PASSED] - setText(findTestObject("Pilar 1/Dokumen Go Live/UAT/CBU/Staff-CBU-Submit-Task/tambahan-text-area/Page_DokumenChecking/textarea_6"), "testing"): Text 'testing' is set on object 'Object Repository/Pilar 1/Dokumen Go Live/UAT/CBU/Staff-CBU-Submit-Task/tambahan-text-area/Page_DokumenChecking/textarea_6'

22-07-2026T10:59:28 - [MESSAGE][PASSED] - Text 'testing' is set on object 'Object Repository/Pilar 1/Dokumen Go Live/UAT/CBU/Staff-CBU-Submit-Task/tambahan-text-area/Page_DokumenChecking/textarea_6'

22-07-2026T10:59:28 - [TEST_STEP][PASSED] - selectOptionByValue(findTestObject("Pilar 1/Dokumen Go Live/UAT/CBU/Staff-CBU-Submit-Task/Dokumen-Persyaratan-Kredit/Page_DokumenChecking/select_b3-l2-185_0-b11-b1-l2-325_1-b1-l4_0-327_5"), "0", false): All options with value '0' are selected in object 'Object Repository/Pilar 1/Dokumen Go Live/UAT/CBU/Staff-CBU-Submit-Task/Dokumen-Persyaratan-Kredit/Page_DokumenChecking/select_b3-l2-185_0-b11-b1-l2-325_1-b1-l4_0-327_5' 

22-07-2026T10:59:29 - [MESSAGE][PASSED] - All options with value '0' are selected in object 'Object Repository/Pilar 1/Dokumen Go Live/UAT/CBU/Staff-CBU-Submit-Task/Dokumen-Persyaratan-Kredit/Page_DokumenChecking/select_b3-l2-185_0-b11-b1-l2-325_1-b1-l4_0-327_5' 

22-07-2026T10:59:29 - [TEST_STEP][PASSED] - selectOptionByValue(findTestObject("Pilar 1/Dokumen Go Live/UAT/CBU/Staff-CBU-Submit-Task/Dokumen-Persyaratan-Kredit/Page_DokumenChecking/select_b3-l2-185_0-b11-b1-l2-325_1-b1-l4_0-327_5_1"), "0", false): All options with value '0' are selected in object 'Object Repository/Pilar 1/Dokumen Go Live/UAT/CBU/Staff-CBU-Submit-Task/Dokumen-Persyaratan-Kredit/Page_DokumenChecking/select_b3-l2-185_0-b11-b1-l2-325_1-b1-l4_0-327_5_1' 

22-07-2026T10:59:29 - [MESSAGE][PASSED] - All options with value '0' are selected in object 'Object Repository/Pilar 1/Dokumen Go Live/UAT/CBU/Staff-CBU-Submit-Task/Dokumen-Persyaratan-Kredit/Page_DokumenChecking/select_b3-l2-185_0-b11-b1-l2-325_1-b1-l4_0-327_5_1' 

22-07-2026T10:59:29 - [TEST_STEP][PASSED] - setText(findTestObject("Pilar 1/Dokumen Go Live/UAT/CBU/Staff-CBU-Submit-Task/tambahan-text-area/Page_DokumenChecking/textarea_7"), "testing"): Text 'testing' is set on object 'Object Repository/Pilar 1/Dokumen Go Live/UAT/CBU/Staff-CBU-Submit-Task/tambahan-text-area/Page_DokumenChecking/textarea_7'

22-07-2026T10:59:30 - [MESSAGE][PASSED] - Text 'testing' is set on object 'Object Repository/Pilar 1/Dokumen Go Live/UAT/CBU/Staff-CBU-Submit-Task/tambahan-text-area/Page_DokumenChecking/textarea_7'

22-07-2026T10:59:30 - [TEST_STEP][PASSED] - selectOptionByValue(findTestObject("Pilar 1/Dokumen Go Live/UAT/CBU/Staff-CBU-Submit-Task/Dokumen-Persyaratan-Kredit/Page_DokumenChecking/select_b3-l2-185_0-b11-b1-l2-325_1-b1-l4_0-327_6"), "0", false): All options with value '0' are selected in object 'Object Repository/Pilar 1/Dokumen Go Live/UAT/CBU/Staff-CBU-Submit-Task/Dokumen-Persyaratan-Kredit/Page_DokumenChecking/select_b3-l2-185_0-b11-b1-l2-325_1-b1-l4_0-327_6' 

22-07-2026T10:59:31 - [MESSAGE][PASSED] - All options with value '0' are selected in object 'Object Repository/Pilar 1/Dokumen Go Live/UAT/CBU/Staff-CBU-Submit-Task/Dokumen-Persyaratan-Kredit/Page_DokumenChecking/select_b3-l2-185_0-b11-b1-l2-325_1-b1-l4_0-327_6' 

22-07-2026T10:59:31 - [TEST_STEP][PASSED] - selectOptionByValue(findTestObject("Pilar 1/Dokumen Go Live/UAT/CBU/Staff-CBU-Submit-Task/Dokumen-Persyaratan-Kredit/Page_DokumenChecking/select_b3-l2-185_0-b11-b1-l2-325_1-b1-l4_0-327_6_1"), "0", false): All options with value '0' are selected in object 'Object Repository/Pilar 1/Dokumen Go Live/UAT/CBU/Staff-CBU-Submit-Task/Dokumen-Persyaratan-Kredit/Page_DokumenChecking/select_b3-l2-185_0-b11-b1-l2-325_1-b1-l4_0-327_6_1' 

22-07-2026T10:59:31 - [MESSAGE][PASSED] - All options with value '0' are selected in object 'Object Repository/Pilar 1/Dokumen Go Live/UAT/CBU/Staff-CBU-Submit-Task/Dokumen-Persyaratan-Kredit/Page_DokumenChecking/select_b3-l2-185_0-b11-b1-l2-325_1-b1-l4_0-327_6_1' 

22-07-2026T10:59:31 - [TEST_STEP][PASSED] - setText(findTestObject("Pilar 1/Dokumen Go Live/UAT/CBU/Staff-CBU-Submit-Task/tambahan-text-area/Page_DokumenChecking/textarea_8"), "testing"): Text 'testing' is set on object 'Object Repository/Pilar 1/Dokumen Go Live/UAT/CBU/Staff-CBU-Submit-Task/tambahan-text-area/Page_DokumenChecking/textarea_8'

22-07-2026T10:59:32 - [MESSAGE][PASSED] - Text 'testing' is set on object 'Object Repository/Pilar 1/Dokumen Go Live/UAT/CBU/Staff-CBU-Submit-Task/tambahan-text-area/Page_DokumenChecking/textarea_8'

22-07-2026T10:59:32 - [TEST_STEP][PASSED] - delay(3): Delayed 3 second(s)

22-07-2026T10:59:35 - [MESSAGE][PASSED] - Delayed 3 second(s)

22-07-2026T10:59:35 - [TEST_STEP][PASSED] - click(findTestObject("Pilar 1/Dokumen Go Live/UAT/CBU/Staff-CBU-Submit-Task/Dokumen-Persyaratan-Kredit/Page_DokumenChecking/i_icon accordion-icon-dokumen-pendukung")): Object: 'Object Repository/Pilar 1/Dokumen Go Live/UAT/CBU/Staff-CBU-Submit-Task/Dokumen-Persyaratan-Kredit/Page_DokumenChecking/i_icon accordion-icon-dokumen-pendukung' is clicked on

22-07-2026T10:59:35 - [MESSAGE][PASSED] - Object: 'Object Repository/Pilar 1/Dokumen Go Live/UAT/CBU/Staff-CBU-Submit-Task/Dokumen-Persyaratan-Kredit/Page_DokumenChecking/i_icon accordion-icon-dokumen-pendukung' is clicked on

22-07-2026T10:59:35 - [TEST_STEP][PASSED] - selectOptionByValue(findTestObject("Pilar 1/Dokumen Go Live/UAT/CBU/Staff-CBU-Submit-Task/Dokumen-Persyaratan-Kredit/Page_DokumenChecking/select_b3-l2-185_0-b11-b1-l2-325_2-b1-l4_0-328_0"), "0", false): All options with value '0' are selected in object 'Object Repository/Pilar 1/Dokumen Go Live/UAT/CBU/Staff-CBU-Submit-Task/Dokumen-Persyaratan-Kredit/Page_DokumenChecking/select_b3-l2-185_0-b11-b1-l2-325_2-b1-l4_0-328_0' 

22-07-2026T10:59:36 - [MESSAGE][PASSED] - All options with value '0' are selected in object 'Object Repository/Pilar 1/Dokumen Go Live/UAT/CBU/Staff-CBU-Submit-Task/Dokumen-Persyaratan-Kredit/Page_DokumenChecking/select_b3-l2-185_0-b11-b1-l2-325_2-b1-l4_0-328_0' 

22-07-2026T10:59:36 - [TEST_STEP][PASSED] - selectOptionByValue(findTestObject("Pilar 1/Dokumen Go Live/UAT/CBU/Staff-CBU-Submit-Task/Dokumen-Persyaratan-Kredit/Page_DokumenChecking/select_b3-l2-185_0-b11-b1-l2-325_2-b1-l4_0-328_0_1"), "0", false): All options with value '0' are selected in object 'Object Repository/Pilar 1/Dokumen Go Live/UAT/CBU/Staff-CBU-Submit-Task/Dokumen-Persyaratan-Kredit/Page_DokumenChecking/select_b3-l2-185_0-b11-b1-l2-325_2-b1-l4_0-328_0_1' 

22-07-2026T10:59:37 - [MESSAGE][PASSED] - All options with value '0' are selected in object 'Object Repository/Pilar 1/Dokumen Go Live/UAT/CBU/Staff-CBU-Submit-Task/Dokumen-Persyaratan-Kredit/Page_DokumenChecking/select_b3-l2-185_0-b11-b1-l2-325_2-b1-l4_0-328_0_1' 

22-07-2026T10:59:37 - [TEST_STEP][PASSED] - setText(findTestObject("Pilar 1/Dokumen Go Live/UAT/CBU/Staff-CBU-Submit-Task/tambahan-text-area/Page_DokumenChecking/textarea_9"), "testing"): Text 'testing' is set on object 'Object Repository/Pilar 1/Dokumen Go Live/UAT/CBU/Staff-CBU-Submit-Task/tambahan-text-area/Page_DokumenChecking/textarea_9'

22-07-2026T10:59:37 - [MESSAGE][PASSED] - Text 'testing' is set on object 'Object Repository/Pilar 1/Dokumen Go Live/UAT/CBU/Staff-CBU-Submit-Task/tambahan-text-area/Page_DokumenChecking/textarea_9'

22-07-2026T10:59:37 - [TEST_STEP][PASSED] - selectOptionByValue(findTestObject("Pilar 1/Dokumen Go Live/UAT/CBU/Staff-CBU-Submit-Task/Dokumen-Persyaratan-Kredit/Page_DokumenChecking/select_b3-l2-185_0-b11-b1-l2-325_2-b1-l4_0-328_1"), "0", false): All options with value '0' are selected in object 'Object Repository/Pilar 1/Dokumen Go Live/UAT/CBU/Staff-CBU-Submit-Task/Dokumen-Persyaratan-Kredit/Page_DokumenChecking/select_b3-l2-185_0-b11-b1-l2-325_2-b1-l4_0-328_1' 

22-07-2026T10:59:38 - [MESSAGE][PASSED] - All options with value '0' are selected in object 'Object Repository/Pilar 1/Dokumen Go Live/UAT/CBU/Staff-CBU-Submit-Task/Dokumen-Persyaratan-Kredit/Page_DokumenChecking/select_b3-l2-185_0-b11-b1-l2-325_2-b1-l4_0-328_1' 

22-07-2026T10:59:38 - [TEST_STEP][PASSED] - selectOptionByValue(findTestObject("Pilar 1/Dokumen Go Live/UAT/CBU/Staff-CBU-Submit-Task/Dokumen-Persyaratan-Kredit/Page_DokumenChecking/select_b3-l2-185_0-b11-b1-l2-325_2-b1-l4_0-328_1_1"), "0", false): All options with value '0' are selected in object 'Object Repository/Pilar 1/Dokumen Go Live/UAT/CBU/Staff-CBU-Submit-Task/Dokumen-Persyaratan-Kredit/Page_DokumenChecking/select_b3-l2-185_0-b11-b1-l2-325_2-b1-l4_0-328_1_1' 

22-07-2026T10:59:39 - [MESSAGE][PASSED] - All options with value '0' are selected in object 'Object Repository/Pilar 1/Dokumen Go Live/UAT/CBU/Staff-CBU-Submit-Task/Dokumen-Persyaratan-Kredit/Page_DokumenChecking/select_b3-l2-185_0-b11-b1-l2-325_2-b1-l4_0-328_1_1' 

22-07-2026T10:59:39 - [TEST_STEP][PASSED] - setText(findTestObject("Pilar 1/Dokumen Go Live/UAT/CBU/Staff-CBU-Submit-Task/tambahan-text-area/Page_DokumenChecking/textarea_10"), "testing"): Text 'testing' is set on object 'Object Repository/Pilar 1/Dokumen Go Live/UAT/CBU/Staff-CBU-Submit-Task/tambahan-text-area/Page_DokumenChecking/textarea_10'

22-07-2026T10:59:39 - [MESSAGE][PASSED] - Text 'testing' is set on object 'Object Repository/Pilar 1/Dokumen Go Live/UAT/CBU/Staff-CBU-Submit-Task/tambahan-text-area/Page_DokumenChecking/textarea_10'

22-07-2026T10:59:39 - [TEST_STEP][PASSED] - selectOptionByValue(findTestObject("Pilar 1/Dokumen Go Live/UAT/CBU/Staff-CBU-Submit-Task/Dokumen-Persyaratan-Kredit/Page_DokumenChecking/select_b3-l2-185_0-b11-b1-l2-325_2-b1-l4_0-328_2"), "0", false): All options with value '0' are selected in object 'Object Repository/Pilar 1/Dokumen Go Live/UAT/CBU/Staff-CBU-Submit-Task/Dokumen-Persyaratan-Kredit/Page_DokumenChecking/select_b3-l2-185_0-b11-b1-l2-325_2-b1-l4_0-328_2' 

22-07-2026T10:59:40 - [MESSAGE][PASSED] - All options with value '0' are selected in object 'Object Repository/Pilar 1/Dokumen Go Live/UAT/CBU/Staff-CBU-Submit-Task/Dokumen-Persyaratan-Kredit/Page_DokumenChecking/select_b3-l2-185_0-b11-b1-l2-325_2-b1-l4_0-328_2' 

22-07-2026T10:59:40 - [TEST_STEP][PASSED] - selectOptionByValue(findTestObject("Pilar 1/Dokumen Go Live/UAT/CBU/Staff-CBU-Submit-Task/Dokumen-Persyaratan-Kredit/Page_DokumenChecking/select_b3-l2-185_0-b11-b1-l2-325_2-b1-l4_0-328_2_1"), "0", false): All options with value '0' are selected in object 'Object Repository/Pilar 1/Dokumen Go Live/UAT/CBU/Staff-CBU-Submit-Task/Dokumen-Persyaratan-Kredit/Page_DokumenChecking/select_b3-l2-185_0-b11-b1-l2-325_2-b1-l4_0-328_2_1' 

22-07-2026T10:59:41 - [MESSAGE][PASSED] - All options with value '0' are selected in object 'Object Repository/Pilar 1/Dokumen Go Live/UAT/CBU/Staff-CBU-Submit-Task/Dokumen-Persyaratan-Kredit/Page_DokumenChecking/select_b3-l2-185_0-b11-b1-l2-325_2-b1-l4_0-328_2_1' 

22-07-2026T10:59:41 - [TEST_STEP][PASSED] - setText(findTestObject("Pilar 1/Dokumen Go Live/UAT/CBU/Staff-CBU-Submit-Task/tambahan-text-area/Page_DokumenChecking/textarea_11"), "testing"): Text 'testing' is set on object 'Object Repository/Pilar 1/Dokumen Go Live/UAT/CBU/Staff-CBU-Submit-Task/tambahan-text-area/Page_DokumenChecking/textarea_11'

22-07-2026T10:59:41 - [MESSAGE][PASSED] - Text 'testing' is set on object 'Object Repository/Pilar 1/Dokumen Go Live/UAT/CBU/Staff-CBU-Submit-Task/tambahan-text-area/Page_DokumenChecking/textarea_11'

22-07-2026T10:59:41 - [TEST_STEP][PASSED] - selectOptionByValue(findTestObject("Pilar 1/Dokumen Go Live/UAT/CBU/Staff-CBU-Submit-Task/Dokumen-Persyaratan-Kredit/Page_DokumenChecking/select_b3-l2-185_0-b11-b1-l2-325_2-b1-l4_0-328_3"), "0", false): All options with value '0' are selected in object 'Object Repository/Pilar 1/Dokumen Go Live/UAT/CBU/Staff-CBU-Submit-Task/Dokumen-Persyaratan-Kredit/Page_DokumenChecking/select_b3-l2-185_0-b11-b1-l2-325_2-b1-l4_0-328_3' 

22-07-2026T10:59:42 - [MESSAGE][PASSED] - All options with value '0' are selected in object 'Object Repository/Pilar 1/Dokumen Go Live/UAT/CBU/Staff-CBU-Submit-Task/Dokumen-Persyaratan-Kredit/Page_DokumenChecking/select_b3-l2-185_0-b11-b1-l2-325_2-b1-l4_0-328_3' 

22-07-2026T10:59:42 - [TEST_STEP][PASSED] - selectOptionByValue(findTestObject("Pilar 1/Dokumen Go Live/UAT/CBU/Staff-CBU-Submit-Task/Dokumen-Persyaratan-Kredit/Page_DokumenChecking/select_b3-l2-185_0-b11-b1-l2-325_2-b1-l4_0-328_3_1"), "0", false): All options with value '0' are selected in object 'Object Repository/Pilar 1/Dokumen Go Live/UAT/CBU/Staff-CBU-Submit-Task/Dokumen-Persyaratan-Kredit/Page_DokumenChecking/select_b3-l2-185_0-b11-b1-l2-325_2-b1-l4_0-328_3_1' 

22-07-2026T10:59:43 - [MESSAGE][PASSED] - All options with value '0' are selected in object 'Object Repository/Pilar 1/Dokumen Go Live/UAT/CBU/Staff-CBU-Submit-Task/Dokumen-Persyaratan-Kredit/Page_DokumenChecking/select_b3-l2-185_0-b11-b1-l2-325_2-b1-l4_0-328_3_1' 

22-07-2026T10:59:43 - [TEST_STEP][PASSED] - setText(findTestObject("Pilar 1/Dokumen Go Live/UAT/CBU/Staff-CBU-Submit-Task/tambahan-text-area/Page_DokumenChecking/textarea_12"), "testing"): Text 'testing' is set on object 'Object Repository/Pilar 1/Dokumen Go Live/UAT/CBU/Staff-CBU-Submit-Task/tambahan-text-area/Page_DokumenChecking/textarea_12'

22-07-2026T10:59:44 - [MESSAGE][PASSED] - Text 'testing' is set on object 'Object Repository/Pilar 1/Dokumen Go Live/UAT/CBU/Staff-CBU-Submit-Task/tambahan-text-area/Page_DokumenChecking/textarea_12'

22-07-2026T10:59:44 - [TEST_STEP][PASSED] - selectOptionByValue(findTestObject("Pilar 1/Dokumen Go Live/UAT/CBU/Staff-CBU-Submit-Task/Dokumen-Persyaratan-Kredit/Page_DokumenChecking/select_b3-l2-185_0-b11-b1-l2-325_2-b1-l4_0-328_4"), "0", false): All options with value '0' are selected in object 'Object Repository/Pilar 1/Dokumen Go Live/UAT/CBU/Staff-CBU-Submit-Task/Dokumen-Persyaratan-Kredit/Page_DokumenChecking/select_b3-l2-185_0-b11-b1-l2-325_2-b1-l4_0-328_4' 

22-07-2026T10:59:44 - [MESSAGE][PASSED] - All options with value '0' are selected in object 'Object Repository/Pilar 1/Dokumen Go Live/UAT/CBU/Staff-CBU-Submit-Task/Dokumen-Persyaratan-Kredit/Page_DokumenChecking/select_b3-l2-185_0-b11-b1-l2-325_2-b1-l4_0-328_4' 

22-07-2026T10:59:44 - [TEST_STEP][PASSED] - selectOptionByValue(findTestObject("Pilar 1/Dokumen Go Live/UAT/CBU/Staff-CBU-Submit-Task/Dokumen-Persyaratan-Kredit/Page_DokumenChecking/select_b3-l2-185_0-b11-b1-l2-325_2-b1-l4_0-328_4_1"), "0", false): All options with value '0' are selected in object 'Object Repository/Pilar 1/Dokumen Go Live/UAT/CBU/Staff-CBU-Submit-Task/Dokumen-Persyaratan-Kredit/Page_DokumenChecking/select_b3-l2-185_0-b11-b1-l2-325_2-b1-l4_0-328_4_1' 

22-07-2026T10:59:45 - [MESSAGE][PASSED] - All options with value '0' are selected in object 'Object Repository/Pilar 1/Dokumen Go Live/UAT/CBU/Staff-CBU-Submit-Task/Dokumen-Persyaratan-Kredit/Page_DokumenChecking/select_b3-l2-185_0-b11-b1-l2-325_2-b1-l4_0-328_4_1' 

22-07-2026T10:59:45 - [TEST_STEP][PASSED] - setText(findTestObject("Pilar 1/Dokumen Go Live/UAT/CBU/Staff-CBU-Submit-Task/tambahan-text-area/Page_DokumenChecking/textarea_13"), "testing"): Text 'testing' is set on object 'Object Repository/Pilar 1/Dokumen Go Live/UAT/CBU/Staff-CBU-Submit-Task/tambahan-text-area/Page_DokumenChecking/textarea_13'

22-07-2026T10:59:46 - [MESSAGE][PASSED] - Text 'testing' is set on object 'Object Repository/Pilar 1/Dokumen Go Live/UAT/CBU/Staff-CBU-Submit-Task/tambahan-text-area/Page_DokumenChecking/textarea_13'

22-07-2026T10:59:46 - [TEST_STEP][PASSED] - selectOptionByValue(findTestObject("Pilar 1/Dokumen Go Live/UAT/CBU/Staff-CBU-Submit-Task/Dokumen-Persyaratan-Kredit/Page_DokumenChecking/select_b3-l2-185_0-b11-b1-l2-325_2-b1-l4_0-328_5"), "0", false): All options with value '0' are selected in object 'Object Repository/Pilar 1/Dokumen Go Live/UAT/CBU/Staff-CBU-Submit-Task/Dokumen-Persyaratan-Kredit/Page_DokumenChecking/select_b3-l2-185_0-b11-b1-l2-325_2-b1-l4_0-328_5' 

22-07-2026T10:59:46 - [MESSAGE][PASSED] - All options with value '0' are selected in object 'Object Repository/Pilar 1/Dokumen Go Live/UAT/CBU/Staff-CBU-Submit-Task/Dokumen-Persyaratan-Kredit/Page_DokumenChecking/select_b3-l2-185_0-b11-b1-l2-325_2-b1-l4_0-328_5' 

22-07-2026T10:59:46 - [TEST_STEP][PASSED] - selectOptionByValue(findTestObject("Pilar 1/Dokumen Go Live/UAT/CBU/Staff-CBU-Submit-Task/Dokumen-Persyaratan-Kredit/Page_DokumenChecking/select_b3-l2-185_0-b11-b1-l2-325_2-b1-l4_0-328_5_1"), "0", false): All options with value '0' are selected in object 'Object Repository/Pilar 1/Dokumen Go Live/UAT/CBU/Staff-CBU-Submit-Task/Dokumen-Persyaratan-Kredit/Page_DokumenChecking/select_b3-l2-185_0-b11-b1-l2-325_2-b1-l4_0-328_5_1' 

22-07-2026T10:59:47 - [MESSAGE][PASSED] - All options with value '0' are selected in object 'Object Repository/Pilar 1/Dokumen Go Live/UAT/CBU/Staff-CBU-Submit-Task/Dokumen-Persyaratan-Kredit/Page_DokumenChecking/select_b3-l2-185_0-b11-b1-l2-325_2-b1-l4_0-328_5_1' 

22-07-2026T10:59:47 - [TEST_STEP][PASSED] - setText(findTestObject("Pilar 1/Dokumen Go Live/UAT/CBU/Staff-CBU-Submit-Task/tambahan-text-area/Page_DokumenChecking/textarea_14"), "testing"): Text 'testing' is set on object 'Object Repository/Pilar 1/Dokumen Go Live/UAT/CBU/Staff-CBU-Submit-Task/tambahan-text-area/Page_DokumenChecking/textarea_14'

22-07-2026T10:59:48 - [MESSAGE][PASSED] - Text 'testing' is set on object 'Object Repository/Pilar 1/Dokumen Go Live/UAT/CBU/Staff-CBU-Submit-Task/tambahan-text-area/Page_DokumenChecking/textarea_14'

22-07-2026T10:59:48 - [TEST_STEP][PASSED] - selectOptionByValue(findTestObject("Pilar 1/Dokumen Go Live/UAT/CBU/Staff-CBU-Submit-Task/Dokumen-Persyaratan-Kredit/Page_DokumenChecking/select_b3-l2-185_0-b11-b1-l2-325_2-b1-l4_0-328_6"), "0", false): All options with value '0' are selected in object 'Object Repository/Pilar 1/Dokumen Go Live/UAT/CBU/Staff-CBU-Submit-Task/Dokumen-Persyaratan-Kredit/Page_DokumenChecking/select_b3-l2-185_0-b11-b1-l2-325_2-b1-l4_0-328_6' 

22-07-2026T10:59:48 - [MESSAGE][PASSED] - All options with value '0' are selected in object 'Object Repository/Pilar 1/Dokumen Go Live/UAT/CBU/Staff-CBU-Submit-Task/Dokumen-Persyaratan-Kredit/Page_DokumenChecking/select_b3-l2-185_0-b11-b1-l2-325_2-b1-l4_0-328_6' 

22-07-2026T10:59:48 - [TEST_STEP][PASSED] - selectOptionByValue(findTestObject("Pilar 1/Dokumen Go Live/UAT/CBU/Staff-CBU-Submit-Task/Dokumen-Persyaratan-Kredit/Page_DokumenChecking/select_b3-l2-185_0-b11-b1-l2-325_2-b1-l4_0-328_6_1"), "0", false): All options with value '0' are selected in object 'Object Repository/Pilar 1/Dokumen Go Live/UAT/CBU/Staff-CBU-Submit-Task/Dokumen-Persyaratan-Kredit/Page_DokumenChecking/select_b3-l2-185_0-b11-b1-l2-325_2-b1-l4_0-328_6_1' 

22-07-2026T10:59:49 - [MESSAGE][PASSED] - All options with value '0' are selected in object 'Object Repository/Pilar 1/Dokumen Go Live/UAT/CBU/Staff-CBU-Submit-Task/Dokumen-Persyaratan-Kredit/Page_DokumenChecking/select_b3-l2-185_0-b11-b1-l2-325_2-b1-l4_0-328_6_1' 

22-07-2026T10:59:49 - [TEST_STEP][PASSED] - setText(findTestObject("Pilar 1/Dokumen Go Live/UAT/CBU/Staff-CBU-Submit-Task/tambahan-text-area/Page_DokumenChecking/textarea_15"), "testing"): Text 'testing' is set on object 'Object Repository/Pilar 1/Dokumen Go Live/UAT/CBU/Staff-CBU-Submit-Task/tambahan-text-area/Page_DokumenChecking/textarea_15'

22-07-2026T10:59:50 - [MESSAGE][PASSED] - Text 'testing' is set on object 'Object Repository/Pilar 1/Dokumen Go Live/UAT/CBU/Staff-CBU-Submit-Task/tambahan-text-area/Page_DokumenChecking/textarea_15'

22-07-2026T10:59:50 - [TEST_STEP][PASSED] - selectOptionByValue(findTestObject("Pilar 1/Dokumen Go Live/UAT/CBU/Staff-CBU-Submit-Task/Dokumen-Persyaratan-Kredit/Page_DokumenChecking/select_b3-l2-185_0-b11-b1-l2-325_2-b1-l4_0-328_7"), "0", false): All options with value '0' are selected in object 'Object Repository/Pilar 1/Dokumen Go Live/UAT/CBU/Staff-CBU-Submit-Task/Dokumen-Persyaratan-Kredit/Page_DokumenChecking/select_b3-l2-185_0-b11-b1-l2-325_2-b1-l4_0-328_7' 

22-07-2026T10:59:51 - [MESSAGE][PASSED] - All options with value '0' are selected in object 'Object Repository/Pilar 1/Dokumen Go Live/UAT/CBU/Staff-CBU-Submit-Task/Dokumen-Persyaratan-Kredit/Page_DokumenChecking/select_b3-l2-185_0-b11-b1-l2-325_2-b1-l4_0-328_7' 

22-07-2026T10:59:51 - [TEST_STEP][PASSED] - selectOptionByValue(findTestObject("Pilar 1/Dokumen Go Live/UAT/CBU/Staff-CBU-Submit-Task/Dokumen-Persyaratan-Kredit/Page_DokumenChecking/select_b3-l2-185_0-b11-b1-l2-325_2-b1-l4_0-328_7_1"), "0", false): All options with value '0' are selected in object 'Object Repository/Pilar 1/Dokumen Go Live/UAT/CBU/Staff-CBU-Submit-Task/Dokumen-Persyaratan-Kredit/Page_DokumenChecking/select_b3-l2-185_0-b11-b1-l2-325_2-b1-l4_0-328_7_1' 

22-07-2026T10:59:51 - [MESSAGE][PASSED] - All options with value '0' are selected in object 'Object Repository/Pilar 1/Dokumen Go Live/UAT/CBU/Staff-CBU-Submit-Task/Dokumen-Persyaratan-Kredit/Page_DokumenChecking/select_b3-l2-185_0-b11-b1-l2-325_2-b1-l4_0-328_7_1' 

22-07-2026T10:59:51 - [TEST_STEP][PASSED] - setText(findTestObject("Pilar 1/Dokumen Go Live/UAT/CBU/Staff-CBU-Submit-Task/tambahan-text-area/Page_DokumenChecking/textarea_16"), "testing"): Text 'testing' is set on object 'Object Repository/Pilar 1/Dokumen Go Live/UAT/CBU/Staff-CBU-Submit-Task/tambahan-text-area/Page_DokumenChecking/textarea_16'

22-07-2026T10:59:52 - [MESSAGE][PASSED] - Text 'testing' is set on object 'Object Repository/Pilar 1/Dokumen Go Live/UAT/CBU/Staff-CBU-Submit-Task/tambahan-text-area/Page_DokumenChecking/textarea_16'

22-07-2026T10:59:52 - [TEST_STEP][PASSED] - selectOptionByValue(findTestObject("Pilar 1/Dokumen Go Live/UAT/CBU/Staff-CBU-Submit-Task/Dokumen-Persyaratan-Kredit/Page_DokumenChecking/select_b3-l2-185_0-b11-b1-l2-325_2-b1-l4_0-328_8"), "0", false): All options with value '0' are selected in object 'Object Repository/Pilar 1/Dokumen Go Live/UAT/CBU/Staff-CBU-Submit-Task/Dokumen-Persyaratan-Kredit/Page_DokumenChecking/select_b3-l2-185_0-b11-b1-l2-325_2-b1-l4_0-328_8' 

22-07-2026T10:59:53 - [MESSAGE][PASSED] - All options with value '0' are selected in object 'Object Repository/Pilar 1/Dokumen Go Live/UAT/CBU/Staff-CBU-Submit-Task/Dokumen-Persyaratan-Kredit/Page_DokumenChecking/select_b3-l2-185_0-b11-b1-l2-325_2-b1-l4_0-328_8' 

22-07-2026T10:59:53 - [TEST_STEP][PASSED] - selectOptionByValue(findTestObject("Pilar 1/Dokumen Go Live/UAT/CBU/Staff-CBU-Submit-Task/Dokumen-Persyaratan-Kredit/Page_DokumenChecking/select_b3-l2-185_0-b11-b1-l2-325_2-b1-l4_0-328_8_1"), "0", false): All options with value '0' are selected in object 'Object Repository/Pilar 1/Dokumen Go Live/UAT/CBU/Staff-CBU-Submit-Task/Dokumen-Persyaratan-Kredit/Page_DokumenChecking/select_b3-l2-185_0-b11-b1-l2-325_2-b1-l4_0-328_8_1' 

22-07-2026T10:59:53 - [MESSAGE][PASSED] - All options with value '0' are selected in object 'Object Repository/Pilar 1/Dokumen Go Live/UAT/CBU/Staff-CBU-Submit-Task/Dokumen-Persyaratan-Kredit/Page_DokumenChecking/select_b3-l2-185_0-b11-b1-l2-325_2-b1-l4_0-328_8_1' 

22-07-2026T10:59:53 - [TEST_STEP][PASSED] - setText(findTestObject("Pilar 1/Dokumen Go Live/UAT/CBU/Staff-CBU-Submit-Task/tambahan-text-area/Page_DokumenChecking/textarea_17"), "testing"): Text 'testing' is set on object 'Object Repository/Pilar 1/Dokumen Go Live/UAT/CBU/Staff-CBU-Submit-Task/tambahan-text-area/Page_DokumenChecking/textarea_17'

22-07-2026T10:59:54 - [MESSAGE][PASSED] - Text 'testing' is set on object 'Object Repository/Pilar 1/Dokumen Go Live/UAT/CBU/Staff-CBU-Submit-Task/tambahan-text-area/Page_DokumenChecking/textarea_17'

22-07-2026T10:59:54 - [TEST_STEP][PASSED] - delay(3): Delayed 3 second(s)

22-07-2026T10:59:57 - [MESSAGE][PASSED] - Delayed 3 second(s)

22-07-2026T10:59:57 - [TEST_STEP][PASSED] - click(findTestObject("Pilar 1/Dokumen Go Live/UAT/CBU/Staff-CBU-Submit-Task/Dokumen-Persyaratan-Kredit/Page_DokumenChecking/i_icon accordion-icon-dokumen-penjamin")): Object: 'Object Repository/Pilar 1/Dokumen Go Live/UAT/CBU/Staff-CBU-Submit-Task/Dokumen-Persyaratan-Kredit/Page_DokumenChecking/i_icon accordion-icon-dokumen-penjamin' is clicked on

22-07-2026T10:59:57 - [MESSAGE][PASSED] - Object: 'Object Repository/Pilar 1/Dokumen Go Live/UAT/CBU/Staff-CBU-Submit-Task/Dokumen-Persyaratan-Kredit/Page_DokumenChecking/i_icon accordion-icon-dokumen-penjamin' is clicked on

22-07-2026T10:59:57 - [TEST_STEP][PASSED] - selectOptionByValue(findTestObject("Pilar 1/Dokumen Go Live/UAT/CBU/Staff-CBU-Submit-Task/Dokumen-Persyaratan-Kredit/Page_DokumenChecking/select_b3-l2-185_0-b11-b1-l2-325_3-b1-l4_0-329_0"), "0", false): All options with value '0' are selected in object 'Object Repository/Pilar 1/Dokumen Go Live/UAT/CBU/Staff-CBU-Submit-Task/Dokumen-Persyaratan-Kredit/Page_DokumenChecking/select_b3-l2-185_0-b11-b1-l2-325_3-b1-l4_0-329_0' 

22-07-2026T10:59:58 - [MESSAGE][PASSED] - All options with value '0' are selected in object 'Object Repository/Pilar 1/Dokumen Go Live/UAT/CBU/Staff-CBU-Submit-Task/Dokumen-Persyaratan-Kredit/Page_DokumenChecking/select_b3-l2-185_0-b11-b1-l2-325_3-b1-l4_0-329_0' 

22-07-2026T10:59:58 - [TEST_STEP][PASSED] - selectOptionByValue(findTestObject("Pilar 1/Dokumen Go Live/UAT/CBU/Staff-CBU-Submit-Task/Dokumen-Persyaratan-Kredit/Page_DokumenChecking/select_b3-l2-185_0-b11-b1-l2-325_3-b1-l4_0-329_0_1"), "0", false): All options with value '0' are selected in object 'Object Repository/Pilar 1/Dokumen Go Live/UAT/CBU/Staff-CBU-Submit-Task/Dokumen-Persyaratan-Kredit/Page_DokumenChecking/select_b3-l2-185_0-b11-b1-l2-325_3-b1-l4_0-329_0_1' 

22-07-2026T10:59:59 - [MESSAGE][PASSED] - All options with value '0' are selected in object 'Object Repository/Pilar 1/Dokumen Go Live/UAT/CBU/Staff-CBU-Submit-Task/Dokumen-Persyaratan-Kredit/Page_DokumenChecking/select_b3-l2-185_0-b11-b1-l2-325_3-b1-l4_0-329_0_1' 

22-07-2026T10:59:59 - [TEST_STEP][PASSED] - setText(findTestObject("Pilar 1/Dokumen Go Live/UAT/CBU/Staff-CBU-Submit-Task/tambahan-text-area/Page_DokumenChecking/textarea_18"), "testing"): Text 'testing' is set on object 'Object Repository/Pilar 1/Dokumen Go Live/UAT/CBU/Staff-CBU-Submit-Task/tambahan-text-area/Page_DokumenChecking/textarea_18'

22-07-2026T10:59:59 - [MESSAGE][PASSED] - Text 'testing' is set on object 'Object Repository/Pilar 1/Dokumen Go Live/UAT/CBU/Staff-CBU-Submit-Task/tambahan-text-area/Page_DokumenChecking/textarea_18'

22-07-2026T10:59:59 - [TEST_STEP][PASSED] - selectOptionByValue(findTestObject("Pilar 1/Dokumen Go Live/UAT/CBU/Staff-CBU-Submit-Task/Dokumen-Persyaratan-Kredit/Page_DokumenChecking/select_b3-l2-185_0-b11-b1-l2-325_3-b1-l4_0-329_1"), "0", false): All options with value '0' are selected in object 'Object Repository/Pilar 1/Dokumen Go Live/UAT/CBU/Staff-CBU-Submit-Task/Dokumen-Persyaratan-Kredit/Page_DokumenChecking/select_b3-l2-185_0-b11-b1-l2-325_3-b1-l4_0-329_1' 

22-07-2026T11:00:00 - [MESSAGE][PASSED] - All options with value '0' are selected in object 'Object Repository/Pilar 1/Dokumen Go Live/UAT/CBU/Staff-CBU-Submit-Task/Dokumen-Persyaratan-Kredit/Page_DokumenChecking/select_b3-l2-185_0-b11-b1-l2-325_3-b1-l4_0-329_1' 

22-07-2026T11:00:00 - [TEST_STEP][PASSED] - selectOptionByValue(findTestObject("Pilar 1/Dokumen Go Live/UAT/CBU/Staff-CBU-Submit-Task/Dokumen-Persyaratan-Kredit/Page_DokumenChecking/select_b3-l2-185_0-b11-b1-l2-325_3-b1-l4_0-329_1_1"), "0", false): All options with value '0' are selected in object 'Object Repository/Pilar 1/Dokumen Go Live/UAT/CBU/Staff-CBU-Submit-Task/Dokumen-Persyaratan-Kredit/Page_DokumenChecking/select_b3-l2-185_0-b11-b1-l2-325_3-b1-l4_0-329_1_1' 

22-07-2026T11:00:01 - [MESSAGE][PASSED] - All options with value '0' are selected in object 'Object Repository/Pilar 1/Dokumen Go Live/UAT/CBU/Staff-CBU-Submit-Task/Dokumen-Persyaratan-Kredit/Page_DokumenChecking/select_b3-l2-185_0-b11-b1-l2-325_3-b1-l4_0-329_1_1' 

22-07-2026T11:00:01 - [TEST_STEP][PASSED] - setText(findTestObject("Pilar 1/Dokumen Go Live/UAT/CBU/Staff-CBU-Submit-Task/tambahan-text-area/Page_DokumenChecking/textarea_19"), "testing"): Text 'testing' is set on object 'Object Repository/Pilar 1/Dokumen Go Live/UAT/CBU/Staff-CBU-Submit-Task/tambahan-text-area/Page_DokumenChecking/textarea_19'

22-07-2026T11:00:02 - [MESSAGE][PASSED] - Text 'testing' is set on object 'Object Repository/Pilar 1/Dokumen Go Live/UAT/CBU/Staff-CBU-Submit-Task/tambahan-text-area/Page_DokumenChecking/textarea_19'

22-07-2026T11:00:02 - [TEST_STEP][PASSED] - selectOptionByValue(findTestObject("Pilar 1/Dokumen Go Live/UAT/CBU/Staff-CBU-Submit-Task/Dokumen-Persyaratan-Kredit/Page_DokumenChecking/select_b3-l2-185_0-b11-b1-l2-325_3-b1-l4_0-329_2"), "0", false): All options with value '0' are selected in object 'Object Repository/Pilar 1/Dokumen Go Live/UAT/CBU/Staff-CBU-Submit-Task/Dokumen-Persyaratan-Kredit/Page_DokumenChecking/select_b3-l2-185_0-b11-b1-l2-325_3-b1-l4_0-329_2' 

22-07-2026T11:00:02 - [MESSAGE][PASSED] - All options with value '0' are selected in object 'Object Repository/Pilar 1/Dokumen Go Live/UAT/CBU/Staff-CBU-Submit-Task/Dokumen-Persyaratan-Kredit/Page_DokumenChecking/select_b3-l2-185_0-b11-b1-l2-325_3-b1-l4_0-329_2' 

22-07-2026T11:00:02 - [TEST_STEP][PASSED] - selectOptionByValue(findTestObject("Pilar 1/Dokumen Go Live/UAT/CBU/Staff-CBU-Submit-Task/Dokumen-Persyaratan-Kredit/Page_DokumenChecking/select_b3-l2-185_0-b11-b1-l2-325_3-b1-l4_0-329_2_1"), "0", false): All options with value '0' are selected in object 'Object Repository/Pilar 1/Dokumen Go Live/UAT/CBU/Staff-CBU-Submit-Task/Dokumen-Persyaratan-Kredit/Page_DokumenChecking/select_b3-l2-185_0-b11-b1-l2-325_3-b1-l4_0-329_2_1' 

22-07-2026T11:00:03 - [MESSAGE][PASSED] - All options with value '0' are selected in object 'Object Repository/Pilar 1/Dokumen Go Live/UAT/CBU/Staff-CBU-Submit-Task/Dokumen-Persyaratan-Kredit/Page_DokumenChecking/select_b3-l2-185_0-b11-b1-l2-325_3-b1-l4_0-329_2_1' 

22-07-2026T11:00:03 - [TEST_STEP][PASSED] - setText(findTestObject("Pilar 1/Dokumen Go Live/UAT/CBU/Staff-CBU-Submit-Task/tambahan-text-area/Page_DokumenChecking/textarea_20"), "testing"): Text 'testing' is set on object 'Object Repository/Pilar 1/Dokumen Go Live/UAT/CBU/Staff-CBU-Submit-Task/tambahan-text-area/Page_DokumenChecking/textarea_20'

22-07-2026T11:00:04 - [MESSAGE][PASSED] - Text 'testing' is set on object 'Object Repository/Pilar 1/Dokumen Go Live/UAT/CBU/Staff-CBU-Submit-Task/tambahan-text-area/Page_DokumenChecking/textarea_20'

22-07-2026T11:00:04 - [TEST_STEP][PASSED] - selectOptionByValue(findTestObject("Pilar 1/Dokumen Go Live/UAT/CBU/Staff-CBU-Submit-Task/Dokumen-Persyaratan-Kredit/Page_DokumenChecking/select_b3-l2-185_0-b11-b1-l2-325_3-b1-l4_0-329_3"), "0", false): All options with value '0' are selected in object 'Object Repository/Pilar 1/Dokumen Go Live/UAT/CBU/Staff-CBU-Submit-Task/Dokumen-Persyaratan-Kredit/Page_DokumenChecking/select_b3-l2-185_0-b11-b1-l2-325_3-b1-l4_0-329_3' 

22-07-2026T11:00:04 - [MESSAGE][PASSED] - All options with value '0' are selected in object 'Object Repository/Pilar 1/Dokumen Go Live/UAT/CBU/Staff-CBU-Submit-Task/Dokumen-Persyaratan-Kredit/Page_DokumenChecking/select_b3-l2-185_0-b11-b1-l2-325_3-b1-l4_0-329_3' 

22-07-2026T11:00:04 - [TEST_STEP][PASSED] - selectOptionByValue(findTestObject("Pilar 1/Dokumen Go Live/UAT/CBU/Staff-CBU-Submit-Task/Dokumen-Persyaratan-Kredit/Page_DokumenChecking/select_b3-l2-185_0-b11-b1-l2-325_3-b1-l4_0-329_3_1"), "0", false): All options with value '0' are selected in object 'Object Repository/Pilar 1/Dokumen Go Live/UAT/CBU/Staff-CBU-Submit-Task/Dokumen-Persyaratan-Kredit/Page_DokumenChecking/select_b3-l2-185_0-b11-b1-l2-325_3-b1-l4_0-329_3_1' 

22-07-2026T11:00:05 - [MESSAGE][PASSED] - All options with value '0' are selected in object 'Object Repository/Pilar 1/Dokumen Go Live/UAT/CBU/Staff-CBU-Submit-Task/Dokumen-Persyaratan-Kredit/Page_DokumenChecking/select_b3-l2-185_0-b11-b1-l2-325_3-b1-l4_0-329_3_1' 

22-07-2026T11:00:05 - [TEST_STEP][PASSED] - setText(findTestObject("Pilar 1/Dokumen Go Live/UAT/CBU/Staff-CBU-Submit-Task/tambahan-text-area/Page_DokumenChecking/textarea_21"), "testing"): Text 'testing' is set on object 'Object Repository/Pilar 1/Dokumen Go Live/UAT/CBU/Staff-CBU-Submit-Task/tambahan-text-area/Page_DokumenChecking/textarea_21'

[...]

22-07-2026T11:10:05 - [MESSAGE][PASSED] - Object: 'Object Repository/Pilar 1/Dokumen Go Live/UAT/CBU/PIC-CBU-Submit-Task/Page_Dashboard/a_Dokumen Golive' is clicked on

22-07-2026T11:10:05 - [TEST_STEP][PASSED] - selectOptionByValue(findTestObject("Pilar 1/Dokumen Go Live/UAT/CBU/PIC-CBU-Submit-Task/Page_TindakLanjut/select_b3-b1-b1-BisnisUnit"), "0", false): All options with value '0' are selected in object 'Object Repository/Pilar 1/Dokumen Go Live/UAT/CBU/PIC-CBU-Submit-Task/Page_TindakLanjut/select_b3-b1-b1-BisnisUnit' 

22-07-2026T11:10:07 - [MESSAGE][PASSED] - All options with value '0' are selected in object 'Object Repository/Pilar 1/Dokumen Go Live/UAT/CBU/PIC-CBU-Submit-Task/Page_TindakLanjut/select_b3-b1-b1-BisnisUnit' 

22-07-2026T11:10:07 - [TEST_STEP][PASSED] - selectOptionByValue(findTestObject("Pilar 1/Dokumen Go Live/UAT/CBU/PIC-CBU-Submit-Task/Page_TindakLanjut/select_b3-b1-b1-Dropdown1"), "2", false): All options with value '2' are selected in object 'Object Repository/Pilar 1/Dokumen Go Live/UAT/CBU/PIC-CBU-Submit-Task/Page_TindakLanjut/select_b3-b1-b1-Dropdown1' 

22-07-2026T11:10:08 - [MESSAGE][PASSED] - All options with value '2' are selected in object 'Object Repository/Pilar 1/Dokumen Go Live/UAT/CBU/PIC-CBU-Submit-Task/Page_TindakLanjut/select_b3-b1-b1-Dropdown1' 

22-07-2026T11:10:08 - [TEST_STEP][PASSED] - selectOptionByValue(findTestObject("Pilar 1/Dokumen Go Live/UAT/CBU/PIC-CBU-Submit-Task/Page_TindakLanjut/select_b3-b1-b1-Dropdown3"), "0", false): All options with value '0' are selected in object 'Object Repository/Pilar 1/Dokumen Go Live/UAT/CBU/PIC-CBU-Submit-Task/Page_TindakLanjut/select_b3-b1-b1-Dropdown3' 

22-07-2026T11:10:09 - [MESSAGE][PASSED] - All options with value '0' are selected in object 'Object Repository/Pilar 1/Dokumen Go Live/UAT/CBU/PIC-CBU-Submit-Task/Page_TindakLanjut/select_b3-b1-b1-Dropdown3' 

22-07-2026T11:10:09 - [TEST_STEP][PASSED] - click(findTestObject("Pilar 1/Dokumen Go Live/UAT/CBU/PIC-CBU-Submit-Task/Page_TindakLanjut/button_Cari")): Object: 'Object Repository/Pilar 1/Dokumen Go Live/UAT/CBU/PIC-CBU-Submit-Task/Page_TindakLanjut/button_Cari' is clicked on

22-07-2026T11:10:09 - [MESSAGE][PASSED] - Object: 'Object Repository/Pilar 1/Dokumen Go Live/UAT/CBU/PIC-CBU-Submit-Task/Page_TindakLanjut/button_Cari' is clicked on

22-07-2026T11:10:09 - [TEST_STEP][PASSED] - click(findTestObject("Pilar 1/Dokumen Go Live/UAT/CBU/PIC-CBU-Submit-Task/Page_TindakLanjut/button_Tindak Lanjut")): Object: 'Object Repository/Pilar 1/Dokumen Go Live/UAT/CBU/PIC-CBU-Submit-Task/Page_TindakLanjut/button_Tindak Lanjut' is clicked on

22-07-2026T11:10:10 - [MESSAGE][PASSED] - Object: 'Object Repository/Pilar 1/Dokumen Go Live/UAT/CBU/PIC-CBU-Submit-Task/Page_TindakLanjut/button_Tindak Lanjut' is clicked on

22-07-2026T11:10:10 - [TEST_STEP][PASSED] - setText(findTestObject("Pilar 1/Dokumen Go Live/UAT/CBU/PIC-CBU-Submit-Task/Page_TindakLanjutDetail/input_b3-b2-l3-187_0-l3-188_0-b5-l5_0-189_0-Input"), "31-07-2026"): Text '31-07-2026' is set on object 'Object Repository/Pilar 1/Dokumen Go Live/UAT/CBU/PIC-CBU-Submit-Task/Page_TindakLanjutDetail/input_b3-b2-l3-187_0-l3-188_0-b5-l5_0-189_0-Input'

22-07-2026T11:10:13 - [MESSAGE][PASSED] - Text '31-07-2026' is set on object 'Object Repository/Pilar 1/Dokumen Go Live/UAT/CBU/PIC-CBU-Submit-Task/Page_TindakLanjutDetail/input_b3-b2-l3-187_0-l3-188_0-b5-l5_0-189_0-Input'

22-07-2026T11:10:13 - [TEST_STEP][PASSED] - setText(findTestObject("Pilar 1/Dokumen Go Live/UAT/CBU/PIC-CBU-Submit-Task/Page_TindakLanjutDetail/textarea_b3-b2-l3-187_0-l3-188_0-b5-l5_0-189_0-T"), "testing"): Text 'testing' is set on object 'Object Repository/Pilar 1/Dokumen Go Live/UAT/CBU/PIC-CBU-Submit-Task/Page_TindakLanjutDetail/textarea_b3-b2-l3-187_0-l3-188_0-b5-l5_0-189_0-T'

22-07-2026T11:10:14 - [MESSAGE][PASSED] - Text 'testing' is set on object 'Object Repository/Pilar 1/Dokumen Go Live/UAT/CBU/PIC-CBU-Submit-Task/Page_TindakLanjutDetail/textarea_b3-b2-l3-187_0-l3-188_0-b5-l5_0-189_0-T'

22-07-2026T11:10:14 - [TEST_STEP][PASSED] - click(findTestObject("Pilar 1/Dokumen Go Live/UAT/CBU/PIC-CBU-Submit-Task/Page_TindakLanjutDetail/button_Unggah")): Object: 'Object Repository/Pilar 1/Dokumen Go Live/UAT/CBU/PIC-CBU-Submit-Task/Page_TindakLanjutDetail/button_Unggah' is clicked on

22-07-2026T11:10:14 - [MESSAGE][PASSED] - Object: 'Object Repository/Pilar 1/Dokumen Go Live/UAT/CBU/PIC-CBU-Submit-Task/Page_TindakLanjutDetail/button_Unggah' is clicked on

22-07-2026T11:10:14 - [TEST_STEP][PASSED] - delay(7): Delayed 7 second(s)

22-07-2026T11:10:21 - [MESSAGE][PASSED] - Delayed 7 second(s)

22-07-2026T11:10:21 - [TEST_STEP][NOT_RUN] - uploadFile(findTestObject("Pilar 1/Dokumen Go Live/UAT/CBU/PIC-CBU-Submit-Task/Page_TindakLanjutDetail/div_b3-b2-l3-187_0-l3-188_0-b5-b3-dropzone"), Lorem): NOT_RUN: uploadFile(findTestObject("Pilar 1/Dokumen Go Live/UAT/CBU/PIC-CBU-Submit-Task/Page_TindakLanjutDetail/div_b3-b2-l3-187_0-l3-188_0-b5-b3-dropzone"), Lorem)

22-07-2026T11:10:21 - [MESSAGE][NOT_RUN] - NOT_RUN: uploadFile(findTestObject("Pilar 1/Dokumen Go Live/UAT/CBU/PIC-CBU-Submit-Task/Page_TindakLanjutDetail/div_b3-b2-l3-187_0-l3-188_0-b5-b3-dropzone"), Lorem)

22-07-2026T11:10:21 - [TEST_STEP][NOT_RUN] - click(findTestObject("Pilar 1/Dokumen Go Live/UAT/CBU/PIC-CBU-Submit-Task/Page_TindakLanjutDetail/button_Upload")): NOT_RUN: click(findTestObject("Pilar 1/Dokumen Go Live/UAT/CBU/PIC-CBU-Submit-Task/Page_TindakLanjutDetail/button_Upload"))

22-07-2026T11:10:21 - [MESSAGE][NOT_RUN] - NOT_RUN: click(findTestObject("Pilar 1/Dokumen Go Live/UAT/CBU/PIC-CBU-Submit-Task/Page_TindakLanjutDetail/button_Upload"))

22-07-2026T11:10:21 - [TEST_STEP][PASSED] - click(findTestObject("Pilar 1/Dokumen Go Live/UAT/CBU/PIC-CBU-Submit-Task/Page_TindakLanjutDetail/button_Submit")): Object: 'Object Repository/Pilar 1/Dokumen Go Live/UAT/CBU/PIC-CBU-Submit-Task/Page_TindakLanjutDetail/button_Submit' is clicked on

22-07-2026T11:10:21 - [MESSAGE][PASSED] - Object: 'Object Repository/Pilar 1/Dokumen Go Live/UAT/CBU/PIC-CBU-Submit-Task/Page_TindakLanjutDetail/button_Submit' is clicked on

22-07-2026T11:10:21 - [TEST_STEP][PASSED] - selectOptionByValue(findTestObject("Pilar 1/Dokumen Go Live/UAT/CBU/PIC-CBU-Submit-Task/Page_TindakLanjut/select_b3-b1-b1-Dropdown3"), "2", false): All options with value '2' are selected in object 'Object Repository/Pilar 1/Dokumen Go Live/UAT/CBU/PIC-CBU-Submit-Task/Page_TindakLanjut/select_b3-b1-b1-Dropdown3' 

22-07-2026T11:10:24 - [MESSAGE][PASSED] - All options with value '2' are selected in object 'Object Repository/Pilar 1/Dokumen Go Live/UAT/CBU/PIC-CBU-Submit-Task/Page_TindakLanjut/select_b3-b1-b1-Dropdown3' 

22-07-2026T11:10:24 - [TEST_STEP][PASSED] - click(findTestObject("Pilar 1/Dokumen Go Live/UAT/CBU/PIC-CBU-Submit-Task/Page_TindakLanjut/button_Cari")): Object: 'Object Repository/Pilar 1/Dokumen Go Live/UAT/CBU/PIC-CBU-Submit-Task/Page_TindakLanjut/button_Cari' is clicked on

22-07-2026T11:10:24 - [MESSAGE][PASSED] - Object: 'Object Repository/Pilar 1/Dokumen Go Live/UAT/CBU/PIC-CBU-Submit-Task/Page_TindakLanjut/button_Cari' is clicked on]]></system-out>
         <system-err><![CDATA[]]></system-err>
      </testcase>
      <testcase name="Test Cases/Pilar 1/Dokumen Go Live/UAT/CBU/SPV-CBU-Submit-Tindak-Lanjut" time="69.891" classname="Test Cases/Pilar 1/Dokumen Go Live/UAT/CBU/SPV-CBU-Submit-Tindak-Lanjut" status="PASSED">
         <system-out><![CDATA[22-07-2026T11:10:24 - [TEST_CASE][PASSED] - Test Cases/Pilar 1/Dokumen Go Live/UAT/CBU/SPV-CBU-Submit-Tindak-Lanjut: Test Cases/Pilar 1/Dokumen Go Live/UAT/CBU/SPV-CBU-Submit-Tindak-Lanjut

22-07-2026T11:10:24 - [TEST_STEP][PASSED] - callTestCase(findTestCase("Pilar 1/Login/UAT/SPV-CBU"), [:], STOP_ON_FAILURE): Call Test Case 'Test Cases/Pilar 1/Login/UAT/SPV-CBU' successfully

22-07-2026T11:10:24 - [TEST_CASE][PASSED] - Test Cases/Pilar 1/Login/UAT/SPV-CBU: Test Cases/Pilar 1/Login/UAT/SPV-CBU

22-07-2026T11:10:24 - [TEST_STEP][PASSED] - openBrowser("https://sakti-test.csulfinance.com/CSULFoundation_Login/Login"): Browser is opened with url: 'https://sakti-test.csulfinance.com/CSULFoundation_Login/Login'

22-07-2026T11:10:24 - [MESSAGE][WARNING] - A browser is already opened. Closing browser and opening a new one

22-07-2026T11:10:24 - [MESSAGE][INFO] - Starting 'Chrome' driver

22-07-2026T11:10:25 - [MESSAGE][INFO] - Action delay is set to 0 milliseconds

22-07-2026T11:10:26 - [MESSAGE][PASSED] - Browser is opened with url: 'https://sakti-test.csulfinance.com/CSULFoundation_Login/Login'

22-07-2026T11:10:26 - [TEST_STEP][PASSED] - maximizeWindow(): Current window maximized

22-07-2026T11:10:26 - [MESSAGE][PASSED] - Current window maximized

22-07-2026T11:10:26 - [TEST_STEP][PASSED] - waitForElementVisible(findTestObject("Pilar 1/Login/UAT/Page_Login/input_Username"), 10): Object 'Object Repository/Pilar 1/Login/UAT/Page_Login/input_Username' is visible

22-07-2026T11:10:29 - [MESSAGE][PASSED] - Object 'Object Repository/Pilar 1/Login/UAT/Page_Login/input_Username' is visible

22-07-2026T11:10:29 - [TEST_STEP][PASSED] - setText(findTestObject("Pilar 1/Login/UAT/Page_Login/input_Username"), "adhy.surnanto"): Text 'adhy.surnanto' is set on object 'Object Repository/Pilar 1/Login/UAT/Page_Login/input_Username'

22-07-2026T11:10:31 - [MESSAGE][PASSED] - Text 'adhy.surnanto' is set on object 'Object Repository/Pilar 1/Login/UAT/Page_Login/input_Username'

22-07-2026T11:10:31 - [TEST_STEP][PASSED] - setEncryptedText(findTestObject("Pilar 1/Login/UAT/Page_Login/input_Password"), "DKZg8gTnVzw="): Text ****** has been set on object 'Object Repository/Pilar 1/Login/UAT/Page_Login/input_Password'

22-07-2026T11:10:31 - [MESSAGE][PASSED] - Text ****** has been set on object 'Object Repository/Pilar 1/Login/UAT/Page_Login/input_Password'

22-07-2026T11:10:31 - [TEST_STEP][PASSED] - delay(20): Delayed 20 second(s)

22-07-2026T11:10:51 - [MESSAGE][PASSED] - Delayed 20 second(s)

22-07-2026T11:10:51 - [TEST_STEP][PASSED] - click(findTestObject("Pilar 1/Login/UAT/Page_Login/button_Login")): Object: 'Object Repository/Pilar 1/Login/UAT/Page_Login/button_Login' is clicked on

22-07-2026T11:10:51 - [MESSAGE][PASSED] - Object: 'Object Repository/Pilar 1/Login/UAT/Page_Login/button_Login' is clicked on

22-07-2026T11:10:51 - [TEST_STEP][PASSED] - delay(5): Delayed 5 second(s)

22-07-2026T11:10:56 - [MESSAGE][PASSED] - Delayed 5 second(s)

22-07-2026T11:10:56 - [TEST_STEP][PASSED] - waitForElementVisible(findTestObject("Pilar 1/Login/UAT/Page_Login/Page_ApplicationsCatalog/span_Risk Control Unit Application"), 10): Object 'Object Repository/Pilar 1/Login/UAT/Page_Login/Page_ApplicationsCatalog/span_Risk Control Unit Application' is visible

22-07-2026T11:10:58 - [MESSAGE][PASSED] - Object 'Object Repository/Pilar 1/Login/UAT/Page_Login/Page_ApplicationsCatalog/span_Risk Control Unit Application' is visible

22-07-2026T11:10:58 - [TEST_STEP][PASSED] - doubleClick(findTestObject("Pilar 1/Login/UAT/Page_Login/Page_ApplicationsCatalog/span_Risk Control Unit Application")): Object: 'Object Repository/Pilar 1/Login/UAT/Page_Login/Page_ApplicationsCatalog/span_Risk Control Unit Application' is double clicked on

22-07-2026T11:11:01 - [MESSAGE][PASSED] - Object: 'Object Repository/Pilar 1/Login/UAT/Page_Login/Page_ApplicationsCatalog/span_Risk Control Unit Application' is double clicked on

22-07-2026T11:11:01 - [MESSAGE][PASSED] - Call Test Case 'Test Cases/Pilar 1/Login/UAT/SPV-CBU' successfully

22-07-2026T11:11:01 - [TEST_STEP][PASSED] - click(findTestObject("Pilar 1/Dokumen Go Live/UAT/CBU/SPV-CBU-Assign-PIC/Page_Dashboard/div_b2-l1-16_10-b3-SubMenuHeader")): Object: 'Object Repository/Pilar 1/Dokumen Go Live/UAT/CBU/SPV-CBU-Assign-PIC/Page_Dashboard/div_b2-l1-16_10-b3-SubMenuHeader' is clicked on

22-07-2026T11:11:06 - [MESSAGE][PASSED] - Object: 'Object Repository/Pilar 1/Dokumen Go Live/UAT/CBU/SPV-CBU-Assign-PIC/Page_Dashboard/div_b2-l1-16_10-b3-SubMenuHeader' is clicked on

22-07-2026T11:11:06 - [TEST_STEP][PASSED] - click(findTestObject("Pilar 1/Dokumen Go Live/UAT/CBU/SPV-CBU-Assign-PIC/Page_Dashboard/div_b2-l1-16_10-b4-l1-44_4-b1-SubMenuHeader")): Object: 'Object Repository/Pilar 1/Dokumen Go Live/UAT/CBU/SPV-CBU-Assign-PIC/Page_Dashboard/div_b2-l1-16_10-b4-l1-44_4-b1-SubMenuHeader' is clicked on

22-07-2026T11:11:09 - [MESSAGE][PASSED] - Object: 'Object Repository/Pilar 1/Dokumen Go Live/UAT/CBU/SPV-CBU-Assign-PIC/Page_Dashboard/div_b2-l1-16_10-b4-l1-44_4-b1-SubMenuHeader' is clicked on

22-07-2026T11:11:09 - [TEST_STEP][PASSED] - click(findTestObject("Pilar 1/Dokumen Go Live/UAT/CBU/SPV-CBU-Assign-PIC/Page_Dashboard/a_Dokumen Golive")): Object: 'Object Repository/Pilar 1/Dokumen Go Live/UAT/CBU/SPV-CBU-Assign-PIC/Page_Dashboard/a_Dokumen Golive' is clicked on

22-07-2026T11:11:09 - [MESSAGE][PASSED] - Object: 'Object Repository/Pilar 1/Dokumen Go Live/UAT/CBU/SPV-CBU-Assign-PIC/Page_Dashboard/a_Dokumen Golive' is clicked on

22-07-2026T11:11:09 - [TEST_STEP][PASSED] - setText(findTestObject("Pilar 1/Dokumen Go Live/UAT/CBU/SPV-CBU-Assign-PIC/Page_TindakLanjut/input_b3-b2-b1-Input_StartDate3"), "22-07-2026"): Text '22-07-2026' is set on object 'Object Repository/Pilar 1/Dokumen Go Live/UAT/CBU/SPV-CBU-Assign-PIC/Page_TindakLanjut/input_b3-b2-b1-Input_StartDate3'

22-07-2026T11:11:13 - [MESSAGE][PASSED] - Text '22-07-2026' is set on object 'Object Repository/Pilar 1/Dokumen Go Live/UAT/CBU/SPV-CBU-Assign-PIC/Page_TindakLanjut/input_b3-b2-b1-Input_StartDate3'

22-07-2026T11:11:13 - [TEST_STEP][PASSED] - setText(findTestObject("Pilar 1/Dokumen Go Live/UAT/CBU/SPV-CBU-Assign-PIC/Page_TindakLanjut/input_b3-b2-b1-Input_StartDate4"), "22-07-2026"): Text '22-07-2026' is set on object 'Object Repository/Pilar 1/Dokumen Go Live/UAT/CBU/SPV-CBU-Assign-PIC/Page_TindakLanjut/input_b3-b2-b1-Input_StartDate4'

22-07-2026T11:11:14 - [MESSAGE][PASSED] - Text '22-07-2026' is set on object 'Object Repository/Pilar 1/Dokumen Go Live/UAT/CBU/SPV-CBU-Assign-PIC/Page_TindakLanjut/input_b3-b2-b1-Input_StartDate4'

22-07-2026T11:11:14 - [TEST_STEP][PASSED] - selectOptionByValue(findTestObject("Pilar 1/Dokumen Go Live/UAT/CBU/SPV-CBU-Assign-PIC/Page_TindakLanjut/select_b3-b2-b1-Dropdown2"), "2", false): All options with value '2' are selected in object 'Object Repository/Pilar 1/Dokumen Go Live/UAT/CBU/SPV-CBU-Assign-PIC/Page_TindakLanjut/select_b3-b2-b1-Dropdown2' 

22-07-2026T11:11:14 - [MESSAGE][PASSED] - All options with value '2' are selected in object 'Object Repository/Pilar 1/Dokumen Go Live/UAT/CBU/SPV-CBU-Assign-PIC/Page_TindakLanjut/select_b3-b2-b1-Dropdown2' 

22-07-2026T11:11:14 - [TEST_STEP][PASSED] - selectOptionByValue(findTestObject("Pilar 1/Dokumen Go Live/UAT/CBU/SPV-CBU-Assign-PIC/Page_TindakLanjut/select_b3-b2-b1-Dropdown5"), "2", false): All options with value '2' are selected in object 'Object Repository/Pilar 1/Dokumen Go Live/UAT/CBU/SPV-CBU-Assign-PIC/Page_TindakLanjut/select_b3-b2-b1-Dropdown5' 

22-07-2026T11:11:15 - [MESSAGE][PASSED] - All options with value '2' are selected in object 'Object Repository/Pilar 1/Dokumen Go Live/UAT/CBU/SPV-CBU-Assign-PIC/Page_TindakLanjut/select_b3-b2-b1-Dropdown5' 

22-07-2026T11:11:15 - [TEST_STEP][PASSED] - click(findTestObject("Pilar 1/Dokumen Go Live/UAT/CBU/SPV-CBU-Assign-PIC/Page_TindakLanjut/button_Cari")): Object: 'Object Repository/Pilar 1/Dokumen Go Live/UAT/CBU/SPV-CBU-Assign-PIC/Page_TindakLanjut/button_Cari' is clicked on

22-07-2026T11:11:15 - [MESSAGE][PASSED] - Object: 'Object Repository/Pilar 1/Dokumen Go Live/UAT/CBU/SPV-CBU-Assign-PIC/Page_TindakLanjut/button_Cari' is clicked on

22-07-2026T11:11:15 - [TEST_STEP][PASSED] - click(findTestObject("Pilar 1/Dokumen Go Live/UAT/CBU/SPV-CBU-Assign-PIC/Page_TindakLanjut/button_Tindak Lanjut")): Object: 'Object Repository/Pilar 1/Dokumen Go Live/UAT/CBU/SPV-CBU-Assign-PIC/Page_TindakLanjut/button_Tindak Lanjut' is clicked on

22-07-2026T11:11:16 - [MESSAGE][PASSED] - Object: 'Object Repository/Pilar 1/Dokumen Go Live/UAT/CBU/SPV-CBU-Assign-PIC/Page_TindakLanjut/button_Tindak Lanjut' is clicked on

22-07-2026T11:11:16 - [TEST_STEP][PASSED] - click(findTestObject("Pilar 1/Dokumen Go Live/UAT/CBU/SPV-CBU-Submit-Tindak-Lanjut/Page_TindakLanjutDetail/button_Tindak Lanjut")): Object: 'Object Repository/Pilar 1/Dokumen Go Live/UAT/CBU/SPV-CBU-Submit-Tindak-Lanjut/Page_TindakLanjutDetail/button_Tindak Lanjut' is clicked on

22-07-2026T11:11:21 - [MESSAGE][PASSED] - Object: 'Object Repository/Pilar 1/Dokumen Go Live/UAT/CBU/SPV-CBU-Submit-Tindak-Lanjut/Page_TindakLanjutDetail/button_Tindak Lanjut' is clicked on

22-07-2026T11:11:21 - [TEST_STEP][PASSED] - click(findTestObject("Pilar 1/Dokumen Go Live/UAT/CBU/SPV-CBU-Submit-Tindak-Lanjut/Page_TindakLanjutDocumentDetail/button_Lihat Dokumen")): Object: 'Object Repository/Pilar 1/Dokumen Go Live/UAT/CBU/SPV-CBU-Submit-Tindak-Lanjut/Page_TindakLanjutDocumentDetail/button_Lihat Dokumen' is clicked on

22-07-2026T11:11:23 - [MESSAGE][PASSED] - Object: 'Object Repository/Pilar 1/Dokumen Go Live/UAT/CBU/SPV-CBU-Submit-Tindak-Lanjut/Page_TindakLanjutDocumentDetail/button_Lihat Dokumen' is clicked on

22-07-2026T11:11:23 - [TEST_STEP][PASSED] - selectOptionByValue(findTestObject("Pilar 1/Dokumen Go Live/UAT/CBU/SPV-CBU-Submit-Tindak-Lanjut/Page_TindakLanjutDocumentDetail/select_b3-l1-787_0-b2-TindakLanjutStatus"), "0", false): All options with value '0' are selected in object 'Object Repository/Pilar 1/Dokumen Go Live/UAT/CBU/SPV-CBU-Submit-Tindak-Lanjut/Page_TindakLanjutDocumentDetail/select_b3-l1-787_0-b2-TindakLanjutStatus' 

22-07-2026T11:11:27 - [MESSAGE][PASSED] - All options with value '0' are selected in object 'Object Repository/Pilar 1/Dokumen Go Live/UAT/CBU/SPV-CBU-Submit-Tindak-Lanjut/Page_TindakLanjutDocumentDetail/select_b3-l1-787_0-b2-TindakLanjutStatus' 

22-07-2026T11:11:27 - [TEST_STEP][PASSED] - setText(findTestObject("Pilar 1/Dokumen Go Live/UAT/CBU/SPV-CBU-Submit-Tindak-Lanjut/Page_TindakLanjutDocumentDetail/textarea_b3-l1-787_0-b2-TextArea_HasilCatatan"), "testing"): Text 'testing' is set on object 'Object Repository/Pilar 1/Dokumen Go Live/UAT/CBU/SPV-CBU-Submit-Tindak-Lanjut/Page_TindakLanjutDocumentDetail/textarea_b3-l1-787_0-b2-TextArea_HasilCatatan'

22-07-2026T11:11:28 - [MESSAGE][PASSED] - Text 'testing' is set on object 'Object Repository/Pilar 1/Dokumen Go Live/UAT/CBU/SPV-CBU-Submit-Tindak-Lanjut/Page_TindakLanjutDocumentDetail/textarea_b3-l1-787_0-b2-TextArea_HasilCatatan'

22-07-2026T11:11:28 - [TEST_STEP][PASSED] - click(findTestObject("Pilar 1/Dokumen Go Live/UAT/CBU/SPV-CBU-Submit-Tindak-Lanjut/Page_TindakLanjutDocumentDetail/button_Submit")): Object: 'Object Repository/Pilar 1/Dokumen Go Live/UAT/CBU/SPV-CBU-Submit-Tindak-Lanjut/Page_TindakLanjutDocumentDetail/button_Submit' is clicked on

22-07-2026T11:11:28 - [MESSAGE][PASSED] - Object: 'Object Repository/Pilar 1/Dokumen Go Live/UAT/CBU/SPV-CBU-Submit-Tindak-Lanjut/Page_TindakLanjutDocumentDetail/button_Submit' is clicked on

22-07-2026T11:11:28 - [TEST_STEP][PASSED] - click(findTestObject("Pilar 1/Dokumen Go Live/UAT/CBU/SPV-CBU-Submit-Tindak-Lanjut/Page_TindakLanjutDetail/button_Tindak Lanjut")): Object: 'Object Repository/Pilar 1/Dokumen Go Live/UAT/CBU/SPV-CBU-Submit-Tindak-Lanjut/Page_TindakLanjutDetail/button_Tindak Lanjut' is clicked on

22-07-2026T11:11:34 - [MESSAGE][PASSED] - Object: 'Object Repository/Pilar 1/Dokumen Go Live/UAT/CBU/SPV-CBU-Submit-Tindak-Lanjut/Page_TindakLanjutDetail/button_Tindak Lanjut' is clicked on]]></system-out>
         <system-err><![CDATA[]]></system-err>
      </testcase>
      <system-out><![CDATA[22-07-2026T10:56:48 - [TEST_SUITE][PASSED] - Dokumen Go Live - CBU: null]]></system-out>
      <system-err><![CDATA[]]></system-err>
   </testsuite>
</testsuites>
