<?xml version="1.0" encoding="UTF-8"?>
<testsuites name="Kunjungan Showroom - RBU" time="438.659" tests="6" failures="0" errors="0">
   <testsuite name="Kunjungan Showroom - RBU" tests="6" failures="0" errors="0" time="438.659" skipped="0" timestamp="2026-07-22T02:27:28.885Z" hostname="Syarifah Risyani - Syarifah" id="Test Suites/Pilar 1/UAT/Showroom-Supplier/Kunjungan Showroom - RBU">
      <properties>
         <property name="deviceName" value=""/>
         <property name="devicePlatform"/>
         <property name="logFolder" value="C:\\Users\\Syarifah Risyani\\git\\Pilar 1\\CSUL-Pilar-1\\Reports\\20260722_092723\\Pilar 1\\UAT\\Showroom-Supplier\\Kunjungan Showroom - RBU\\20260722_092723"/>
         <property name="logFiles" value="C:\\Users\\Syarifah Risyani\\git\\Pilar 1\\CSUL-Pilar-1\\Reports\\20260722_092723\\Pilar 1\\UAT\\Showroom-Supplier\\Kunjungan Showroom - RBU\\20260722_092723\\console0.log, C:\\Users\\Syarifah Risyani\\git\\Pilar 1\\CSUL-Pilar-1\\Reports\\20260722_092723\\Pilar 1\\UAT\\Showroom-Supplier\\Kunjungan Showroom - RBU\\20260722_092723\\execution0.log"/>
         <property name="attachments" value=""/>
         <property name="executionBindingVariables" value="[]"/>
         <property name="hostName" value="Syarifah Risyani - Syarifah"/>
         <property name="os" value="Windows 11 64bit"/>
         <property name="katalonVersion" value="11.1.1.0"/>
         <property name="browser" value="Chrome 150.0.7871.129"/>
         <property name="userFullName" value="Syarifah Risyani"/>
         <property name="hostAddress" value="172.16.0.2"/>
         <property name="sessionId" value="61fcb07e138573353660fde1103b4d6f"/>
         <property name="projectName" value="CSUL-Pilar-1"/>
         <property name="seleniumVersion" value="4.39.0"/>
         <property name="proxyInformation" value="ProxyInformation { proxyOption=NO_PROXY, proxyServerType=HTTP, username=, password=********, proxyServerAddress=, proxyServerPort=0, executionList=&quot;&quot;, isApplyToDesiredCapabilities=true }"/>
         <property name="platform" value="Windows 11"/>
      </properties>
      <testcase name="Test Cases/Pilar 1/Showroom-Supplier/UAT/RBU/SPV_RBU_Assign_Staff" time="61.163" classname="Test Cases/Pilar 1/Showroom-Supplier/UAT/RBU/SPV_RBU_Assign_Staff" status="PASSED">
         <system-out><![CDATA[22-07-2026T09:27:29 - [TEST_CASE][PASSED] - Test Cases/Pilar 1/Showroom-Supplier/UAT/RBU/SPV_RBU_Assign_Staff: Test Cases/Pilar 1/Showroom-Supplier/UAT/RBU/SPV_RBU_Assign_Staff

22-07-2026T09:27:29 - [TEST_STEP][PASSED] - callTestCase(findTestCase("Pilar 1/Login/UAT/SPV-RBU"), [:], STOP_ON_FAILURE): Call Test Case 'Test Cases/Pilar 1/Login/UAT/SPV-RBU' successfully

22-07-2026T09:27:29 - [TEST_CASE][PASSED] - Test Cases/Pilar 1/Login/UAT/SPV-RBU: Test Cases/Pilar 1/Login/UAT/SPV-RBU

22-07-2026T09:27:30 - [TEST_STEP][PASSED] - openBrowser("https://sakti-test.csulfinance.com/CSULFoundation_Login/Login"): Browser is opened with url: 'https://sakti-test.csulfinance.com/CSULFoundation_Login/Login'

22-07-2026T09:27:30 - [MESSAGE][INFO] - Starting 'Chrome' driver

22-07-2026T09:27:30 - [MESSAGE][INFO] - Action delay is set to 0 milliseconds

22-07-2026T09:27:33 - [MESSAGE][PASSED] - Browser is opened with url: 'https://sakti-test.csulfinance.com/CSULFoundation_Login/Login'

22-07-2026T09:27:33 - [TEST_STEP][PASSED] - maximizeWindow(): Current window maximized

22-07-2026T09:27:33 - [MESSAGE][PASSED] - Current window maximized

22-07-2026T09:27:33 - [TEST_STEP][PASSED] - waitForElementVisible(findTestObject("Pilar 1/Login/UAT/Page_Login/input_Username"), 10): Object 'Object Repository/Pilar 1/Login/UAT/Page_Login/input_Username' is visible

22-07-2026T09:27:37 - [MESSAGE][PASSED] - Object 'Object Repository/Pilar 1/Login/UAT/Page_Login/input_Username' is visible

22-07-2026T09:27:37 - [TEST_STEP][PASSED] - setText(findTestObject("Pilar 1/Login/UAT/Page_Login/input_Username"), "taufan.minangga"): Text 'taufan.minangga' is set on object 'Object Repository/Pilar 1/Login/UAT/Page_Login/input_Username'

22-07-2026T09:27:38 - [MESSAGE][PASSED] - Text 'taufan.minangga' is set on object 'Object Repository/Pilar 1/Login/UAT/Page_Login/input_Username'

22-07-2026T09:27:38 - [TEST_STEP][PASSED] - setEncryptedText(findTestObject("Pilar 1/Login/UAT/Page_Login/input_Password"), "DKZg8gTnVzw="): Text ****** has been set on object 'Object Repository/Pilar 1/Login/UAT/Page_Login/input_Password'

22-07-2026T09:27:39 - [MESSAGE][PASSED] - Text ****** has been set on object 'Object Repository/Pilar 1/Login/UAT/Page_Login/input_Password'

22-07-2026T09:27:39 - [TEST_STEP][PASSED] - delay(20): Delayed 20 second(s)

22-07-2026T09:27:59 - [MESSAGE][PASSED] - Delayed 20 second(s)

22-07-2026T09:27:59 - [TEST_STEP][PASSED] - click(findTestObject("Pilar 1/Login/UAT/Page_Login/button_Login")): Object: 'Object Repository/Pilar 1/Login/UAT/Page_Login/button_Login' is clicked on

22-07-2026T09:27:59 - [MESSAGE][PASSED] - Object: 'Object Repository/Pilar 1/Login/UAT/Page_Login/button_Login' is clicked on

22-07-2026T09:27:59 - [TEST_STEP][PASSED] - delay(5): Delayed 5 second(s)

22-07-2026T09:28:04 - [MESSAGE][PASSED] - Delayed 5 second(s)

22-07-2026T09:28:04 - [TEST_STEP][PASSED] - waitForElementVisible(findTestObject("Pilar 1/Login/UAT/Page_Login/Page_ApplicationsCatalog/span_Risk Control Unit Application"), 10): Object 'Object Repository/Pilar 1/Login/UAT/Page_Login/Page_ApplicationsCatalog/span_Risk Control Unit Application' is visible

22-07-2026T09:28:05 - [MESSAGE][PASSED] - Object 'Object Repository/Pilar 1/Login/UAT/Page_Login/Page_ApplicationsCatalog/span_Risk Control Unit Application' is visible

22-07-2026T09:28:05 - [TEST_STEP][PASSED] - doubleClick(findTestObject("Pilar 1/Login/UAT/Page_Login/Page_ApplicationsCatalog/span_Risk Control Unit Application")): Object: 'Object Repository/Pilar 1/Login/UAT/Page_Login/Page_ApplicationsCatalog/span_Risk Control Unit Application' is double clicked on

22-07-2026T09:28:05 - [MESSAGE][PASSED] - Object: 'Object Repository/Pilar 1/Login/UAT/Page_Login/Page_ApplicationsCatalog/span_Risk Control Unit Application' is double clicked on

22-07-2026T09:28:05 - [MESSAGE][PASSED] - Call Test Case 'Test Cases/Pilar 1/Login/UAT/SPV-RBU' successfully

22-07-2026T09:28:05 - [TEST_STEP][PASSED] - click(findTestObject("Pilar 1/Showroom-Supplier/UAT/CBU/SPV-CBU-Assign-Staff/Page_Dashboard/div_b2-l1-17_8-b3-SubMenuHeader")): Object: 'Object Repository/Pilar 1/Showroom-Supplier/UAT/CBU/SPV-CBU-Assign-Staff/Page_Dashboard/div_b2-l1-17_8-b3-SubMenuHeader' is clicked on

22-07-2026T09:28:12 - [MESSAGE][PASSED] - Object: 'Object Repository/Pilar 1/Showroom-Supplier/UAT/CBU/SPV-CBU-Assign-Staff/Page_Dashboard/div_b2-l1-17_8-b3-SubMenuHeader' is clicked on

22-07-2026T09:28:12 - [TEST_STEP][PASSED] - click(findTestObject("Pilar 1/Showroom-Supplier/UAT/CBU/SPV-CBU-Assign-Staff/Page_Dashboard/div_b2-l1-17_8-b4-l1-26_4-b1-SubMenuHeader")): Object: 'Object Repository/Pilar 1/Showroom-Supplier/UAT/CBU/SPV-CBU-Assign-Staff/Page_Dashboard/div_b2-l1-17_8-b4-l1-26_4-b1-SubMenuHeader' is clicked on

22-07-2026T09:28:13 - [MESSAGE][PASSED] - Object: 'Object Repository/Pilar 1/Showroom-Supplier/UAT/CBU/SPV-CBU-Assign-Staff/Page_Dashboard/div_b2-l1-17_8-b4-l1-26_4-b1-SubMenuHeader' is clicked on

22-07-2026T09:28:13 - [TEST_STEP][PASSED] - click(findTestObject("Pilar 1/Showroom-Supplier/UAT/CBU/SPV-CBU-Assign-Staff/Page_Dashboard/a_Showroom_Supplier")): Object: 'Object Repository/Pilar 1/Showroom-Supplier/UAT/CBU/SPV-CBU-Assign-Staff/Page_Dashboard/a_Showroom_Supplier' is clicked on

22-07-2026T09:28:13 - [MESSAGE][PASSED] - Object: 'Object Repository/Pilar 1/Showroom-Supplier/UAT/CBU/SPV-CBU-Assign-Staff/Page_Dashboard/a_Showroom_Supplier' is clicked on

22-07-2026T09:28:13 - [TEST_STEP][PASSED] - setText(findTestObject("Pilar 1/Showroom-Supplier/UAT/RBU/SPV_RBU_Assign_Staff/Page_KunjunganShowroom/input_StartDate"), "01-01-2024"): Text '01-01-2024' is set on object 'Object Repository/Pilar 1/Showroom-Supplier/UAT/RBU/SPV_RBU_Assign_Staff/Page_KunjunganShowroom/input_StartDate'

22-07-2026T09:28:19 - [MESSAGE][PASSED] - Text '01-01-2024' is set on object 'Object Repository/Pilar 1/Showroom-Supplier/UAT/RBU/SPV_RBU_Assign_Staff/Page_KunjunganShowroom/input_StartDate'

22-07-2026T09:28:19 - [TEST_STEP][PASSED] - setText(findTestObject("Pilar 1/Showroom-Supplier/UAT/RBU/SPV_RBU_Assign_Staff/Page_KunjunganShowroom/input_EndDate"), "31-03-2024"): Text '31-03-2024' is set on object 'Object Repository/Pilar 1/Showroom-Supplier/UAT/RBU/SPV_RBU_Assign_Staff/Page_KunjunganShowroom/input_EndDate'

22-07-2026T09:28:20 - [MESSAGE][PASSED] - Text '31-03-2024' is set on object 'Object Repository/Pilar 1/Showroom-Supplier/UAT/RBU/SPV_RBU_Assign_Staff/Page_KunjunganShowroom/input_EndDate'

22-07-2026T09:28:20 - [TEST_STEP][PASSED] - selectOptionByValue(findTestObject("Pilar 1/Showroom-Supplier/UAT/RBU/SPV_RBU_Assign_Staff/Page_KunjunganShowroom/select_Dropdown Branch"), "4", false): All options with value '4' are selected in object 'Object Repository/Pilar 1/Showroom-Supplier/UAT/RBU/SPV_RBU_Assign_Staff/Page_KunjunganShowroom/select_Dropdown Branch' 

22-07-2026T09:28:20 - [MESSAGE][PASSED] - All options with value '4' are selected in object 'Object Repository/Pilar 1/Showroom-Supplier/UAT/RBU/SPV_RBU_Assign_Staff/Page_KunjunganShowroom/select_Dropdown Branch' 

22-07-2026T09:28:20 - [TEST_STEP][PASSED] - selectOptionByValue(findTestObject("Pilar 1/Showroom-Supplier/UAT/CBU/SPV-CBU-Assign-Staff/Page_KunjunganShowroom/select_b3-b1-b1-Dropdown3"), "0", false): All options with value '0' are selected in object 'Object Repository/Pilar 1/Showroom-Supplier/UAT/CBU/SPV-CBU-Assign-Staff/Page_KunjunganShowroom/select_b3-b1-b1-Dropdown3' 

22-07-2026T09:28:21 - [MESSAGE][PASSED] - All options with value '0' are selected in object 'Object Repository/Pilar 1/Showroom-Supplier/UAT/CBU/SPV-CBU-Assign-Staff/Page_KunjunganShowroom/select_b3-b1-b1-Dropdown3' 

22-07-2026T09:28:21 - [TEST_STEP][PASSED] - click(findTestObject("Pilar 1/Showroom-Supplier/UAT/RBU/SPV_RBU_Assign_Staff/Page_KunjunganShowroom/button_Cari")): Object: 'Object Repository/Pilar 1/Showroom-Supplier/UAT/RBU/SPV_RBU_Assign_Staff/Page_KunjunganShowroom/button_Cari' is clicked on

22-07-2026T09:28:21 - [MESSAGE][PASSED] - Object: 'Object Repository/Pilar 1/Showroom-Supplier/UAT/RBU/SPV_RBU_Assign_Staff/Page_KunjunganShowroom/button_Cari' is clicked on

22-07-2026T09:28:21 - [TEST_STEP][PASSED] - click(findTestObject("Pilar 1/Showroom-Supplier/UAT/RBU/SPV_RBU_Assign_Staff/Page_KunjunganShowroom/button_Cek Jarak")): Object: 'Object Repository/Pilar 1/Showroom-Supplier/UAT/RBU/SPV_RBU_Assign_Staff/Page_KunjunganShowroom/button_Cek Jarak' is clicked on

22-07-2026T09:28:22 - [MESSAGE][PASSED] - Object: 'Object Repository/Pilar 1/Showroom-Supplier/UAT/RBU/SPV_RBU_Assign_Staff/Page_KunjunganShowroom/button_Cek Jarak' is clicked on

22-07-2026T09:28:22 - [TEST_STEP][PASSED] - click(findTestObject("Pilar 1/Showroom-Supplier/UAT/RBU/SPV_RBU_Assign_Staff/Page_KunjunganShowroom/input_b3-b1-l1_0-236_0-Checkbox2")): Object: 'Object Repository/Pilar 1/Showroom-Supplier/UAT/RBU/SPV_RBU_Assign_Staff/Page_KunjunganShowroom/input_b3-b1-l1_0-236_0-Checkbox2' is clicked on

22-07-2026T09:28:23 - [MESSAGE][PASSED] - Object: 'Object Repository/Pilar 1/Showroom-Supplier/UAT/RBU/SPV_RBU_Assign_Staff/Page_KunjunganShowroom/input_b3-b1-l1_0-236_0-Checkbox2' is clicked on

22-07-2026T09:28:23 - [TEST_STEP][PASSED] - click(findTestObject("Pilar 1/Showroom-Supplier/UAT/RBU/SPV_RBU_Assign_Staff/Page_KunjunganShowroom/button_Assign")): Object: 'Object Repository/Pilar 1/Showroom-Supplier/UAT/RBU/SPV_RBU_Assign_Staff/Page_KunjunganShowroom/button_Assign' is clicked on

22-07-2026T09:28:23 - [MESSAGE][PASSED] - Object: 'Object Repository/Pilar 1/Showroom-Supplier/UAT/RBU/SPV_RBU_Assign_Staff/Page_KunjunganShowroom/button_Assign' is clicked on

22-07-2026T09:28:23 - [TEST_STEP][PASSED] - click(findTestObject("Pilar 1/Showroom-Supplier/UAT/RBU/SPV_RBU_Assign_Staff/Page_KunjunganShowroom/button_Assign_PopUp")): Object: 'Object Repository/Pilar 1/Showroom-Supplier/UAT/RBU/SPV_RBU_Assign_Staff/Page_KunjunganShowroom/button_Assign_PopUp' is clicked on

22-07-2026T09:28:24 - [MESSAGE][PASSED] - Object: 'Object Repository/Pilar 1/Showroom-Supplier/UAT/RBU/SPV_RBU_Assign_Staff/Page_KunjunganShowroom/button_Assign_PopUp' is clicked on

22-07-2026T09:28:24 - [TEST_STEP][PASSED] - selectOptionByValue(findTestObject("Pilar 1/Showroom-Supplier/UAT/CBU/SPV-CBU-Assign-Staff/Page_KunjunganShowroom/select_b3-b1-b1-Dropdown3"), "1", false): All options with value '1' are selected in object 'Object Repository/Pilar 1/Showroom-Supplier/UAT/CBU/SPV-CBU-Assign-Staff/Page_KunjunganShowroom/select_b3-b1-b1-Dropdown3' 

22-07-2026T09:28:25 - [MESSAGE][PASSED] - All options with value '1' are selected in object 'Object Repository/Pilar 1/Showroom-Supplier/UAT/CBU/SPV-CBU-Assign-Staff/Page_KunjunganShowroom/select_b3-b1-b1-Dropdown3' 

22-07-2026T09:28:25 - [TEST_STEP][PASSED] - click(findTestObject("Pilar 1/Showroom-Supplier/UAT/RBU/SPV_RBU_Assign_Staff/Page_KunjunganShowroom/button_Cari")): Object: 'Object Repository/Pilar 1/Showroom-Supplier/UAT/RBU/SPV_RBU_Assign_Staff/Page_KunjunganShowroom/button_Cari' is clicked on

22-07-2026T09:28:30 - [MESSAGE][PASSED] - Object: 'Object Repository/Pilar 1/Showroom-Supplier/UAT/RBU/SPV_RBU_Assign_Staff/Page_KunjunganShowroom/button_Cari' is clicked on]]></system-out>
         <system-err><![CDATA[]]></system-err>
      </testcase>
      <testcase name="Test Cases/Pilar 1/Showroom-Supplier/UAT/RBU/Staff_MRBU_Submit_Task" time="83.354" classname="Test Cases/Pilar 1/Showroom-Supplier/UAT/RBU/Staff_MRBU_Submit_Task" status="PASSED">
         <system-out><![CDATA[22-07-2026T09:28:30 - [TEST_CASE][PASSED] - Test Cases/Pilar 1/Showroom-Supplier/UAT/RBU/Staff_MRBU_Submit_Task: Test Cases/Pilar 1/Showroom-Supplier/UAT/RBU/Staff_MRBU_Submit_Task

22-07-2026T09:28:30 - [TEST_STEP][PASSED] - callTestCase(findTestCase("Pilar 1/Login/UAT/Mobile/Staff-MRBU - Pandu"), [:], STOP_ON_FAILURE): Call Test Case 'Test Cases/Pilar 1/Login/UAT/Mobile/Staff-MRBU - Pandu' successfully

22-07-2026T09:28:30 - [TEST_CASE][PASSED] - Test Cases/Pilar 1/Login/UAT/Mobile/Staff-MRBU - Pandu: Test Cases/Pilar 1/Login/UAT/Mobile/Staff-MRBU - Pandu

22-07-2026T09:28:30 - [TEST_STEP][PASSED] - openBrowser("https://sakti-test.csulfinance.com/CSUL_RCU_MOBILE/Login"): Browser is opened with url: 'https://sakti-test.csulfinance.com/CSUL_RCU_MOBILE/Login'

22-07-2026T09:28:30 - [MESSAGE][WARNING] - A browser is already opened. Closing browser and opening a new one

22-07-2026T09:28:30 - [MESSAGE][INFO] - Starting 'Chrome' driver

22-07-2026T09:28:30 - [MESSAGE][INFO] - Action delay is set to 0 milliseconds

22-07-2026T09:28:33 - [MESSAGE][PASSED] - Browser is opened with url: 'https://sakti-test.csulfinance.com/CSUL_RCU_MOBILE/Login'

22-07-2026T09:28:33 - [TEST_STEP][PASSED] - setText(findTestObject("Pilar 1/Login/UAT/Mobile/Page_Login/input_Username"), "pandu.sastra"): Text 'pandu.sastra' is set on object 'Object Repository/Pilar 1/Login/UAT/Mobile/Page_Login/input_Username'

22-07-2026T09:28:39 - [MESSAGE][PASSED] - Text 'pandu.sastra' is set on object 'Object Repository/Pilar 1/Login/UAT/Mobile/Page_Login/input_Username'

22-07-2026T09:28:39 - [TEST_STEP][PASSED] - setEncryptedText(findTestObject("Pilar 1/Login/UAT/Mobile/Page_Login/input_Password"), "DKZg8gTnVzw="): Text ****** has been set on object 'Object Repository/Pilar 1/Login/UAT/Mobile/Page_Login/input_Password'

22-07-2026T09:28:40 - [MESSAGE][PASSED] - Text ****** has been set on object 'Object Repository/Pilar 1/Login/UAT/Mobile/Page_Login/input_Password'

22-07-2026T09:28:40 - [TEST_STEP][PASSED] - delay(10): Delayed 10 second(s)

22-07-2026T09:28:50 - [MESSAGE][PASSED] - Delayed 10 second(s)

22-07-2026T09:28:50 - [TEST_STEP][PASSED] - click(findTestObject("Pilar 1/Login/UAT/Mobile/Page_Login/button_Log In")): Object: 'Object Repository/Pilar 1/Login/UAT/Mobile/Page_Login/button_Log In' is clicked on

22-07-2026T09:28:50 - [MESSAGE][PASSED] - Object: 'Object Repository/Pilar 1/Login/UAT/Mobile/Page_Login/button_Log In' is clicked on

22-07-2026T09:28:50 - [MESSAGE][PASSED] - Call Test Case 'Test Cases/Pilar 1/Login/UAT/Mobile/Staff-MRBU - Pandu' successfully

22-07-2026T09:28:50 - [TEST_STEP][PASSED] - waitForElementVisible(findTestObject("Pilar 1/Showroom-Supplier/UAT/RBU/Staff_MRBU_Submit_Task/Page_Home/div_HomeStaff"), 5): Object 'Object Repository/Pilar 1/Showroom-Supplier/UAT/RBU/Staff_MRBU_Submit_Task/Page_Home/div_HomeStaff' is visible

22-07-2026T09:28:52 - [MESSAGE][PASSED] - Object 'Object Repository/Pilar 1/Showroom-Supplier/UAT/RBU/Staff_MRBU_Submit_Task/Page_Home/div_HomeStaff' is visible

22-07-2026T09:28:52 - [TEST_STEP][PASSED] - click(findTestObject("Pilar 1/Showroom-Supplier/UAT/RBU/Staff_MRBU_Submit_Task/Page_Home/span_Kunjungan Showroom")): Object: 'Object Repository/Pilar 1/Showroom-Supplier/UAT/RBU/Staff_MRBU_Submit_Task/Page_Home/span_Kunjungan Showroom' is clicked on

22-07-2026T09:28:54 - [MESSAGE][PASSED] - Object: 'Object Repository/Pilar 1/Showroom-Supplier/UAT/RBU/Staff_MRBU_Submit_Task/Page_Home/span_Kunjungan Showroom' is clicked on

22-07-2026T09:28:54 - [TEST_STEP][NOT_RUN] - setText(findTestObject("Pilar 1/Showroom-Supplier/UAT/RBU/Staff_MRBU_Submit_Task/Page_KunjunganShowroom/input_TextSearch"), "RBU/P1.3/07/26/004"): NOT_RUN: setText(findTestObject("Pilar 1/Showroom-Supplier/UAT/RBU/Staff_MRBU_Submit_Task/Page_KunjunganShowroom/input_TextSearch"), "RBU/P1.3/07/26/004")

22-07-2026T09:28:54 - [MESSAGE][NOT_RUN] - NOT_RUN: setText(findTestObject("Pilar 1/Showroom-Supplier/UAT/RBU/Staff_MRBU_Submit_Task/Page_KunjunganShowroom/input_TextSearch"), "RBU/P1.3/07/26/004")

22-07-2026T09:28:54 - [TEST_STEP][NOT_RUN] - click(findTestObject("Pilar 1/Showroom-Supplier/UAT/RBU/Staff_MRBU_Submit_Task/Page_KunjunganShowroom/div_IconSearch")): NOT_RUN: click(findTestObject("Pilar 1/Showroom-Supplier/UAT/RBU/Staff_MRBU_Submit_Task/Page_KunjunganShowroom/div_IconSearch"))

22-07-2026T09:28:54 - [MESSAGE][NOT_RUN] - NOT_RUN: click(findTestObject("Pilar 1/Showroom-Supplier/UAT/RBU/Staff_MRBU_Submit_Task/Page_KunjunganShowroom/div_IconSearch"))

22-07-2026T09:28:54 - [TEST_STEP][PASSED] - click(findTestObject("Pilar 1/Showroom-Supplier/UAT/RBU/Staff_MRBU_Submit_Task/Page_KunjunganShowroom/div_KUNJUNGAN SHOWROOMRBU_P1.3_07_26_011")): Object: 'Object Repository/Pilar 1/Showroom-Supplier/UAT/RBU/Staff_MRBU_Submit_Task/Page_KunjunganShowroom/div_KUNJUNGAN SHOWROOMRBU_P1.3_07_26_011' is clicked on

22-07-2026T09:28:55 - [MESSAGE][PASSED] - Object: 'Object Repository/Pilar 1/Showroom-Supplier/UAT/RBU/Staff_MRBU_Submit_Task/Page_KunjunganShowroom/div_KUNJUNGAN SHOWROOMRBU_P1.3_07_26_011' is clicked on

22-07-2026T09:28:55 - [TEST_STEP][PASSED] - click(findTestObject("Pilar 1/Showroom-Supplier/UAT/RBU/Staff_MRBU_Submit_Task/Page_KunjunganShowroomDetail/input_b3-Checkbox1")): Object: 'Object Repository/Pilar 1/Showroom-Supplier/UAT/RBU/Staff_MRBU_Submit_Task/Page_KunjunganShowroomDetail/input_b3-Checkbox1' is clicked on

22-07-2026T09:28:56 - [MESSAGE][PASSED] - Object: 'Object Repository/Pilar 1/Showroom-Supplier/UAT/RBU/Staff_MRBU_Submit_Task/Page_KunjunganShowroomDetail/input_b3-Checkbox1' is clicked on

22-07-2026T09:28:56 - [TEST_STEP][PASSED] - click(findTestObject("Pilar 1/Showroom-Supplier/UAT/RBU/Staff_MRBU_Submit_Task/Page_KunjunganShowroomDetail/button_Survey")): Object: 'Object Repository/Pilar 1/Showroom-Supplier/UAT/RBU/Staff_MRBU_Submit_Task/Page_KunjunganShowroomDetail/button_Survey' is clicked on

22-07-2026T09:28:58 - [MESSAGE][PASSED] - Object: 'Object Repository/Pilar 1/Showroom-Supplier/UAT/RBU/Staff_MRBU_Submit_Task/Page_KunjunganShowroomDetail/button_Survey' is clicked on

22-07-2026T09:28:58 - [TEST_STEP][PASSED] - click(findTestObject("Pilar 1/Showroom-Supplier/UAT/RBU/Staff_MRBU_Submit_Task/Page_KunjunganShowroomQuestionAnswer/div_FormFotoKunjungan")): Object: 'Object Repository/Pilar 1/Showroom-Supplier/UAT/RBU/Staff_MRBU_Submit_Task/Page_KunjunganShowroomQuestionAnswer/div_FormFotoKunjungan' is clicked on

22-07-2026T09:29:00 - [MESSAGE][PASSED] - Object: 'Object Repository/Pilar 1/Showroom-Supplier/UAT/RBU/Staff_MRBU_Submit_Task/Page_KunjunganShowroomQuestionAnswer/div_FormFotoKunjungan' is clicked on

22-07-2026T09:29:00 - [TEST_STEP][PASSED] - click(findTestObject("Pilar 1/Showroom-Supplier/UAT/RBU/Staff_MRBU_Submit_Task/Page_KunjunganShowroomQuestionAnswer/div_Ambil Foto1")): Object: 'Object Repository/Pilar 1/Showroom-Supplier/UAT/RBU/Staff_MRBU_Submit_Task/Page_KunjunganShowroomQuestionAnswer/div_Ambil Foto1' is clicked on

22-07-2026T09:29:00 - [MESSAGE][PASSED] - Object: 'Object Repository/Pilar 1/Showroom-Supplier/UAT/RBU/Staff_MRBU_Submit_Task/Page_KunjunganShowroomQuestionAnswer/div_Ambil Foto1' is clicked on

22-07-2026T09:29:00 - [TEST_STEP][PASSED] - click(findTestObject("Pilar 1/Showroom-Supplier/UAT/RBU/Staff_MRBU_Submit_Task/Page_KunjunganShowroomQuestionAnswer/div_kamera1")): Object: 'Object Repository/Pilar 1/Showroom-Supplier/UAT/RBU/Staff_MRBU_Submit_Task/Page_KunjunganShowroomQuestionAnswer/div_kamera1' is clicked on

22-07-2026T09:29:01 - [MESSAGE][PASSED] - Object: 'Object Repository/Pilar 1/Showroom-Supplier/UAT/RBU/Staff_MRBU_Submit_Task/Page_KunjunganShowroomQuestionAnswer/div_kamera1' is clicked on

22-07-2026T09:29:01 - [TEST_STEP][PASSED] - switchToWindowTitle("KunjunganShowroomQuestionAnswer"): Switched to window with title: 'KunjunganShowroomQuestionAnswer'

22-07-2026T09:29:01 - [MESSAGE][PASSED] - Switched to window with title: 'KunjunganShowroomQuestionAnswer'

22-07-2026T09:29:01 - [TEST_STEP][PASSED] - delay(5): Delayed 5 second(s)

22-07-2026T09:29:06 - [MESSAGE][PASSED] - Delayed 5 second(s)

22-07-2026T09:29:06 - [TEST_STEP][PASSED] - click(findTestObject("Pilar 1/Showroom-Supplier/UAT/RBU/Staff_MRBU_Submit_Task/Page_KunjunganShowroomQuestionAnswer/input_Sesuai_1")): Object: 'Object Repository/Pilar 1/Showroom-Supplier/UAT/RBU/Staff_MRBU_Submit_Task/Page_KunjunganShowroomQuestionAnswer/input_Sesuai_1' is clicked on

22-07-2026T09:29:08 - [MESSAGE][PASSED] - Object: 'Object Repository/Pilar 1/Showroom-Supplier/UAT/RBU/Staff_MRBU_Submit_Task/Page_KunjunganShowroomQuestionAnswer/input_Sesuai_1' is clicked on

22-07-2026T09:29:08 - [TEST_STEP][PASSED] - click(findTestObject("Pilar 1/Showroom-Supplier/UAT/RBU/Staff_MRBU_Submit_Task/Page_KunjunganShowroomQuestionAnswer/div_Ambil Foto2")): Object: 'Object Repository/Pilar 1/Showroom-Supplier/UAT/RBU/Staff_MRBU_Submit_Task/Page_KunjunganShowroomQuestionAnswer/div_Ambil Foto2' is clicked on

22-07-2026T09:29:08 - [MESSAGE][PASSED] - Object: 'Object Repository/Pilar 1/Showroom-Supplier/UAT/RBU/Staff_MRBU_Submit_Task/Page_KunjunganShowroomQuestionAnswer/div_Ambil Foto2' is clicked on

22-07-2026T09:29:08 - [TEST_STEP][PASSED] - delay(7): Delayed 7 second(s)

22-07-2026T09:29:15 - [MESSAGE][PASSED] - Delayed 7 second(s)

22-07-2026T09:29:15 - [TEST_STEP][PASSED] - click(findTestObject("Pilar 1/Showroom-Supplier/UAT/RBU/Staff_MRBU_Submit_Task/Page_KunjunganShowroomQuestionAnswer/input_Tidak Sesuai_1")): Object: 'Object Repository/Pilar 1/Showroom-Supplier/UAT/RBU/Staff_MRBU_Submit_Task/Page_KunjunganShowroomQuestionAnswer/input_Tidak Sesuai_1' is clicked on

22-07-2026T09:29:16 - [MESSAGE][PASSED] - Object: 'Object Repository/Pilar 1/Showroom-Supplier/UAT/RBU/Staff_MRBU_Submit_Task/Page_KunjunganShowroomQuestionAnswer/input_Tidak Sesuai_1' is clicked on

22-07-2026T09:29:16 - [TEST_STEP][PASSED] - click(findTestObject("Pilar 1/Showroom-Supplier/UAT/RBU/Staff_MRBU_Submit_Task/Page_KunjunganShowroomQuestionAnswer/div_Ambil Foto3")): Object: 'Object Repository/Pilar 1/Showroom-Supplier/UAT/RBU/Staff_MRBU_Submit_Task/Page_KunjunganShowroomQuestionAnswer/div_Ambil Foto3' is clicked on

22-07-2026T09:29:16 - [MESSAGE][PASSED] - Object: 'Object Repository/Pilar 1/Showroom-Supplier/UAT/RBU/Staff_MRBU_Submit_Task/Page_KunjunganShowroomQuestionAnswer/div_Ambil Foto3' is clicked on

22-07-2026T09:29:16 - [TEST_STEP][PASSED] - click(findTestObject("Pilar 1/Showroom-Supplier/UAT/RBU/Staff_MRBU_Submit_Task/Page_KunjunganShowroomQuestionAnswer/div_kamera3")): Object: 'Object Repository/Pilar 1/Showroom-Supplier/UAT/RBU/Staff_MRBU_Submit_Task/Page_KunjunganShowroomQuestionAnswer/div_kamera3' is clicked on

22-07-2026T09:29:17 - [MESSAGE][PASSED] - Object: 'Object Repository/Pilar 1/Showroom-Supplier/UAT/RBU/Staff_MRBU_Submit_Task/Page_KunjunganShowroomQuestionAnswer/div_kamera3' is clicked on

22-07-2026T09:29:17 - [TEST_STEP][PASSED] - switchToWindowTitle("KunjunganShowroomQuestionAnswer"): Switched to window with title: 'KunjunganShowroomQuestionAnswer'

22-07-2026T09:29:17 - [MESSAGE][PASSED] - Switched to window with title: 'KunjunganShowroomQuestionAnswer'

22-07-2026T09:29:17 - [TEST_STEP][PASSED] - delay(5): Delayed 5 second(s)

22-07-2026T09:29:22 - [MESSAGE][PASSED] - Delayed 5 second(s)

22-07-2026T09:29:22 - [TEST_STEP][PASSED] - click(findTestObject("Pilar 1/Showroom-Supplier/UAT/RBU/Staff_MRBU_Submit_Task/Page_KunjunganShowroomQuestionAnswer/input_Sesuai_2")): Object: 'Object Repository/Pilar 1/Showroom-Supplier/UAT/RBU/Staff_MRBU_Submit_Task/Page_KunjunganShowroomQuestionAnswer/input_Sesuai_2' is clicked on

22-07-2026T09:29:22 - [MESSAGE][PASSED] - Object: 'Object Repository/Pilar 1/Showroom-Supplier/UAT/RBU/Staff_MRBU_Submit_Task/Page_KunjunganShowroomQuestionAnswer/input_Sesuai_2' is clicked on

22-07-2026T09:29:22 - [TEST_STEP][PASSED] - click(findTestObject("Pilar 1/Showroom-Supplier/UAT/RBU/Staff_MRBU_Submit_Task/Page_KunjunganShowroomQuestionAnswer/div_Ambil Foto_4")): Object: 'Object Repository/Pilar 1/Showroom-Supplier/UAT/RBU/Staff_MRBU_Submit_Task/Page_KunjunganShowroomQuestionAnswer/div_Ambil Foto_4' is clicked on

22-07-2026T09:29:23 - [MESSAGE][PASSED] - Object: 'Object Repository/Pilar 1/Showroom-Supplier/UAT/RBU/Staff_MRBU_Submit_Task/Page_KunjunganShowroomQuestionAnswer/div_Ambil Foto_4' is clicked on

22-07-2026T09:29:23 - [TEST_STEP][PASSED] - delay(5): Delayed 5 second(s)

22-07-2026T09:29:28 - [MESSAGE][PASSED] - Delayed 5 second(s)

22-07-2026T09:29:28 - [TEST_STEP][PASSED] - click(findTestObject("Pilar 1/Showroom-Supplier/UAT/RBU/Staff_MRBU_Submit_Task/Page_KunjunganShowroomQuestionAnswer/input_Tidak Sesuai_2")): Object: 'Object Repository/Pilar 1/Showroom-Supplier/UAT/RBU/Staff_MRBU_Submit_Task/Page_KunjunganShowroomQuestionAnswer/input_Tidak Sesuai_2' is clicked on

22-07-2026T09:29:28 - [MESSAGE][PASSED] - Object: 'Object Repository/Pilar 1/Showroom-Supplier/UAT/RBU/Staff_MRBU_Submit_Task/Page_KunjunganShowroomQuestionAnswer/input_Tidak Sesuai_2' is clicked on

22-07-2026T09:29:28 - [TEST_STEP][PASSED] - delay(2): Delayed 2 second(s)

22-07-2026T09:29:30 - [MESSAGE][PASSED] - Delayed 2 second(s)

22-07-2026T09:29:30 - [TEST_STEP][PASSED] - click(findTestObject("Pilar 1/Showroom-Supplier/UAT/RBU/Staff_MRBU_Submit_Task/Page_KunjunganShowroomQuestionAnswer/div_FormHasilKunjungan")): Object: 'Object Repository/Pilar 1/Showroom-Supplier/UAT/RBU/Staff_MRBU_Submit_Task/Page_KunjunganShowroomQuestionAnswer/div_FormHasilKunjungan' is clicked on

22-07-2026T09:29:30 - [MESSAGE][PASSED] - Object: 'Object Repository/Pilar 1/Showroom-Supplier/UAT/RBU/Staff_MRBU_Submit_Task/Page_KunjunganShowroomQuestionAnswer/div_FormHasilKunjungan' is clicked on

22-07-2026T09:29:30 - [TEST_STEP][PASSED] - setText(findTestObject("Pilar 1/Showroom-Supplier/UAT/RBU/Staff_MRBU_Submit_Task/Page_KunjunganShowroomQuestionAnswer/input_Nama Sumber Informasi 1 _"), "Nathan"): Text 'Nathan' is set on object 'Object Repository/Pilar 1/Showroom-Supplier/UAT/RBU/Staff_MRBU_Submit_Task/Page_KunjunganShowroomQuestionAnswer/input_Nama Sumber Informasi 1 _'

22-07-2026T09:29:31 - [MESSAGE][PASSED] - Text 'Nathan' is set on object 'Object Repository/Pilar 1/Showroom-Supplier/UAT/RBU/Staff_MRBU_Submit_Task/Page_KunjunganShowroomQuestionAnswer/input_Nama Sumber Informasi 1 _'

22-07-2026T09:29:31 - [TEST_STEP][PASSED] - setText(findTestObject("Pilar 1/Showroom-Supplier/UAT/RBU/Staff_MRBU_Submit_Task/Page_KunjunganShowroomQuestionAnswer/input_Jabatan Sumber Informasi 1_1"), "Adik"): Text 'Adik' is set on object 'Object Repository/Pilar 1/Showroom-Supplier/UAT/RBU/Staff_MRBU_Submit_Task/Page_KunjunganShowroomQuestionAnswer/input_Jabatan Sumber Informasi 1_1'

22-07-2026T09:29:32 - [MESSAGE][PASSED] - Text 'Adik' is set on object 'Object Repository/Pilar 1/Showroom-Supplier/UAT/RBU/Staff_MRBU_Submit_Task/Page_KunjunganShowroomQuestionAnswer/input_Jabatan Sumber Informasi 1_1'

22-07-2026T09:29:32 - [TEST_STEP][PASSED] - setText(findTestObject("Pilar 1/Showroom-Supplier/UAT/RBU/Staff_MRBU_Submit_Task/Page_KunjunganShowroomQuestionAnswer/input_Nama Sumber Informasi 2 _"), "Nadia"): Text 'Nadia' is set on object 'Object Repository/Pilar 1/Showroom-Supplier/UAT/RBU/Staff_MRBU_Submit_Task/Page_KunjunganShowroomQuestionAnswer/input_Nama Sumber Informasi 2 _'

22-07-2026T09:29:33 - [MESSAGE][PASSED] - Text 'Nadia' is set on object 'Object Repository/Pilar 1/Showroom-Supplier/UAT/RBU/Staff_MRBU_Submit_Task/Page_KunjunganShowroomQuestionAnswer/input_Nama Sumber Informasi 2 _'

22-07-2026T09:29:33 - [TEST_STEP][PASSED] - setText(findTestObject("Pilar 1/Showroom-Supplier/UAT/RBU/Staff_MRBU_Submit_Task/Page_KunjunganShowroomQuestionAnswer/input_Jabatan Sumber Informasi 2_2"), "Ibu"): Text 'Ibu' is set on object 'Object Repository/Pilar 1/Showroom-Supplier/UAT/RBU/Staff_MRBU_Submit_Task/Page_KunjunganShowroomQuestionAnswer/input_Jabatan Sumber Informasi 2_2'

22-07-2026T09:29:34 - [MESSAGE][PASSED] - Text 'Ibu' is set on object 'Object Repository/Pilar 1/Showroom-Supplier/UAT/RBU/Staff_MRBU_Submit_Task/Page_KunjunganShowroomQuestionAnswer/input_Jabatan Sumber Informasi 2_2'

22-07-2026T09:29:34 - [TEST_STEP][PASSED] - setText(findTestObject("Pilar 1/Showroom-Supplier/UAT/RBU/Staff_MRBU_Submit_Task/Page_KunjunganShowroomQuestionAnswer/input_Nama Sumber Informasi 3 __1"), "Nuri"): Text 'Nuri' is set on object 'Object Repository/Pilar 1/Showroom-Supplier/UAT/RBU/Staff_MRBU_Submit_Task/Page_KunjunganShowroomQuestionAnswer/input_Nama Sumber Informasi 3 __1'

22-07-2026T09:29:35 - [MESSAGE][PASSED] - Text 'Nuri' is set on object 'Object Repository/Pilar 1/Showroom-Supplier/UAT/RBU/Staff_MRBU_Submit_Task/Page_KunjunganShowroomQuestionAnswer/input_Nama Sumber Informasi 3 __1'

22-07-2026T09:29:35 - [TEST_STEP][PASSED] - setText(findTestObject("Pilar 1/Showroom-Supplier/UAT/RBU/Staff_MRBU_Submit_Task/Page_KunjunganShowroomQuestionAnswer/input_Jabatan Sumber Informasi 3"), "Sepupu"): Text 'Sepupu' is set on object 'Object Repository/Pilar 1/Showroom-Supplier/UAT/RBU/Staff_MRBU_Submit_Task/Page_KunjunganShowroomQuestionAnswer/input_Jabatan Sumber Informasi 3'

22-07-2026T09:29:36 - [MESSAGE][PASSED] - Text 'Sepupu' is set on object 'Object Repository/Pilar 1/Showroom-Supplier/UAT/RBU/Staff_MRBU_Submit_Task/Page_KunjunganShowroomQuestionAnswer/input_Jabatan Sumber Informasi 3'

22-07-2026T09:29:36 - [TEST_STEP][PASSED] - setText(findTestObject("Pilar 1/Showroom-Supplier/UAT/RBU/Staff_MRBU_Submit_Task/Page_KunjunganShowroomQuestionAnswer/textarea_Hasil Pemeriksaan RCU"), "Tidak sesuai"): Text 'Tidak sesuai' is set on object 'Object Repository/Pilar 1/Showroom-Supplier/UAT/RBU/Staff_MRBU_Submit_Task/Page_KunjunganShowroomQuestionAnswer/textarea_Hasil Pemeriksaan RCU'

22-07-2026T09:29:37 - [MESSAGE][PASSED] - Text 'Tidak sesuai' is set on object 'Object Repository/Pilar 1/Showroom-Supplier/UAT/RBU/Staff_MRBU_Submit_Task/Page_KunjunganShowroomQuestionAnswer/textarea_Hasil Pemeriksaan RCU'

22-07-2026T09:29:37 - [TEST_STEP][PASSED] - click(findTestObject("Pilar 1/Showroom-Supplier/UAT/RBU/Staff_MRBU_Submit_Task/Page_KunjunganShowroomQuestionAnswer/div_Unggah")): Object: 'Object Repository/Pilar 1/Showroom-Supplier/UAT/RBU/Staff_MRBU_Submit_Task/Page_KunjunganShowroomQuestionAnswer/div_Unggah' is clicked on

22-07-2026T09:29:37 - [MESSAGE][PASSED] - Object: 'Object Repository/Pilar 1/Showroom-Supplier/UAT/RBU/Staff_MRBU_Submit_Task/Page_KunjunganShowroomQuestionAnswer/div_Unggah' is clicked on

22-07-2026T09:29:37 - [TEST_STEP][PASSED] - delay(7): Delayed 7 second(s)

22-07-2026T09:29:44 - [MESSAGE][PASSED] - Delayed 7 second(s)

22-07-2026T09:29:44 - [TEST_STEP][PASSED] - selectOptionByValue(findTestObject("Pilar 1/Showroom-Supplier/UAT/RBU/Staff_MRBU_Submit_Task/Page_KunjunganShowroomQuestionAnswer/select_Kategori Temuan"), "1", false): All options with value '1' are selected in object 'Object Repository/Pilar 1/Showroom-Supplier/UAT/RBU/Staff_MRBU_Submit_Task/Page_KunjunganShowroomQuestionAnswer/select_Kategori Temuan' 

22-07-2026T09:29:47 - [MESSAGE][PASSED] - All options with value '1' are selected in object 'Object Repository/Pilar 1/Showroom-Supplier/UAT/RBU/Staff_MRBU_Submit_Task/Page_KunjunganShowroomQuestionAnswer/select_Kategori Temuan' 

22-07-2026T09:29:47 - [TEST_STEP][NOT_RUN] - click(findTestObject("Pilar 1/Showroom-Supplier/UAT/RBU/Staff_MRBU_Submit_Task/Page_KunjunganShowroomQuestionAnswer/button_Draft")): NOT_RUN: click(findTestObject("Pilar 1/Showroom-Supplier/UAT/RBU/Staff_MRBU_Submit_Task/Page_KunjunganShowroomQuestionAnswer/button_Draft"))

22-07-2026T09:29:47 - [MESSAGE][NOT_RUN] - NOT_RUN: click(findTestObject("Pilar 1/Showroom-Supplier/UAT/RBU/Staff_MRBU_Submit_Task/Page_KunjunganShowroomQuestionAnswer/button_Draft"))

22-07-2026T09:29:47 - [TEST_STEP][PASSED] - click(findTestObject("Pilar 1/Showroom-Supplier/UAT/RBU/Staff_MRBU_Submit_Task/Page_KunjunganShowroomQuestionAnswer/button_Submit")): Object: 'Object Repository/Pilar 1/Showroom-Supplier/UAT/RBU/Staff_MRBU_Submit_Task/Page_KunjunganShowroomQuestionAnswer/button_Submit' is clicked on

22-07-2026T09:29:47 - [MESSAGE][PASSED] - Object: 'Object Repository/Pilar 1/Showroom-Supplier/UAT/RBU/Staff_MRBU_Submit_Task/Page_KunjunganShowroomQuestionAnswer/button_Submit' is clicked on

22-07-2026T09:29:47 - [TEST_STEP][PASSED] - click(findTestObject("Pilar 1/Showroom-Supplier/UAT/RBU/Staff_MRBU_Submit_Task/Page_KunjunganShowroomQuestionAnswer/button_Submit_PopUp")): Object: 'Object Repository/Pilar 1/Showroom-Supplier/UAT/RBU/Staff_MRBU_Submit_Task/Page_KunjunganShowroomQuestionAnswer/button_Submit_PopUp' is clicked on

22-07-2026T09:29:48 - [MESSAGE][PASSED] - Object: 'Object Repository/Pilar 1/Showroom-Supplier/UAT/RBU/Staff_MRBU_Submit_Task/Page_KunjunganShowroomQuestionAnswer/button_Submit_PopUp' is clicked on

22-07-2026T09:29:48 - [TEST_STEP][PASSED] - delay(5): Delayed 5 second(s)

22-07-2026T09:29:53 - [MESSAGE][PASSED] - Delayed 5 second(s)

22-07-2026T09:29:53 - [TEST_STEP][PASSED] - click(findTestObject("Pilar 1/Showroom-Supplier/UAT/RBU/Staff_MRBU_Submit_Task/Page_Home/span_Kunjungan Showroom")): Object: 'Object Repository/Pilar 1/Showroom-Supplier/UAT/RBU/Staff_MRBU_Submit_Task/Page_Home/span_Kunjungan Showroom' is clicked on

22-07-2026T09:29:53 - [MESSAGE][PASSED] - Object: 'Object Repository/Pilar 1/Showroom-Supplier/UAT/RBU/Staff_MRBU_Submit_Task/Page_Home/span_Kunjungan Showroom' is clicked on

22-07-2026T09:29:53 - [TEST_STEP][NOT_RUN] - setText(findTestObject("Pilar 1/Showroom-Supplier/UAT/RBU/Staff_MRBU_Submit_Task/Page_KunjunganShowroom/input_TextSearch"), "RBU/P1.3/07/26/004"): NOT_RUN: setText(findTestObject("Pilar 1/Showroom-Supplier/UAT/RBU/Staff_MRBU_Submit_Task/Page_KunjunganShowroom/input_TextSearch"), "RBU/P1.3/07/26/004")

22-07-2026T09:29:53 - [MESSAGE][NOT_RUN] - NOT_RUN: setText(findTestObject("Pilar 1/Showroom-Supplier/UAT/RBU/Staff_MRBU_Submit_Task/Page_KunjunganShowroom/input_TextSearch"), "RBU/P1.3/07/26/004")

22-07-2026T09:29:53 - [TEST_STEP][NOT_RUN] - click(findTestObject("Pilar 1/Showroom-Supplier/UAT/RBU/Staff_MRBU_Submit_Task/Page_KunjunganShowroom/div_IconSearch")): NOT_RUN: click(findTestObject("Pilar 1/Showroom-Supplier/UAT/RBU/Staff_MRBU_Submit_Task/Page_KunjunganShowroom/div_IconSearch"))

22-07-2026T09:29:53 - [MESSAGE][NOT_RUN] - NOT_RUN: click(findTestObject("Pilar 1/Showroom-Supplier/UAT/RBU/Staff_MRBU_Submit_Task/Page_KunjunganShowroom/div_IconSearch"))]]></system-out>
         <system-err><![CDATA[]]></system-err>
      </testcase>
      <testcase name="Test Cases/Pilar 1/Showroom-Supplier/UAT/RBU/SPV_RBU_Persetujuan" time="90.736" classname="Test Cases/Pilar 1/Showroom-Supplier/UAT/RBU/SPV_RBU_Persetujuan" status="PASSED">
         <system-out><![CDATA[22-07-2026T09:29:53 - [TEST_CASE][PASSED] - Test Cases/Pilar 1/Showroom-Supplier/UAT/RBU/SPV_RBU_Persetujuan: Test Cases/Pilar 1/Showroom-Supplier/UAT/RBU/SPV_RBU_Persetujuan

22-07-2026T09:29:53 - [TEST_STEP][PASSED] - callTestCase(findTestCase("Pilar 1/Login/UAT/SPV-RBU"), [:], STOP_ON_FAILURE): Call Test Case 'Test Cases/Pilar 1/Login/UAT/SPV-RBU' successfully

22-07-2026T09:29:53 - [TEST_CASE][PASSED] - Test Cases/Pilar 1/Login/UAT/SPV-RBU: Test Cases/Pilar 1/Login/UAT/SPV-RBU

22-07-2026T09:29:53 - [TEST_STEP][PASSED] - openBrowser("https://sakti-test.csulfinance.com/CSULFoundation_Login/Login"): Browser is opened with url: 'https://sakti-test.csulfinance.com/CSULFoundation_Login/Login'

22-07-2026T09:29:53 - [MESSAGE][WARNING] - A browser is already opened. Closing browser and opening a new one

22-07-2026T09:29:54 - [MESSAGE][INFO] - Starting 'Chrome' driver

22-07-2026T09:29:54 - [MESSAGE][INFO] - Action delay is set to 0 milliseconds

22-07-2026T09:30:03 - [MESSAGE][PASSED] - Browser is opened with url: 'https://sakti-test.csulfinance.com/CSULFoundation_Login/Login'

22-07-2026T09:30:03 - [TEST_STEP][PASSED] - maximizeWindow(): Current window maximized

22-07-2026T09:30:03 - [MESSAGE][PASSED] - Current window maximized

22-07-2026T09:30:03 - [TEST_STEP][PASSED] - waitForElementVisible(findTestObject("Pilar 1/Login/UAT/Page_Login/input_Username"), 10): Object 'Object Repository/Pilar 1/Login/UAT/Page_Login/input_Username' is visible

22-07-2026T09:30:12 - [MESSAGE][PASSED] - Object 'Object Repository/Pilar 1/Login/UAT/Page_Login/input_Username' is visible

22-07-2026T09:30:12 - [TEST_STEP][PASSED] - setText(findTestObject("Pilar 1/Login/UAT/Page_Login/input_Username"), "taufan.minangga"): Text 'taufan.minangga' is set on object 'Object Repository/Pilar 1/Login/UAT/Page_Login/input_Username'

22-07-2026T09:30:17 - [MESSAGE][PASSED] - Text 'taufan.minangga' is set on object 'Object Repository/Pilar 1/Login/UAT/Page_Login/input_Username'

22-07-2026T09:30:17 - [TEST_STEP][PASSED] - setEncryptedText(findTestObject("Pilar 1/Login/UAT/Page_Login/input_Password"), "DKZg8gTnVzw="): Text ****** has been set on object 'Object Repository/Pilar 1/Login/UAT/Page_Login/input_Password'

22-07-2026T09:30:21 - [MESSAGE][PASSED] - Text ****** has been set on object 'Object Repository/Pilar 1/Login/UAT/Page_Login/input_Password'

22-07-2026T09:30:21 - [TEST_STEP][PASSED] - delay(20): Delayed 20 second(s)

22-07-2026T09:30:41 - [MESSAGE][PASSED] - Delayed 20 second(s)

22-07-2026T09:30:41 - [TEST_STEP][PASSED] - click(findTestObject("Pilar 1/Login/UAT/Page_Login/button_Login")): Object: 'Object Repository/Pilar 1/Login/UAT/Page_Login/button_Login' is clicked on

22-07-2026T09:30:41 - [MESSAGE][PASSED] - Object: 'Object Repository/Pilar 1/Login/UAT/Page_Login/button_Login' is clicked on

22-07-2026T09:30:41 - [TEST_STEP][PASSED] - delay(5): Delayed 5 second(s)

22-07-2026T09:30:46 - [MESSAGE][PASSED] - Delayed 5 second(s)

22-07-2026T09:30:46 - [TEST_STEP][PASSED] - waitForElementVisible(findTestObject("Pilar 1/Login/UAT/Page_Login/Page_ApplicationsCatalog/span_Risk Control Unit Application"), 10): Object 'Object Repository/Pilar 1/Login/UAT/Page_Login/Page_ApplicationsCatalog/span_Risk Control Unit Application' is visible

22-07-2026T09:30:46 - [MESSAGE][PASSED] - Object 'Object Repository/Pilar 1/Login/UAT/Page_Login/Page_ApplicationsCatalog/span_Risk Control Unit Application' is visible

22-07-2026T09:30:46 - [TEST_STEP][PASSED] - doubleClick(findTestObject("Pilar 1/Login/UAT/Page_Login/Page_ApplicationsCatalog/span_Risk Control Unit Application")): Object: 'Object Repository/Pilar 1/Login/UAT/Page_Login/Page_ApplicationsCatalog/span_Risk Control Unit Application' is double clicked on

22-07-2026T09:30:47 - [MESSAGE][PASSED] - Object: 'Object Repository/Pilar 1/Login/UAT/Page_Login/Page_ApplicationsCatalog/span_Risk Control Unit Application' is double clicked on

22-07-2026T09:30:47 - [MESSAGE][PASSED] - Call Test Case 'Test Cases/Pilar 1/Login/UAT/SPV-RBU' successfully

22-07-2026T09:30:47 - [TEST_STEP][PASSED] - click(findTestObject("Pilar 1/Showroom-Supplier/UAT/RBU/SPV_RBU_Persetujuan/Page_Dashboard/div_b2-l1-17_9-b3-SubMenuHeader")): Object: 'Object Repository/Pilar 1/Showroom-Supplier/UAT/RBU/SPV_RBU_Persetujuan/Page_Dashboard/div_b2-l1-17_9-b3-SubMenuHeader' is clicked on

22-07-2026T09:30:52 - [MESSAGE][PASSED] - Object: 'Object Repository/Pilar 1/Showroom-Supplier/UAT/RBU/SPV_RBU_Persetujuan/Page_Dashboard/div_b2-l1-17_9-b3-SubMenuHeader' is clicked on

22-07-2026T09:30:52 - [TEST_STEP][PASSED] - click(findTestObject("Pilar 1/Showroom-Supplier/UAT/RBU/SPV_RBU_Persetujuan/Page_Dashboard/div_b2-l1-17_9-b4-l1-35_4-b1-SubMenuHeader")): Object: 'Object Repository/Pilar 1/Showroom-Supplier/UAT/RBU/SPV_RBU_Persetujuan/Page_Dashboard/div_b2-l1-17_9-b4-l1-35_4-b1-SubMenuHeader' is clicked on

22-07-2026T09:30:53 - [MESSAGE][PASSED] - Object: 'Object Repository/Pilar 1/Showroom-Supplier/UAT/RBU/SPV_RBU_Persetujuan/Page_Dashboard/div_b2-l1-17_9-b4-l1-35_4-b1-SubMenuHeader' is clicked on

22-07-2026T09:30:53 - [TEST_STEP][PASSED] - click(findTestObject("Pilar 1/Showroom-Supplier/UAT/RBU/SPV_RBU_Persetujuan/Page_Dashboard/a_Showroom_Supplier")): Object: 'Object Repository/Pilar 1/Showroom-Supplier/UAT/RBU/SPV_RBU_Persetujuan/Page_Dashboard/a_Showroom_Supplier' is clicked on

22-07-2026T09:30:53 - [MESSAGE][PASSED] - Object: 'Object Repository/Pilar 1/Showroom-Supplier/UAT/RBU/SPV_RBU_Persetujuan/Page_Dashboard/a_Showroom_Supplier' is clicked on

22-07-2026T09:30:53 - [TEST_STEP][PASSED] - setText(findTestObject("Pilar 1/Showroom-Supplier/UAT/RBU/SPV_RBU_Persetujuan/Page_ApprovalKunjunganShowroom/input_StartDate"), "22-07-2026"): Text '22-07-2026' is set on object 'Object Repository/Pilar 1/Showroom-Supplier/UAT/RBU/SPV_RBU_Persetujuan/Page_ApprovalKunjunganShowroom/input_StartDate'

22-07-2026T09:30:56 - [MESSAGE][PASSED] - Text '22-07-2026' is set on object 'Object Repository/Pilar 1/Showroom-Supplier/UAT/RBU/SPV_RBU_Persetujuan/Page_ApprovalKunjunganShowroom/input_StartDate'

22-07-2026T09:30:56 - [TEST_STEP][PASSED] - setText(findTestObject("Pilar 1/Showroom-Supplier/UAT/RBU/SPV_RBU_Persetujuan/Page_ApprovalKunjunganShowroom/input_EndDate"), "22-07-2026"): Text '22-07-2026' is set on object 'Object Repository/Pilar 1/Showroom-Supplier/UAT/RBU/SPV_RBU_Persetujuan/Page_ApprovalKunjunganShowroom/input_EndDate'

22-07-2026T09:30:57 - [MESSAGE][PASSED] - Text '22-07-2026' is set on object 'Object Repository/Pilar 1/Showroom-Supplier/UAT/RBU/SPV_RBU_Persetujuan/Page_ApprovalKunjunganShowroom/input_EndDate'

22-07-2026T09:30:57 - [TEST_STEP][PASSED] - selectOptionByValue(findTestObject("Pilar 1/Showroom-Supplier/UAT/RBU/SPV_RBU_Persetujuan/Page_ApprovalKunjunganShowroom/select_b3-b1-DropdownCabang"), "4", false): All options with value '4' are selected in object 'Object Repository/Pilar 1/Showroom-Supplier/UAT/RBU/SPV_RBU_Persetujuan/Page_ApprovalKunjunganShowroom/select_b3-b1-DropdownCabang' 

22-07-2026T09:30:58 - [MESSAGE][PASSED] - All options with value '4' are selected in object 'Object Repository/Pilar 1/Showroom-Supplier/UAT/RBU/SPV_RBU_Persetujuan/Page_ApprovalKunjunganShowroom/select_b3-b1-DropdownCabang' 

22-07-2026T09:30:58 - [TEST_STEP][PASSED] - click(findTestObject("Pilar 1/Showroom-Supplier/UAT/RBU/SPV_RBU_Persetujuan/Page_ApprovalKunjunganShowroom/button_Cari")): Object: 'Object Repository/Pilar 1/Showroom-Supplier/UAT/RBU/SPV_RBU_Persetujuan/Page_ApprovalKunjunganShowroom/button_Cari' is clicked on

22-07-2026T09:30:59 - [MESSAGE][PASSED] - Object: 'Object Repository/Pilar 1/Showroom-Supplier/UAT/RBU/SPV_RBU_Persetujuan/Page_ApprovalKunjunganShowroom/button_Cari' is clicked on

22-07-2026T09:30:59 - [TEST_STEP][PASSED] - click(findTestObject("Pilar 1/Showroom-Supplier/UAT/RBU/SPV_RBU_Persetujuan/Page_ApprovalKunjunganShowroom/button_Persetujuan")): Object: 'Object Repository/Pilar 1/Showroom-Supplier/UAT/RBU/SPV_RBU_Persetujuan/Page_ApprovalKunjunganShowroom/button_Persetujuan' is clicked on

22-07-2026T09:31:06 - [MESSAGE][PASSED] - Object: 'Object Repository/Pilar 1/Showroom-Supplier/UAT/RBU/SPV_RBU_Persetujuan/Page_ApprovalKunjunganShowroom/button_Persetujuan' is clicked on

22-07-2026T09:31:06 - [TEST_STEP][PASSED] - click(findTestObject("Pilar 1/Showroom-Supplier/UAT/RBU/SPV_RBU_Persetujuan/Page_ApprovalKunjunganShowroomDetail/button_Lihat Foto")): Object: 'Object Repository/Pilar 1/Showroom-Supplier/UAT/RBU/SPV_RBU_Persetujuan/Page_ApprovalKunjunganShowroomDetail/button_Lihat Foto' is clicked on

22-07-2026T09:31:11 - [MESSAGE][PASSED] - Object: 'Object Repository/Pilar 1/Showroom-Supplier/UAT/RBU/SPV_RBU_Persetujuan/Page_ApprovalKunjunganShowroomDetail/button_Lihat Foto' is clicked on

22-07-2026T09:31:11 - [TEST_STEP][PASSED] - click(findTestObject("Pilar 1/Showroom-Supplier/UAT/RBU/SPV_RBU_Persetujuan/Page_ApprovalKunjunganShowroomDetail/button_Lihat Foto_1")): Object: 'Object Repository/Pilar 1/Showroom-Supplier/UAT/RBU/SPV_RBU_Persetujuan/Page_ApprovalKunjunganShowroomDetail/button_Lihat Foto_1' is clicked on

22-07-2026T09:31:11 - [MESSAGE][PASSED] - Object: 'Object Repository/Pilar 1/Showroom-Supplier/UAT/RBU/SPV_RBU_Persetujuan/Page_ApprovalKunjunganShowroomDetail/button_Lihat Foto_1' is clicked on

22-07-2026T09:31:11 - [TEST_STEP][PASSED] - click(findTestObject("Pilar 1/Showroom-Supplier/UAT/RBU/SPV_RBU_Persetujuan/Page_ApprovalKunjunganShowroomDetail/button_Lihat Foto_2")): Object: 'Object Repository/Pilar 1/Showroom-Supplier/UAT/RBU/SPV_RBU_Persetujuan/Page_ApprovalKunjunganShowroomDetail/button_Lihat Foto_2' is clicked on

22-07-2026T09:31:12 - [MESSAGE][PASSED] - Object: 'Object Repository/Pilar 1/Showroom-Supplier/UAT/RBU/SPV_RBU_Persetujuan/Page_ApprovalKunjunganShowroomDetail/button_Lihat Foto_2' is clicked on

22-07-2026T09:31:12 - [TEST_STEP][PASSED] - click(findTestObject("Pilar 1/Showroom-Supplier/UAT/RBU/SPV_RBU_Persetujuan/Page_ApprovalKunjunganShowroomDetail/button_Lihat Foto_3")): Object: 'Object Repository/Pilar 1/Showroom-Supplier/UAT/RBU/SPV_RBU_Persetujuan/Page_ApprovalKunjunganShowroomDetail/button_Lihat Foto_3' is clicked on

22-07-2026T09:31:13 - [MESSAGE][PASSED] - Object: 'Object Repository/Pilar 1/Showroom-Supplier/UAT/RBU/SPV_RBU_Persetujuan/Page_ApprovalKunjunganShowroomDetail/button_Lihat Foto_3' is clicked on

22-07-2026T09:31:13 - [TEST_STEP][PASSED] - click(findTestObject("Pilar 1/Showroom-Supplier/UAT/RBU/SPV_RBU_Persetujuan/Page_ApprovalKunjunganShowroomDetail/button_Lihat Dokumen")): Object: 'Object Repository/Pilar 1/Showroom-Supplier/UAT/RBU/SPV_RBU_Persetujuan/Page_ApprovalKunjunganShowroomDetail/button_Lihat Dokumen' is clicked on

22-07-2026T09:31:13 - [MESSAGE][PASSED] - Object: 'Object Repository/Pilar 1/Showroom-Supplier/UAT/RBU/SPV_RBU_Persetujuan/Page_ApprovalKunjunganShowroomDetail/button_Lihat Dokumen' is clicked on

22-07-2026T09:31:13 - [TEST_STEP][PASSED] - selectOptionByValue(findTestObject("Pilar 1/Showroom-Supplier/UAT/RBU/SPV_RBU_Persetujuan/Page_ApprovalKunjunganShowroomDetail/select_b3-b2-Status2"), "0", false): All options with value '0' are selected in object 'Object Repository/Pilar 1/Showroom-Supplier/UAT/RBU/SPV_RBU_Persetujuan/Page_ApprovalKunjunganShowroomDetail/select_b3-b2-Status2' 

22-07-2026T09:31:14 - [MESSAGE][PASSED] - All options with value '0' are selected in object 'Object Repository/Pilar 1/Showroom-Supplier/UAT/RBU/SPV_RBU_Persetujuan/Page_ApprovalKunjunganShowroomDetail/select_b3-b2-Status2' 

22-07-2026T09:31:14 - [TEST_STEP][PASSED] - setText(findTestObject("Pilar 1/Showroom-Supplier/UAT/RBU/SPV_RBU_Persetujuan/Page_ApprovalKunjunganShowroomDetail/textarea_b3-b2-TextArea_Catatan"), "Baik akan saya approved dan tindak lanjut, thanks"): Text 'Baik akan saya approved dan tindak lanjut, thanks' is set on object 'Object Repository/Pilar 1/Showroom-Supplier/UAT/RBU/SPV_RBU_Persetujuan/Page_ApprovalKunjunganShowroomDetail/textarea_b3-b2-TextArea_Catatan'

22-07-2026T09:31:15 - [MESSAGE][PASSED] - Text 'Baik akan saya approved dan tindak lanjut, thanks' is set on object 'Object Repository/Pilar 1/Showroom-Supplier/UAT/RBU/SPV_RBU_Persetujuan/Page_ApprovalKunjunganShowroomDetail/textarea_b3-b2-TextArea_Catatan'

22-07-2026T09:31:15 - [TEST_STEP][PASSED] - click(findTestObject("Pilar 1/Showroom-Supplier/UAT/RBU/SPV_RBU_Persetujuan/Page_ApprovalKunjunganShowroomDetail/button_Submit")): Object: 'Object Repository/Pilar 1/Showroom-Supplier/UAT/RBU/SPV_RBU_Persetujuan/Page_ApprovalKunjunganShowroomDetail/button_Submit' is clicked on

22-07-2026T09:31:15 - [MESSAGE][PASSED] - Object: 'Object Repository/Pilar 1/Showroom-Supplier/UAT/RBU/SPV_RBU_Persetujuan/Page_ApprovalKunjunganShowroomDetail/button_Submit' is clicked on

22-07-2026T09:31:15 - [TEST_STEP][PASSED] - delay(3): Delayed 3 second(s)

22-07-2026T09:31:18 - [MESSAGE][PASSED] - Delayed 3 second(s)

22-07-2026T09:31:18 - [TEST_STEP][PASSED] - selectOptionByValue(findTestObject("Pilar 1/Showroom-Supplier/UAT/CBU/SPV-CBU-Persetujuan/Page_ApprovalKunjunganShowroom/select_Select Status"), "2", false): All options with value '2' are selected in object 'Object Repository/Pilar 1/Showroom-Supplier/UAT/CBU/SPV-CBU-Persetujuan/Page_ApprovalKunjunganShowroom/select_Select Status' 

22-07-2026T09:31:24 - [MESSAGE][PASSED] - All options with value '2' are selected in object 'Object Repository/Pilar 1/Showroom-Supplier/UAT/CBU/SPV-CBU-Persetujuan/Page_ApprovalKunjunganShowroom/select_Select Status' 

22-07-2026T09:31:24 - [TEST_STEP][PASSED] - click(findTestObject("Pilar 1/Showroom-Supplier/UAT/RBU/SPV_RBU_Persetujuan/Page_ApprovalKunjunganShowroom/button_Hasil")): Object: 'Object Repository/Pilar 1/Showroom-Supplier/UAT/RBU/SPV_RBU_Persetujuan/Page_ApprovalKunjunganShowroom/button_Hasil' is clicked on

22-07-2026T09:31:24 - [MESSAGE][PASSED] - Object: 'Object Repository/Pilar 1/Showroom-Supplier/UAT/RBU/SPV_RBU_Persetujuan/Page_ApprovalKunjunganShowroom/button_Hasil' is clicked on]]></system-out>
         <system-err><![CDATA[]]></system-err>
      </testcase>
      <testcase name="Test Cases/Pilar 1/Showroom-Supplier/UAT/RBU/SPV_RBU_Assign_PIC" time="75.818" classname="Test Cases/Pilar 1/Showroom-Supplier/UAT/RBU/SPV_RBU_Assign_PIC" status="PASSED">
         <system-out><![CDATA[22-07-2026T09:31:24 - [TEST_CASE][PASSED] - Test Cases/Pilar 1/Showroom-Supplier/UAT/RBU/SPV_RBU_Assign_PIC: Test Cases/Pilar 1/Showroom-Supplier/UAT/RBU/SPV_RBU_Assign_PIC

22-07-2026T09:31:24 - [TEST_STEP][PASSED] - callTestCase(findTestCase("Pilar 1/Login/UAT/SPV-RBU"), [:], STOP_ON_FAILURE): Call Test Case 'Test Cases/Pilar 1/Login/UAT/SPV-RBU' successfully

22-07-2026T09:31:24 - [TEST_CASE][PASSED] - Test Cases/Pilar 1/Login/UAT/SPV-RBU: Test Cases/Pilar 1/Login/UAT/SPV-RBU

22-07-2026T09:31:25 - [TEST_STEP][PASSED] - openBrowser("https://sakti-test.csulfinance.com/CSULFoundation_Login/Login"): Browser is opened with url: 'https://sakti-test.csulfinance.com/CSULFoundation_Login/Login'

22-07-2026T09:31:25 - [MESSAGE][WARNING] - A browser is already opened. Closing browser and opening a new one

22-07-2026T09:31:25 - [MESSAGE][INFO] - Starting 'Chrome' driver

22-07-2026T09:31:25 - [MESSAGE][INFO] - Action delay is set to 0 milliseconds

22-07-2026T09:31:27 - [MESSAGE][PASSED] - Browser is opened with url: 'https://sakti-test.csulfinance.com/CSULFoundation_Login/Login'

22-07-2026T09:31:27 - [TEST_STEP][PASSED] - maximizeWindow(): Current window maximized

22-07-2026T09:31:27 - [MESSAGE][PASSED] - Current window maximized

22-07-2026T09:31:27 - [TEST_STEP][PASSED] - waitForElementVisible(findTestObject("Pilar 1/Login/UAT/Page_Login/input_Username"), 10): Object 'Object Repository/Pilar 1/Login/UAT/Page_Login/input_Username' is visible

22-07-2026T09:31:30 - [MESSAGE][PASSED] - Object 'Object Repository/Pilar 1/Login/UAT/Page_Login/input_Username' is visible

22-07-2026T09:31:30 - [TEST_STEP][PASSED] - setText(findTestObject("Pilar 1/Login/UAT/Page_Login/input_Username"), "taufan.minangga"): Text 'taufan.minangga' is set on object 'Object Repository/Pilar 1/Login/UAT/Page_Login/input_Username'

22-07-2026T09:31:32 - [MESSAGE][PASSED] - Text 'taufan.minangga' is set on object 'Object Repository/Pilar 1/Login/UAT/Page_Login/input_Username'

22-07-2026T09:31:32 - [TEST_STEP][PASSED] - setEncryptedText(findTestObject("Pilar 1/Login/UAT/Page_Login/input_Password"), "DKZg8gTnVzw="): Text ****** has been set on object 'Object Repository/Pilar 1/Login/UAT/Page_Login/input_Password'

22-07-2026T09:31:32 - [MESSAGE][PASSED] - Text ****** has been set on object 'Object Repository/Pilar 1/Login/UAT/Page_Login/input_Password'

22-07-2026T09:31:32 - [TEST_STEP][PASSED] - delay(20): Delayed 20 second(s)

22-07-2026T09:31:52 - [MESSAGE][PASSED] - Delayed 20 second(s)

22-07-2026T09:31:52 - [TEST_STEP][PASSED] - click(findTestObject("Pilar 1/Login/UAT/Page_Login/button_Login")): Object: 'Object Repository/Pilar 1/Login/UAT/Page_Login/button_Login' is clicked on

22-07-2026T09:31:52 - [MESSAGE][PASSED] - Object: 'Object Repository/Pilar 1/Login/UAT/Page_Login/button_Login' is clicked on

22-07-2026T09:31:52 - [TEST_STEP][PASSED] - delay(5): Delayed 5 second(s)

22-07-2026T09:31:57 - [MESSAGE][PASSED] - Delayed 5 second(s)

22-07-2026T09:31:57 - [TEST_STEP][PASSED] - waitForElementVisible(findTestObject("Pilar 1/Login/UAT/Page_Login/Page_ApplicationsCatalog/span_Risk Control Unit Application"), 10): Object 'Object Repository/Pilar 1/Login/UAT/Page_Login/Page_ApplicationsCatalog/span_Risk Control Unit Application' is visible

22-07-2026T09:31:58 - [MESSAGE][PASSED] - Object 'Object Repository/Pilar 1/Login/UAT/Page_Login/Page_ApplicationsCatalog/span_Risk Control Unit Application' is visible

22-07-2026T09:31:58 - [TEST_STEP][PASSED] - doubleClick(findTestObject("Pilar 1/Login/UAT/Page_Login/Page_ApplicationsCatalog/span_Risk Control Unit Application")): Object: 'Object Repository/Pilar 1/Login/UAT/Page_Login/Page_ApplicationsCatalog/span_Risk Control Unit Application' is double clicked on

22-07-2026T09:31:59 - [MESSAGE][PASSED] - Object: 'Object Repository/Pilar 1/Login/UAT/Page_Login/Page_ApplicationsCatalog/span_Risk Control Unit Application' is double clicked on

22-07-2026T09:31:59 - [MESSAGE][PASSED] - Call Test Case 'Test Cases/Pilar 1/Login/UAT/SPV-RBU' successfully

22-07-2026T09:31:59 - [TEST_STEP][PASSED] - click(findTestObject("Pilar 1/Showroom-Supplier/UAT/RBU/SPV_RBU_Assign_PIC/Page_Dashboard/div_b2-l1-17_10-b3-SubMenuHeader")): Object: 'Object Repository/Pilar 1/Showroom-Supplier/UAT/RBU/SPV_RBU_Assign_PIC/Page_Dashboard/div_b2-l1-17_10-b3-SubMenuHeader' is clicked on

22-07-2026T09:32:03 - [MESSAGE][PASSED] - Object: 'Object Repository/Pilar 1/Showroom-Supplier/UAT/RBU/SPV_RBU_Assign_PIC/Page_Dashboard/div_b2-l1-17_10-b3-SubMenuHeader' is clicked on

22-07-2026T09:32:03 - [TEST_STEP][PASSED] - click(findTestObject("Pilar 1/Showroom-Supplier/UAT/RBU/SPV_RBU_Assign_PIC/Page_Dashboard/div_b2-l1-17_10-b4-l1-44_4-b1-SubMenuHeader")): Object: 'Object Repository/Pilar 1/Showroom-Supplier/UAT/RBU/SPV_RBU_Assign_PIC/Page_Dashboard/div_b2-l1-17_10-b4-l1-44_4-b1-SubMenuHeader' is clicked on

22-07-2026T09:32:04 - [MESSAGE][PASSED] - Object: 'Object Repository/Pilar 1/Showroom-Supplier/UAT/RBU/SPV_RBU_Assign_PIC/Page_Dashboard/div_b2-l1-17_10-b4-l1-44_4-b1-SubMenuHeader' is clicked on

22-07-2026T09:32:04 - [TEST_STEP][PASSED] - click(findTestObject("Pilar 1/Showroom-Supplier/UAT/RBU/SPV_RBU_Assign_PIC/Page_Dashboard/a_Showroom_Supplier")): Object: 'Object Repository/Pilar 1/Showroom-Supplier/UAT/RBU/SPV_RBU_Assign_PIC/Page_Dashboard/a_Showroom_Supplier' is clicked on

22-07-2026T09:32:04 - [MESSAGE][PASSED] - Object: 'Object Repository/Pilar 1/Showroom-Supplier/UAT/RBU/SPV_RBU_Assign_PIC/Page_Dashboard/a_Showroom_Supplier' is clicked on

22-07-2026T09:32:04 - [TEST_STEP][PASSED] - setText(findTestObject("Pilar 1/Showroom-Supplier/UAT/RBU/SPV_RBU_Assign_PIC/Page_TindakLanjutKunjunganShowroom/input_StartDate"), "22-07-2026"): Text '22-07-2026' is set on object 'Object Repository/Pilar 1/Showroom-Supplier/UAT/RBU/SPV_RBU_Assign_PIC/Page_TindakLanjutKunjunganShowroom/input_StartDate'

22-07-2026T09:32:11 - [MESSAGE][PASSED] - Text '22-07-2026' is set on object 'Object Repository/Pilar 1/Showroom-Supplier/UAT/RBU/SPV_RBU_Assign_PIC/Page_TindakLanjutKunjunganShowroom/input_StartDate'

22-07-2026T09:32:11 - [TEST_STEP][PASSED] - setText(findTestObject("Pilar 1/Showroom-Supplier/UAT/RBU/SPV_RBU_Assign_PIC/Page_TindakLanjutKunjunganShowroom/input_EndDate"), "22-07-2026"): Text '22-07-2026' is set on object 'Object Repository/Pilar 1/Showroom-Supplier/UAT/RBU/SPV_RBU_Assign_PIC/Page_TindakLanjutKunjunganShowroom/input_EndDate'

22-07-2026T09:32:12 - [MESSAGE][PASSED] - Text '22-07-2026' is set on object 'Object Repository/Pilar 1/Showroom-Supplier/UAT/RBU/SPV_RBU_Assign_PIC/Page_TindakLanjutKunjunganShowroom/input_EndDate'

22-07-2026T09:32:12 - [TEST_STEP][PASSED] - selectOptionByValue(findTestObject("Pilar 1/Showroom-Supplier/UAT/RBU/SPV_RBU_Assign_PIC/Page_TindakLanjutKunjunganShowroom/select_DropdownCabang"), "4", false): All options with value '4' are selected in object 'Object Repository/Pilar 1/Showroom-Supplier/UAT/RBU/SPV_RBU_Assign_PIC/Page_TindakLanjutKunjunganShowroom/select_DropdownCabang' 

22-07-2026T09:32:12 - [MESSAGE][PASSED] - All options with value '4' are selected in object 'Object Repository/Pilar 1/Showroom-Supplier/UAT/RBU/SPV_RBU_Assign_PIC/Page_TindakLanjutKunjunganShowroom/select_DropdownCabang' 

22-07-2026T09:32:12 - [TEST_STEP][PASSED] - click(findTestObject("Pilar 1/Showroom-Supplier/UAT/RBU/SPV_RBU_Assign_PIC/Page_TindakLanjutKunjunganShowroom/button_Cari")): Object: 'Object Repository/Pilar 1/Showroom-Supplier/UAT/RBU/SPV_RBU_Assign_PIC/Page_TindakLanjutKunjunganShowroom/button_Cari' is clicked on

22-07-2026T09:32:13 - [MESSAGE][PASSED] - Object: 'Object Repository/Pilar 1/Showroom-Supplier/UAT/RBU/SPV_RBU_Assign_PIC/Page_TindakLanjutKunjunganShowroom/button_Cari' is clicked on

22-07-2026T09:32:13 - [TEST_STEP][PASSED] - click(findTestObject("Pilar 1/Showroom-Supplier/UAT/RBU/SPV_RBU_Assign_PIC/Page_TindakLanjutKunjunganShowroom/button_Tindak lanjut")): Object: 'Object Repository/Pilar 1/Showroom-Supplier/UAT/RBU/SPV_RBU_Assign_PIC/Page_TindakLanjutKunjunganShowroom/button_Tindak lanjut' is clicked on

22-07-2026T09:32:13 - [MESSAGE][PASSED] - Object: 'Object Repository/Pilar 1/Showroom-Supplier/UAT/RBU/SPV_RBU_Assign_PIC/Page_TindakLanjutKunjunganShowroom/button_Tindak lanjut' is clicked on

22-07-2026T09:32:13 - [TEST_STEP][PASSED] - delay(4): Delayed 4 second(s)

22-07-2026T09:32:17 - [MESSAGE][PASSED] - Delayed 4 second(s)

22-07-2026T09:32:17 - [TEST_STEP][PASSED] - click(findTestObject("Pilar 1/Showroom-Supplier/UAT/RBU/SPV_RBU_Assign_PIC/Page_TindakLanjutKunjunganShowroom/input_Checkbox_AssigntoPIC")): Object: 'Object Repository/Pilar 1/Showroom-Supplier/UAT/RBU/SPV_RBU_Assign_PIC/Page_TindakLanjutKunjunganShowroom/input_Checkbox_AssigntoPIC' is clicked on

22-07-2026T09:32:31 - [MESSAGE][PASSED] - Object: 'Object Repository/Pilar 1/Showroom-Supplier/UAT/RBU/SPV_RBU_Assign_PIC/Page_TindakLanjutKunjunganShowroom/input_Checkbox_AssigntoPIC' is clicked on

22-07-2026T09:32:31 - [TEST_STEP][PASSED] - click(findTestObject("Pilar 1/Showroom-Supplier/UAT/RBU/SPV_RBU_Assign_PIC/Page_TindakLanjutKunjunganShowroom/button_Kirim Tindak lanjut")): Object: 'Object Repository/Pilar 1/Showroom-Supplier/UAT/RBU/SPV_RBU_Assign_PIC/Page_TindakLanjutKunjunganShowroom/button_Kirim Tindak lanjut' is clicked on

22-07-2026T09:32:31 - [MESSAGE][PASSED] - Object: 'Object Repository/Pilar 1/Showroom-Supplier/UAT/RBU/SPV_RBU_Assign_PIC/Page_TindakLanjutKunjunganShowroom/button_Kirim Tindak lanjut' is clicked on

22-07-2026T09:32:31 - [TEST_STEP][NOT_RUN] - setText(findTestObject("Pilar 1/Showroom-Supplier/UAT/RBU/SPV_RBU_Assign_PIC/Page_TindakLanjutKunjunganShowroom/input_NamaPIC_A"), "margareta"): NOT_RUN: setText(findTestObject("Pilar 1/Showroom-Supplier/UAT/RBU/SPV_RBU_Assign_PIC/Page_TindakLanjutKunjunganShowroom/input_NamaPIC_A"), "margareta")

22-07-2026T09:32:31 - [MESSAGE][NOT_RUN] - NOT_RUN: setText(findTestObject("Pilar 1/Showroom-Supplier/UAT/RBU/SPV_RBU_Assign_PIC/Page_TindakLanjutKunjunganShowroom/input_NamaPIC_A"), "margareta")

22-07-2026T09:32:31 - [TEST_STEP][NOT_RUN] - click(findTestObject("Pilar 1/Showroom-Supplier/UAT/RBU/SPV_RBU_Assign_PIC/Page_TindakLanjutKunjunganShowroom/button_Cari_PIC_A_B")): NOT_RUN: click(findTestObject("Pilar 1/Showroom-Supplier/UAT/RBU/SPV_RBU_Assign_PIC/Page_TindakLanjutKunjunganShowroom/button_Cari_PIC_A_B"))

22-07-2026T09:32:31 - [MESSAGE][NOT_RUN] - NOT_RUN: click(findTestObject("Pilar 1/Showroom-Supplier/UAT/RBU/SPV_RBU_Assign_PIC/Page_TindakLanjutKunjunganShowroom/button_Cari_PIC_A_B"))

22-07-2026T09:32:31 - [TEST_STEP][NOT_RUN] - click(findTestObject("Pilar 1/Showroom-Supplier/UAT/RBU/SPV_RBU_Assign_PIC/Page_TindakLanjutKunjunganShowroom/input_Checklist_PIC_A_Utama")): NOT_RUN: click(findTestObject("Pilar 1/Showroom-Supplier/UAT/RBU/SPV_RBU_Assign_PIC/Page_TindakLanjutKunjunganShowroom/input_Checklist_PIC_A_Utama"))

22-07-2026T09:32:31 - [MESSAGE][NOT_RUN] - NOT_RUN: click(findTestObject("Pilar 1/Showroom-Supplier/UAT/RBU/SPV_RBU_Assign_PIC/Page_TindakLanjutKunjunganShowroom/input_Checklist_PIC_A_Utama"))

22-07-2026T09:32:31 - [TEST_STEP][PASSED] - setText(findTestObject("Pilar 1/Showroom-Supplier/UAT/RBU/SPV_RBU_Assign_PIC/Page_TindakLanjutKunjunganShowroom/input_NamaPIC_B"), "Irwansyah"): Text 'Irwansyah' is set on object 'Object Repository/Pilar 1/Showroom-Supplier/UAT/RBU/SPV_RBU_Assign_PIC/Page_TindakLanjutKunjunganShowroom/input_NamaPIC_B'

22-07-2026T09:32:32 - [MESSAGE][PASSED] - Text 'Irwansyah' is set on object 'Object Repository/Pilar 1/Showroom-Supplier/UAT/RBU/SPV_RBU_Assign_PIC/Page_TindakLanjutKunjunganShowroom/input_NamaPIC_B'

22-07-2026T09:32:32 - [TEST_STEP][PASSED] - click(findTestObject("Pilar 1/Showroom-Supplier/UAT/RBU/SPV_RBU_Assign_PIC/Page_TindakLanjutKunjunganShowroom/button_Cari_PIC_A_B")): Object: 'Object Repository/Pilar 1/Showroom-Supplier/UAT/RBU/SPV_RBU_Assign_PIC/Page_TindakLanjutKunjunganShowroom/button_Cari_PIC_A_B' is clicked on

22-07-2026T09:32:32 - [MESSAGE][PASSED] - Object: 'Object Repository/Pilar 1/Showroom-Supplier/UAT/RBU/SPV_RBU_Assign_PIC/Page_TindakLanjutKunjunganShowroom/button_Cari_PIC_A_B' is clicked on

22-07-2026T09:32:32 - [TEST_STEP][PASSED] - click(findTestObject("Pilar 1/Showroom-Supplier/UAT/RBU/SPV_RBU_Assign_PIC/Page_TindakLanjutKunjunganShowroom/input_Checklist_PIC_B_Utama")): Object: 'Object Repository/Pilar 1/Showroom-Supplier/UAT/RBU/SPV_RBU_Assign_PIC/Page_TindakLanjutKunjunganShowroom/input_Checklist_PIC_B_Utama' is clicked on

22-07-2026T09:32:34 - [MESSAGE][PASSED] - Object: 'Object Repository/Pilar 1/Showroom-Supplier/UAT/RBU/SPV_RBU_Assign_PIC/Page_TindakLanjutKunjunganShowroom/input_Checklist_PIC_B_Utama' is clicked on

22-07-2026T09:32:34 - [TEST_STEP][PASSED] - click(findTestObject("Pilar 1/Showroom-Supplier/UAT/RBU/SPV_RBU_Assign_PIC/Page_TindakLanjutKunjunganShowroom/button_Kirim Tindak Lanjut (1)")): Object: 'Object Repository/Pilar 1/Showroom-Supplier/UAT/RBU/SPV_RBU_Assign_PIC/Page_TindakLanjutKunjunganShowroom/button_Kirim Tindak Lanjut (1)' is clicked on

22-07-2026T09:32:35 - [MESSAGE][PASSED] - Object: 'Object Repository/Pilar 1/Showroom-Supplier/UAT/RBU/SPV_RBU_Assign_PIC/Page_TindakLanjutKunjunganShowroom/button_Kirim Tindak Lanjut (1)' is clicked on

22-07-2026T09:32:35 - [TEST_STEP][PASSED] - verifyElementPresent(findTestObject("Pilar 1/Showroom-Supplier/UAT/RBU/SPV_RBU_Assign_PIC/Page_TindakLanjutKunjunganShowroom/div_Apakah Anda yakin ingin mengirimkan tindak l"), 0): Object 'Object Repository/Pilar 1/Showroom-Supplier/UAT/RBU/SPV_RBU_Assign_PIC/Page_TindakLanjutKunjunganShowroom/div_Apakah Anda yakin ingin mengirimkan tindak l' is present

22-07-2026T09:32:35 - [MESSAGE][WARNING] - Timeout '0' is invalid. Using default page load timeout: '20'

22-07-2026T09:32:35 - [MESSAGE][PASSED] - Object 'Object Repository/Pilar 1/Showroom-Supplier/UAT/RBU/SPV_RBU_Assign_PIC/Page_TindakLanjutKunjunganShowroom/div_Apakah Anda yakin ingin mengirimkan tindak l' is present

22-07-2026T09:32:35 - [TEST_STEP][PASSED] - click(findTestObject("Pilar 1/Showroom-Supplier/UAT/RBU/SPV_RBU_Assign_PIC/Page_TindakLanjutKunjunganShowroom/button_Kirim Tindak Lanjut(2)")): Object: 'Object Repository/Pilar 1/Showroom-Supplier/UAT/RBU/SPV_RBU_Assign_PIC/Page_TindakLanjutKunjunganShowroom/button_Kirim Tindak Lanjut(2)' is clicked on

22-07-2026T09:32:36 - [MESSAGE][PASSED] - Object: 'Object Repository/Pilar 1/Showroom-Supplier/UAT/RBU/SPV_RBU_Assign_PIC/Page_TindakLanjutKunjunganShowroom/button_Kirim Tindak Lanjut(2)' is clicked on

22-07-2026T09:32:36 - [TEST_STEP][PASSED] - delay(4): Delayed 4 second(s)

22-07-2026T09:32:40 - [MESSAGE][PASSED] - Delayed 4 second(s)]]></system-out>
         <system-err><![CDATA[]]></system-err>
      </testcase>
      <testcase name="Test Cases/Pilar 1/Showroom-Supplier/UAT/RBU/RBU_PIC_Submit_Tindak_Lanjut" time="67.31" classname="Test Cases/Pilar 1/Showroom-Supplier/UAT/RBU/RBU_PIC_Submit_Tindak_Lanjut" status="PASSED">
         <properties>
            <property name="data_binding"><![CDATA[{"(Default) Uploa...":"D:\\Ica\\PPU (PT. PILAR PERKASA UTAMA)\\Task QA\\CSUL\\CSUL Pilar 4 Sprint 3\\UAT Pilar 4 CSUL\\Cabang Jakarta 1.xlsx"}]]></property>
         </properties>
         <system-out><![CDATA[22-07-2026T09:32:40 - [TEST_CASE][PASSED] - Test Cases/Pilar 1/Showroom-Supplier/UAT/RBU/RBU_PIC_Submit_Tindak_Lanjut: Test Cases/Pilar 1/Showroom-Supplier/UAT/RBU/RBU_PIC_Submit_Tindak_Lanjut

22-07-2026T09:32:40 - [TEST_STEP][PASSED] - callTestCase(findTestCase("Pilar 1/Login/UAT/PIC-Irwansyah"), [:], STOP_ON_FAILURE): Call Test Case 'Test Cases/Pilar 1/Login/UAT/PIC-Irwansyah' successfully

22-07-2026T09:32:40 - [TEST_CASE][PASSED] - Test Cases/Pilar 1/Login/UAT/PIC-Irwansyah: Test Cases/Pilar 1/Login/UAT/PIC-Irwansyah

22-07-2026T09:32:40 - [TEST_STEP][PASSED] - openBrowser("https://sakti-test.csulfinance.com/CSULFoundation_Login/Login"): Browser is opened with url: 'https://sakti-test.csulfinance.com/CSULFoundation_Login/Login'

22-07-2026T09:32:40 - [MESSAGE][WARNING] - A browser is already opened. Closing browser and opening a new one

22-07-2026T09:32:40 - [MESSAGE][INFO] - Starting 'Chrome' driver

22-07-2026T09:32:40 - [MESSAGE][INFO] - Action delay is set to 0 milliseconds

22-07-2026T09:32:42 - [MESSAGE][PASSED] - Browser is opened with url: 'https://sakti-test.csulfinance.com/CSULFoundation_Login/Login'

22-07-2026T09:32:42 - [TEST_STEP][PASSED] - maximizeWindow(): Current window maximized

22-07-2026T09:32:42 - [MESSAGE][PASSED] - Current window maximized

22-07-2026T09:32:42 - [TEST_STEP][PASSED] - waitForElementVisible(findTestObject("Pilar 1/Login/UAT/Page_Login/input_Username"), 10): Object 'Object Repository/Pilar 1/Login/UAT/Page_Login/input_Username' is visible

22-07-2026T09:32:46 - [MESSAGE][PASSED] - Object 'Object Repository/Pilar 1/Login/UAT/Page_Login/input_Username' is visible

22-07-2026T09:32:46 - [TEST_STEP][PASSED] - setText(findTestObject("Pilar 1/Login/UAT/Page_Login/input_Username"), "irwansyah"): Text 'irwansyah' is set on object 'Object Repository/Pilar 1/Login/UAT/Page_Login/input_Username'

22-07-2026T09:32:46 - [MESSAGE][PASSED] - Text 'irwansyah' is set on object 'Object Repository/Pilar 1/Login/UAT/Page_Login/input_Username'

22-07-2026T09:32:46 - [TEST_STEP][PASSED] - setEncryptedText(findTestObject("Pilar 1/Login/UAT/Page_Login/input_Password"), "DKZg8gTnVzw="): Text ****** has been set on object 'Object Repository/Pilar 1/Login/UAT/Page_Login/input_Password'

22-07-2026T09:32:47 - [MESSAGE][PASSED] - Text ****** has been set on object 'Object Repository/Pilar 1/Login/UAT/Page_Login/input_Password'

22-07-2026T09:32:47 - [TEST_STEP][PASSED] - delay(20): Delayed 20 second(s)

22-07-2026T09:33:07 - [MESSAGE][PASSED] - Delayed 20 second(s)

22-07-2026T09:33:07 - [TEST_STEP][PASSED] - click(findTestObject("Pilar 1/Login/UAT/Page_Login/button_Login")): Object: 'Object Repository/Pilar 1/Login/UAT/Page_Login/button_Login' is clicked on

22-07-2026T09:33:07 - [MESSAGE][PASSED] - Object: 'Object Repository/Pilar 1/Login/UAT/Page_Login/button_Login' is clicked on

22-07-2026T09:33:07 - [TEST_STEP][PASSED] - delay(5): Delayed 5 second(s)

22-07-2026T09:33:12 - [MESSAGE][PASSED] - Delayed 5 second(s)

22-07-2026T09:33:12 - [TEST_STEP][PASSED] - waitForElementVisible(findTestObject("Pilar 1/Login/UAT/Page_Login/Page_ApplicationsCatalog/div_Risk Control Unit Application"), 10): Object 'Object Repository/Pilar 1/Login/UAT/Page_Login/Page_ApplicationsCatalog/div_Risk Control Unit Application' is visible

22-07-2026T09:33:13 - [MESSAGE][PASSED] - Object 'Object Repository/Pilar 1/Login/UAT/Page_Login/Page_ApplicationsCatalog/div_Risk Control Unit Application' is visible

22-07-2026T09:33:13 - [TEST_STEP][PASSED] - doubleClick(findTestObject("Pilar 1/Login/UAT/Page_Login/Page_ApplicationsCatalog/div_Risk Control Unit Application")): Object: 'Object Repository/Pilar 1/Login/UAT/Page_Login/Page_ApplicationsCatalog/div_Risk Control Unit Application' is double clicked on

22-07-2026T09:33:13 - [MESSAGE][PASSED] - Object: 'Object Repository/Pilar 1/Login/UAT/Page_Login/Page_ApplicationsCatalog/div_Risk Control Unit Application' is double clicked on

22-07-2026T09:33:13 - [MESSAGE][PASSED] - Call Test Case 'Test Cases/Pilar 1/Login/UAT/PIC-Irwansyah' successfully

22-07-2026T09:33:13 - [TEST_STEP][PASSED] - click(findTestObject("Pilar 1/Showroom-Supplier/UAT/RBU/RBU_PIC_Submit_Tindak_Lanjut/Page_Dashboard/div_b2-l1-17_1-b3-SubMenuHeader")): Object: 'Object Repository/Pilar 1/Showroom-Supplier/UAT/RBU/RBU_PIC_Submit_Tindak_Lanjut/Page_Dashboard/div_b2-l1-17_1-b3-SubMenuHeader' is clicked on

22-07-2026T09:33:18 - [MESSAGE][PASSED] - Object: 'Object Repository/Pilar 1/Showroom-Supplier/UAT/RBU/RBU_PIC_Submit_Tindak_Lanjut/Page_Dashboard/div_b2-l1-17_1-b3-SubMenuHeader' is clicked on

22-07-2026T09:33:18 - [TEST_STEP][PASSED] - click(findTestObject("Pilar 1/Showroom-Supplier/UAT/RBU/RBU_PIC_Submit_Tindak_Lanjut/Page_Dashboard/div_b2-l1-17_1-b4-l1-23_4-b1-SubMenuHeader")): Object: 'Object Repository/Pilar 1/Showroom-Supplier/UAT/RBU/RBU_PIC_Submit_Tindak_Lanjut/Page_Dashboard/div_b2-l1-17_1-b4-l1-23_4-b1-SubMenuHeader' is clicked on

22-07-2026T09:33:18 - [MESSAGE][PASSED] - Object: 'Object Repository/Pilar 1/Showroom-Supplier/UAT/RBU/RBU_PIC_Submit_Tindak_Lanjut/Page_Dashboard/div_b2-l1-17_1-b4-l1-23_4-b1-SubMenuHeader' is clicked on

22-07-2026T09:33:18 - [TEST_STEP][PASSED] - click(findTestObject("Pilar 1/Showroom-Supplier/UAT/RBU/RBU_PIC_Submit_Tindak_Lanjut/Page_Dashboard/a_Showroom_Supplier")): Object: 'Object Repository/Pilar 1/Showroom-Supplier/UAT/RBU/RBU_PIC_Submit_Tindak_Lanjut/Page_Dashboard/a_Showroom_Supplier' is clicked on

22-07-2026T09:33:19 - [MESSAGE][PASSED] - Object: 'Object Repository/Pilar 1/Showroom-Supplier/UAT/RBU/RBU_PIC_Submit_Tindak_Lanjut/Page_Dashboard/a_Showroom_Supplier' is clicked on

22-07-2026T09:33:19 - [TEST_STEP][PASSED] - selectOptionByValue(findTestObject("Pilar 1/Showroom-Supplier/UAT/RBU/RBU_PIC_Submit_Tindak_Lanjut/Page_TindakLanjutKunjunganShowroom/select_Dropdown_PIC_BisnisUnit"), "1", false): All options with value '1' are selected in object 'Object Repository/Pilar 1/Showroom-Supplier/UAT/RBU/RBU_PIC_Submit_Tindak_Lanjut/Page_TindakLanjutKunjunganShowroom/select_Dropdown_PIC_BisnisUnit' 

22-07-2026T09:33:25 - [MESSAGE][PASSED] - All options with value '1' are selected in object 'Object Repository/Pilar 1/Showroom-Supplier/UAT/RBU/RBU_PIC_Submit_Tindak_Lanjut/Page_TindakLanjutKunjunganShowroom/select_Dropdown_PIC_BisnisUnit' 

22-07-2026T09:33:25 - [TEST_STEP][PASSED] - selectOptionByValue(findTestObject("Pilar 1/Copy Contract/UAT/CBU/PIC-CBU-Submit-Tindak-Lanjut/Page_TindakLanjutCopyContract/select_b3-b2-b1-Dropdown1"), "4", false): All options with value '4' are selected in object 'Object Repository/Pilar 1/Copy Contract/UAT/CBU/PIC-CBU-Submit-Tindak-Lanjut/Page_TindakLanjutCopyContract/select_b3-b2-b1-Dropdown1' 

22-07-2026T09:33:26 - [MESSAGE][PASSED] - All options with value '4' are selected in object 'Object Repository/Pilar 1/Copy Contract/UAT/CBU/PIC-CBU-Submit-Tindak-Lanjut/Page_TindakLanjutCopyContract/select_b3-b2-b1-Dropdown1' 

22-07-2026T09:33:26 - [TEST_STEP][PASSED] - selectOptionByValue(findTestObject("Pilar 1/Copy Contract/UAT/CBU/PIC-CBU-Submit-Tindak-Lanjut/Page_TindakLanjutCopyContract/select_b3-b2-b1-Dropdown3"), "0", false): All options with value '0' are selected in object 'Object Repository/Pilar 1/Copy Contract/UAT/CBU/PIC-CBU-Submit-Tindak-Lanjut/Page_TindakLanjutCopyContract/select_b3-b2-b1-Dropdown3' 

22-07-2026T09:33:27 - [MESSAGE][PASSED] - All options with value '0' are selected in object 'Object Repository/Pilar 1/Copy Contract/UAT/CBU/PIC-CBU-Submit-Tindak-Lanjut/Page_TindakLanjutCopyContract/select_b3-b2-b1-Dropdown3' 

22-07-2026T09:33:27 - [TEST_STEP][NOT_RUN] - selectOptionByValue(findTestObject("Pilar 1/Showroom-Supplier/UAT/RBU/RBU_PIC_Submit_Tindak_Lanjut/Page_TindakLanjutKunjunganShowroom/select_DropdownPencarian"), "2", false): NOT_RUN: selectOptionByValue(findTestObject("Pilar 1/Showroom-Supplier/UAT/RBU/RBU_PIC_Submit_Tindak_Lanjut/Page_TindakLanjutKunjunganShowroom/select_DropdownPencarian"), "2", false)

22-07-2026T09:33:27 - [MESSAGE][NOT_RUN] - NOT_RUN: selectOptionByValue(findTestObject("Pilar 1/Showroom-Supplier/UAT/RBU/RBU_PIC_Submit_Tindak_Lanjut/Page_TindakLanjutKunjunganShowroom/select_DropdownPencarian"), "2", false)

22-07-2026T09:33:27 - [TEST_STEP][NOT_RUN] - setText(findTestObject("Pilar 1/Showroom-Supplier/UAT/RBU/RBU_PIC_Submit_Tindak_Lanjut/Page_TindakLanjutKunjunganShowroom/input_Search_1"), "Satria Jaya Motor"): NOT_RUN: setText(findTestObject("Pilar 1/Showroom-Supplier/UAT/RBU/RBU_PIC_Submit_Tindak_Lanjut/Page_TindakLanjutKunjunganShowroom/input_Search_1"), "Satria Jaya Motor")

22-07-2026T09:33:27 - [MESSAGE][NOT_RUN] - NOT_RUN: setText(findTestObject("Pilar 1/Showroom-Supplier/UAT/RBU/RBU_PIC_Submit_Tindak_Lanjut/Page_TindakLanjutKunjunganShowroom/input_Search_1"), "Satria Jaya Motor")

22-07-2026T09:33:27 - [TEST_STEP][PASSED] - click(findTestObject("Pilar 1/Showroom-Supplier/UAT/RBU/RBU_PIC_Submit_Tindak_Lanjut/Page_TindakLanjutKunjunganShowroom/button_Cari")): Object: 'Object Repository/Pilar 1/Showroom-Supplier/UAT/RBU/RBU_PIC_Submit_Tindak_Lanjut/Page_TindakLanjutKunjunganShowroom/button_Cari' is clicked on

22-07-2026T09:33:27 - [MESSAGE][PASSED] - Object: 'Object Repository/Pilar 1/Showroom-Supplier/UAT/RBU/RBU_PIC_Submit_Tindak_Lanjut/Page_TindakLanjutKunjunganShowroom/button_Cari' is clicked on

22-07-2026T09:33:27 - [TEST_STEP][PASSED] - click(findTestObject("Pilar 1/Showroom-Supplier/UAT/RBU/RBU_PIC_Submit_Tindak_Lanjut/Page_TindakLanjutKunjunganShowroom/button_Tindak lanjut_Header")): Object: 'Object Repository/Pilar 1/Showroom-Supplier/UAT/RBU/RBU_PIC_Submit_Tindak_Lanjut/Page_TindakLanjutKunjunganShowroom/button_Tindak lanjut_Header' is clicked on

22-07-2026T09:33:28 - [MESSAGE][PASSED] - Object: 'Object Repository/Pilar 1/Showroom-Supplier/UAT/RBU/RBU_PIC_Submit_Tindak_Lanjut/Page_TindakLanjutKunjunganShowroom/button_Tindak lanjut_Header' is clicked on

22-07-2026T09:33:28 - [TEST_STEP][PASSED] - setText(findTestObject("Pilar 1/Showroom-Supplier/UAT/RBU/RBU_PIC_Submit_Tindak_Lanjut/Page_TindakLanjutKunjunganShowroomDetail/Page_TindakLanjutKunjunganShowroomDetail/input_TenggatWaktuPenyelesaian"), "31-07-2026"): Text '31-07-2026' is set on object 'Object Repository/Pilar 1/Showroom-Supplier/UAT/RBU/RBU_PIC_Submit_Tindak_Lanjut/Page_TindakLanjutKunjunganShowroomDetail/Page_TindakLanjutKunjunganShowroomDetail/input_TenggatWaktuPenyelesaian'

22-07-2026T09:33:32 - [MESSAGE][PASSED] - Text '31-07-2026' is set on object 'Object Repository/Pilar 1/Showroom-Supplier/UAT/RBU/RBU_PIC_Submit_Tindak_Lanjut/Page_TindakLanjutKunjunganShowroomDetail/Page_TindakLanjutKunjunganShowroomDetail/input_TenggatWaktuPenyelesaian'

22-07-2026T09:33:32 - [TEST_STEP][PASSED] - setText(findTestObject("Pilar 1/Showroom-Supplier/UAT/RBU/RBU_PIC_Submit_Tindak_Lanjut/Page_TindakLanjutKunjunganShowroomDetail/Page_TindakLanjutKunjunganShowroomDetail/textarea_b3-b1-TextArea_Catatan"), "Saya sudah melakukan tindak lanjut pak"): Text 'Saya sudah melakukan tindak lanjut pak' is set on object 'Object Repository/Pilar 1/Showroom-Supplier/UAT/RBU/RBU_PIC_Submit_Tindak_Lanjut/Page_TindakLanjutKunjunganShowroomDetail/Page_TindakLanjutKunjunganShowroomDetail/textarea_b3-b1-TextArea_Catatan'

22-07-2026T09:33:33 - [MESSAGE][PASSED] - Text 'Saya sudah melakukan tindak lanjut pak' is set on object 'Object Repository/Pilar 1/Showroom-Supplier/UAT/RBU/RBU_PIC_Submit_Tindak_Lanjut/Page_TindakLanjutKunjunganShowroomDetail/Page_TindakLanjutKunjunganShowroomDetail/textarea_b3-b1-TextArea_Catatan'

22-07-2026T09:33:33 - [TEST_STEP][PASSED] - click(findTestObject("Pilar 1/Showroom-Supplier/UAT/RBU/RBU_PIC_Submit_Tindak_Lanjut/Page_TindakLanjutKunjunganShowroomDetail/Page_TindakLanjutKunjunganShowroomDetail/button_Unggah")): Object: 'Object Repository/Pilar 1/Showroom-Supplier/UAT/RBU/RBU_PIC_Submit_Tindak_Lanjut/Page_TindakLanjutKunjunganShowroomDetail/Page_TindakLanjutKunjunganShowroomDetail/button_Unggah' is clicked on

22-07-2026T09:33:33 - [MESSAGE][PASSED] - Object: 'Object Repository/Pilar 1/Showroom-Supplier/UAT/RBU/RBU_PIC_Submit_Tindak_Lanjut/Page_TindakLanjutKunjunganShowroomDetail/Page_TindakLanjutKunjunganShowroomDetail/button_Unggah' is clicked on

22-07-2026T09:33:33 - [TEST_STEP][PASSED] - delay(7): Delayed 7 second(s)

22-07-2026T09:33:40 - [MESSAGE][PASSED] - Delayed 7 second(s)

22-07-2026T09:33:40 - [TEST_STEP][NOT_RUN] - uploadFile(findTestObject("Pilar 1/Showroom-Supplier/UAT/RBU/RBU_PIC_Submit_Tindak_Lanjut/Page_TindakLanjutKunjunganShowroomDetail/Page_TindakLanjutKunjunganShowroomDetail/span_Browse"), UploadFile): NOT_RUN: uploadFile(findTestObject("Pilar 1/Showroom-Supplier/UAT/RBU/RBU_PIC_Submit_Tindak_Lanjut/Page_TindakLanjutKunjunganShowroomDetail/Page_TindakLanjutKunjunganShowroomDetail/span_Browse"), UploadFile)

22-07-2026T09:33:40 - [MESSAGE][NOT_RUN] - NOT_RUN: uploadFile(findTestObject("Pilar 1/Showroom-Supplier/UAT/RBU/RBU_PIC_Submit_Tindak_Lanjut/Page_TindakLanjutKunjunganShowroomDetail/Page_TindakLanjutKunjunganShowroomDetail/span_Browse"), UploadFile)

22-07-2026T09:33:40 - [TEST_STEP][NOT_RUN] - click(findTestObject("Pilar 1/Showroom-Supplier/UAT/RBU/RBU_PIC_Submit_Tindak_Lanjut/Page_TindakLanjutKunjunganShowroomDetail/Page_TindakLanjutKunjunganShowroomDetail/button_Upload")): NOT_RUN: click(findTestObject("Pilar 1/Showroom-Supplier/UAT/RBU/RBU_PIC_Submit_Tindak_Lanjut/Page_TindakLanjutKunjunganShowroomDetail/Page_TindakLanjutKunjunganShowroomDetail/button_Upload"))

22-07-2026T09:33:40 - [MESSAGE][NOT_RUN] - NOT_RUN: click(findTestObject("Pilar 1/Showroom-Supplier/UAT/RBU/RBU_PIC_Submit_Tindak_Lanjut/Page_TindakLanjutKunjunganShowroomDetail/Page_TindakLanjutKunjunganShowroomDetail/button_Upload"))

22-07-2026T09:33:40 - [TEST_STEP][PASSED] - click(findTestObject("Pilar 1/Showroom-Supplier/UAT/RBU/RBU_PIC_Submit_Tindak_Lanjut/Page_TindakLanjutKunjunganShowroomDetail/Page_TindakLanjutKunjunganShowroomDetail/button_Submit")): Object: 'Object Repository/Pilar 1/Showroom-Supplier/UAT/RBU/RBU_PIC_Submit_Tindak_Lanjut/Page_TindakLanjutKunjunganShowroomDetail/Page_TindakLanjutKunjunganShowroomDetail/button_Submit' is clicked on

22-07-2026T09:33:41 - [MESSAGE][PASSED] - Object: 'Object Repository/Pilar 1/Showroom-Supplier/UAT/RBU/RBU_PIC_Submit_Tindak_Lanjut/Page_TindakLanjutKunjunganShowroomDetail/Page_TindakLanjutKunjunganShowroomDetail/button_Submit' is clicked on

22-07-2026T09:33:41 - [TEST_STEP][PASSED] - delay(5): Delayed 5 second(s)

22-07-2026T09:33:46 - [MESSAGE][PASSED] - Delayed 5 second(s)

22-07-2026T09:33:46 - [TEST_STEP][PASSED] - selectOptionByValue(findTestObject("Pilar 1/Copy Contract/UAT/CBU/PIC-CBU-Submit-Tindak-Lanjut/Page_TindakLanjutCopyContract/select_b3-b2-b1-Dropdown1"), "4", false): All options with value '4' are selected in object 'Object Repository/Pilar 1/Copy Contract/UAT/CBU/PIC-CBU-Submit-Tindak-Lanjut/Page_TindakLanjutCopyContract/select_b3-b2-b1-Dropdown1' 

22-07-2026T09:33:46 - [MESSAGE][PASSED] - All options with value '4' are selected in object 'Object Repository/Pilar 1/Copy Contract/UAT/CBU/PIC-CBU-Submit-Tindak-Lanjut/Page_TindakLanjutCopyContract/select_b3-b2-b1-Dropdown1' 

22-07-2026T09:33:46 - [TEST_STEP][PASSED] - selectOptionByValue(findTestObject("Pilar 1/Copy Contract/UAT/CBU/PIC-CBU-Submit-Tindak-Lanjut/Page_TindakLanjutCopyContract/select_b3-b2-b1-Dropdown3"), "2", false): All options with value '2' are selected in object 'Object Repository/Pilar 1/Copy Contract/UAT/CBU/PIC-CBU-Submit-Tindak-Lanjut/Page_TindakLanjutCopyContract/select_b3-b2-b1-Dropdown3' 

22-07-2026T09:33:47 - [MESSAGE][PASSED] - All options with value '2' are selected in object 'Object Repository/Pilar 1/Copy Contract/UAT/CBU/PIC-CBU-Submit-Tindak-Lanjut/Page_TindakLanjutCopyContract/select_b3-b2-b1-Dropdown3' 

22-07-2026T09:33:47 - [TEST_STEP][PASSED] - click(findTestObject("Pilar 1/Showroom-Supplier/UAT/CBU/CBU_PIC_Submit_Tindak_Lanjut/Page_TindakLanjutKunjunganShowroom/button_Cari")): Object: 'Object Repository/Pilar 1/Showroom-Supplier/UAT/CBU/CBU_PIC_Submit_Tindak_Lanjut/Page_TindakLanjutKunjunganShowroom/button_Cari' is clicked on

22-07-2026T09:33:47 - [MESSAGE][PASSED] - Object: 'Object Repository/Pilar 1/Showroom-Supplier/UAT/CBU/CBU_PIC_Submit_Tindak_Lanjut/Page_TindakLanjutKunjunganShowroom/button_Cari' is clicked on]]></system-out>
         <system-err><![CDATA[]]></system-err>
      </testcase>
      <testcase name="Test Cases/Pilar 1/Showroom-Supplier/UAT/RBU/SPV_RBU_Submit_Tindak_Lanjut" time="60.008" classname="Test Cases/Pilar 1/Showroom-Supplier/UAT/RBU/SPV_RBU_Submit_Tindak_Lanjut" status="PASSED">
         <system-out><![CDATA[22-07-2026T09:33:47 - [TEST_CASE][PASSED] - Test Cases/Pilar 1/Showroom-Supplier/UAT/RBU/SPV_RBU_Submit_Tindak_Lanjut: Test Cases/Pilar 1/Showroom-Supplier/UAT/RBU/SPV_RBU_Submit_Tindak_Lanjut

22-07-2026T09:33:47 - [TEST_STEP][PASSED] - callTestCase(findTestCase("Pilar 1/Login/UAT/SPV-RBU"), [:], STOP_ON_FAILURE): Call Test Case 'Test Cases/Pilar 1/Login/UAT/SPV-RBU' successfully

22-07-2026T09:33:47 - [TEST_CASE][PASSED] - Test Cases/Pilar 1/Login/UAT/SPV-RBU: Test Cases/Pilar 1/Login/UAT/SPV-RBU

22-07-2026T09:33:47 - [TEST_STEP][PASSED] - openBrowser("https://sakti-test.csulfinance.com/CSULFoundation_Login/Login"): Browser is opened with url: 'https://sakti-test.csulfinance.com/CSULFoundation_Login/Login'

22-07-2026T09:33:47 - [MESSAGE][WARNING] - A browser is already opened. Closing browser and opening a new one

22-07-2026T09:33:48 - [MESSAGE][INFO] - Starting 'Chrome' driver

22-07-2026T09:33:48 - [MESSAGE][INFO] - Action delay is set to 0 milliseconds

22-07-2026T09:33:49 - [MESSAGE][PASSED] - Browser is opened with url: 'https://sakti-test.csulfinance.com/CSULFoundation_Login/Login'

22-07-2026T09:33:49 - [TEST_STEP][PASSED] - maximizeWindow(): Current window maximized

22-07-2026T09:33:49 - [MESSAGE][PASSED] - Current window maximized

22-07-2026T09:33:49 - [TEST_STEP][PASSED] - waitForElementVisible(findTestObject("Pilar 1/Login/UAT/Page_Login/input_Username"), 10): Object 'Object Repository/Pilar 1/Login/UAT/Page_Login/input_Username' is visible

22-07-2026T09:33:53 - [MESSAGE][PASSED] - Object 'Object Repository/Pilar 1/Login/UAT/Page_Login/input_Username' is visible

22-07-2026T09:33:53 - [TEST_STEP][PASSED] - setText(findTestObject("Pilar 1/Login/UAT/Page_Login/input_Username"), "taufan.minangga"): Text 'taufan.minangga' is set on object 'Object Repository/Pilar 1/Login/UAT/Page_Login/input_Username'

22-07-2026T09:33:53 - [MESSAGE][PASSED] - Text 'taufan.minangga' is set on object 'Object Repository/Pilar 1/Login/UAT/Page_Login/input_Username'

22-07-2026T09:33:53 - [TEST_STEP][PASSED] - setEncryptedText(findTestObject("Pilar 1/Login/UAT/Page_Login/input_Password"), "DKZg8gTnVzw="): Text ****** has been set on object 'Object Repository/Pilar 1/Login/UAT/Page_Login/input_Password'

22-07-2026T09:33:54 - [MESSAGE][PASSED] - Text ****** has been set on object 'Object Repository/Pilar 1/Login/UAT/Page_Login/input_Password'

22-07-2026T09:33:54 - [TEST_STEP][PASSED] - delay(20): Delayed 20 second(s)

22-07-2026T09:34:14 - [MESSAGE][PASSED] - Delayed 20 second(s)

22-07-2026T09:34:14 - [TEST_STEP][PASSED] - click(findTestObject("Pilar 1/Login/UAT/Page_Login/button_Login")): Object: 'Object Repository/Pilar 1/Login/UAT/Page_Login/button_Login' is clicked on

22-07-2026T09:34:14 - [MESSAGE][PASSED] - Object: 'Object Repository/Pilar 1/Login/UAT/Page_Login/button_Login' is clicked on

22-07-2026T09:34:14 - [TEST_STEP][PASSED] - delay(5): Delayed 5 second(s)

22-07-2026T09:34:19 - [MESSAGE][PASSED] - Delayed 5 second(s)

22-07-2026T09:34:19 - [TEST_STEP][PASSED] - waitForElementVisible(findTestObject("Pilar 1/Login/UAT/Page_Login/Page_ApplicationsCatalog/span_Risk Control Unit Application"), 10): Object 'Object Repository/Pilar 1/Login/UAT/Page_Login/Page_ApplicationsCatalog/span_Risk Control Unit Application' is visible

22-07-2026T09:34:19 - [MESSAGE][PASSED] - Object 'Object Repository/Pilar 1/Login/UAT/Page_Login/Page_ApplicationsCatalog/span_Risk Control Unit Application' is visible

22-07-2026T09:34:19 - [TEST_STEP][PASSED] - doubleClick(findTestObject("Pilar 1/Login/UAT/Page_Login/Page_ApplicationsCatalog/span_Risk Control Unit Application")): Object: 'Object Repository/Pilar 1/Login/UAT/Page_Login/Page_ApplicationsCatalog/span_Risk Control Unit Application' is double clicked on

22-07-2026T09:34:20 - [MESSAGE][PASSED] - Object: 'Object Repository/Pilar 1/Login/UAT/Page_Login/Page_ApplicationsCatalog/span_Risk Control Unit Application' is double clicked on

22-07-2026T09:34:20 - [MESSAGE][PASSED] - Call Test Case 'Test Cases/Pilar 1/Login/UAT/SPV-RBU' successfully

22-07-2026T09:34:20 - [TEST_STEP][PASSED] - click(findTestObject("Pilar 1/Showroom-Supplier/UAT/RBU/SPV_RBU_Assign_PIC/Page_Dashboard/div_b2-l1-17_10-b3-SubMenuHeader")): Object: 'Object Repository/Pilar 1/Showroom-Supplier/UAT/RBU/SPV_RBU_Assign_PIC/Page_Dashboard/div_b2-l1-17_10-b3-SubMenuHeader' is clicked on

22-07-2026T09:34:24 - [MESSAGE][PASSED] - Object: 'Object Repository/Pilar 1/Showroom-Supplier/UAT/RBU/SPV_RBU_Assign_PIC/Page_Dashboard/div_b2-l1-17_10-b3-SubMenuHeader' is clicked on

22-07-2026T09:34:24 - [TEST_STEP][PASSED] - click(findTestObject("Pilar 1/Showroom-Supplier/UAT/RBU/SPV_RBU_Assign_PIC/Page_Dashboard/div_b2-l1-17_10-b4-l1-44_4-b1-SubMenuHeader")): Object: 'Object Repository/Pilar 1/Showroom-Supplier/UAT/RBU/SPV_RBU_Assign_PIC/Page_Dashboard/div_b2-l1-17_10-b4-l1-44_4-b1-SubMenuHeader' is clicked on

22-07-2026T09:34:25 - [MESSAGE][PASSED] - Object: 'Object Repository/Pilar 1/Showroom-Supplier/UAT/RBU/SPV_RBU_Assign_PIC/Page_Dashboard/div_b2-l1-17_10-b4-l1-44_4-b1-SubMenuHeader' is clicked on

22-07-2026T09:34:25 - [TEST_STEP][PASSED] - click(findTestObject("Pilar 1/Showroom-Supplier/UAT/RBU/SPV_RBU_Assign_PIC/Page_Dashboard/a_Showroom_Supplier")): Object: 'Object Repository/Pilar 1/Showroom-Supplier/UAT/RBU/SPV_RBU_Assign_PIC/Page_Dashboard/a_Showroom_Supplier' is clicked on

22-07-2026T09:34:25 - [MESSAGE][PASSED] - Object: 'Object Repository/Pilar 1/Showroom-Supplier/UAT/RBU/SPV_RBU_Assign_PIC/Page_Dashboard/a_Showroom_Supplier' is clicked on

22-07-2026T09:34:25 - [TEST_STEP][PASSED] - setText(findTestObject("Pilar 1/Showroom-Supplier/UAT/RBU/SPV_RBU_Assign_PIC/Page_TindakLanjutKunjunganShowroom/input_StartDate"), "22-07-2026"): Text '22-07-2026' is set on object 'Object Repository/Pilar 1/Showroom-Supplier/UAT/RBU/SPV_RBU_Assign_PIC/Page_TindakLanjutKunjunganShowroom/input_StartDate'

22-07-2026T09:34:30 - [MESSAGE][PASSED] - Text '22-07-2026' is set on object 'Object Repository/Pilar 1/Showroom-Supplier/UAT/RBU/SPV_RBU_Assign_PIC/Page_TindakLanjutKunjunganShowroom/input_StartDate'

22-07-2026T09:34:30 - [TEST_STEP][PASSED] - setText(findTestObject("Pilar 1/Showroom-Supplier/UAT/RBU/SPV_RBU_Assign_PIC/Page_TindakLanjutKunjunganShowroom/input_EndDate"), "22-07-2026"): Text '22-07-2026' is set on object 'Object Repository/Pilar 1/Showroom-Supplier/UAT/RBU/SPV_RBU_Assign_PIC/Page_TindakLanjutKunjunganShowroom/input_EndDate'

22-07-2026T09:34:31 - [MESSAGE][PASSED] - Text '22-07-2026' is set on object 'Object Repository/Pilar 1/Showroom-Supplier/UAT/RBU/SPV_RBU_Assign_PIC/Page_TindakLanjutKunjunganShowroom/input_EndDate'

22-07-2026T09:34:31 - [TEST_STEP][PASSED] - selectOptionByValue(findTestObject("Pilar 1/Showroom-Supplier/UAT/RBU/SPV_RBU_Assign_PIC/Page_TindakLanjutKunjunganShowroom/select_DropdownCabang"), "4", false): All options with value '4' are selected in object 'Object Repository/Pilar 1/Showroom-Supplier/UAT/RBU/SPV_RBU_Assign_PIC/Page_TindakLanjutKunjunganShowroom/select_DropdownCabang' 

22-07-2026T09:34:31 - [MESSAGE][PASSED] - All options with value '4' are selected in object 'Object Repository/Pilar 1/Showroom-Supplier/UAT/RBU/SPV_RBU_Assign_PIC/Page_TindakLanjutKunjunganShowroom/select_DropdownCabang' 

22-07-2026T09:34:31 - [TEST_STEP][PASSED] - click(findTestObject("Pilar 1/Showroom-Supplier/UAT/RBU/SPV_RBU_Assign_PIC/Page_TindakLanjutKunjunganShowroom/button_Cari")): Object: 'Object Repository/Pilar 1/Showroom-Supplier/UAT/RBU/SPV_RBU_Assign_PIC/Page_TindakLanjutKunjunganShowroom/button_Cari' is clicked on

22-07-2026T09:34:32 - [MESSAGE][PASSED] - Object: 'Object Repository/Pilar 1/Showroom-Supplier/UAT/RBU/SPV_RBU_Assign_PIC/Page_TindakLanjutKunjunganShowroom/button_Cari' is clicked on

22-07-2026T09:34:32 - [TEST_STEP][PASSED] - click(findTestObject("Pilar 1/Showroom-Supplier/UAT/RBU/SPV_RBU_Assign_PIC/Page_TindakLanjutKunjunganShowroom/button_Tindak lanjut")): Object: 'Object Repository/Pilar 1/Showroom-Supplier/UAT/RBU/SPV_RBU_Assign_PIC/Page_TindakLanjutKunjunganShowroom/button_Tindak lanjut' is clicked on

22-07-2026T09:34:33 - [MESSAGE][PASSED] - Object: 'Object Repository/Pilar 1/Showroom-Supplier/UAT/RBU/SPV_RBU_Assign_PIC/Page_TindakLanjutKunjunganShowroom/button_Tindak lanjut' is clicked on

22-07-2026T09:34:33 - [TEST_STEP][PASSED] - selectOptionByValue(findTestObject("Pilar 1/Showroom-Supplier/UAT/RBU/SPV_RBU_Submit_Tindak_Lanjut/Page_TindakLanjutKunjunganShowroomDetail/select_Dropdown_Kategori_Temuan"), "2", false): All options with value '2' are selected in object 'Object Repository/Pilar 1/Showroom-Supplier/UAT/RBU/SPV_RBU_Submit_Tindak_Lanjut/Page_TindakLanjutKunjunganShowroomDetail/select_Dropdown_Kategori_Temuan' 

22-07-2026T09:34:36 - [MESSAGE][PASSED] - All options with value '2' are selected in object 'Object Repository/Pilar 1/Showroom-Supplier/UAT/RBU/SPV_RBU_Submit_Tindak_Lanjut/Page_TindakLanjutKunjunganShowroomDetail/select_Dropdown_Kategori_Temuan' 

22-07-2026T09:34:36 - [TEST_STEP][PASSED] - click(findTestObject("Pilar 1/Showroom-Supplier/UAT/RBU/SPV_RBU_Submit_Tindak_Lanjut/Page_TindakLanjutKunjunganShowroomDetail/button_Save")): Object: 'Object Repository/Pilar 1/Showroom-Supplier/UAT/RBU/SPV_RBU_Submit_Tindak_Lanjut/Page_TindakLanjutKunjunganShowroomDetail/button_Save' is clicked on

22-07-2026T09:34:36 - [MESSAGE][PASSED] - Object: 'Object Repository/Pilar 1/Showroom-Supplier/UAT/RBU/SPV_RBU_Submit_Tindak_Lanjut/Page_TindakLanjutKunjunganShowroomDetail/button_Save' is clicked on

22-07-2026T09:34:36 - [TEST_STEP][PASSED] - delay(3): Delayed 3 second(s)

22-07-2026T09:34:39 - [MESSAGE][PASSED] - Delayed 3 second(s)

22-07-2026T09:34:39 - [TEST_STEP][PASSED] - click(findTestObject("Pilar 1/Showroom-Supplier/UAT/CBU/SPV_CBU_Submit_Tindak_Lanjut/Page_TindakLanjutKunjunganShowroomDetail/Page_TindakLanjutKunjunganShowroomDetail/button_Lihat Dokumen")): Object: 'Object Repository/Pilar 1/Showroom-Supplier/UAT/CBU/SPV_CBU_Submit_Tindak_Lanjut/Page_TindakLanjutKunjunganShowroomDetail/Page_TindakLanjutKunjunganShowroomDetail/button_Lihat Dokumen' is clicked on

22-07-2026T09:34:40 - [MESSAGE][PASSED] - Object: 'Object Repository/Pilar 1/Showroom-Supplier/UAT/CBU/SPV_CBU_Submit_Tindak_Lanjut/Page_TindakLanjutKunjunganShowroomDetail/Page_TindakLanjutKunjunganShowroomDetail/button_Lihat Dokumen' is clicked on

22-07-2026T09:34:40 - [TEST_STEP][PASSED] - selectOptionByValue(findTestObject("Pilar 1/Showroom-Supplier/UAT/CBU/SPV_CBU_Submit_Tindak_Lanjut/Page_TindakLanjutKunjunganShowroomDetail/Page_TindakLanjutKunjunganShowroomDetail/select_category_status"), "0", false): All options with value '0' are selected in object 'Object Repository/Pilar 1/Showroom-Supplier/UAT/CBU/SPV_CBU_Submit_Tindak_Lanjut/Page_TindakLanjutKunjunganShowroomDetail/Page_TindakLanjutKunjunganShowroomDetail/select_category_status' 

22-07-2026T09:34:41 - [MESSAGE][PASSED] - All options with value '0' are selected in object 'Object Repository/Pilar 1/Showroom-Supplier/UAT/CBU/SPV_CBU_Submit_Tindak_Lanjut/Page_TindakLanjutKunjunganShowroomDetail/Page_TindakLanjutKunjunganShowroomDetail/select_category_status' 

22-07-2026T09:34:41 - [TEST_STEP][PASSED] - setText(findTestObject("Pilar 1/Showroom-Supplier/UAT/CBU/SPV_CBU_Submit_Tindak_Lanjut/Page_TindakLanjutKunjunganShowroomDetail/Page_TindakLanjutKunjunganShowroomDetail/textarea_Catatan_TindakLanjut"), "Okay saya cek ya, mantap"): Text 'Okay saya cek ya, mantap' is set on object 'Object Repository/Pilar 1/Showroom-Supplier/UAT/CBU/SPV_CBU_Submit_Tindak_Lanjut/Page_TindakLanjutKunjunganShowroomDetail/Page_TindakLanjutKunjunganShowroomDetail/textarea_Catatan_TindakLanjut'

22-07-2026T09:34:41 - [MESSAGE][PASSED] - Text 'Okay saya cek ya, mantap' is set on object 'Object Repository/Pilar 1/Showroom-Supplier/UAT/CBU/SPV_CBU_Submit_Tindak_Lanjut/Page_TindakLanjutKunjunganShowroomDetail/Page_TindakLanjutKunjunganShowroomDetail/textarea_Catatan_TindakLanjut'

22-07-2026T09:34:41 - [TEST_STEP][PASSED] - click(findTestObject("Pilar 1/Showroom-Supplier/UAT/CBU/SPV_CBU_Submit_Tindak_Lanjut/Page_TindakLanjutKunjunganShowroomDetail/Page_TindakLanjutKunjunganShowroomDetail/button_Submit")): Object: 'Object Repository/Pilar 1/Showroom-Supplier/UAT/CBU/SPV_CBU_Submit_Tindak_Lanjut/Page_TindakLanjutKunjunganShowroomDetail/Page_TindakLanjutKunjunganShowroomDetail/button_Submit' is clicked on

22-07-2026T09:34:42 - [MESSAGE][PASSED] - Object: 'Object Repository/Pilar 1/Showroom-Supplier/UAT/CBU/SPV_CBU_Submit_Tindak_Lanjut/Page_TindakLanjutKunjunganShowroomDetail/Page_TindakLanjutKunjunganShowroomDetail/button_Submit' is clicked on

22-07-2026T09:34:42 - [TEST_STEP][PASSED] - delay(5): Delayed 5 second(s)

22-07-2026T09:34:47 - [MESSAGE][PASSED] - Delayed 5 second(s)

22-07-2026T09:34:47 - [TEST_STEP][PASSED] - click(findTestObject("Pilar 1/Showroom-Supplier/UAT/RBU/SPV_RBU_Assign_PIC/Page_TindakLanjutKunjunganShowroom/button_Tindak lanjut")): Object: 'Object Repository/Pilar 1/Showroom-Supplier/UAT/RBU/SPV_RBU_Assign_PIC/Page_TindakLanjutKunjunganShowroom/button_Tindak lanjut' is clicked on

22-07-2026T09:34:47 - [MESSAGE][PASSED] - Object: 'Object Repository/Pilar 1/Showroom-Supplier/UAT/RBU/SPV_RBU_Assign_PIC/Page_TindakLanjutKunjunganShowroom/button_Tindak lanjut' is clicked on

22-07-2026T09:34:47 - [TEST_STEP][NOT_RUN] - selectOptionByValue(findTestObject("Pilar 1/Showroom-Supplier/UAT/RBU/SPV_RBU_Submit_Tindak_Lanjut/Page_TindakLanjutKunjunganShowroom/select_JenisSearch_ByTask ID"), "0", false): NOT_RUN: selectOptionByValue(findTestObject("Pilar 1/Showroom-Supplier/UAT/RBU/SPV_RBU_Submit_Tindak_Lanjut/Page_TindakLanjutKunjunganShowroom/select_JenisSearch_ByTask ID"), "0", false)

22-07-2026T09:34:47 - [MESSAGE][NOT_RUN] - NOT_RUN: selectOptionByValue(findTestObject("Pilar 1/Showroom-Supplier/UAT/RBU/SPV_RBU_Submit_Tindak_Lanjut/Page_TindakLanjutKunjunganShowroom/select_JenisSearch_ByTask ID"), "0", false)

22-07-2026T09:34:47 - [TEST_STEP][NOT_RUN] - setText(findTestObject("Pilar 1/Showroom-Supplier/UAT/RBU/SPV_RBU_Submit_Tindak_Lanjut/Page_TindakLanjutKunjunganShowroom/input_Pencarian_By_TaskId"), "RBU/P1.3/07/26/004"): NOT_RUN: setText(findTestObject("Pilar 1/Showroom-Supplier/UAT/RBU/SPV_RBU_Submit_Tindak_Lanjut/Page_TindakLanjutKunjunganShowroom/input_Pencarian_By_TaskId"), "RBU/P1.3/07/26/004")

22-07-2026T09:34:47 - [MESSAGE][NOT_RUN] - NOT_RUN: setText(findTestObject("Pilar 1/Showroom-Supplier/UAT/RBU/SPV_RBU_Submit_Tindak_Lanjut/Page_TindakLanjutKunjunganShowroom/input_Pencarian_By_TaskId"), "RBU/P1.3/07/26/004")

22-07-2026T09:34:47 - [TEST_STEP][NOT_RUN] - click(findTestObject("Pilar 1/Showroom-Supplier/UAT/RBU/SPV_RBU_Assign_PIC/Page_TindakLanjutKunjunganShowroom/button_Cari")): NOT_RUN: click(findTestObject("Pilar 1/Showroom-Supplier/UAT/RBU/SPV_RBU_Assign_PIC/Page_TindakLanjutKunjunganShowroom/button_Cari"))

22-07-2026T09:34:47 - [MESSAGE][NOT_RUN] - NOT_RUN: click(findTestObject("Pilar 1/Showroom-Supplier/UAT/RBU/SPV_RBU_Assign_PIC/Page_TindakLanjutKunjunganShowroom/button_Cari"))]]></system-out>
         <system-err><![CDATA[]]></system-err>
      </testcase>
      <system-out><![CDATA[22-07-2026T09:27:28 - [TEST_SUITE][PASSED] - Kunjungan Showroom - RBU: null]]></system-out>
      <system-err><![CDATA[]]></system-err>
   </testsuite>
</testsuites>
